[0.026s] Invoking command in '/home/dawn/ros2_ws/build/av_server_multi': CMAKE_PREFIX_PATH=/home/dawn/ros2_ws/install/tb3:/home/dawn/ros2_ws/install/first_package:/home/dawn/ros2_ws/install/av_server_multi:/home/dawn/ros2_ws/install/av_server:/home/dawn/ros2_ws/install/av_camera:/opt/ros/galactic:/home/dawn/catkin_ws/devel:/opt/ros/noetic /usr/bin/cmake --build /home/dawn/ros2_ws/build/av_server_multi -- -j16 -l16
[0.066s] [100%] Built target av_server_multi
[0.076s] Invoked command in '/home/dawn/ros2_ws/build/av_server_multi' returned '0': CMAKE_PREFIX_PATH=/home/dawn/ros2_ws/install/tb3:/home/dawn/ros2_ws/install/first_package:/home/dawn/ros2_ws/install/av_server_multi:/home/dawn/ros2_ws/install/av_server:/home/dawn/ros2_ws/install/av_camera:/opt/ros/galactic:/home/dawn/catkin_ws/devel:/opt/ros/noetic /usr/bin/cmake --build /home/dawn/ros2_ws/build/av_server_multi -- -j16 -l16
[0.100s] Invoking command in '/home/dawn/ros2_ws/build/av_server_multi': CMAKE_PREFIX_PATH=/home/dawn/ros2_ws/install/tb3:/home/dawn/ros2_ws/install/first_package:/home/dawn/ros2_ws/install/av_server_multi:/home/dawn/ros2_ws/install/av_server:/home/dawn/ros2_ws/install/av_camera:/opt/ros/galactic:/home/dawn/catkin_ws/devel:/opt/ros/noetic /usr/bin/cmake --install /home/dawn/ros2_ws/build/av_server_multi
[0.111s] -- Install configuration: ""
[0.111s] -- Up-to-date: /home/dawn/ros2_ws/install/av_server_multi/lib/av_server_multi/av_server_multi
[0.112s] -- Up-to-date: /home/dawn/ros2_ws/install/av_server_multi/share/ament_index/resource_index/package_run_dependencies/av_server_multi
[0.112s] -- Up-to-date: /home/dawn/ros2_ws/install/av_server_multi/share/ament_index/resource_index/parent_prefix_path/av_server_multi
[0.112s] -- Up-to-date: /home/dawn/ros2_ws/install/av_server_multi/share/av_server_multi/environment/ament_prefix_path.sh
[0.112s] -- Up-to-date: /home/dawn/ros2_ws/install/av_server_multi/share/av_server_multi/environment/ament_prefix_path.dsv
[0.112s] -- Up-to-date: /home/dawn/ros2_ws/install/av_server_multi/share/av_server_multi/environment/path.sh
[0.112s] -- Up-to-date: /home/dawn/ros2_ws/install/av_server_multi/share/av_server_multi/environment/path.dsv
[0.112s] -- Up-to-date: /home/dawn/ros2_ws/install/av_server_multi/share/av_server_multi/local_setup.bash
[0.112s] -- Up-to-date: /home/dawn/ros2_ws/install/av_server_multi/share/av_server_multi/local_setup.sh
[0.112s] -- Up-to-date: /home/dawn/ros2_ws/install/av_server_multi/share/av_server_multi/local_setup.zsh
[0.112s] -- Up-to-date: /home/dawn/ros2_ws/install/av_server_multi/share/av_server_multi/local_setup.dsv
[0.112s] -- Installing: /home/dawn/ros2_ws/install/av_server_multi/share/av_server_multi/package.dsv
[0.112s] -- Up-to-date: /home/dawn/ros2_ws/install/av_server_multi/share/ament_index/resource_index/packages/av_server_multi
[0.112s] -- Up-to-date: /home/dawn/ros2_ws/install/av_server_multi/share/av_server_multi/cmake/av_server_multiConfig.cmake
[0.112s] -- Up-to-date: /home/dawn/ros2_ws/install/av_server_multi/share/av_server_multi/cmake/av_server_multiConfig-version.cmake
[0.113s] -- Up-to-date: /home/dawn/ros2_ws/install/av_server_multi/share/av_server_multi/package.xml
[0.158s] Invoked command in '/home/dawn/ros2_ws/build/av_server_multi' returned '0': CMAKE_PREFIX_PATH=/home/dawn/ros2_ws/install/tb3:/home/dawn/ros2_ws/install/first_package:/home/dawn/ros2_ws/install/av_server_multi:/home/dawn/ros2_ws/install/av_server:/home/dawn/ros2_ws/install/av_camera:/opt/ros/galactic:/home/dawn/catkin_ws/devel:/opt/ros/noetic /usr/bin/cmake --install /home/dawn/ros2_ws/build/av_server_multi
