[0.096s] DEBUG:colcon:Command line arguments: ['/usr/bin/colcon', 'build']
[0.096s] DEBUG:colcon:Parsed command line arguments: Namespace(allow_overriding=[], ament_cmake_args=None, base_paths=['.'], build_base='build', catkin_cmake_args=None, catkin_skip_building_tests=False, cmake_args=None, cmake_clean_cache=False, cmake_clean_first=False, cmake_force_configure=False, cmake_target=None, cmake_target_skip_unavailable=False, continue_on_error=False, event_handlers=None, executor='parallel', ignore_user_meta=False, install_base='install', log_base=None, log_level=None, main=<bound method BuildVerb.main of <colcon_core.verb.build.BuildVerb object at 0x7f901f05c3d0>>, merge_install=False, metas=['./colcon.meta'], packages_above=None, packages_above_and_dependencies=None, packages_above_depth=None, packages_end=None, packages_ignore=None, packages_ignore_regex=None, packages_select=None, packages_select_build_failed=False, packages_select_by_dep=None, packages_select_regex=None, packages_select_test_failures=False, packages_skip=None, packages_skip_build_finished=False, packages_skip_by_dep=None, packages_skip_regex=None, packages_skip_test_passed=False, packages_skip_up_to=None, packages_start=None, packages_up_to=None, packages_up_to_regex=None, parallel_workers=16, paths=None, symlink_install=False, test_result_base=None, verb_extension=<colcon_core.verb.build.BuildVerb object at 0x7f901f05c3d0>, verb_name='build', verb_parser=<colcon_defaults.argument_parser.defaults.DefaultArgumentsDecorator object at 0x7f901f05c910>)
[0.110s] Level 1:colcon.colcon_core.package_discovery:discover_packages(colcon_meta) check parameters
[0.110s] Level 1:colcon.colcon_core.package_discovery:discover_packages(recursive) check parameters
[0.110s] Level 1:colcon.colcon_core.package_discovery:discover_packages(ignore) check parameters
[0.110s] Level 1:colcon.colcon_core.package_discovery:discover_packages(path) check parameters
[0.110s] Level 1:colcon.colcon_core.package_discovery:discover_packages(colcon_meta) discover
[0.110s] Level 1:colcon.colcon_core.package_discovery:discover_packages(recursive) discover
[0.110s] INFO:colcon.colcon_core.package_discovery:Crawling recursively for packages in '/home/dawn/ros2_ws'
[0.110s] Level 1:colcon.colcon_core.package_identification:_identify(.) by extensions ['ignore', 'ignore_ament_install']
[0.110s] Level 1:colcon.colcon_core.package_identification:_identify(.) by extension 'ignore'
[0.110s] Level 1:colcon.colcon_core.package_identification:_identify(.) by extension 'ignore_ament_install'
[0.110s] Level 1:colcon.colcon_core.package_identification:_identify(.) by extensions ['colcon_pkg']
[0.110s] Level 1:colcon.colcon_core.package_identification:_identify(.) by extension 'colcon_pkg'
[0.110s] Level 1:colcon.colcon_core.package_identification:_identify(.) by extensions ['colcon_meta']
[0.110s] Level 1:colcon.colcon_core.package_identification:_identify(.) by extension 'colcon_meta'
[0.110s] Level 1:colcon.colcon_core.package_identification:_identify(.) by extensions ['ros']
[0.110s] Level 1:colcon.colcon_core.package_identification:_identify(.) by extension 'ros'
[0.117s] Level 1:colcon.colcon_core.package_identification:_identify(.) by extensions ['cmake', 'python']
[0.117s] Level 1:colcon.colcon_core.package_identification:_identify(.) by extension 'cmake'
[0.117s] Level 1:colcon.colcon_core.package_identification:_identify(.) by extension 'python'
[0.117s] Level 1:colcon.colcon_core.package_identification:_identify(.) by extensions ['python_setup_py']
[0.117s] Level 1:colcon.colcon_core.package_identification:_identify(.) by extension 'python_setup_py'
[0.117s] Level 1:colcon.colcon_core.package_identification:_identify(build) by extensions ['ignore', 'ignore_ament_install']
[0.117s] Level 1:colcon.colcon_core.package_identification:_identify(build) by extension 'ignore'
[0.117s] Level 1:colcon.colcon_core.package_identification:_identify(build) ignored
[0.117s] Level 1:colcon.colcon_core.package_identification:_identify(install) by extensions ['ignore', 'ignore_ament_install']
[0.117s] Level 1:colcon.colcon_core.package_identification:_identify(install) by extension 'ignore'
[0.117s] Level 1:colcon.colcon_core.package_identification:_identify(install) ignored
[0.117s] Level 1:colcon.colcon_core.package_identification:_identify(log) by extensions ['ignore', 'ignore_ament_install']
[0.117s] Level 1:colcon.colcon_core.package_identification:_identify(log) by extension 'ignore'
[0.117s] Level 1:colcon.colcon_core.package_identification:_identify(log) ignored
[0.117s] Level 1:colcon.colcon_core.package_identification:_identify(src) by extensions ['ignore', 'ignore_ament_install']
[0.117s] Level 1:colcon.colcon_core.package_identification:_identify(src) by extension 'ignore'
[0.117s] Level 1:colcon.colcon_core.package_identification:_identify(src) by extension 'ignore_ament_install'
[0.117s] Level 1:colcon.colcon_core.package_identification:_identify(src) by extensions ['colcon_pkg']
[0.117s] Level 1:colcon.colcon_core.package_identification:_identify(src) by extension 'colcon_pkg'
[0.117s] Level 1:colcon.colcon_core.package_identification:_identify(src) by extensions ['colcon_meta']
[0.117s] Level 1:colcon.colcon_core.package_identification:_identify(src) by extension 'colcon_meta'
[0.117s] Level 1:colcon.colcon_core.package_identification:_identify(src) by extensions ['ros']
[0.117s] Level 1:colcon.colcon_core.package_identification:_identify(src) by extension 'ros'
[0.117s] Level 1:colcon.colcon_core.package_identification:_identify(src) by extensions ['cmake', 'python']
[0.118s] Level 1:colcon.colcon_core.package_identification:_identify(src) by extension 'cmake'
[0.118s] Level 1:colcon.colcon_core.package_identification:_identify(src) by extension 'python'
[0.118s] Level 1:colcon.colcon_core.package_identification:_identify(src) by extensions ['python_setup_py']
[0.118s] Level 1:colcon.colcon_core.package_identification:_identify(src) by extension 'python_setup_py'
[0.118s] Level 1:colcon.colcon_core.package_identification:_identify(src/enpm809y_fall2022) by extensions ['ignore', 'ignore_ament_install']
[0.118s] Level 1:colcon.colcon_core.package_identification:_identify(src/enpm809y_fall2022) by extension 'ignore'
[0.118s] Level 1:colcon.colcon_core.package_identification:_identify(src/enpm809y_fall2022) by extension 'ignore_ament_install'
[0.118s] Level 1:colcon.colcon_core.package_identification:_identify(src/enpm809y_fall2022) by extensions ['colcon_pkg']
[0.118s] Level 1:colcon.colcon_core.package_identification:_identify(src/enpm809y_fall2022) by extension 'colcon_pkg'
[0.118s] Level 1:colcon.colcon_core.package_identification:_identify(src/enpm809y_fall2022) by extensions ['colcon_meta']
[0.118s] Level 1:colcon.colcon_core.package_identification:_identify(src/enpm809y_fall2022) by extension 'colcon_meta'
[0.118s] Level 1:colcon.colcon_core.package_identification:_identify(src/enpm809y_fall2022) by extensions ['ros']
[0.118s] Level 1:colcon.colcon_core.package_identification:_identify(src/enpm809y_fall2022) by extension 'ros'
[0.118s] Level 1:colcon.colcon_core.package_identification:_identify(src/enpm809y_fall2022) by extensions ['cmake', 'python']
[0.118s] Level 1:colcon.colcon_core.package_identification:_identify(src/enpm809y_fall2022) by extension 'cmake'
[0.118s] Level 1:colcon.colcon_core.package_identification:_identify(src/enpm809y_fall2022) by extension 'python'
[0.118s] Level 1:colcon.colcon_core.package_identification:_identify(src/enpm809y_fall2022) by extensions ['python_setup_py']
[0.118s] Level 1:colcon.colcon_core.package_identification:_identify(src/enpm809y_fall2022) by extension 'python_setup_py'
[0.118s] Level 1:colcon.colcon_core.package_identification:_identify(src/enpm809y_fall2022/av_camera) by extensions ['ignore', 'ignore_ament_install']
[0.118s] Level 1:colcon.colcon_core.package_identification:_identify(src/enpm809y_fall2022/av_camera) by extension 'ignore'
[0.118s] Level 1:colcon.colcon_core.package_identification:_identify(src/enpm809y_fall2022/av_camera) by extension 'ignore_ament_install'
[0.118s] Level 1:colcon.colcon_core.package_identification:_identify(src/enpm809y_fall2022/av_camera) by extensions ['colcon_pkg']
[0.118s] Level 1:colcon.colcon_core.package_identification:_identify(src/enpm809y_fall2022/av_camera) by extension 'colcon_pkg'
[0.118s] Level 1:colcon.colcon_core.package_identification:_identify(src/enpm809y_fall2022/av_camera) by extensions ['colcon_meta']
[0.118s] Level 1:colcon.colcon_core.package_identification:_identify(src/enpm809y_fall2022/av_camera) by extension 'colcon_meta'
[0.118s] Level 1:colcon.colcon_core.package_identification:_identify(src/enpm809y_fall2022/av_camera) by extensions ['ros']
[0.118s] Level 1:colcon.colcon_core.package_identification:_identify(src/enpm809y_fall2022/av_camera) by extension 'ros'
[0.120s] DEBUG:colcon.colcon_core.package_identification:Package 'src/enpm809y_fall2022/av_camera' with type 'ros.ament_cmake' and name 'av_camera'
[0.120s] Level 1:colcon.colcon_core.package_identification:_identify(src/enpm809y_fall2022/av_server) by extensions ['ignore', 'ignore_ament_install']
[0.120s] Level 1:colcon.colcon_core.package_identification:_identify(src/enpm809y_fall2022/av_server) by extension 'ignore'
[0.120s] Level 1:colcon.colcon_core.package_identification:_identify(src/enpm809y_fall2022/av_server) by extension 'ignore_ament_install'
[0.120s] Level 1:colcon.colcon_core.package_identification:_identify(src/enpm809y_fall2022/av_server) by extensions ['colcon_pkg']
[0.120s] Level 1:colcon.colcon_core.package_identification:_identify(src/enpm809y_fall2022/av_server) by extension 'colcon_pkg'
[0.121s] Level 1:colcon.colcon_core.package_identification:_identify(src/enpm809y_fall2022/av_server) by extensions ['colcon_meta']
[0.121s] Level 1:colcon.colcon_core.package_identification:_identify(src/enpm809y_fall2022/av_server) by extension 'colcon_meta'
[0.121s] Level 1:colcon.colcon_core.package_identification:_identify(src/enpm809y_fall2022/av_server) by extensions ['ros']
[0.121s] Level 1:colcon.colcon_core.package_identification:_identify(src/enpm809y_fall2022/av_server) by extension 'ros'
[0.121s] DEBUG:colcon.colcon_core.package_identification:Package 'src/enpm809y_fall2022/av_server' with type 'ros.ament_cmake' and name 'av_server'
[0.121s] Level 1:colcon.colcon_core.package_identification:_identify(src/enpm809y_fall2022/av_server_multi) by extensions ['ignore', 'ignore_ament_install']
[0.121s] Level 1:colcon.colcon_core.package_identification:_identify(src/enpm809y_fall2022/av_server_multi) by extension 'ignore'
[0.121s] Level 1:colcon.colcon_core.package_identification:_identify(src/enpm809y_fall2022/av_server_multi) by extension 'ignore_ament_install'
[0.121s] Level 1:colcon.colcon_core.package_identification:_identify(src/enpm809y_fall2022/av_server_multi) by extensions ['colcon_pkg']
[0.121s] Level 1:colcon.colcon_core.package_identification:_identify(src/enpm809y_fall2022/av_server_multi) by extension 'colcon_pkg'
[0.121s] Level 1:colcon.colcon_core.package_identification:_identify(src/enpm809y_fall2022/av_server_multi) by extensions ['colcon_meta']
[0.121s] Level 1:colcon.colcon_core.package_identification:_identify(src/enpm809y_fall2022/av_server_multi) by extension 'colcon_meta'
[0.121s] Level 1:colcon.colcon_core.package_identification:_identify(src/enpm809y_fall2022/av_server_multi) by extensions ['ros']
[0.121s] Level 1:colcon.colcon_core.package_identification:_identify(src/enpm809y_fall2022/av_server_multi) by extension 'ros'
[0.122s] DEBUG:colcon.colcon_core.package_identification:Package 'src/enpm809y_fall2022/av_server_multi' with type 'ros.ament_cmake' and name 'av_server_multi'
[0.122s] Level 1:colcon.colcon_core.package_identification:_identify(src/enpm809y_fall2022/first_package) by extensions ['ignore', 'ignore_ament_install']
[0.122s] Level 1:colcon.colcon_core.package_identification:_identify(src/enpm809y_fall2022/first_package) by extension 'ignore'
[0.122s] Level 1:colcon.colcon_core.package_identification:_identify(src/enpm809y_fall2022/first_package) by extension 'ignore_ament_install'
[0.122s] Level 1:colcon.colcon_core.package_identification:_identify(src/enpm809y_fall2022/first_package) by extensions ['colcon_pkg']
[0.122s] Level 1:colcon.colcon_core.package_identification:_identify(src/enpm809y_fall2022/first_package) by extension 'colcon_pkg'
[0.122s] Level 1:colcon.colcon_core.package_identification:_identify(src/enpm809y_fall2022/first_package) by extensions ['colcon_meta']
[0.122s] Level 1:colcon.colcon_core.package_identification:_identify(src/enpm809y_fall2022/first_package) by extension 'colcon_meta'
[0.122s] Level 1:colcon.colcon_core.package_identification:_identify(src/enpm809y_fall2022/first_package) by extensions ['ros']
[0.122s] Level 1:colcon.colcon_core.package_identification:_identify(src/enpm809y_fall2022/first_package) by extension 'ros'
[0.128s] DEBUG:colcon.colcon_core.package_identification:Package 'src/enpm809y_fall2022/first_package' with type 'ros.ament_cmake' and name 'first_package'
[0.128s] Level 1:colcon.colcon_core.package_identification:_identify(src/enpm809y_fall2022/tb3) by extensions ['ignore', 'ignore_ament_install']
[0.128s] Level 1:colcon.colcon_core.package_identification:_identify(src/enpm809y_fall2022/tb3) by extension 'ignore'
[0.128s] Level 1:colcon.colcon_core.package_identification:_identify(src/enpm809y_fall2022/tb3) by extension 'ignore_ament_install'
[0.128s] Level 1:colcon.colcon_core.package_identification:_identify(src/enpm809y_fall2022/tb3) by extensions ['colcon_pkg']
[0.128s] Level 1:colcon.colcon_core.package_identification:_identify(src/enpm809y_fall2022/tb3) by extension 'colcon_pkg'
[0.128s] Level 1:colcon.colcon_core.package_identification:_identify(src/enpm809y_fall2022/tb3) by extensions ['colcon_meta']
[0.128s] Level 1:colcon.colcon_core.package_identification:_identify(src/enpm809y_fall2022/tb3) by extension 'colcon_meta'
[0.128s] Level 1:colcon.colcon_core.package_identification:_identify(src/enpm809y_fall2022/tb3) by extensions ['ros']
[0.128s] Level 1:colcon.colcon_core.package_identification:_identify(src/enpm809y_fall2022/tb3) by extension 'ros'
[0.129s] DEBUG:colcon.colcon_core.package_identification:Package 'src/enpm809y_fall2022/tb3' with type 'ros.ament_cmake' and name 'tb3'
[0.129s] Level 1:colcon.colcon_core.package_discovery:discover_packages(recursive) using defaults
[0.129s] Level 1:colcon.colcon_core.package_discovery:discover_packages(ignore) discover
[0.129s] Level 1:colcon.colcon_core.package_discovery:discover_packages(ignore) using defaults
[0.129s] Level 1:colcon.colcon_core.package_discovery:discover_packages(path) discover
[0.129s] Level 1:colcon.colcon_core.package_discovery:discover_packages(path) using defaults
[0.141s] Level 1:colcon.colcon_core.package_discovery:discover_packages(prefix_path) check parameters
[0.141s] Level 1:colcon.colcon_core.package_discovery:discover_packages(prefix_path) discover
[0.143s] DEBUG:colcon.colcon_installed_package_information.package_discovery:Found 5 installed packages in /home/dawn/ros2_ws/install
[0.144s] DEBUG:colcon.colcon_installed_package_information.package_discovery:Found 329 installed packages in /opt/ros/galactic
[0.145s] Level 1:colcon.colcon_core.package_discovery:discover_packages(prefix_path) using defaults
[0.195s] Level 5:colcon.colcon_core.verb:set package 'av_camera' build argument 'cmake_args' from command line to 'None'
[0.195s] Level 5:colcon.colcon_core.verb:set package 'av_camera' build argument 'cmake_target' from command line to 'None'
[0.195s] Level 5:colcon.colcon_core.verb:set package 'av_camera' build argument 'cmake_target_skip_unavailable' from command line to 'False'
[0.195s] Level 5:colcon.colcon_core.verb:set package 'av_camera' build argument 'cmake_clean_cache' from command line to 'False'
[0.195s] Level 5:colcon.colcon_core.verb:set package 'av_camera' build argument 'cmake_clean_first' from command line to 'False'
[0.195s] Level 5:colcon.colcon_core.verb:set package 'av_camera' build argument 'cmake_force_configure' from command line to 'False'
[0.195s] Level 5:colcon.colcon_core.verb:set package 'av_camera' build argument 'ament_cmake_args' from command line to 'None'
[0.195s] Level 5:colcon.colcon_core.verb:set package 'av_camera' build argument 'catkin_cmake_args' from command line to 'None'
[0.195s] Level 5:colcon.colcon_core.verb:set package 'av_camera' build argument 'catkin_skip_building_tests' from command line to 'False'
[0.195s] DEBUG:colcon.colcon_core.verb:Building package 'av_camera' with the following arguments: {'ament_cmake_args': None, 'build_base': '/home/dawn/ros2_ws/build/av_camera', 'catkin_cmake_args': None, 'catkin_skip_building_tests': False, 'cmake_args': None, 'cmake_clean_cache': False, 'cmake_clean_first': False, 'cmake_force_configure': False, 'cmake_target': None, 'cmake_target_skip_unavailable': False, 'install_base': '/home/dawn/ros2_ws/install/av_camera', 'merge_install': False, 'path': '/home/dawn/ros2_ws/src/enpm809y_fall2022/av_camera', 'symlink_install': False, 'test_result_base': None}
[0.196s] Level 5:colcon.colcon_core.verb:set package 'av_server' build argument 'cmake_args' from command line to 'None'
[0.196s] Level 5:colcon.colcon_core.verb:set package 'av_server' build argument 'cmake_target' from command line to 'None'
[0.196s] Level 5:colcon.colcon_core.verb:set package 'av_server' build argument 'cmake_target_skip_unavailable' from command line to 'False'
[0.196s] Level 5:colcon.colcon_core.verb:set package 'av_server' build argument 'cmake_clean_cache' from command line to 'False'
[0.196s] Level 5:colcon.colcon_core.verb:set package 'av_server' build argument 'cmake_clean_first' from command line to 'False'
[0.196s] Level 5:colcon.colcon_core.verb:set package 'av_server' build argument 'cmake_force_configure' from command line to 'False'
[0.196s] Level 5:colcon.colcon_core.verb:set package 'av_server' build argument 'ament_cmake_args' from command line to 'None'
[0.196s] Level 5:colcon.colcon_core.verb:set package 'av_server' build argument 'catkin_cmake_args' from command line to 'None'
[0.196s] Level 5:colcon.colcon_core.verb:set package 'av_server' build argument 'catkin_skip_building_tests' from command line to 'False'
[0.196s] DEBUG:colcon.colcon_core.verb:Building package 'av_server' with the following arguments: {'ament_cmake_args': None, 'build_base': '/home/dawn/ros2_ws/build/av_server', 'catkin_cmake_args': None, 'catkin_skip_building_tests': False, 'cmake_args': None, 'cmake_clean_cache': False, 'cmake_clean_first': False, 'cmake_force_configure': False, 'cmake_target': None, 'cmake_target_skip_unavailable': False, 'install_base': '/home/dawn/ros2_ws/install/av_server', 'merge_install': False, 'path': '/home/dawn/ros2_ws/src/enpm809y_fall2022/av_server', 'symlink_install': False, 'test_result_base': None}
[0.196s] Level 5:colcon.colcon_core.verb:set package 'av_server_multi' build argument 'cmake_args' from command line to 'None'
[0.196s] Level 5:colcon.colcon_core.verb:set package 'av_server_multi' build argument 'cmake_target' from command line to 'None'
[0.196s] Level 5:colcon.colcon_core.verb:set package 'av_server_multi' build argument 'cmake_target_skip_unavailable' from command line to 'False'
[0.196s] Level 5:colcon.colcon_core.verb:set package 'av_server_multi' build argument 'cmake_clean_cache' from command line to 'False'
[0.196s] Level 5:colcon.colcon_core.verb:set package 'av_server_multi' build argument 'cmake_clean_first' from command line to 'False'
[0.197s] Level 5:colcon.colcon_core.verb:set package 'av_server_multi' build argument 'cmake_force_configure' from command line to 'False'
[0.197s] Level 5:colcon.colcon_core.verb:set package 'av_server_multi' build argument 'ament_cmake_args' from command line to 'None'
[0.197s] Level 5:colcon.colcon_core.verb:set package 'av_server_multi' build argument 'catkin_cmake_args' from command line to 'None'
[0.197s] Level 5:colcon.colcon_core.verb:set package 'av_server_multi' build argument 'catkin_skip_building_tests' from command line to 'False'
[0.197s] DEBUG:colcon.colcon_core.verb:Building package 'av_server_multi' with the following arguments: {'ament_cmake_args': None, 'build_base': '/home/dawn/ros2_ws/build/av_server_multi', 'catkin_cmake_args': None, 'catkin_skip_building_tests': False, 'cmake_args': None, 'cmake_clean_cache': False, 'cmake_clean_first': False, 'cmake_force_configure': False, 'cmake_target': None, 'cmake_target_skip_unavailable': False, 'install_base': '/home/dawn/ros2_ws/install/av_server_multi', 'merge_install': False, 'path': '/home/dawn/ros2_ws/src/enpm809y_fall2022/av_server_multi', 'symlink_install': False, 'test_result_base': None}
[0.197s] Level 5:colcon.colcon_core.verb:set package 'first_package' build argument 'cmake_args' from command line to 'None'
[0.197s] Level 5:colcon.colcon_core.verb:set package 'first_package' build argument 'cmake_target' from command line to 'None'
[0.197s] Level 5:colcon.colcon_core.verb:set package 'first_package' build argument 'cmake_target_skip_unavailable' from command line to 'False'
[0.197s] Level 5:colcon.colcon_core.verb:set package 'first_package' build argument 'cmake_clean_cache' from command line to 'False'
[0.197s] Level 5:colcon.colcon_core.verb:set package 'first_package' build argument 'cmake_clean_first' from command line to 'False'
[0.197s] Level 5:colcon.colcon_core.verb:set package 'first_package' build argument 'cmake_force_configure' from command line to 'False'
[0.197s] Level 5:colcon.colcon_core.verb:set package 'first_package' build argument 'ament_cmake_args' from command line to 'None'
[0.197s] Level 5:colcon.colcon_core.verb:set package 'first_package' build argument 'catkin_cmake_args' from command line to 'None'
[0.197s] Level 5:colcon.colcon_core.verb:set package 'first_package' build argument 'catkin_skip_building_tests' from command line to 'False'
[0.197s] DEBUG:colcon.colcon_core.verb:Building package 'first_package' with the following arguments: {'ament_cmake_args': None, 'build_base': '/home/dawn/ros2_ws/build/first_package', 'catkin_cmake_args': None, 'catkin_skip_building_tests': False, 'cmake_args': None, 'cmake_clean_cache': False, 'cmake_clean_first': False, 'cmake_force_configure': False, 'cmake_target': None, 'cmake_target_skip_unavailable': False, 'install_base': '/home/dawn/ros2_ws/install/first_package', 'merge_install': False, 'path': '/home/dawn/ros2_ws/src/enpm809y_fall2022/first_package', 'symlink_install': False, 'test_result_base': None}
[0.198s] Level 5:colcon.colcon_core.verb:set package 'tb3' build argument 'cmake_args' from command line to 'None'
[0.198s] Level 5:colcon.colcon_core.verb:set package 'tb3' build argument 'cmake_target' from command line to 'None'
[0.198s] Level 5:colcon.colcon_core.verb:set package 'tb3' build argument 'cmake_target_skip_unavailable' from command line to 'False'
[0.198s] Level 5:colcon.colcon_core.verb:set package 'tb3' build argument 'cmake_clean_cache' from command line to 'False'
[0.198s] Level 5:colcon.colcon_core.verb:set package 'tb3' build argument 'cmake_clean_first' from command line to 'False'
[0.198s] Level 5:colcon.colcon_core.verb:set package 'tb3' build argument 'cmake_force_configure' from command line to 'False'
[0.198s] Level 5:colcon.colcon_core.verb:set package 'tb3' build argument 'ament_cmake_args' from command line to 'None'
[0.198s] Level 5:colcon.colcon_core.verb:set package 'tb3' build argument 'catkin_cmake_args' from command line to 'None'
[0.198s] Level 5:colcon.colcon_core.verb:set package 'tb3' build argument 'catkin_skip_building_tests' from command line to 'False'
[0.198s] DEBUG:colcon.colcon_core.verb:Building package 'tb3' with the following arguments: {'ament_cmake_args': None, 'build_base': '/home/dawn/ros2_ws/build/tb3', 'catkin_cmake_args': None, 'catkin_skip_building_tests': False, 'cmake_args': None, 'cmake_clean_cache': False, 'cmake_clean_first': False, 'cmake_force_configure': False, 'cmake_target': None, 'cmake_target_skip_unavailable': False, 'install_base': '/home/dawn/ros2_ws/install/tb3', 'merge_install': False, 'path': '/home/dawn/ros2_ws/src/enpm809y_fall2022/tb3', 'symlink_install': False, 'test_result_base': None}
[0.198s] INFO:colcon.colcon_core.executor:Executing jobs using 'parallel' executor
[0.201s] DEBUG:colcon.colcon_parallel_executor.executor.parallel:run_until_complete
[0.201s] INFO:colcon.colcon_ros.task.ament_cmake.build:Building ROS package in '/home/dawn/ros2_ws/src/enpm809y_fall2022/av_camera' with build type 'ament_cmake'
[0.201s] INFO:colcon.colcon_cmake.task.cmake.build:Building CMake package in '/home/dawn/ros2_ws/src/enpm809y_fall2022/av_camera'
[0.204s] INFO:colcon.colcon_core.plugin_system:Skipping extension 'colcon_core.shell.bat': Not used on non-Windows systems
[0.204s] INFO:colcon.colcon_core.shell:Skip shell extension 'powershell' for command environment: Not usable outside of PowerShell
[0.204s] DEBUG:colcon.colcon_core.shell:Skip shell extension 'dsv' for command environment
[0.208s] INFO:colcon.colcon_ros.task.ament_cmake.build:Building ROS package in '/home/dawn/ros2_ws/src/enpm809y_fall2022/av_server' with build type 'ament_cmake'
[0.208s] INFO:colcon.colcon_cmake.task.cmake.build:Building CMake package in '/home/dawn/ros2_ws/src/enpm809y_fall2022/av_server'
[0.209s] INFO:colcon.colcon_core.shell:Skip shell extension 'powershell' for command environment: Not usable outside of PowerShell
[0.209s] DEBUG:colcon.colcon_core.shell:Skip shell extension 'dsv' for command environment
[0.212s] INFO:colcon.colcon_ros.task.ament_cmake.build:Building ROS package in '/home/dawn/ros2_ws/src/enpm809y_fall2022/av_server_multi' with build type 'ament_cmake'
[0.213s] INFO:colcon.colcon_cmake.task.cmake.build:Building CMake package in '/home/dawn/ros2_ws/src/enpm809y_fall2022/av_server_multi'
[0.214s] INFO:colcon.colcon_core.shell:Skip shell extension 'powershell' for command environment: Not usable outside of PowerShell
[0.214s] DEBUG:colcon.colcon_core.shell:Skip shell extension 'dsv' for command environment
[0.218s] INFO:colcon.colcon_ros.task.ament_cmake.build:Building ROS package in '/home/dawn/ros2_ws/src/enpm809y_fall2022/first_package' with build type 'ament_cmake'
[0.218s] INFO:colcon.colcon_cmake.task.cmake.build:Building CMake package in '/home/dawn/ros2_ws/src/enpm809y_fall2022/first_package'
[0.219s] INFO:colcon.colcon_core.shell:Skip shell extension 'powershell' for command environment: Not usable outside of PowerShell
[0.219s] DEBUG:colcon.colcon_core.shell:Skip shell extension 'dsv' for command environment
[0.222s] INFO:colcon.colcon_ros.task.ament_cmake.build:Building ROS package in '/home/dawn/ros2_ws/src/enpm809y_fall2022/tb3' with build type 'ament_cmake'
[0.223s] INFO:colcon.colcon_cmake.task.cmake.build:Building CMake package in '/home/dawn/ros2_ws/src/enpm809y_fall2022/tb3'
[0.223s] INFO:colcon.colcon_core.shell:Skip shell extension 'powershell' for command environment: Not usable outside of PowerShell
[0.224s] DEBUG:colcon.colcon_core.shell:Skip shell extension 'dsv' for command environment
[0.232s] DEBUG:colcon.colcon_core.event_handler.log_command:Invoking command in '/home/dawn/ros2_ws/build/av_camera': CMAKE_PREFIX_PATH=${CMAKE_PREFIX_PATH}:/opt/ros/galactic /usr/bin/cmake --build /home/dawn/ros2_ws/build/av_camera -- -j16 -l16
[0.235s] DEBUG:colcon.colcon_core.event_handler.log_command:Invoking command in '/home/dawn/ros2_ws/build/av_server': CMAKE_PREFIX_PATH=${CMAKE_PREFIX_PATH}:/opt/ros/galactic /usr/bin/cmake --build /home/dawn/ros2_ws/build/av_server -- -j16 -l16
[0.237s] DEBUG:colcon.colcon_core.event_handler.log_command:Invoking command in '/home/dawn/ros2_ws/build/av_server_multi': CMAKE_PREFIX_PATH=${CMAKE_PREFIX_PATH}:/opt/ros/galactic /usr/bin/cmake --build /home/dawn/ros2_ws/build/av_server_multi -- -j16 -l16
[0.241s] DEBUG:colcon.colcon_core.event_handler.log_command:Invoking command in '/home/dawn/ros2_ws/build/first_package': CMAKE_PREFIX_PATH=${CMAKE_PREFIX_PATH}:/opt/ros/galactic /usr/bin/cmake --build /home/dawn/ros2_ws/build/first_package -- -j16 -l16
[0.243s] DEBUG:colcon.colcon_core.event_handler.log_command:Invoking command in '/home/dawn/ros2_ws/build/tb3': CMAKE_PREFIX_PATH=${CMAKE_PREFIX_PATH}:/opt/ros/galactic /usr/bin/cmake --build /home/dawn/ros2_ws/build/tb3 -- -j16 -l16
[0.278s] DEBUG:colcon.colcon_core.event_handler.log_command:Invoked command in '/home/dawn/ros2_ws/build/av_camera' returned '0': CMAKE_PREFIX_PATH=${CMAKE_PREFIX_PATH}:/opt/ros/galactic /usr/bin/cmake --build /home/dawn/ros2_ws/build/av_camera -- -j16 -l16
[0.280s] DEBUG:colcon.colcon_core.event_handler.log_command:Invoked command in '/home/dawn/ros2_ws/build/av_server' returned '0': CMAKE_PREFIX_PATH=${CMAKE_PREFIX_PATH}:/opt/ros/galactic /usr/bin/cmake --build /home/dawn/ros2_ws/build/av_server -- -j16 -l16
[0.282s] DEBUG:colcon.colcon_core.event_handler.log_command:Invoked command in '/home/dawn/ros2_ws/build/av_server_multi' returned '0': CMAKE_PREFIX_PATH=${CMAKE_PREFIX_PATH}:/opt/ros/galactic /usr/bin/cmake --build /home/dawn/ros2_ws/build/av_server_multi -- -j16 -l16
[0.287s] DEBUG:colcon.colcon_core.event_handler.log_command:Invoked command in '/home/dawn/ros2_ws/build/first_package' returned '0': CMAKE_PREFIX_PATH=${CMAKE_PREFIX_PATH}:/opt/ros/galactic /usr/bin/cmake --build /home/dawn/ros2_ws/build/first_package -- -j16 -l16
[0.290s] DEBUG:colcon.colcon_core.event_handler.log_command:Invoked command in '/home/dawn/ros2_ws/build/tb3' returned '0': CMAKE_PREFIX_PATH=${CMAKE_PREFIX_PATH}:/opt/ros/galactic /usr/bin/cmake --build /home/dawn/ros2_ws/build/tb3 -- -j16 -l16
[0.302s] DEBUG:colcon.colcon_core.event_handler.log_command:Invoking command in '/home/dawn/ros2_ws/build/av_camera': CMAKE_PREFIX_PATH=${CMAKE_PREFIX_PATH}:/opt/ros/galactic /usr/bin/cmake --install /home/dawn/ros2_ws/build/av_camera
[0.305s] DEBUG:colcon.colcon_core.event_handler.log_command:Invoking command in '/home/dawn/ros2_ws/build/av_server': CMAKE_PREFIX_PATH=${CMAKE_PREFIX_PATH}:/opt/ros/galactic /usr/bin/cmake --install /home/dawn/ros2_ws/build/av_server
[0.307s] DEBUG:colcon.colcon_core.event_handler.log_command:Invoking command in '/home/dawn/ros2_ws/build/av_server_multi': CMAKE_PREFIX_PATH=${CMAKE_PREFIX_PATH}:/opt/ros/galactic /usr/bin/cmake --install /home/dawn/ros2_ws/build/av_server_multi
[0.309s] DEBUG:colcon.colcon_core.event_handler.log_command:Invoking command in '/home/dawn/ros2_ws/build/first_package': CMAKE_PREFIX_PATH=${CMAKE_PREFIX_PATH}:/opt/ros/galactic /usr/bin/cmake --install /home/dawn/ros2_ws/build/first_package
[0.317s] Level 1:colcon.colcon_core.environment:create_environment_scripts_only(av_camera)
[0.318s] DEBUG:colcon.colcon_core.event_handler.log_command:Invoking command in '/home/dawn/ros2_ws/build/tb3': CMAKE_PREFIX_PATH=${CMAKE_PREFIX_PATH}:/opt/ros/galactic /usr/bin/cmake --install /home/dawn/ros2_ws/build/tb3
[0.321s] DEBUG:colcon.colcon_core.event_handler.log_command:Invoked command in '/home/dawn/ros2_ws/build/av_camera' returned '0': CMAKE_PREFIX_PATH=${CMAKE_PREFIX_PATH}:/opt/ros/galactic /usr/bin/cmake --install /home/dawn/ros2_ws/build/av_camera
[0.325s] Level 1:colcon.colcon_core.environment:checking '/home/dawn/ros2_ws/install/av_camera' for CMake module files
[0.325s] Level 1:colcon.colcon_core.environment:checking '/home/dawn/ros2_ws/install/av_camera' for CMake config files
[0.326s] Level 1:colcon.colcon_core.shell:create_environment_hook('av_camera', 'cmake_prefix_path')
[0.327s] INFO:colcon.colcon_core.shell:Creating environment hook '/home/dawn/ros2_ws/install/av_camera/share/av_camera/hook/cmake_prefix_path.ps1'
[0.328s] INFO:colcon.colcon_core.shell:Creating environment descriptor '/home/dawn/ros2_ws/install/av_camera/share/av_camera/hook/cmake_prefix_path.dsv'
[0.328s] INFO:colcon.colcon_core.shell:Creating environment hook '/home/dawn/ros2_ws/install/av_camera/share/av_camera/hook/cmake_prefix_path.sh'
[0.329s] Level 1:colcon.colcon_core.environment:checking '/home/dawn/ros2_ws/install/av_camera/lib'
[0.329s] Level 1:colcon.colcon_core.environment:checking '/home/dawn/ros2_ws/install/av_camera/bin'
[0.329s] Level 1:colcon.colcon_core.environment:checking '/home/dawn/ros2_ws/install/av_camera/lib/pkgconfig/av_camera.pc'
[0.330s] Level 1:colcon.colcon_core.environment:checking '/home/dawn/ros2_ws/install/av_camera/lib/python3.8/site-packages'
[0.330s] Level 1:colcon.colcon_core.environment:checking '/home/dawn/ros2_ws/install/av_camera/bin'
[0.331s] INFO:colcon.colcon_core.shell:Creating package script '/home/dawn/ros2_ws/install/av_camera/share/av_camera/package.ps1'
[0.331s] INFO:colcon.colcon_core.shell:Creating package descriptor '/home/dawn/ros2_ws/install/av_camera/share/av_camera/package.dsv'
[0.332s] INFO:colcon.colcon_core.shell:Creating package script '/home/dawn/ros2_ws/install/av_camera/share/av_camera/package.sh'
[0.332s] INFO:colcon.colcon_core.shell:Creating package script '/home/dawn/ros2_ws/install/av_camera/share/av_camera/package.bash'
[0.333s] INFO:colcon.colcon_core.shell:Creating package script '/home/dawn/ros2_ws/install/av_camera/share/av_camera/package.zsh'
[0.333s] Level 1:colcon.colcon_core.environment:create_file_with_runtime_dependencies(/home/dawn/ros2_ws/install/av_camera/share/colcon-core/packages/av_camera)
[0.336s] Level 1:colcon.colcon_core.environment:create_environment_scripts_only(av_server)
[0.337s] Level 1:colcon.colcon_core.environment:checking '/home/dawn/ros2_ws/install/av_server' for CMake module files
[0.338s] DEBUG:colcon.colcon_core.event_handler.log_command:Invoked command in '/home/dawn/ros2_ws/build/av_server' returned '0': CMAKE_PREFIX_PATH=${CMAKE_PREFIX_PATH}:/opt/ros/galactic /usr/bin/cmake --install /home/dawn/ros2_ws/build/av_server
[0.338s] Level 1:colcon.colcon_core.environment:checking '/home/dawn/ros2_ws/install/av_server' for CMake config files
[0.340s] Level 1:colcon.colcon_core.shell:create_environment_hook('av_server', 'cmake_prefix_path')
[0.341s] INFO:colcon.colcon_core.shell:Creating environment hook '/home/dawn/ros2_ws/install/av_server/share/av_server/hook/cmake_prefix_path.ps1'
[0.342s] INFO:colcon.colcon_core.shell:Creating environment descriptor '/home/dawn/ros2_ws/install/av_server/share/av_server/hook/cmake_prefix_path.dsv'
[0.343s] INFO:colcon.colcon_core.shell:Creating environment hook '/home/dawn/ros2_ws/install/av_server/share/av_server/hook/cmake_prefix_path.sh'
[0.344s] Level 1:colcon.colcon_core.environment:checking '/home/dawn/ros2_ws/install/av_server/lib'
[0.344s] Level 1:colcon.colcon_core.environment:checking '/home/dawn/ros2_ws/install/av_server/bin'
[0.344s] Level 1:colcon.colcon_core.environment:checking '/home/dawn/ros2_ws/install/av_server/lib/pkgconfig/av_server.pc'
[0.344s] Level 1:colcon.colcon_core.environment:checking '/home/dawn/ros2_ws/install/av_server/lib/python3.8/site-packages'
[0.345s] Level 1:colcon.colcon_core.environment:checking '/home/dawn/ros2_ws/install/av_server/bin'
[0.345s] INFO:colcon.colcon_core.shell:Creating package script '/home/dawn/ros2_ws/install/av_server/share/av_server/package.ps1'
[0.346s] INFO:colcon.colcon_core.shell:Creating package descriptor '/home/dawn/ros2_ws/install/av_server/share/av_server/package.dsv'
[0.346s] INFO:colcon.colcon_core.shell:Creating package script '/home/dawn/ros2_ws/install/av_server/share/av_server/package.sh'
[0.346s] INFO:colcon.colcon_core.shell:Creating package script '/home/dawn/ros2_ws/install/av_server/share/av_server/package.bash'
[0.346s] INFO:colcon.colcon_core.shell:Creating package script '/home/dawn/ros2_ws/install/av_server/share/av_server/package.zsh'
[0.347s] Level 1:colcon.colcon_core.environment:create_file_with_runtime_dependencies(/home/dawn/ros2_ws/install/av_server/share/colcon-core/packages/av_server)
[0.349s] Level 1:colcon.colcon_core.environment:create_environment_scripts_only(first_package)
[0.351s] Level 1:colcon.colcon_core.environment:checking '/home/dawn/ros2_ws/install/first_package' for CMake module files
[0.352s] DEBUG:colcon.colcon_core.event_handler.log_command:Invoked command in '/home/dawn/ros2_ws/build/first_package' returned '0': CMAKE_PREFIX_PATH=${CMAKE_PREFIX_PATH}:/opt/ros/galactic /usr/bin/cmake --install /home/dawn/ros2_ws/build/first_package
[0.352s] Level 1:colcon.colcon_core.environment:checking '/home/dawn/ros2_ws/install/first_package' for CMake config files
[0.353s] Level 1:colcon.colcon_core.shell:create_environment_hook('first_package', 'cmake_prefix_path')
[0.354s] INFO:colcon.colcon_core.shell:Creating environment hook '/home/dawn/ros2_ws/install/first_package/share/first_package/hook/cmake_prefix_path.ps1'
[0.354s] INFO:colcon.colcon_core.shell:Creating environment descriptor '/home/dawn/ros2_ws/install/first_package/share/first_package/hook/cmake_prefix_path.dsv'
[0.355s] INFO:colcon.colcon_core.shell:Creating environment hook '/home/dawn/ros2_ws/install/first_package/share/first_package/hook/cmake_prefix_path.sh'
[0.355s] Level 1:colcon.colcon_core.environment:checking '/home/dawn/ros2_ws/install/first_package/lib'
[0.355s] Level 1:colcon.colcon_core.environment:checking '/home/dawn/ros2_ws/install/first_package/bin'
[0.355s] Level 1:colcon.colcon_core.environment:checking '/home/dawn/ros2_ws/install/first_package/lib/pkgconfig/first_package.pc'
[0.356s] Level 1:colcon.colcon_core.environment:checking '/home/dawn/ros2_ws/install/first_package/lib/python3.8/site-packages'
[0.356s] Level 1:colcon.colcon_core.environment:checking '/home/dawn/ros2_ws/install/first_package/bin'
[0.357s] INFO:colcon.colcon_core.shell:Creating package script '/home/dawn/ros2_ws/install/first_package/share/first_package/package.ps1'
[0.358s] INFO:colcon.colcon_core.shell:Creating package descriptor '/home/dawn/ros2_ws/install/first_package/share/first_package/package.dsv'
[0.358s] INFO:colcon.colcon_core.shell:Creating package script '/home/dawn/ros2_ws/install/first_package/share/first_package/package.sh'
[0.358s] INFO:colcon.colcon_core.shell:Creating package script '/home/dawn/ros2_ws/install/first_package/share/first_package/package.bash'
[0.359s] INFO:colcon.colcon_core.shell:Creating package script '/home/dawn/ros2_ws/install/first_package/share/first_package/package.zsh'
[0.359s] Level 1:colcon.colcon_core.environment:create_file_with_runtime_dependencies(/home/dawn/ros2_ws/install/first_package/share/colcon-core/packages/first_package)
[0.361s] Level 1:colcon.colcon_core.environment:create_environment_scripts_only(av_server_multi)
[0.362s] Level 1:colcon.colcon_core.environment:checking '/home/dawn/ros2_ws/install/av_server_multi' for CMake module files
[0.363s] DEBUG:colcon.colcon_core.event_handler.log_command:Invoked command in '/home/dawn/ros2_ws/build/av_server_multi' returned '0': CMAKE_PREFIX_PATH=${CMAKE_PREFIX_PATH}:/opt/ros/galactic /usr/bin/cmake --install /home/dawn/ros2_ws/build/av_server_multi
[0.363s] Level 1:colcon.colcon_core.environment:checking '/home/dawn/ros2_ws/install/av_server_multi' for CMake config files
[0.363s] Level 1:colcon.colcon_core.shell:create_environment_hook('av_server_multi', 'cmake_prefix_path')
[0.364s] INFO:colcon.colcon_core.shell:Creating environment hook '/home/dawn/ros2_ws/install/av_server_multi/share/av_server_multi/hook/cmake_prefix_path.ps1'
[0.364s] INFO:colcon.colcon_core.shell:Creating environment descriptor '/home/dawn/ros2_ws/install/av_server_multi/share/av_server_multi/hook/cmake_prefix_path.dsv'
[0.365s] INFO:colcon.colcon_core.shell:Creating environment hook '/home/dawn/ros2_ws/install/av_server_multi/share/av_server_multi/hook/cmake_prefix_path.sh'
[0.365s] Level 1:colcon.colcon_core.environment:checking '/home/dawn/ros2_ws/install/av_server_multi/lib'
[0.365s] Level 1:colcon.colcon_core.environment:checking '/home/dawn/ros2_ws/install/av_server_multi/bin'
[0.365s] Level 1:colcon.colcon_core.environment:checking '/home/dawn/ros2_ws/install/av_server_multi/lib/pkgconfig/av_server_multi.pc'
[0.365s] Level 1:colcon.colcon_core.environment:checking '/home/dawn/ros2_ws/install/av_server_multi/lib/python3.8/site-packages'
[0.365s] Level 1:colcon.colcon_core.environment:checking '/home/dawn/ros2_ws/install/av_server_multi/bin'
[0.366s] INFO:colcon.colcon_core.shell:Creating package script '/home/dawn/ros2_ws/install/av_server_multi/share/av_server_multi/package.ps1'
[0.367s] INFO:colcon.colcon_core.shell:Creating package descriptor '/home/dawn/ros2_ws/install/av_server_multi/share/av_server_multi/package.dsv'
[0.367s] INFO:colcon.colcon_core.shell:Creating package script '/home/dawn/ros2_ws/install/av_server_multi/share/av_server_multi/package.sh'
[0.367s] INFO:colcon.colcon_core.shell:Creating package script '/home/dawn/ros2_ws/install/av_server_multi/share/av_server_multi/package.bash'
[0.367s] INFO:colcon.colcon_core.shell:Creating package script '/home/dawn/ros2_ws/install/av_server_multi/share/av_server_multi/package.zsh'
[0.367s] Level 1:colcon.colcon_core.environment:create_file_with_runtime_dependencies(/home/dawn/ros2_ws/install/av_server_multi/share/colcon-core/packages/av_server_multi)
[0.369s] Level 1:colcon.colcon_core.environment:create_environment_scripts_only(tb3)
[0.371s] Level 1:colcon.colcon_core.environment:checking '/home/dawn/ros2_ws/install/tb3' for CMake module files
[0.371s] DEBUG:colcon.colcon_core.event_handler.log_command:Invoked command in '/home/dawn/ros2_ws/build/tb3' returned '0': CMAKE_PREFIX_PATH=${CMAKE_PREFIX_PATH}:/opt/ros/galactic /usr/bin/cmake --install /home/dawn/ros2_ws/build/tb3
[0.371s] Level 1:colcon.colcon_core.environment:checking '/home/dawn/ros2_ws/install/tb3' for CMake config files
[0.371s] Level 1:colcon.colcon_core.shell:create_environment_hook('tb3', 'cmake_prefix_path')
[0.372s] INFO:colcon.colcon_core.shell:Creating environment hook '/home/dawn/ros2_ws/install/tb3/share/tb3/hook/cmake_prefix_path.ps1'
[0.373s] INFO:colcon.colcon_core.shell:Creating environment descriptor '/home/dawn/ros2_ws/install/tb3/share/tb3/hook/cmake_prefix_path.dsv'
[0.373s] INFO:colcon.colcon_core.shell:Creating environment hook '/home/dawn/ros2_ws/install/tb3/share/tb3/hook/cmake_prefix_path.sh'
[0.373s] Level 1:colcon.colcon_core.environment:checking '/home/dawn/ros2_ws/install/tb3/lib'
[0.373s] Level 1:colcon.colcon_core.environment:checking '/home/dawn/ros2_ws/install/tb3/bin'
[0.373s] Level 1:colcon.colcon_core.environment:checking '/home/dawn/ros2_ws/install/tb3/lib/pkgconfig/tb3.pc'
[0.374s] Level 1:colcon.colcon_core.environment:checking '/home/dawn/ros2_ws/install/tb3/lib/python3.8/site-packages'
[0.374s] Level 1:colcon.colcon_core.environment:checking '/home/dawn/ros2_ws/install/tb3/bin'
[0.375s] INFO:colcon.colcon_core.shell:Creating package script '/home/dawn/ros2_ws/install/tb3/share/tb3/package.ps1'
[0.375s] INFO:colcon.colcon_core.shell:Creating package descriptor '/home/dawn/ros2_ws/install/tb3/share/tb3/package.dsv'
[0.375s] INFO:colcon.colcon_core.shell:Creating package script '/home/dawn/ros2_ws/install/tb3/share/tb3/package.sh'
[0.375s] INFO:colcon.colcon_core.shell:Creating package script '/home/dawn/ros2_ws/install/tb3/share/tb3/package.bash'
[0.376s] INFO:colcon.colcon_core.shell:Creating package script '/home/dawn/ros2_ws/install/tb3/share/tb3/package.zsh'
[0.376s] Level 1:colcon.colcon_core.environment:create_file_with_runtime_dependencies(/home/dawn/ros2_ws/install/tb3/share/colcon-core/packages/tb3)
[0.379s] Level 1:colcon.colcon_core.environment:create_environment_scripts_only(av_camera)
[0.381s] Level 1:colcon.colcon_core.environment:checking '/home/dawn/ros2_ws/install/av_camera' for CMake module files
[0.381s] Level 1:colcon.colcon_core.environment:checking '/home/dawn/ros2_ws/install/av_camera' for CMake config files
[0.381s] Level 1:colcon.colcon_core.shell:create_environment_hook('av_camera', 'cmake_prefix_path')
[0.382s] INFO:colcon.colcon_core.shell:Creating environment hook '/home/dawn/ros2_ws/install/av_camera/share/av_camera/hook/cmake_prefix_path.ps1'
[0.382s] INFO:colcon.colcon_core.shell:Creating environment descriptor '/home/dawn/ros2_ws/install/av_camera/share/av_camera/hook/cmake_prefix_path.dsv'
[0.383s] INFO:colcon.colcon_core.shell:Creating environment hook '/home/dawn/ros2_ws/install/av_camera/share/av_camera/hook/cmake_prefix_path.sh'
[0.383s] Level 1:colcon.colcon_core.environment:checking '/home/dawn/ros2_ws/install/av_camera/lib'
[0.383s] Level 1:colcon.colcon_core.environment:checking '/home/dawn/ros2_ws/install/av_camera/bin'
[0.383s] Level 1:colcon.colcon_core.environment:checking '/home/dawn/ros2_ws/install/av_camera/lib/pkgconfig/av_camera.pc'
[0.383s] Level 1:colcon.colcon_core.environment:checking '/home/dawn/ros2_ws/install/av_camera/lib/python3.8/site-packages'
[0.384s] Level 1:colcon.colcon_core.environment:checking '/home/dawn/ros2_ws/install/av_camera/bin'
[0.384s] INFO:colcon.colcon_core.shell:Creating package script '/home/dawn/ros2_ws/install/av_camera/share/av_camera/package.ps1'
[0.385s] INFO:colcon.colcon_core.shell:Creating package descriptor '/home/dawn/ros2_ws/install/av_camera/share/av_camera/package.dsv'
[0.385s] INFO:colcon.colcon_core.shell:Creating package script '/home/dawn/ros2_ws/install/av_camera/share/av_camera/package.sh'
[0.385s] INFO:colcon.colcon_core.shell:Creating package script '/home/dawn/ros2_ws/install/av_camera/share/av_camera/package.bash'
[0.386s] INFO:colcon.colcon_core.shell:Creating package script '/home/dawn/ros2_ws/install/av_camera/share/av_camera/package.zsh'
[0.386s] Level 1:colcon.colcon_core.environment:create_file_with_runtime_dependencies(/home/dawn/ros2_ws/install/av_camera/share/colcon-core/packages/av_camera)
[0.387s] Level 1:colcon.colcon_core.environment:create_environment_scripts_only(av_server)
[0.389s] Level 1:colcon.colcon_core.environment:checking '/home/dawn/ros2_ws/install/av_server' for CMake module files
[0.389s] Level 1:colcon.colcon_core.environment:checking '/home/dawn/ros2_ws/install/av_server' for CMake config files
[0.389s] Level 1:colcon.colcon_core.shell:create_environment_hook('av_server', 'cmake_prefix_path')
[0.390s] INFO:colcon.colcon_core.shell:Creating environment hook '/home/dawn/ros2_ws/install/av_server/share/av_server/hook/cmake_prefix_path.ps1'
[0.390s] INFO:colcon.colcon_core.shell:Creating environment descriptor '/home/dawn/ros2_ws/install/av_server/share/av_server/hook/cmake_prefix_path.dsv'
[0.390s] INFO:colcon.colcon_core.shell:Creating environment hook '/home/dawn/ros2_ws/install/av_server/share/av_server/hook/cmake_prefix_path.sh'
[0.391s] Level 1:colcon.colcon_core.environment:checking '/home/dawn/ros2_ws/install/av_server/lib'
[0.391s] Level 1:colcon.colcon_core.environment:checking '/home/dawn/ros2_ws/install/av_server/bin'
[0.391s] Level 1:colcon.colcon_core.environment:checking '/home/dawn/ros2_ws/install/av_server/lib/pkgconfig/av_server.pc'
[0.391s] Level 1:colcon.colcon_core.environment:checking '/home/dawn/ros2_ws/install/av_server/lib/python3.8/site-packages'
[0.391s] Level 1:colcon.colcon_core.environment:checking '/home/dawn/ros2_ws/install/av_server/bin'
[0.392s] INFO:colcon.colcon_core.shell:Creating package script '/home/dawn/ros2_ws/install/av_server/share/av_server/package.ps1'
[0.392s] INFO:colcon.colcon_core.shell:Creating package descriptor '/home/dawn/ros2_ws/install/av_server/share/av_server/package.dsv'
[0.392s] INFO:colcon.colcon_core.shell:Creating package script '/home/dawn/ros2_ws/install/av_server/share/av_server/package.sh'
[0.393s] INFO:colcon.colcon_core.shell:Creating package script '/home/dawn/ros2_ws/install/av_server/share/av_server/package.bash'
[0.393s] INFO:colcon.colcon_core.shell:Creating package script '/home/dawn/ros2_ws/install/av_server/share/av_server/package.zsh'
[0.393s] Level 1:colcon.colcon_core.environment:create_file_with_runtime_dependencies(/home/dawn/ros2_ws/install/av_server/share/colcon-core/packages/av_server)
[0.394s] Level 1:colcon.colcon_core.environment:create_environment_scripts_only(first_package)
[0.396s] Level 1:colcon.colcon_core.environment:checking '/home/dawn/ros2_ws/install/first_package' for CMake module files
[0.396s] Level 1:colcon.colcon_core.environment:checking '/home/dawn/ros2_ws/install/first_package' for CMake config files
[0.397s] Level 1:colcon.colcon_core.shell:create_environment_hook('first_package', 'cmake_prefix_path')
[0.398s] INFO:colcon.colcon_core.shell:Creating environment hook '/home/dawn/ros2_ws/install/first_package/share/first_package/hook/cmake_prefix_path.ps1'
[0.398s] INFO:colcon.colcon_core.shell:Creating environment descriptor '/home/dawn/ros2_ws/install/first_package/share/first_package/hook/cmake_prefix_path.dsv'
[0.399s] INFO:colcon.colcon_core.shell:Creating environment hook '/home/dawn/ros2_ws/install/first_package/share/first_package/hook/cmake_prefix_path.sh'
[0.399s] Level 1:colcon.colcon_core.environment:checking '/home/dawn/ros2_ws/install/first_package/lib'
[0.399s] Level 1:colcon.colcon_core.environment:checking '/home/dawn/ros2_ws/install/first_package/bin'
[0.399s] Level 1:colcon.colcon_core.environment:checking '/home/dawn/ros2_ws/install/first_package/lib/pkgconfig/first_package.pc'
[0.400s] Level 1:colcon.colcon_core.environment:checking '/home/dawn/ros2_ws/install/first_package/lib/python3.8/site-packages'
[0.400s] Level 1:colcon.colcon_core.environment:checking '/home/dawn/ros2_ws/install/first_package/bin'
[0.401s] INFO:colcon.colcon_core.shell:Creating package script '/home/dawn/ros2_ws/install/first_package/share/first_package/package.ps1'
[0.401s] INFO:colcon.colcon_core.shell:Creating package descriptor '/home/dawn/ros2_ws/install/first_package/share/first_package/package.dsv'
[0.402s] INFO:colcon.colcon_core.shell:Creating package script '/home/dawn/ros2_ws/install/first_package/share/first_package/package.sh'
[0.402s] INFO:colcon.colcon_core.shell:Creating package script '/home/dawn/ros2_ws/install/first_package/share/first_package/package.bash'
[0.402s] INFO:colcon.colcon_core.shell:Creating package script '/home/dawn/ros2_ws/install/first_package/share/first_package/package.zsh'
[0.403s] Level 1:colcon.colcon_core.environment:create_file_with_runtime_dependencies(/home/dawn/ros2_ws/install/first_package/share/colcon-core/packages/first_package)
[0.405s] Level 1:colcon.colcon_core.environment:create_environment_scripts_only(av_server_multi)
[0.406s] Level 1:colcon.colcon_core.environment:checking '/home/dawn/ros2_ws/install/av_server_multi' for CMake module files
[0.406s] Level 1:colcon.colcon_core.environment:checking '/home/dawn/ros2_ws/install/av_server_multi' for CMake config files
[0.406s] Level 1:colcon.colcon_core.shell:create_environment_hook('av_server_multi', 'cmake_prefix_path')
[0.407s] INFO:colcon.colcon_core.shell:Creating environment hook '/home/dawn/ros2_ws/install/av_server_multi/share/av_server_multi/hook/cmake_prefix_path.ps1'
[0.407s] INFO:colcon.colcon_core.shell:Creating environment descriptor '/home/dawn/ros2_ws/install/av_server_multi/share/av_server_multi/hook/cmake_prefix_path.dsv'
[0.407s] INFO:colcon.colcon_core.shell:Creating environment hook '/home/dawn/ros2_ws/install/av_server_multi/share/av_server_multi/hook/cmake_prefix_path.sh'
[0.408s] Level 1:colcon.colcon_core.environment:checking '/home/dawn/ros2_ws/install/av_server_multi/lib'
[0.408s] Level 1:colcon.colcon_core.environment:checking '/home/dawn/ros2_ws/install/av_server_multi/bin'
[0.408s] Level 1:colcon.colcon_core.environment:checking '/home/dawn/ros2_ws/install/av_server_multi/lib/pkgconfig/av_server_multi.pc'
[0.408s] Level 1:colcon.colcon_core.environment:checking '/home/dawn/ros2_ws/install/av_server_multi/lib/python3.8/site-packages'
[0.408s] Level 1:colcon.colcon_core.environment:checking '/home/dawn/ros2_ws/install/av_server_multi/bin'
[0.409s] INFO:colcon.colcon_core.shell:Creating package script '/home/dawn/ros2_ws/install/av_server_multi/share/av_server_multi/package.ps1'
[0.409s] INFO:colcon.colcon_core.shell:Creating package descriptor '/home/dawn/ros2_ws/install/av_server_multi/share/av_server_multi/package.dsv'
[0.409s] INFO:colcon.colcon_core.shell:Creating package script '/home/dawn/ros2_ws/install/av_server_multi/share/av_server_multi/package.sh'
[0.410s] INFO:colcon.colcon_core.shell:Creating package script '/home/dawn/ros2_ws/install/av_server_multi/share/av_server_multi/package.bash'
[0.410s] INFO:colcon.colcon_core.shell:Creating package script '/home/dawn/ros2_ws/install/av_server_multi/share/av_server_multi/package.zsh'
[0.410s] Level 1:colcon.colcon_core.environment:create_file_with_runtime_dependencies(/home/dawn/ros2_ws/install/av_server_multi/share/colcon-core/packages/av_server_multi)
[0.411s] Level 1:colcon.colcon_core.environment:create_environment_scripts_only(tb3)
[0.412s] Level 1:colcon.colcon_core.environment:checking '/home/dawn/ros2_ws/install/tb3' for CMake module files
[0.413s] Level 1:colcon.colcon_core.environment:checking '/home/dawn/ros2_ws/install/tb3' for CMake config files
[0.413s] Level 1:colcon.colcon_core.shell:create_environment_hook('tb3', 'cmake_prefix_path')
[0.413s] INFO:colcon.colcon_core.shell:Creating environment hook '/home/dawn/ros2_ws/install/tb3/share/tb3/hook/cmake_prefix_path.ps1'
[0.414s] INFO:colcon.colcon_core.shell:Creating environment descriptor '/home/dawn/ros2_ws/install/tb3/share/tb3/hook/cmake_prefix_path.dsv'
[0.414s] INFO:colcon.colcon_core.shell:Creating environment hook '/home/dawn/ros2_ws/install/tb3/share/tb3/hook/cmake_prefix_path.sh'
[0.414s] Level 1:colcon.colcon_core.environment:checking '/home/dawn/ros2_ws/install/tb3/lib'
[0.414s] Level 1:colcon.colcon_core.environment:checking '/home/dawn/ros2_ws/install/tb3/bin'
[0.414s] Level 1:colcon.colcon_core.environment:checking '/home/dawn/ros2_ws/install/tb3/lib/pkgconfig/tb3.pc'
[0.414s] Level 1:colcon.colcon_core.environment:checking '/home/dawn/ros2_ws/install/tb3/lib/python3.8/site-packages'
[0.414s] Level 1:colcon.colcon_core.environment:checking '/home/dawn/ros2_ws/install/tb3/bin'
[0.415s] INFO:colcon.colcon_core.shell:Creating package script '/home/dawn/ros2_ws/install/tb3/share/tb3/package.ps1'
[0.415s] INFO:colcon.colcon_core.shell:Creating package descriptor '/home/dawn/ros2_ws/install/tb3/share/tb3/package.dsv'
[0.416s] INFO:colcon.colcon_core.shell:Creating package script '/home/dawn/ros2_ws/install/tb3/share/tb3/package.sh'
[0.416s] INFO:colcon.colcon_core.shell:Creating package script '/home/dawn/ros2_ws/install/tb3/share/tb3/package.bash'
[0.416s] INFO:colcon.colcon_core.shell:Creating package script '/home/dawn/ros2_ws/install/tb3/share/tb3/package.zsh'
[0.416s] Level 1:colcon.colcon_core.environment:create_file_with_runtime_dependencies(/home/dawn/ros2_ws/install/tb3/share/colcon-core/packages/tb3)
[0.417s] DEBUG:colcon.colcon_parallel_executor.executor.parallel:closing loop
[0.417s] DEBUG:colcon.colcon_parallel_executor.executor.parallel:loop closed
[0.417s] DEBUG:colcon.colcon_parallel_executor.executor.parallel:run_until_complete finished with '0'
[0.417s] DEBUG:colcon.colcon_core.event_reactor:joining thread
[0.423s] INFO:colcon.colcon_core.plugin_system:Skipping extension 'colcon_notification.desktop_notification.terminal_notifier': Not used on non-Darwin systems
[0.423s] INFO:colcon.colcon_core.plugin_system:Skipping extension 'colcon_notification.desktop_notification.win32': Not used on non-Windows systems
[0.424s] INFO:colcon.colcon_notification.desktop_notification:Sending desktop notification using 'notify2'
[0.441s] DEBUG:colcon.colcon_core.event_reactor:joined thread
[0.443s] INFO:colcon.colcon_core.shell:Creating prefix script '/home/dawn/ros2_ws/install/local_setup.ps1'
[0.444s] INFO:colcon.colcon_core.shell:Creating prefix util module '/home/dawn/ros2_ws/install/_local_setup_util_ps1.py'
[0.445s] INFO:colcon.colcon_core.shell:Creating prefix chain script '/home/dawn/ros2_ws/install/setup.ps1'
[0.447s] INFO:colcon.colcon_core.shell:Creating prefix script '/home/dawn/ros2_ws/install/local_setup.sh'
[0.448s] INFO:colcon.colcon_core.shell:Creating prefix util module '/home/dawn/ros2_ws/install/_local_setup_util_sh.py'
[0.448s] INFO:colcon.colcon_core.shell:Creating prefix chain script '/home/dawn/ros2_ws/install/setup.sh'
[0.450s] INFO:colcon.colcon_core.shell:Creating prefix script '/home/dawn/ros2_ws/install/local_setup.bash'
[0.450s] INFO:colcon.colcon_core.shell:Creating prefix chain script '/home/dawn/ros2_ws/install/setup.bash'
[0.452s] INFO:colcon.colcon_core.shell:Creating prefix script '/home/dawn/ros2_ws/install/local_setup.zsh'
[0.452s] INFO:colcon.colcon_core.shell:Creating prefix chain script '/home/dawn/ros2_ws/install/setup.zsh'
