[0.033s] Invoking command in '/home/dawn/final_ws/build/target_reacher': CMAKE_PREFIX_PATH=/home/dawn/final_ws/install/ros2_aruco_interfaces:/home/dawn/final_ws/install/bot_controller:/home/dawn/final_ws/install/world_odom_broadcaster:/home/dawn/final_ws/install/tb3_bringup:/home/dawn/final_ws/install/tb3_gazebo:/home/dawn/final_ws/install/target_reacher:/home/dawn/final_ws/install/odom_updater:/home/dawn/final_ws/install/final_plugins:/home/dawn/ros2_ws/install/tb3:/home/dawn/ros2_ws/install/first_package:/home/dawn/ros2_ws/install/av_server_multi:/home/dawn/ros2_ws/install/av_server:/home/dawn/ros2_ws/install/av_camera:/home/dawn/final_ws/install/tb3_gazebo_spawner:/home/dawn/final_ws/install/ros2_aruco:/opt/ros/galactic PYTHONPATH=/home/dawn/final_ws/install/ros2_aruco_interfaces/lib/python3.8/site-packages:/home/dawn/final_ws/install/tb3_gazebo_spawner/lib/python3.8/site-packages:/home/dawn/final_ws/install/ros2_aruco/lib/python3.8/site-packages:/opt/ros/galactic/lib/python3.8/site-packages /usr/bin/cmake --build /home/dawn/final_ws/build/target_reacher -- -j16 -l16
[0.084s] [35m[1mScanning dependencies of target target_reacher[0m
[0.123s] [ 66%] [32mBuilding CXX object CMakeFiles/target_reacher.dir/src/main.cpp.o[0m
[0.125s] [ 66%] [32mBuilding CXX object CMakeFiles/target_reacher.dir/src/target_reacher.cpp.o[0m
[9.854s] [100%] [32m[1mLinking CXX executable target_reacher[0m
[10.215s] [100%] Built target target_reacher
[10.227s] Invoked command in '/home/dawn/final_ws/build/target_reacher' returned '0': CMAKE_PREFIX_PATH=/home/dawn/final_ws/install/ros2_aruco_interfaces:/home/dawn/final_ws/install/bot_controller:/home/dawn/final_ws/install/world_odom_broadcaster:/home/dawn/final_ws/install/tb3_bringup:/home/dawn/final_ws/install/tb3_gazebo:/home/dawn/final_ws/install/target_reacher:/home/dawn/final_ws/install/odom_updater:/home/dawn/final_ws/install/final_plugins:/home/dawn/ros2_ws/install/tb3:/home/dawn/ros2_ws/install/first_package:/home/dawn/ros2_ws/install/av_server_multi:/home/dawn/ros2_ws/install/av_server:/home/dawn/ros2_ws/install/av_camera:/home/dawn/final_ws/install/tb3_gazebo_spawner:/home/dawn/final_ws/install/ros2_aruco:/opt/ros/galactic PYTHONPATH=/home/dawn/final_ws/install/ros2_aruco_interfaces/lib/python3.8/site-packages:/home/dawn/final_ws/install/tb3_gazebo_spawner/lib/python3.8/site-packages:/home/dawn/final_ws/install/ros2_aruco/lib/python3.8/site-packages:/opt/ros/galactic/lib/python3.8/site-packages /usr/bin/cmake --build /home/dawn/final_ws/build/target_reacher -- -j16 -l16
[10.246s] Invoking command in '/home/dawn/final_ws/build/target_reacher': CMAKE_PREFIX_PATH=/home/dawn/final_ws/install/ros2_aruco_interfaces:/home/dawn/final_ws/install/bot_controller:/home/dawn/final_ws/install/world_odom_broadcaster:/home/dawn/final_ws/install/tb3_bringup:/home/dawn/final_ws/install/tb3_gazebo:/home/dawn/final_ws/install/target_reacher:/home/dawn/final_ws/install/odom_updater:/home/dawn/final_ws/install/final_plugins:/home/dawn/ros2_ws/install/tb3:/home/dawn/ros2_ws/install/first_package:/home/dawn/ros2_ws/install/av_server_multi:/home/dawn/ros2_ws/install/av_server:/home/dawn/ros2_ws/install/av_camera:/home/dawn/final_ws/install/tb3_gazebo_spawner:/home/dawn/final_ws/install/ros2_aruco:/opt/ros/galactic PYTHONPATH=/home/dawn/final_ws/install/ros2_aruco_interfaces/lib/python3.8/site-packages:/home/dawn/final_ws/install/tb3_gazebo_spawner/lib/python3.8/site-packages:/home/dawn/final_ws/install/ros2_aruco/lib/python3.8/site-packages:/opt/ros/galactic/lib/python3.8/site-packages /usr/bin/cmake --install /home/dawn/final_ws/build/target_reacher
[10.255s] -- Install configuration: ""
[10.255s] -- Up-to-date: /home/dawn/final_ws/install/target_reacher/include/target_reacher
[10.255s] -- Installing: /home/dawn/final_ws/install/target_reacher/include/target_reacher/target_reacher.h
[10.255s] -- Up-to-date: /home/dawn/final_ws/install/target_reacher/share/target_reacher/params
[10.256s] -- Installing: /home/dawn/final_ws/install/target_reacher/share/target_reacher/params/final_params.yaml
[10.257s] -- Installing: /home/dawn/final_ws/install/target_reacher/lib/target_reacher/target_reacher
[10.260s] -- Set runtime path of "/home/dawn/final_ws/install/target_reacher/lib/target_reacher/target_reacher" to ""
[10.260s] -- Up-to-date: /home/dawn/final_ws/install/target_reacher/share/ament_index/resource_index/package_run_dependencies/target_reacher
[10.260s] -- Up-to-date: /home/dawn/final_ws/install/target_reacher/share/ament_index/resource_index/parent_prefix_path/target_reacher
[10.260s] -- Up-to-date: /home/dawn/final_ws/install/target_reacher/share/target_reacher/environment/ament_prefix_path.sh
[10.260s] -- Up-to-date: /home/dawn/final_ws/install/target_reacher/share/target_reacher/environment/ament_prefix_path.dsv
[10.260s] -- Up-to-date: /home/dawn/final_ws/install/target_reacher/share/target_reacher/environment/path.sh
[10.260s] -- Up-to-date: /home/dawn/final_ws/install/target_reacher/share/target_reacher/environment/path.dsv
[10.260s] -- Up-to-date: /home/dawn/final_ws/install/target_reacher/share/target_reacher/local_setup.bash
[10.260s] -- Up-to-date: /home/dawn/final_ws/install/target_reacher/share/target_reacher/local_setup.sh
[10.260s] -- Up-to-date: /home/dawn/final_ws/install/target_reacher/share/target_reacher/local_setup.zsh
[10.260s] -- Up-to-date: /home/dawn/final_ws/install/target_reacher/share/target_reacher/local_setup.dsv
[10.261s] -- Installing: /home/dawn/final_ws/install/target_reacher/share/target_reacher/package.dsv
[10.261s] -- Up-to-date: /home/dawn/final_ws/install/target_reacher/share/ament_index/resource_index/packages/target_reacher
[10.261s] -- Up-to-date: /home/dawn/final_ws/install/target_reacher/share/target_reacher/cmake/target_reacherConfig.cmake
[10.261s] -- Up-to-date: /home/dawn/final_ws/install/target_reacher/share/target_reacher/cmake/target_reacherConfig-version.cmake
[10.261s] -- Up-to-date: /home/dawn/final_ws/install/target_reacher/share/target_reacher/package.xml
[10.265s] Invoked command in '/home/dawn/final_ws/build/target_reacher' returned '0': CMAKE_PREFIX_PATH=/home/dawn/final_ws/install/ros2_aruco_interfaces:/home/dawn/final_ws/install/bot_controller:/home/dawn/final_ws/install/world_odom_broadcaster:/home/dawn/final_ws/install/tb3_bringup:/home/dawn/final_ws/install/tb3_gazebo:/home/dawn/final_ws/install/target_reacher:/home/dawn/final_ws/install/odom_updater:/home/dawn/final_ws/install/final_plugins:/home/dawn/ros2_ws/install/tb3:/home/dawn/ros2_ws/install/first_package:/home/dawn/ros2_ws/install/av_server_multi:/home/dawn/ros2_ws/install/av_server:/home/dawn/ros2_ws/install/av_camera:/home/dawn/final_ws/install/tb3_gazebo_spawner:/home/dawn/final_ws/install/ros2_aruco:/opt/ros/galactic PYTHONPATH=/home/dawn/final_ws/install/ros2_aruco_interfaces/lib/python3.8/site-packages:/home/dawn/final_ws/install/tb3_gazebo_spawner/lib/python3.8/site-packages:/home/dawn/final_ws/install/ros2_aruco/lib/python3.8/site-packages:/opt/ros/galactic/lib/python3.8/site-packages /usr/bin/cmake --install /home/dawn/final_ws/build/target_reacher
