[  3%] Built target ros2_aruco_interfaces__cpp
[ 12%] Built target ros2_aruco_interfaces__rosidl_generator_c
[ 22%] Built target ros2_aruco_interfaces__rosidl_typesupport_introspection_cpp
[ 32%] Built target ros2_aruco_interfaces__rosidl_typesupport_cpp
[ 45%] Built target ros2_aruco_interfaces__rosidl_typesupport_fastrtps_cpp
[ 51%] Built target ros2_aruco_interfaces__rosidl_typesupport_introspection_c
[ 61%] Built target ros2_aruco_interfaces__rosidl_typesupport_c
[ 70%] Built target ros2_aruco_interfaces__rosidl_typesupport_fastrtps_c
[ 70%] Built target ros2_aruco_interfaces
[ 74%] Built target ros2_aruco_interfaces__py
[ 80%] Built target ros2_aruco_interfaces__python
[ 93%] Built target ros2_aruco_interfaces__rosidl_typesupport_introspection_c__pyext
[ 93%] Built target ros2_aruco_interfaces__rosidl_typesupport_c__pyext
[100%] Built target ros2_aruco_interfaces__rosidl_typesupport_fastrtps_c__pyext
-- Install configuration: ""
-- Up-to-date: /home/dawn/final_ws/install/ros2_aruco_interfaces/share/ament_index/resource_index/rosidl_interfaces/ros2_aruco_interfaces
-- Up-to-date: /home/dawn/final_ws/install/ros2_aruco_interfaces/include/ros2_aruco_interfaces
-- Up-to-date: /home/dawn/final_ws/install/ros2_aruco_interfaces/include/ros2_aruco_interfaces/msg
-- Up-to-date: /home/dawn/final_ws/install/ros2_aruco_interfaces/include/ros2_aruco_interfaces/msg/rosidl_generator_c__visibility_control.h
-- Up-to-date: /home/dawn/final_ws/install/ros2_aruco_interfaces/include/ros2_aruco_interfaces/msg/detail
-- Up-to-date: /home/dawn/final_ws/install/ros2_aruco_interfaces/include/ros2_aruco_interfaces/msg/detail/aruco_markers__type_support.h
-- Up-to-date: /home/dawn/final_ws/install/ros2_aruco_interfaces/include/ros2_aruco_interfaces/msg/detail/aruco_markers__functions.h
-- Up-to-date: /home/dawn/final_ws/install/ros2_aruco_interfaces/include/ros2_aruco_interfaces/msg/detail/aruco_markers__struct.h
-- Up-to-date: /home/dawn/final_ws/install/ros2_aruco_interfaces/include/ros2_aruco_interfaces/msg/detail/aruco_markers__functions.c
-- Up-to-date: /home/dawn/final_ws/install/ros2_aruco_interfaces/include/ros2_aruco_interfaces/msg/aruco_markers.h
-- Up-to-date: /home/dawn/final_ws/install/ros2_aruco_interfaces/share/ros2_aruco_interfaces/environment/library_path.sh
-- Up-to-date: /home/dawn/final_ws/install/ros2_aruco_interfaces/share/ros2_aruco_interfaces/environment/library_path.dsv
-- Up-to-date: /home/dawn/final_ws/install/ros2_aruco_interfaces/lib/libros2_aruco_interfaces__rosidl_generator_c.so
-- Up-to-date: /home/dawn/final_ws/install/ros2_aruco_interfaces/include/ros2_aruco_interfaces
-- Up-to-date: /home/dawn/final_ws/install/ros2_aruco_interfaces/include/ros2_aruco_interfaces/msg
-- Up-to-date: /home/dawn/final_ws/install/ros2_aruco_interfaces/include/ros2_aruco_interfaces/msg/detail
-- Up-to-date: /home/dawn/final_ws/install/ros2_aruco_interfaces/include/ros2_aruco_interfaces/msg/detail/aruco_markers__rosidl_typesupport_fastrtps_c.h
-- Up-to-date: /home/dawn/final_ws/install/ros2_aruco_interfaces/include/ros2_aruco_interfaces/msg/rosidl_typesupport_fastrtps_c__visibility_control.h
-- Up-to-date: /home/dawn/final_ws/install/ros2_aruco_interfaces/lib/libros2_aruco_interfaces__rosidl_typesupport_fastrtps_c.so
-- Up-to-date: /home/dawn/final_ws/install/ros2_aruco_interfaces/include/ros2_aruco_interfaces
-- Up-to-date: /home/dawn/final_ws/install/ros2_aruco_interfaces/include/ros2_aruco_interfaces/msg
-- Up-to-date: /home/dawn/final_ws/install/ros2_aruco_interfaces/include/ros2_aruco_interfaces/msg/rosidl_typesupport_fastrtps_cpp__visibility_control.h
-- Up-to-date: /home/dawn/final_ws/install/ros2_aruco_interfaces/include/ros2_aruco_interfaces/msg/detail
-- Up-to-date: /home/dawn/final_ws/install/ros2_aruco_interfaces/include/ros2_aruco_interfaces/msg/detail/aruco_markers__rosidl_typesupport_fastrtps_cpp.hpp
-- Up-to-date: /home/dawn/final_ws/install/ros2_aruco_interfaces/include/ros2_aruco_interfaces/msg/detail/dds_fastrtps
-- Up-to-date: /home/dawn/final_ws/install/ros2_aruco_interfaces/lib/libros2_aruco_interfaces__rosidl_typesupport_fastrtps_cpp.so
-- Up-to-date: /home/dawn/final_ws/install/ros2_aruco_interfaces/include/ros2_aruco_interfaces
-- Up-to-date: /home/dawn/final_ws/install/ros2_aruco_interfaces/include/ros2_aruco_interfaces/msg
-- Up-to-date: /home/dawn/final_ws/install/ros2_aruco_interfaces/include/ros2_aruco_interfaces/msg/rosidl_typesupport_introspection_c__visibility_control.h
-- Up-to-date: /home/dawn/final_ws/install/ros2_aruco_interfaces/include/ros2_aruco_interfaces/msg/detail
-- Up-to-date: /home/dawn/final_ws/install/ros2_aruco_interfaces/include/ros2_aruco_interfaces/msg/detail/aruco_markers__type_support.c
-- Up-to-date: /home/dawn/final_ws/install/ros2_aruco_interfaces/include/ros2_aruco_interfaces/msg/detail/aruco_markers__rosidl_typesupport_introspection_c.h
-- Up-to-date: /home/dawn/final_ws/install/ros2_aruco_interfaces/lib/libros2_aruco_interfaces__rosidl_typesupport_introspection_c.so
-- Up-to-date: /home/dawn/final_ws/install/ros2_aruco_interfaces/lib/libros2_aruco_interfaces__rosidl_typesupport_c.so
-- Up-to-date: /home/dawn/final_ws/install/ros2_aruco_interfaces/include/ros2_aruco_interfaces
-- Up-to-date: /home/dawn/final_ws/install/ros2_aruco_interfaces/include/ros2_aruco_interfaces/msg
-- Up-to-date: /home/dawn/final_ws/install/ros2_aruco_interfaces/include/ros2_aruco_interfaces/msg/aruco_markers.hpp
-- Up-to-date: /home/dawn/final_ws/install/ros2_aruco_interfaces/include/ros2_aruco_interfaces/msg/detail
-- Up-to-date: /home/dawn/final_ws/install/ros2_aruco_interfaces/include/ros2_aruco_interfaces/msg/detail/aruco_markers__struct.hpp
-- Up-to-date: /home/dawn/final_ws/install/ros2_aruco_interfaces/include/ros2_aruco_interfaces/msg/detail/aruco_markers__builder.hpp
-- Up-to-date: /home/dawn/final_ws/install/ros2_aruco_interfaces/include/ros2_aruco_interfaces/msg/detail/aruco_markers__traits.hpp
-- Up-to-date: /home/dawn/final_ws/install/ros2_aruco_interfaces/include/ros2_aruco_interfaces
-- Up-to-date: /home/dawn/final_ws/install/ros2_aruco_interfaces/include/ros2_aruco_interfaces/msg
-- Up-to-date: /home/dawn/final_ws/install/ros2_aruco_interfaces/include/ros2_aruco_interfaces/msg/detail
-- Up-to-date: /home/dawn/final_ws/install/ros2_aruco_interfaces/include/ros2_aruco_interfaces/msg/detail/aruco_markers__rosidl_typesupport_introspection_cpp.hpp
-- Up-to-date: /home/dawn/final_ws/install/ros2_aruco_interfaces/include/ros2_aruco_interfaces/msg/detail/aruco_markers__type_support.cpp
-- Up-to-date: /home/dawn/final_ws/install/ros2_aruco_interfaces/lib/libros2_aruco_interfaces__rosidl_typesupport_introspection_cpp.so
-- Up-to-date: /home/dawn/final_ws/install/ros2_aruco_interfaces/lib/libros2_aruco_interfaces__rosidl_typesupport_cpp.so
-- Up-to-date: /home/dawn/final_ws/install/ros2_aruco_interfaces/share/ros2_aruco_interfaces/environment/pythonpath.sh
-- Up-to-date: /home/dawn/final_ws/install/ros2_aruco_interfaces/share/ros2_aruco_interfaces/environment/pythonpath.dsv
-- Up-to-date: /home/dawn/final_ws/install/ros2_aruco_interfaces/lib/python3.8/site-packages/ros2_aruco_interfaces/__init__.py
-- Up-to-date: /home/dawn/final_ws/install/ros2_aruco_interfaces/lib/python3.8/site-packages/ros2_aruco_interfaces/msg
-- Up-to-date: /home/dawn/final_ws/install/ros2_aruco_interfaces/lib/python3.8/site-packages/ros2_aruco_interfaces/msg/_aruco_markers.py
-- Up-to-date: /home/dawn/final_ws/install/ros2_aruco_interfaces/lib/python3.8/site-packages/ros2_aruco_interfaces/msg/__init__.py
-- Up-to-date: /home/dawn/final_ws/install/ros2_aruco_interfaces/lib/python3.8/site-packages/ros2_aruco_interfaces/msg/_aruco_markers_s.c
-- Up-to-date: /home/dawn/final_ws/install/ros2_aruco_interfaces/lib/python3.8/site-packages/ros2_aruco_interfaces/ros2_aruco_interfaces_s__rosidl_typesupport_fastrtps_c.cpython-38-x86_64-linux-gnu.so
-- Up-to-date: /home/dawn/final_ws/install/ros2_aruco_interfaces/lib/python3.8/site-packages/ros2_aruco_interfaces/ros2_aruco_interfaces_s__rosidl_typesupport_introspection_c.cpython-38-x86_64-linux-gnu.so
-- Up-to-date: /home/dawn/final_ws/install/ros2_aruco_interfaces/lib/python3.8/site-packages/ros2_aruco_interfaces/ros2_aruco_interfaces_s__rosidl_typesupport_c.cpython-38-x86_64-linux-gnu.so
-- Up-to-date: /home/dawn/final_ws/install/ros2_aruco_interfaces/lib/libros2_aruco_interfaces__python.so
-- Up-to-date: /home/dawn/final_ws/install/ros2_aruco_interfaces/share/ros2_aruco_interfaces/msg/ArucoMarkers.idl
-- Up-to-date: /home/dawn/final_ws/install/ros2_aruco_interfaces/share/ros2_aruco_interfaces/msg/ArucoMarkers.msg
-- Up-to-date: /home/dawn/final_ws/install/ros2_aruco_interfaces/share/ament_index/resource_index/package_run_dependencies/ros2_aruco_interfaces
-- Up-to-date: /home/dawn/final_ws/install/ros2_aruco_interfaces/share/ament_index/resource_index/parent_prefix_path/ros2_aruco_interfaces
-- Up-to-date: /home/dawn/final_ws/install/ros2_aruco_interfaces/share/ros2_aruco_interfaces/environment/ament_prefix_path.sh
-- Up-to-date: /home/dawn/final_ws/install/ros2_aruco_interfaces/share/ros2_aruco_interfaces/environment/ament_prefix_path.dsv
-- Up-to-date: /home/dawn/final_ws/install/ros2_aruco_interfaces/share/ros2_aruco_interfaces/environment/path.sh
-- Up-to-date: /home/dawn/final_ws/install/ros2_aruco_interfaces/share/ros2_aruco_interfaces/environment/path.dsv
-- Up-to-date: /home/dawn/final_ws/install/ros2_aruco_interfaces/share/ros2_aruco_interfaces/local_setup.bash
-- Up-to-date: /home/dawn/final_ws/install/ros2_aruco_interfaces/share/ros2_aruco_interfaces/local_setup.sh
-- Up-to-date: /home/dawn/final_ws/install/ros2_aruco_interfaces/share/ros2_aruco_interfaces/local_setup.zsh
-- Up-to-date: /home/dawn/final_ws/install/ros2_aruco_interfaces/share/ros2_aruco_interfaces/local_setup.dsv
-- Installing: /home/dawn/final_ws/install/ros2_aruco_interfaces/share/ros2_aruco_interfaces/package.dsv
-- Up-to-date: /home/dawn/final_ws/install/ros2_aruco_interfaces/share/ament_index/resource_index/packages/ros2_aruco_interfaces
-- Up-to-date: /home/dawn/final_ws/install/ros2_aruco_interfaces/share/ros2_aruco_interfaces/cmake/ros2_aruco_interfaces__rosidl_generator_cExport.cmake
-- Up-to-date: /home/dawn/final_ws/install/ros2_aruco_interfaces/share/ros2_aruco_interfaces/cmake/ros2_aruco_interfaces__rosidl_generator_cExport-noconfig.cmake
-- Up-to-date: /home/dawn/final_ws/install/ros2_aruco_interfaces/share/ros2_aruco_interfaces/cmake/ros2_aruco_interfaces__rosidl_typesupport_introspection_cExport.cmake
-- Up-to-date: /home/dawn/final_ws/install/ros2_aruco_interfaces/share/ros2_aruco_interfaces/cmake/ros2_aruco_interfaces__rosidl_typesupport_introspection_cExport-noconfig.cmake
-- Up-to-date: /home/dawn/final_ws/install/ros2_aruco_interfaces/share/ros2_aruco_interfaces/cmake/ros2_aruco_interfaces__rosidl_typesupport_cExport.cmake
-- Up-to-date: /home/dawn/final_ws/install/ros2_aruco_interfaces/share/ros2_aruco_interfaces/cmake/ros2_aruco_interfaces__rosidl_typesupport_cExport-noconfig.cmake
-- Up-to-date: /home/dawn/final_ws/install/ros2_aruco_interfaces/share/ros2_aruco_interfaces/cmake/ros2_aruco_interfaces__rosidl_generator_cppExport.cmake
-- Up-to-date: /home/dawn/final_ws/install/ros2_aruco_interfaces/share/ros2_aruco_interfaces/cmake/ros2_aruco_interfaces__rosidl_typesupport_introspection_cppExport.cmake
-- Up-to-date: /home/dawn/final_ws/install/ros2_aruco_interfaces/share/ros2_aruco_interfaces/cmake/ros2_aruco_interfaces__rosidl_typesupport_introspection_cppExport-noconfig.cmake
-- Up-to-date: /home/dawn/final_ws/install/ros2_aruco_interfaces/share/ros2_aruco_interfaces/cmake/ros2_aruco_interfaces__rosidl_typesupport_cppExport.cmake
-- Up-to-date: /home/dawn/final_ws/install/ros2_aruco_interfaces/share/ros2_aruco_interfaces/cmake/ros2_aruco_interfaces__rosidl_typesupport_cppExport-noconfig.cmake
-- Up-to-date: /home/dawn/final_ws/install/ros2_aruco_interfaces/share/ros2_aruco_interfaces/cmake/rosidl_cmake-extras.cmake
-- Up-to-date: /home/dawn/final_ws/install/ros2_aruco_interfaces/share/ros2_aruco_interfaces/cmake/ament_cmake_export_dependencies-extras.cmake
-- Up-to-date: /home/dawn/final_ws/install/ros2_aruco_interfaces/share/ros2_aruco_interfaces/cmake/ament_cmake_export_libraries-extras.cmake
-- Up-to-date: /home/dawn/final_ws/install/ros2_aruco_interfaces/share/ros2_aruco_interfaces/cmake/ament_cmake_export_targets-extras.cmake
-- Up-to-date: /home/dawn/final_ws/install/ros2_aruco_interfaces/share/ros2_aruco_interfaces/cmake/ament_cmake_export_include_directories-extras.cmake
-- Up-to-date: /home/dawn/final_ws/install/ros2_aruco_interfaces/share/ros2_aruco_interfaces/cmake/rosidl_cmake_export_typesupport_libraries-extras.cmake
-- Up-to-date: /home/dawn/final_ws/install/ros2_aruco_interfaces/share/ros2_aruco_interfaces/cmake/rosidl_cmake_export_typesupport_targets-extras.cmake
-- Up-to-date: /home/dawn/final_ws/install/ros2_aruco_interfaces/share/ros2_aruco_interfaces/cmake/ros2_aruco_interfacesConfig.cmake
-- Up-to-date: /home/dawn/final_ws/install/ros2_aruco_interfaces/share/ros2_aruco_interfaces/cmake/ros2_aruco_interfacesConfig-version.cmake
-- Up-to-date: /home/dawn/final_ws/install/ros2_aruco_interfaces/share/ros2_aruco_interfaces/package.xml
