[0.075s] Invoking command in '/home/dawn/final_ws/build/ros2_aruco_interfaces': CMAKE_PREFIX_PATH=${CMAKE_PREFIX_PATH}:/home/dawn/final_ws/install/tb3_gazebo_spawner:/home/dawn/final_ws/install/ros2_aruco:/opt/ros/galactic /usr/bin/cmake --build /home/dawn/final_ws/build/ros2_aruco_interfaces -- -j16 -l16
[0.571s] [  3%] Built target ros2_aruco_interfaces__cpp
[0.572s] [ 12%] Built target ros2_aruco_interfaces__rosidl_generator_c
[0.572s] [ 22%] Built target ros2_aruco_interfaces__rosidl_typesupport_introspection_cpp
[0.572s] [ 32%] Built target ros2_aruco_interfaces__rosidl_typesupport_cpp
[0.572s] [ 45%] Built target ros2_aruco_interfaces__rosidl_typesupport_fastrtps_cpp
[0.572s] [ 51%] Built target ros2_aruco_interfaces__rosidl_typesupport_introspection_c
[0.572s] [ 61%] Built target ros2_aruco_interfaces__rosidl_typesupport_c
[0.573s] [ 70%] Built target ros2_aruco_interfaces__rosidl_typesupport_fastrtps_c
[0.573s] [ 70%] Built target ros2_aruco_interfaces
[0.573s] [ 74%] Built target ros2_aruco_interfaces__py
[0.573s] [ 80%] Built target ros2_aruco_interfaces__python
[0.573s] [ 93%] Built target ros2_aruco_interfaces__rosidl_typesupport_introspection_c__pyext
[0.575s] [ 93%] Built target ros2_aruco_interfaces__rosidl_typesupport_c__pyext
[0.575s] [100%] Built target ros2_aruco_interfaces__rosidl_typesupport_fastrtps_c__pyext
[0.578s] Invoked command in '/home/dawn/final_ws/build/ros2_aruco_interfaces' returned '0': CMAKE_PREFIX_PATH=${CMAKE_PREFIX_PATH}:/home/dawn/final_ws/install/tb3_gazebo_spawner:/home/dawn/final_ws/install/ros2_aruco:/opt/ros/galactic /usr/bin/cmake --build /home/dawn/final_ws/build/ros2_aruco_interfaces -- -j16 -l16
[0.645s] Invoking command in '/home/dawn/final_ws/build/ros2_aruco_interfaces': CMAKE_PREFIX_PATH=${CMAKE_PREFIX_PATH}:/home/dawn/final_ws/install/tb3_gazebo_spawner:/home/dawn/final_ws/install/ros2_aruco:/opt/ros/galactic /usr/bin/cmake --install /home/dawn/final_ws/build/ros2_aruco_interfaces
[0.661s] -- Install configuration: ""
[0.661s] -- Up-to-date: /home/dawn/final_ws/install/ros2_aruco_interfaces/share/ament_index/resource_index/rosidl_interfaces/ros2_aruco_interfaces
[0.661s] -- Up-to-date: /home/dawn/final_ws/install/ros2_aruco_interfaces/include/ros2_aruco_interfaces
[0.661s] -- Up-to-date: /home/dawn/final_ws/install/ros2_aruco_interfaces/include/ros2_aruco_interfaces/msg
[0.661s] -- Up-to-date: /home/dawn/final_ws/install/ros2_aruco_interfaces/include/ros2_aruco_interfaces/msg/rosidl_generator_c__visibility_control.h
[0.661s] -- Up-to-date: /home/dawn/final_ws/install/ros2_aruco_interfaces/include/ros2_aruco_interfaces/msg/detail
[0.661s] -- Up-to-date: /home/dawn/final_ws/install/ros2_aruco_interfaces/include/ros2_aruco_interfaces/msg/detail/aruco_markers__type_support.h
[0.663s] -- Up-to-date: /home/dawn/final_ws/install/ros2_aruco_interfaces/include/ros2_aruco_interfaces/msg/detail/aruco_markers__functions.h
[0.663s] -- Up-to-date: /home/dawn/final_ws/install/ros2_aruco_interfaces/include/ros2_aruco_interfaces/msg/detail/aruco_markers__struct.h
[0.663s] -- Up-to-date: /home/dawn/final_ws/install/ros2_aruco_interfaces/include/ros2_aruco_interfaces/msg/detail/aruco_markers__functions.c
[0.663s] -- Up-to-date: /home/dawn/final_ws/install/ros2_aruco_interfaces/include/ros2_aruco_interfaces/msg/aruco_markers.h
[0.664s] -- Up-to-date: /home/dawn/final_ws/install/ros2_aruco_interfaces/share/ros2_aruco_interfaces/environment/library_path.sh
[0.664s] -- Up-to-date: /home/dawn/final_ws/install/ros2_aruco_interfaces/share/ros2_aruco_interfaces/environment/library_path.dsv
[0.664s] -- Up-to-date: /home/dawn/final_ws/install/ros2_aruco_interfaces/lib/libros2_aruco_interfaces__rosidl_generator_c.so
[0.664s] -- Up-to-date: /home/dawn/final_ws/install/ros2_aruco_interfaces/include/ros2_aruco_interfaces
[0.664s] -- Up-to-date: /home/dawn/final_ws/install/ros2_aruco_interfaces/include/ros2_aruco_interfaces/msg
[0.664s] -- Up-to-date: /home/dawn/final_ws/install/ros2_aruco_interfaces/include/ros2_aruco_interfaces/msg/detail
[0.664s] -- Up-to-date: /home/dawn/final_ws/install/ros2_aruco_interfaces/include/ros2_aruco_interfaces/msg/detail/aruco_markers__rosidl_typesupport_fastrtps_c.h
[0.664s] -- Up-to-date: /home/dawn/final_ws/install/ros2_aruco_interfaces/include/ros2_aruco_interfaces/msg/rosidl_typesupport_fastrtps_c__visibility_control.h
[0.664s] -- Up-to-date: /home/dawn/final_ws/install/ros2_aruco_interfaces/lib/libros2_aruco_interfaces__rosidl_typesupport_fastrtps_c.so
[0.665s] -- Up-to-date: /home/dawn/final_ws/install/ros2_aruco_interfaces/include/ros2_aruco_interfaces
[0.665s] -- Up-to-date: /home/dawn/final_ws/install/ros2_aruco_interfaces/include/ros2_aruco_interfaces/msg
[0.665s] -- Up-to-date: /home/dawn/final_ws/install/ros2_aruco_interfaces/include/ros2_aruco_interfaces/msg/rosidl_typesupport_fastrtps_cpp__visibility_control.h
[0.665s] -- Up-to-date: /home/dawn/final_ws/install/ros2_aruco_interfaces/include/ros2_aruco_interfaces/msg/detail
[0.665s] -- Up-to-date: /home/dawn/final_ws/install/ros2_aruco_interfaces/include/ros2_aruco_interfaces/msg/detail/aruco_markers__rosidl_typesupport_fastrtps_cpp.hpp
[0.665s] -- Up-to-date: /home/dawn/final_ws/install/ros2_aruco_interfaces/include/ros2_aruco_interfaces/msg/detail/dds_fastrtps
[0.665s] -- Up-to-date: /home/dawn/final_ws/install/ros2_aruco_interfaces/lib/libros2_aruco_interfaces__rosidl_typesupport_fastrtps_cpp.so
[0.665s] -- Up-to-date: /home/dawn/final_ws/install/ros2_aruco_interfaces/include/ros2_aruco_interfaces
[0.665s] -- Up-to-date: /home/dawn/final_ws/install/ros2_aruco_interfaces/include/ros2_aruco_interfaces/msg
[0.665s] -- Up-to-date: /home/dawn/final_ws/install/ros2_aruco_interfaces/include/ros2_aruco_interfaces/msg/rosidl_typesupport_introspection_c__visibility_control.h
[0.665s] -- Up-to-date: /home/dawn/final_ws/install/ros2_aruco_interfaces/include/ros2_aruco_interfaces/msg/detail
[0.665s] -- Up-to-date: /home/dawn/final_ws/install/ros2_aruco_interfaces/include/ros2_aruco_interfaces/msg/detail/aruco_markers__type_support.c
[0.665s] -- Up-to-date: /home/dawn/final_ws/install/ros2_aruco_interfaces/include/ros2_aruco_interfaces/msg/detail/aruco_markers__rosidl_typesupport_introspection_c.h
[0.666s] -- Up-to-date: /home/dawn/final_ws/install/ros2_aruco_interfaces/lib/libros2_aruco_interfaces__rosidl_typesupport_introspection_c.so
[0.666s] -- Up-to-date: /home/dawn/final_ws/install/ros2_aruco_interfaces/lib/libros2_aruco_interfaces__rosidl_typesupport_c.so
[0.666s] -- Up-to-date: /home/dawn/final_ws/install/ros2_aruco_interfaces/include/ros2_aruco_interfaces
[0.666s] -- Up-to-date: /home/dawn/final_ws/install/ros2_aruco_interfaces/include/ros2_aruco_interfaces/msg
[0.666s] -- Up-to-date: /home/dawn/final_ws/install/ros2_aruco_interfaces/include/ros2_aruco_interfaces/msg/aruco_markers.hpp
[0.666s] -- Up-to-date: /home/dawn/final_ws/install/ros2_aruco_interfaces/include/ros2_aruco_interfaces/msg/detail
[0.666s] -- Up-to-date: /home/dawn/final_ws/install/ros2_aruco_interfaces/include/ros2_aruco_interfaces/msg/detail/aruco_markers__struct.hpp
[0.666s] -- Up-to-date: /home/dawn/final_ws/install/ros2_aruco_interfaces/include/ros2_aruco_interfaces/msg/detail/aruco_markers__builder.hpp
[0.666s] -- Up-to-date: /home/dawn/final_ws/install/ros2_aruco_interfaces/include/ros2_aruco_interfaces/msg/detail/aruco_markers__traits.hpp
[0.666s] -- Up-to-date: /home/dawn/final_ws/install/ros2_aruco_interfaces/include/ros2_aruco_interfaces
[0.666s] -- Up-to-date: /home/dawn/final_ws/install/ros2_aruco_interfaces/include/ros2_aruco_interfaces/msg
[0.666s] -- Up-to-date: /home/dawn/final_ws/install/ros2_aruco_interfaces/include/ros2_aruco_interfaces/msg/detail
[0.666s] -- Up-to-date: /home/dawn/final_ws/install/ros2_aruco_interfaces/include/ros2_aruco_interfaces/msg/detail/aruco_markers__rosidl_typesupport_introspection_cpp.hpp
[0.666s] -- Up-to-date: /home/dawn/final_ws/install/ros2_aruco_interfaces/include/ros2_aruco_interfaces/msg/detail/aruco_markers__type_support.cpp
[0.666s] -- Up-to-date: /home/dawn/final_ws/install/ros2_aruco_interfaces/lib/libros2_aruco_interfaces__rosidl_typesupport_introspection_cpp.so
[0.666s] -- Up-to-date: /home/dawn/final_ws/install/ros2_aruco_interfaces/lib/libros2_aruco_interfaces__rosidl_typesupport_cpp.so
[0.667s] -- Up-to-date: /home/dawn/final_ws/install/ros2_aruco_interfaces/share/ros2_aruco_interfaces/environment/pythonpath.sh
[0.667s] -- Up-to-date: /home/dawn/final_ws/install/ros2_aruco_interfaces/share/ros2_aruco_interfaces/environment/pythonpath.dsv
[0.667s] -- Up-to-date: /home/dawn/final_ws/install/ros2_aruco_interfaces/lib/python3.8/site-packages/ros2_aruco_interfaces/__init__.py
[0.690s] -- Up-to-date: /home/dawn/final_ws/install/ros2_aruco_interfaces/lib/python3.8/site-packages/ros2_aruco_interfaces/msg
[0.691s] -- Up-to-date: /home/dawn/final_ws/install/ros2_aruco_interfaces/lib/python3.8/site-packages/ros2_aruco_interfaces/msg/_aruco_markers.py
[0.691s] -- Up-to-date: /home/dawn/final_ws/install/ros2_aruco_interfaces/lib/python3.8/site-packages/ros2_aruco_interfaces/msg/__init__.py
[0.691s] -- Up-to-date: /home/dawn/final_ws/install/ros2_aruco_interfaces/lib/python3.8/site-packages/ros2_aruco_interfaces/msg/_aruco_markers_s.c
[0.691s] -- Up-to-date: /home/dawn/final_ws/install/ros2_aruco_interfaces/lib/python3.8/site-packages/ros2_aruco_interfaces/ros2_aruco_interfaces_s__rosidl_typesupport_fastrtps_c.cpython-38-x86_64-linux-gnu.so
[0.691s] -- Up-to-date: /home/dawn/final_ws/install/ros2_aruco_interfaces/lib/python3.8/site-packages/ros2_aruco_interfaces/ros2_aruco_interfaces_s__rosidl_typesupport_introspection_c.cpython-38-x86_64-linux-gnu.so
[0.691s] -- Up-to-date: /home/dawn/final_ws/install/ros2_aruco_interfaces/lib/python3.8/site-packages/ros2_aruco_interfaces/ros2_aruco_interfaces_s__rosidl_typesupport_c.cpython-38-x86_64-linux-gnu.so
[0.695s] -- Up-to-date: /home/dawn/final_ws/install/ros2_aruco_interfaces/lib/libros2_aruco_interfaces__python.so
[0.695s] -- Up-to-date: /home/dawn/final_ws/install/ros2_aruco_interfaces/share/ros2_aruco_interfaces/msg/ArucoMarkers.idl
[0.695s] -- Up-to-date: /home/dawn/final_ws/install/ros2_aruco_interfaces/share/ros2_aruco_interfaces/msg/ArucoMarkers.msg
[0.696s] -- Up-to-date: /home/dawn/final_ws/install/ros2_aruco_interfaces/share/ament_index/resource_index/package_run_dependencies/ros2_aruco_interfaces
[0.696s] -- Up-to-date: /home/dawn/final_ws/install/ros2_aruco_interfaces/share/ament_index/resource_index/parent_prefix_path/ros2_aruco_interfaces
[0.696s] -- Up-to-date: /home/dawn/final_ws/install/ros2_aruco_interfaces/share/ros2_aruco_interfaces/environment/ament_prefix_path.sh
[0.696s] -- Up-to-date: /home/dawn/final_ws/install/ros2_aruco_interfaces/share/ros2_aruco_interfaces/environment/ament_prefix_path.dsv
[0.696s] -- Up-to-date: /home/dawn/final_ws/install/ros2_aruco_interfaces/share/ros2_aruco_interfaces/environment/path.sh
[0.696s] -- Up-to-date: /home/dawn/final_ws/install/ros2_aruco_interfaces/share/ros2_aruco_interfaces/environment/path.dsv
[0.696s] -- Up-to-date: /home/dawn/final_ws/install/ros2_aruco_interfaces/share/ros2_aruco_interfaces/local_setup.bash
[0.696s] -- Up-to-date: /home/dawn/final_ws/install/ros2_aruco_interfaces/share/ros2_aruco_interfaces/local_setup.sh
[0.696s] -- Up-to-date: /home/dawn/final_ws/install/ros2_aruco_interfaces/share/ros2_aruco_interfaces/local_setup.zsh
[0.696s] -- Up-to-date: /home/dawn/final_ws/install/ros2_aruco_interfaces/share/ros2_aruco_interfaces/local_setup.dsv
[0.696s] -- Installing: /home/dawn/final_ws/install/ros2_aruco_interfaces/share/ros2_aruco_interfaces/package.dsv
[0.696s] -- Up-to-date: /home/dawn/final_ws/install/ros2_aruco_interfaces/share/ament_index/resource_index/packages/ros2_aruco_interfaces
[0.697s] -- Up-to-date: /home/dawn/final_ws/install/ros2_aruco_interfaces/share/ros2_aruco_interfaces/cmake/ros2_aruco_interfaces__rosidl_generator_cExport.cmake
[0.697s] -- Up-to-date: /home/dawn/final_ws/install/ros2_aruco_interfaces/share/ros2_aruco_interfaces/cmake/ros2_aruco_interfaces__rosidl_generator_cExport-noconfig.cmake
[0.697s] -- Up-to-date: /home/dawn/final_ws/install/ros2_aruco_interfaces/share/ros2_aruco_interfaces/cmake/ros2_aruco_interfaces__rosidl_typesupport_introspection_cExport.cmake
[0.697s] -- Up-to-date: /home/dawn/final_ws/install/ros2_aruco_interfaces/share/ros2_aruco_interfaces/cmake/ros2_aruco_interfaces__rosidl_typesupport_introspection_cExport-noconfig.cmake
[0.698s] -- Up-to-date: /home/dawn/final_ws/install/ros2_aruco_interfaces/share/ros2_aruco_interfaces/cmake/ros2_aruco_interfaces__rosidl_typesupport_cExport.cmake
[0.698s] -- Up-to-date: /home/dawn/final_ws/install/ros2_aruco_interfaces/share/ros2_aruco_interfaces/cmake/ros2_aruco_interfaces__rosidl_typesupport_cExport-noconfig.cmake
[0.698s] -- Up-to-date: /home/dawn/final_ws/install/ros2_aruco_interfaces/share/ros2_aruco_interfaces/cmake/ros2_aruco_interfaces__rosidl_generator_cppExport.cmake
[0.699s] -- Up-to-date: /home/dawn/final_ws/install/ros2_aruco_interfaces/share/ros2_aruco_interfaces/cmake/ros2_aruco_interfaces__rosidl_typesupport_introspection_cppExport.cmake
[0.699s] -- Up-to-date: /home/dawn/final_ws/install/ros2_aruco_interfaces/share/ros2_aruco_interfaces/cmake/ros2_aruco_interfaces__rosidl_typesupport_introspection_cppExport-noconfig.cmake
[0.699s] -- Up-to-date: /home/dawn/final_ws/install/ros2_aruco_interfaces/share/ros2_aruco_interfaces/cmake/ros2_aruco_interfaces__rosidl_typesupport_cppExport.cmake
[0.699s] -- Up-to-date: /home/dawn/final_ws/install/ros2_aruco_interfaces/share/ros2_aruco_interfaces/cmake/ros2_aruco_interfaces__rosidl_typesupport_cppExport-noconfig.cmake
[0.700s] -- Up-to-date: /home/dawn/final_ws/install/ros2_aruco_interfaces/share/ros2_aruco_interfaces/cmake/rosidl_cmake-extras.cmake
[0.700s] -- Up-to-date: /home/dawn/final_ws/install/ros2_aruco_interfaces/share/ros2_aruco_interfaces/cmake/ament_cmake_export_dependencies-extras.cmake
[0.700s] -- Up-to-date: /home/dawn/final_ws/install/ros2_aruco_interfaces/share/ros2_aruco_interfaces/cmake/ament_cmake_export_libraries-extras.cmake
[0.700s] -- Up-to-date: /home/dawn/final_ws/install/ros2_aruco_interfaces/share/ros2_aruco_interfaces/cmake/ament_cmake_export_targets-extras.cmake
[0.700s] -- Up-to-date: /home/dawn/final_ws/install/ros2_aruco_interfaces/share/ros2_aruco_interfaces/cmake/ament_cmake_export_include_directories-extras.cmake
[0.700s] -- Up-to-date: /home/dawn/final_ws/install/ros2_aruco_interfaces/share/ros2_aruco_interfaces/cmake/rosidl_cmake_export_typesupport_libraries-extras.cmake
[0.700s] -- Up-to-date: /home/dawn/final_ws/install/ros2_aruco_interfaces/share/ros2_aruco_interfaces/cmake/rosidl_cmake_export_typesupport_targets-extras.cmake
[0.700s] -- Up-to-date: /home/dawn/final_ws/install/ros2_aruco_interfaces/share/ros2_aruco_interfaces/cmake/ros2_aruco_interfacesConfig.cmake
[0.700s] -- Up-to-date: /home/dawn/final_ws/install/ros2_aruco_interfaces/share/ros2_aruco_interfaces/cmake/ros2_aruco_interfacesConfig-version.cmake
[0.700s] -- Up-to-date: /home/dawn/final_ws/install/ros2_aruco_interfaces/share/ros2_aruco_interfaces/package.xml
[0.761s] Invoked command in '/home/dawn/final_ws/build/ros2_aruco_interfaces' returned '0': CMAKE_PREFIX_PATH=${CMAKE_PREFIX_PATH}:/home/dawn/final_ws/install/tb3_gazebo_spawner:/home/dawn/final_ws/install/ros2_aruco:/opt/ros/galactic /usr/bin/cmake --install /home/dawn/final_ws/build/ros2_aruco_interfaces
