-- The C compiler identification is GNU 9.4.0
-- The CXX compiler identification is GNU 9.4.0
-- Check for working C compiler: /usr/bin/cc
-- Check for working C compiler: /usr/bin/cc -- works
-- Detecting C compiler ABI info
-- Detecting C compiler ABI info - done
-- Detecting C compile features
-- Detecting C compile features - done
-- Check for working CXX compiler: /usr/bin/c++
-- Check for working CXX compiler: /usr/bin/c++ -- works
-- Detecting CXX compiler ABI info
-- Detecting CXX compiler ABI info - done
-- Detecting CXX compile features
-- Detecting CXX compile features - done
-- Found ament_cmake: 1.1.6 (/opt/ros/galactic/share/ament_cmake/cmake)
-- Found PythonInterp: /usr/bin/python3 (found suitable version "3.8.10", minimum required is "3") 
-- Using PYTHON_EXECUTABLE: /usr/bin/python3
-- Found PkgConfig: /usr/bin/pkg-config (found version "0.29.1") 
-- Checking for module 'bullet>=2.82'
--   Found bullet, version 2.88
-- Found ccd: /usr/include (found suitable version "2.0", minimum required is "2.0") 
-- Found fcl: /usr/include (found suitable version "0.5.0", minimum required is "0.3.2") 
-- Found assimp: /usr/include (found version "5.0.0") 
-- Found DART: /usr/include (Required is at least version "6.6") found components: dart 
-- Found Boost: /usr/lib/x86_64-linux-gnu/cmake/Boost-1.71.0/BoostConfig.cmake (found suitable version "1.71.0", minimum required is "1.40.0") found components: thread system filesystem program_options regex iostreams date_time 
-- Found Protobuf: /usr/lib/x86_64-linux-gnu/libprotobuf.so;-lpthread (found version "3.6.1") 
-- Looking for ignition-math6 -- found version 6.13.0
-- Searching for dependencies of ignition-math6
-- Looking for OGRE...
-- OGRE_PREFIX_WATCH changed.
-- Checking for module 'OGRE'
--   Found OGRE, version 1.9.0
-- Found Ogre Ghadamon (1.9.0)
-- Found OGRE: optimized;/usr/lib/x86_64-linux-gnu/libOgreMain.so;debug;/usr/lib/x86_64-linux-gnu/libOgreMain.so
-- Looking for OGRE_Paging...
-- Found OGRE_Paging: optimized;/usr/lib/x86_64-linux-gnu/libOgrePaging.so;debug;/usr/lib/x86_64-linux-gnu/libOgrePaging.so
-- Looking for OGRE_Terrain...
-- Found OGRE_Terrain: optimized;/usr/lib/x86_64-linux-gnu/libOgreTerrain.so;debug;/usr/lib/x86_64-linux-gnu/libOgreTerrain.so
-- Looking for OGRE_Property...
-- Found OGRE_Property: optimized;/usr/lib/x86_64-linux-gnu/libOgreProperty.so;debug;/usr/lib/x86_64-linux-gnu/libOgreProperty.so
-- Looking for OGRE_RTShaderSystem...
-- Found OGRE_RTShaderSystem: optimized;/usr/lib/x86_64-linux-gnu/libOgreRTShaderSystem.so;debug;/usr/lib/x86_64-linux-gnu/libOgreRTShaderSystem.so
-- Looking for OGRE_Volume...
-- Found OGRE_Volume: optimized;/usr/lib/x86_64-linux-gnu/libOgreVolume.so;debug;/usr/lib/x86_64-linux-gnu/libOgreVolume.so
-- Looking for OGRE_Overlay...
-- Found OGRE_Overlay: optimized;/usr/lib/x86_64-linux-gnu/libOgreOverlay.so;debug;/usr/lib/x86_64-linux-gnu/libOgreOverlay.so
-- Looking for ignition-math6 -- found version 6.13.0
-- Looking for ignition-transport8 -- found version 8.3.0
-- Searching for dependencies of ignition-transport8
-- Found Protobuf: /usr/lib/x86_64-linux-gnu/libprotobuf.so;-lpthread (found suitable version "3.6.1", minimum required is "3") 
-- Config-file not installed for ZeroMQ -- checking for pkg-config
-- Checking for module 'libzmq >= 4'
--   Found libzmq , version 4.3.2
-- Found ZeroMQ: TRUE (Required is at least version "4") 
-- Checking for module 'uuid'
--   Found uuid, version 2.34.0
-- Found UUID: TRUE  
-- Looking for ignition-msgs5 -- found version 5.10.0
-- Searching for dependencies of ignition-msgs5
-- Looking for ignition-math6 -- found version 6.13.0
-- Checking for module 'tinyxml2'
--   Found tinyxml2, version 6.2.0
-- Looking for ignition-msgs5 -- found version 5.10.0
-- Looking for ignition-common3 -- found version 3.14.2
-- Searching for dependencies of ignition-common3
-- Looking for dlfcn.h - found
-- Looking for libdl - found
-- Found DL: TRUE  
-- Searching for <ignition-common3> component [graphics]
-- Looking for ignition-common3-graphics -- found version 3.14.2
-- Searching for dependencies of ignition-common3-graphics
-- Looking for ignition-math6 -- found version 6.13.0
-- Looking for ignition-fuel_tools4 -- found version 4.6.0
-- Searching for dependencies of ignition-fuel_tools4
-- Found CURL: /usr/lib/x86_64-linux-gnu/libcurl.so (found version "7.68.0")  
-- Checking for module 'jsoncpp'
--   Found jsoncpp, version 1.7.4
-- Found JSONCPP: TRUE  
-- Checking for module 'libzip'
--   Found libzip, version 1.5.1
-- Found ZIP: TRUE  
-- Looking for ignition-common3 -- found version 3.14.2
-- Looking for ignition-math6 -- found version 6.13.0
-- Looking for ignition-msgs5 -- found version 5.10.0
-- Found gazebo_ros_pkgs: 3.5.2 (/opt/ros/galactic/share/gazebo_ros_pkgs/cmake)
-- Found geometry_msgs: 2.2.4 (/opt/ros/galactic/share/geometry_msgs/cmake)
-- Using all available rosidl_typesupport_c: rosidl_typesupport_fastrtps_c;rosidl_typesupport_introspection_c
-- Found rosidl_adapter: 2.2.3 (/opt/ros/galactic/share/rosidl_adapter/cmake)
-- Found OpenSSL: /usr/lib/x86_64-linux-gnu/libcrypto.so (found version "1.1.1f")  
-- Found FastRTPS: /opt/ros/galactic/include  
-- Using all available rosidl_typesupport_cpp: rosidl_typesupport_fastrtps_cpp;rosidl_typesupport_introspection_cpp
-- Found nav_msgs: 2.2.4 (/opt/ros/galactic/share/nav_msgs/cmake)
-- Found rclcpp: 9.2.2 (/opt/ros/galactic/share/rclcpp/cmake)
-- Found rmw_implementation_cmake: 3.3.1 (/opt/ros/galactic/share/rmw_implementation_cmake/cmake)
-- Found rmw_cyclonedds_cpp: 0.22.6 (/opt/ros/galactic/share/rmw_cyclonedds_cpp/cmake)
-- Using RMW implementation 'rmw_cyclonedds_cpp' as default
-- Found Threads: TRUE  
-- Found sensor_msgs: 2.2.4 (/opt/ros/galactic/share/sensor_msgs/cmake)
-- Found tf2: 0.17.5 (/opt/ros/galactic/share/tf2/cmake)
-- Configuring done
-- Generating done
-- Build files have been written to: /home/dawn/final_ws/build/tb3_gazebo
[35m[1mScanning dependencies of target turtlebot3_drive[0m
[ 50%] [32mBuilding CXX object CMakeFiles/turtlebot3_drive.dir/src/turtlebot3_drive.cpp.o[0m
[100%] [32m[1mLinking CXX executable turtlebot3_drive[0m
[100%] Built target turtlebot3_drive
-- Install configuration: ""
-- Installing: /home/dawn/final_ws/install/tb3_gazebo/lib/tb3_gazebo/turtlebot3_drive
-- Set runtime path of "/home/dawn/final_ws/install/tb3_gazebo/lib/tb3_gazebo/turtlebot3_drive" to ""
-- Installing: /home/dawn/final_ws/install/tb3_gazebo/share/tb3_gazebo//launch
-- Installing: /home/dawn/final_ws/install/tb3_gazebo/share/tb3_gazebo//launch/robot_state_publisher.launch.py
-- Installing: /home/dawn/final_ws/install/tb3_gazebo/share/tb3_gazebo//launch/turtlebot3_house.launch.py
-- Installing: /home/dawn/final_ws/install/tb3_gazebo/share/tb3_gazebo//launch/spawn_turtlebot3.launch.py
-- Installing: /home/dawn/final_ws/install/tb3_gazebo/share/tb3_gazebo//launch/turtlebot3_dqn_stage3.launch.py
-- Installing: /home/dawn/final_ws/install/tb3_gazebo/share/tb3_gazebo//launch/turtlebot3_world.launch.py
-- Installing: /home/dawn/final_ws/install/tb3_gazebo/share/tb3_gazebo//launch/turtlebot3_dqn_stage2.launch.py
-- Installing: /home/dawn/final_ws/install/tb3_gazebo/share/tb3_gazebo//launch/turtlebot3_dqn_stage1.launch.py
-- Installing: /home/dawn/final_ws/install/tb3_gazebo/share/tb3_gazebo//launch/empty_world.launch.py
-- Installing: /home/dawn/final_ws/install/tb3_gazebo/share/tb3_gazebo//launch/turtlebot3_dqn_stage4.launch.py
-- Installing: /home/dawn/final_ws/install/tb3_gazebo/share/tb3_gazebo//models
-- Installing: /home/dawn/final_ws/install/tb3_gazebo/share/tb3_gazebo//models/four
-- Installing: /home/dawn/final_ws/install/tb3_gazebo/share/tb3_gazebo//models/four/model.config
-- Installing: /home/dawn/final_ws/install/tb3_gazebo/share/tb3_gazebo//models/four/materials
-- Installing: /home/dawn/final_ws/install/tb3_gazebo/share/tb3_gazebo//models/four/materials/textures
-- Installing: /home/dawn/final_ws/install/tb3_gazebo/share/tb3_gazebo//models/four/materials/textures/4.png
-- Installing: /home/dawn/final_ws/install/tb3_gazebo/share/tb3_gazebo//models/four/materials/scripts
-- Installing: /home/dawn/final_ws/install/tb3_gazebo/share/tb3_gazebo//models/four/materials/scripts/marker.material
-- Installing: /home/dawn/final_ws/install/tb3_gazebo/share/tb3_gazebo//models/four/model.sdf
-- Installing: /home/dawn/final_ws/install/tb3_gazebo/share/tb3_gazebo//models/three
-- Installing: /home/dawn/final_ws/install/tb3_gazebo/share/tb3_gazebo//models/three/model.config
-- Installing: /home/dawn/final_ws/install/tb3_gazebo/share/tb3_gazebo//models/three/materials
-- Installing: /home/dawn/final_ws/install/tb3_gazebo/share/tb3_gazebo//models/three/materials/textures
-- Installing: /home/dawn/final_ws/install/tb3_gazebo/share/tb3_gazebo//models/three/materials/textures/3.png
-- Installing: /home/dawn/final_ws/install/tb3_gazebo/share/tb3_gazebo//models/three/materials/scripts
-- Installing: /home/dawn/final_ws/install/tb3_gazebo/share/tb3_gazebo//models/three/materials/scripts/marker.material
-- Installing: /home/dawn/final_ws/install/tb3_gazebo/share/tb3_gazebo//models/three/model.sdf
-- Installing: /home/dawn/final_ws/install/tb3_gazebo/share/tb3_gazebo//models/aruco_marker_2
-- Installing: /home/dawn/final_ws/install/tb3_gazebo/share/tb3_gazebo//models/aruco_marker_2/model.config
-- Installing: /home/dawn/final_ws/install/tb3_gazebo/share/tb3_gazebo//models/aruco_marker_2/materials
-- Installing: /home/dawn/final_ws/install/tb3_gazebo/share/tb3_gazebo//models/aruco_marker_2/materials/textures
-- Installing: /home/dawn/final_ws/install/tb3_gazebo/share/tb3_gazebo//models/aruco_marker_2/materials/textures/marker_2.png
-- Installing: /home/dawn/final_ws/install/tb3_gazebo/share/tb3_gazebo//models/aruco_marker_2/materials/scripts
-- Installing: /home/dawn/final_ws/install/tb3_gazebo/share/tb3_gazebo//models/aruco_marker_2/materials/scripts/marker.material
-- Installing: /home/dawn/final_ws/install/tb3_gazebo/share/tb3_gazebo//models/aruco_marker_2/model.sdf
-- Installing: /home/dawn/final_ws/install/tb3_gazebo/share/tb3_gazebo//models/turtlebot3_common
-- Installing: /home/dawn/final_ws/install/tb3_gazebo/share/tb3_gazebo//models/turtlebot3_common/meshes
-- Installing: /home/dawn/final_ws/install/tb3_gazebo/share/tb3_gazebo//models/turtlebot3_common/meshes/marker_3
-- Installing: /home/dawn/final_ws/install/tb3_gazebo/share/tb3_gazebo//models/turtlebot3_common/meshes/marker_3/marker_3.dae
-- Installing: /home/dawn/final_ws/install/tb3_gazebo/share/tb3_gazebo//models/turtlebot3_common/meshes/r200.dae
-- Installing: /home/dawn/final_ws/install/tb3_gazebo/share/tb3_gazebo//models/turtlebot3_common/meshes/marker_0
-- Installing: /home/dawn/final_ws/install/tb3_gazebo/share/tb3_gazebo//models/turtlebot3_common/meshes/marker_0/marker_0.png
-- Installing: /home/dawn/final_ws/install/tb3_gazebo/share/tb3_gazebo//models/turtlebot3_common/meshes/marker_0/marker_0.dae
-- Installing: /home/dawn/final_ws/install/tb3_gazebo/share/tb3_gazebo//models/turtlebot3_common/meshes/marker_1
-- Installing: /home/dawn/final_ws/install/tb3_gazebo/share/tb3_gazebo//models/turtlebot3_common/meshes/marker_1/FabConvert.com_marker_1.dae
-- Installing: /home/dawn/final_ws/install/tb3_gazebo/share/tb3_gazebo//models/turtlebot3_common/meshes/waffle_pi_base.dae
-- Installing: /home/dawn/final_ws/install/tb3_gazebo/share/tb3_gazebo//models/turtlebot3_common/meshes/tire.dae
-- Installing: /home/dawn/final_ws/install/tb3_gazebo/share/tb3_gazebo//models/turtlebot3_common/meshes/lds.dae
-- Installing: /home/dawn/final_ws/install/tb3_gazebo/share/tb3_gazebo//models/turtlebot3_common/meshes/burger_base.dae
-- Installing: /home/dawn/final_ws/install/tb3_gazebo/share/tb3_gazebo//models/turtlebot3_common/meshes/marker_2
-- Installing: /home/dawn/final_ws/install/tb3_gazebo/share/tb3_gazebo//models/turtlebot3_common/meshes/marker_2/marker_2.dae
-- Installing: /home/dawn/final_ws/install/tb3_gazebo/share/tb3_gazebo//models/turtlebot3_common/meshes/waffle_base.dae
-- Installing: /home/dawn/final_ws/install/tb3_gazebo/share/tb3_gazebo//models/turtlebot3_common/model.config
-- Installing: /home/dawn/final_ws/install/tb3_gazebo/share/tb3_gazebo//models/one
-- Installing: /home/dawn/final_ws/install/tb3_gazebo/share/tb3_gazebo//models/one/model.config
-- Installing: /home/dawn/final_ws/install/tb3_gazebo/share/tb3_gazebo//models/one/materials
-- Installing: /home/dawn/final_ws/install/tb3_gazebo/share/tb3_gazebo//models/one/materials/textures
-- Installing: /home/dawn/final_ws/install/tb3_gazebo/share/tb3_gazebo//models/one/materials/textures/1.png
-- Installing: /home/dawn/final_ws/install/tb3_gazebo/share/tb3_gazebo//models/one/materials/textures/1.jpeg
-- Installing: /home/dawn/final_ws/install/tb3_gazebo/share/tb3_gazebo//models/one/materials/scripts
-- Installing: /home/dawn/final_ws/install/tb3_gazebo/share/tb3_gazebo//models/one/materials/scripts/marker.material
-- Installing: /home/dawn/final_ws/install/tb3_gazebo/share/tb3_gazebo//models/one/model.sdf
-- Installing: /home/dawn/final_ws/install/tb3_gazebo/share/tb3_gazebo//models/two
-- Installing: /home/dawn/final_ws/install/tb3_gazebo/share/tb3_gazebo//models/two/model.config
-- Installing: /home/dawn/final_ws/install/tb3_gazebo/share/tb3_gazebo//models/two/materials
-- Installing: /home/dawn/final_ws/install/tb3_gazebo/share/tb3_gazebo//models/two/materials/textures
-- Installing: /home/dawn/final_ws/install/tb3_gazebo/share/tb3_gazebo//models/two/materials/textures/2.png
-- Installing: /home/dawn/final_ws/install/tb3_gazebo/share/tb3_gazebo//models/two/materials/scripts
-- Installing: /home/dawn/final_ws/install/tb3_gazebo/share/tb3_gazebo//models/two/materials/scripts/marker.material
-- Installing: /home/dawn/final_ws/install/tb3_gazebo/share/tb3_gazebo//models/two/model.sdf
-- Installing: /home/dawn/final_ws/install/tb3_gazebo/share/tb3_gazebo//models/turtlebot3_world
-- Installing: /home/dawn/final_ws/install/tb3_gazebo/share/tb3_gazebo//models/turtlebot3_world/meshes
-- Installing: /home/dawn/final_ws/install/tb3_gazebo/share/tb3_gazebo//models/turtlebot3_world/meshes/hexagon.dae
-- Installing: /home/dawn/final_ws/install/tb3_gazebo/share/tb3_gazebo//models/turtlebot3_world/meshes/wall.dae
-- Installing: /home/dawn/final_ws/install/tb3_gazebo/share/tb3_gazebo//models/turtlebot3_world/model.config
-- Installing: /home/dawn/final_ws/install/tb3_gazebo/share/tb3_gazebo//models/turtlebot3_world/model-1_4.sdf
-- Installing: /home/dawn/final_ws/install/tb3_gazebo/share/tb3_gazebo//models/turtlebot3_world/model.sdf
-- Installing: /home/dawn/final_ws/install/tb3_gazebo/share/tb3_gazebo//models/final_project_world
-- Installing: /home/dawn/final_ws/install/tb3_gazebo/share/tb3_gazebo//models/final_project_world/model.config
-- Installing: /home/dawn/final_ws/install/tb3_gazebo/share/tb3_gazebo//models/final_project_world/model.sdf
-- Installing: /home/dawn/final_ws/install/tb3_gazebo/share/tb3_gazebo//models/aruco_marker_1
-- Installing: /home/dawn/final_ws/install/tb3_gazebo/share/tb3_gazebo//models/aruco_marker_1/model.config
-- Installing: /home/dawn/final_ws/install/tb3_gazebo/share/tb3_gazebo//models/aruco_marker_1/materials
-- Installing: /home/dawn/final_ws/install/tb3_gazebo/share/tb3_gazebo//models/aruco_marker_1/materials/textures
-- Installing: /home/dawn/final_ws/install/tb3_gazebo/share/tb3_gazebo//models/aruco_marker_1/materials/textures/marker_1.png
-- Installing: /home/dawn/final_ws/install/tb3_gazebo/share/tb3_gazebo//models/aruco_marker_1/materials/scripts
-- Installing: /home/dawn/final_ws/install/tb3_gazebo/share/tb3_gazebo//models/aruco_marker_1/materials/scripts/marker.material
-- Installing: /home/dawn/final_ws/install/tb3_gazebo/share/tb3_gazebo//models/aruco_marker_1/model.sdf
-- Installing: /home/dawn/final_ws/install/tb3_gazebo/share/tb3_gazebo//models/aruco_marker_0
-- Installing: /home/dawn/final_ws/install/tb3_gazebo/share/tb3_gazebo//models/aruco_marker_0/model.config
-- Installing: /home/dawn/final_ws/install/tb3_gazebo/share/tb3_gazebo//models/aruco_marker_0/materials
-- Installing: /home/dawn/final_ws/install/tb3_gazebo/share/tb3_gazebo//models/aruco_marker_0/materials/textures
-- Installing: /home/dawn/final_ws/install/tb3_gazebo/share/tb3_gazebo//models/aruco_marker_0/materials/textures/marker_0.png
-- Installing: /home/dawn/final_ws/install/tb3_gazebo/share/tb3_gazebo//models/aruco_marker_0/materials/scripts
-- Installing: /home/dawn/final_ws/install/tb3_gazebo/share/tb3_gazebo//models/aruco_marker_0/materials/scripts/marker.material
-- Installing: /home/dawn/final_ws/install/tb3_gazebo/share/tb3_gazebo//models/aruco_marker_0/model.sdf
-- Installing: /home/dawn/final_ws/install/tb3_gazebo/share/tb3_gazebo//models/turtlebot3_waffle
-- Installing: /home/dawn/final_ws/install/tb3_gazebo/share/tb3_gazebo//models/turtlebot3_waffle/model.config
-- Installing: /home/dawn/final_ws/install/tb3_gazebo/share/tb3_gazebo//models/turtlebot3_waffle/model_robot1.sdf
-- Installing: /home/dawn/final_ws/install/tb3_gazebo/share/tb3_gazebo//models/turtlebot3_waffle/model_robot2_aruco1.sdf
-- Installing: /home/dawn/final_ws/install/tb3_gazebo/share/tb3_gazebo//models/turtlebot3_waffle/model_robot2_aruco2.sdf
-- Installing: /home/dawn/final_ws/install/tb3_gazebo/share/tb3_gazebo//models/turtlebot3_waffle/model_robot2_aruco0.sdf
-- Installing: /home/dawn/final_ws/install/tb3_gazebo/share/tb3_gazebo//models/turtlebot3_waffle/model-1_4.sdf
-- Installing: /home/dawn/final_ws/install/tb3_gazebo/share/tb3_gazebo//models/turtlebot3_waffle/model_robot3.sdf
-- Installing: /home/dawn/final_ws/install/tb3_gazebo/share/tb3_gazebo//models/turtlebot3_waffle/model_robot2_aruco3.sdf
-- Installing: /home/dawn/final_ws/install/tb3_gazebo/share/tb3_gazebo//models/aruco_marker_3
-- Installing: /home/dawn/final_ws/install/tb3_gazebo/share/tb3_gazebo//models/aruco_marker_3/model.config
-- Installing: /home/dawn/final_ws/install/tb3_gazebo/share/tb3_gazebo//models/aruco_marker_3/materials
-- Installing: /home/dawn/final_ws/install/tb3_gazebo/share/tb3_gazebo//models/aruco_marker_3/materials/textures
-- Installing: /home/dawn/final_ws/install/tb3_gazebo/share/tb3_gazebo//models/aruco_marker_3/materials/textures/marker_3.png
-- Installing: /home/dawn/final_ws/install/tb3_gazebo/share/tb3_gazebo//models/aruco_marker_3/materials/scripts
-- Installing: /home/dawn/final_ws/install/tb3_gazebo/share/tb3_gazebo//models/aruco_marker_3/materials/scripts/marker.material
-- Installing: /home/dawn/final_ws/install/tb3_gazebo/share/tb3_gazebo//models/aruco_marker_3/model.sdf
-- Installing: /home/dawn/final_ws/install/tb3_gazebo/share/tb3_gazebo//models/ground_plane
-- Installing: /home/dawn/final_ws/install/tb3_gazebo/share/tb3_gazebo//models/ground_plane/model-1_3.sdf
-- Installing: /home/dawn/final_ws/install/tb3_gazebo/share/tb3_gazebo//models/ground_plane/model.config
-- Installing: /home/dawn/final_ws/install/tb3_gazebo/share/tb3_gazebo//models/ground_plane/model-1_4.sdf
-- Installing: /home/dawn/final_ws/install/tb3_gazebo/share/tb3_gazebo//models/ground_plane/model.sdf
-- Installing: /home/dawn/final_ws/install/tb3_gazebo/share/tb3_gazebo//models/ground_plane/model-1_2.sdf
-- Installing: /home/dawn/final_ws/install/tb3_gazebo/share/tb3_gazebo//rviz
-- Installing: /home/dawn/final_ws/install/tb3_gazebo/share/tb3_gazebo//rviz/tb3_gazebo.rviz
-- Installing: /home/dawn/final_ws/install/tb3_gazebo/share/tb3_gazebo//urdf
-- Installing: /home/dawn/final_ws/install/tb3_gazebo/share/tb3_gazebo//urdf/turtlebot3_waffle_pi.urdf
-- Installing: /home/dawn/final_ws/install/tb3_gazebo/share/tb3_gazebo//urdf/turtlebot3_burger.urdf
-- Installing: /home/dawn/final_ws/install/tb3_gazebo/share/tb3_gazebo//urdf/common_properties.urdf
-- Installing: /home/dawn/final_ws/install/tb3_gazebo/share/tb3_gazebo//urdf/turtlebot3_waffle.urdf
-- Installing: /home/dawn/final_ws/install/tb3_gazebo/share/tb3_gazebo//worlds
-- Installing: /home/dawn/final_ws/install/tb3_gazebo/share/tb3_gazebo//worlds/turtlebot3_dqn_stage3.world
-- Installing: /home/dawn/final_ws/install/tb3_gazebo/share/tb3_gazebo//worlds/turtlebot3_house.world
-- Installing: /home/dawn/final_ws/install/tb3_gazebo/share/tb3_gazebo//worlds/turtlebot3_world.world
-- Installing: /home/dawn/final_ws/install/tb3_gazebo/share/tb3_gazebo//worlds/turtlebot3_dqn_stage2.world
-- Installing: /home/dawn/final_ws/install/tb3_gazebo/share/tb3_gazebo//worlds/turtlebot3_dqn_stage4.world
-- Installing: /home/dawn/final_ws/install/tb3_gazebo/share/tb3_gazebo//worlds/turtlebot3_dqn_stage1.world
-- Installing: /home/dawn/final_ws/install/tb3_gazebo/share/tb3_gazebo//worlds/empty_world.world
-- Installing: /home/dawn/final_ws/install/tb3_gazebo/include/
-- Installing: /home/dawn/final_ws/install/tb3_gazebo/include//turtlebot3_gazebo
-- Installing: /home/dawn/final_ws/install/tb3_gazebo/include//turtlebot3_gazebo/turtlebot3_drive.hpp
-- Installing: /home/dawn/final_ws/install/tb3_gazebo/share/ament_index/resource_index/package_run_dependencies/tb3_gazebo
-- Installing: /home/dawn/final_ws/install/tb3_gazebo/share/ament_index/resource_index/parent_prefix_path/tb3_gazebo
-- Installing: /home/dawn/final_ws/install/tb3_gazebo/share/tb3_gazebo/environment/ament_prefix_path.sh
-- Installing: /home/dawn/final_ws/install/tb3_gazebo/share/tb3_gazebo/environment/ament_prefix_path.dsv
-- Installing: /home/dawn/final_ws/install/tb3_gazebo/share/tb3_gazebo/environment/path.sh
-- Installing: /home/dawn/final_ws/install/tb3_gazebo/share/tb3_gazebo/environment/path.dsv
-- Installing: /home/dawn/final_ws/install/tb3_gazebo/share/tb3_gazebo/local_setup.bash
-- Installing: /home/dawn/final_ws/install/tb3_gazebo/share/tb3_gazebo/local_setup.sh
-- Installing: /home/dawn/final_ws/install/tb3_gazebo/share/tb3_gazebo/local_setup.zsh
-- Installing: /home/dawn/final_ws/install/tb3_gazebo/share/tb3_gazebo/local_setup.dsv
-- Installing: /home/dawn/final_ws/install/tb3_gazebo/share/tb3_gazebo/package.dsv
-- Installing: /home/dawn/final_ws/install/tb3_gazebo/share/ament_index/resource_index/packages/tb3_gazebo
-- Installing: /home/dawn/final_ws/install/tb3_gazebo/share/tb3_gazebo/cmake/ament_cmake_export_include_directories-extras.cmake
-- Installing: /home/dawn/final_ws/install/tb3_gazebo/share/tb3_gazebo/cmake/ament_cmake_export_dependencies-extras.cmake
-- Installing: /home/dawn/final_ws/install/tb3_gazebo/share/tb3_gazebo/cmake/tb3_gazeboConfig.cmake
-- Installing: /home/dawn/final_ws/install/tb3_gazebo/share/tb3_gazebo/cmake/tb3_gazeboConfig-version.cmake
-- Installing: /home/dawn/final_ws/install/tb3_gazebo/share/tb3_gazebo/package.xml
