[100%] Built target turtlebot3_drive
-- Install configuration: ""
-- Up-to-date: /home/dawn/final_ws/install/tb3_gazebo/lib/tb3_gazebo/turtlebot3_drive
-- Up-to-date: /home/dawn/final_ws/install/tb3_gazebo/share/tb3_gazebo//launch
-- Up-to-date: /home/dawn/final_ws/install/tb3_gazebo/share/tb3_gazebo//launch/robot_state_publisher.launch.py
-- Up-to-date: /home/dawn/final_ws/install/tb3_gazebo/share/tb3_gazebo//launch/turtlebot3_house.launch.py
-- Up-to-date: /home/dawn/final_ws/install/tb3_gazebo/share/tb3_gazebo//launch/spawn_turtlebot3.launch.py
-- Up-to-date: /home/dawn/final_ws/install/tb3_gazebo/share/tb3_gazebo//launch/turtlebot3_dqn_stage3.launch.py
-- Up-to-date: /home/dawn/final_ws/install/tb3_gazebo/share/tb3_gazebo//launch/turtlebot3_world.launch.py
-- Up-to-date: /home/dawn/final_ws/install/tb3_gazebo/share/tb3_gazebo//launch/turtlebot3_dqn_stage2.launch.py
-- Up-to-date: /home/dawn/final_ws/install/tb3_gazebo/share/tb3_gazebo//launch/turtlebot3_dqn_stage1.launch.py
-- Up-to-date: /home/dawn/final_ws/install/tb3_gazebo/share/tb3_gazebo//launch/empty_world.launch.py
-- Up-to-date: /home/dawn/final_ws/install/tb3_gazebo/share/tb3_gazebo//launch/turtlebot3_dqn_stage4.launch.py
-- Up-to-date: /home/dawn/final_ws/install/tb3_gazebo/share/tb3_gazebo//models
-- Up-to-date: /home/dawn/final_ws/install/tb3_gazebo/share/tb3_gazebo//models/four
-- Up-to-date: /home/dawn/final_ws/install/tb3_gazebo/share/tb3_gazebo//models/four/model.config
-- Up-to-date: /home/dawn/final_ws/install/tb3_gazebo/share/tb3_gazebo//models/four/materials
-- Up-to-date: /home/dawn/final_ws/install/tb3_gazebo/share/tb3_gazebo//models/four/materials/textures
-- Up-to-date: /home/dawn/final_ws/install/tb3_gazebo/share/tb3_gazebo//models/four/materials/textures/4.png
-- Up-to-date: /home/dawn/final_ws/install/tb3_gazebo/share/tb3_gazebo//models/four/materials/scripts
-- Up-to-date: /home/dawn/final_ws/install/tb3_gazebo/share/tb3_gazebo//models/four/materials/scripts/marker.material
-- Up-to-date: /home/dawn/final_ws/install/tb3_gazebo/share/tb3_gazebo//models/four/model.sdf
-- Up-to-date: /home/dawn/final_ws/install/tb3_gazebo/share/tb3_gazebo//models/three
-- Up-to-date: /home/dawn/final_ws/install/tb3_gazebo/share/tb3_gazebo//models/three/model.config
-- Up-to-date: /home/dawn/final_ws/install/tb3_gazebo/share/tb3_gazebo//models/three/materials
-- Up-to-date: /home/dawn/final_ws/install/tb3_gazebo/share/tb3_gazebo//models/three/materials/textures
-- Up-to-date: /home/dawn/final_ws/install/tb3_gazebo/share/tb3_gazebo//models/three/materials/textures/3.png
-- Up-to-date: /home/dawn/final_ws/install/tb3_gazebo/share/tb3_gazebo//models/three/materials/scripts
-- Up-to-date: /home/dawn/final_ws/install/tb3_gazebo/share/tb3_gazebo//models/three/materials/scripts/marker.material
-- Up-to-date: /home/dawn/final_ws/install/tb3_gazebo/share/tb3_gazebo//models/three/model.sdf
-- Up-to-date: /home/dawn/final_ws/install/tb3_gazebo/share/tb3_gazebo//models/aruco_marker_2
-- Up-to-date: /home/dawn/final_ws/install/tb3_gazebo/share/tb3_gazebo//models/aruco_marker_2/model.config
-- Up-to-date: /home/dawn/final_ws/install/tb3_gazebo/share/tb3_gazebo//models/aruco_marker_2/materials
-- Up-to-date: /home/dawn/final_ws/install/tb3_gazebo/share/tb3_gazebo//models/aruco_marker_2/materials/textures
-- Up-to-date: /home/dawn/final_ws/install/tb3_gazebo/share/tb3_gazebo//models/aruco_marker_2/materials/textures/marker_2.png
-- Up-to-date: /home/dawn/final_ws/install/tb3_gazebo/share/tb3_gazebo//models/aruco_marker_2/materials/scripts
-- Up-to-date: /home/dawn/final_ws/install/tb3_gazebo/share/tb3_gazebo//models/aruco_marker_2/materials/scripts/marker.material
-- Up-to-date: /home/dawn/final_ws/install/tb3_gazebo/share/tb3_gazebo//models/aruco_marker_2/model.sdf
-- Up-to-date: /home/dawn/final_ws/install/tb3_gazebo/share/tb3_gazebo//models/turtlebot3_common
-- Up-to-date: /home/dawn/final_ws/install/tb3_gazebo/share/tb3_gazebo//models/turtlebot3_common/meshes
-- Up-to-date: /home/dawn/final_ws/install/tb3_gazebo/share/tb3_gazebo//models/turtlebot3_common/meshes/marker_3
-- Up-to-date: /home/dawn/final_ws/install/tb3_gazebo/share/tb3_gazebo//models/turtlebot3_common/meshes/marker_3/marker_3.dae
-- Up-to-date: /home/dawn/final_ws/install/tb3_gazebo/share/tb3_gazebo//models/turtlebot3_common/meshes/r200.dae
-- Up-to-date: /home/dawn/final_ws/install/tb3_gazebo/share/tb3_gazebo//models/turtlebot3_common/meshes/marker_0
-- Up-to-date: /home/dawn/final_ws/install/tb3_gazebo/share/tb3_gazebo//models/turtlebot3_common/meshes/marker_0/marker_0.png
-- Up-to-date: /home/dawn/final_ws/install/tb3_gazebo/share/tb3_gazebo//models/turtlebot3_common/meshes/marker_0/marker_0.dae
-- Up-to-date: /home/dawn/final_ws/install/tb3_gazebo/share/tb3_gazebo//models/turtlebot3_common/meshes/marker_1
-- Up-to-date: /home/dawn/final_ws/install/tb3_gazebo/share/tb3_gazebo//models/turtlebot3_common/meshes/marker_1/FabConvert.com_marker_1.dae
-- Up-to-date: /home/dawn/final_ws/install/tb3_gazebo/share/tb3_gazebo//models/turtlebot3_common/meshes/waffle_pi_base.dae
-- Up-to-date: /home/dawn/final_ws/install/tb3_gazebo/share/tb3_gazebo//models/turtlebot3_common/meshes/tire.dae
-- Up-to-date: /home/dawn/final_ws/install/tb3_gazebo/share/tb3_gazebo//models/turtlebot3_common/meshes/lds.dae
-- Up-to-date: /home/dawn/final_ws/install/tb3_gazebo/share/tb3_gazebo//models/turtlebot3_common/meshes/burger_base.dae
-- Up-to-date: /home/dawn/final_ws/install/tb3_gazebo/share/tb3_gazebo//models/turtlebot3_common/meshes/marker_2
-- Up-to-date: /home/dawn/final_ws/install/tb3_gazebo/share/tb3_gazebo//models/turtlebot3_common/meshes/marker_2/marker_2.dae
-- Up-to-date: /home/dawn/final_ws/install/tb3_gazebo/share/tb3_gazebo//models/turtlebot3_common/meshes/waffle_base.dae
-- Up-to-date: /home/dawn/final_ws/install/tb3_gazebo/share/tb3_gazebo//models/turtlebot3_common/model.config
-- Up-to-date: /home/dawn/final_ws/install/tb3_gazebo/share/tb3_gazebo//models/one
-- Up-to-date: /home/dawn/final_ws/install/tb3_gazebo/share/tb3_gazebo//models/one/model.config
-- Up-to-date: /home/dawn/final_ws/install/tb3_gazebo/share/tb3_gazebo//models/one/materials
-- Up-to-date: /home/dawn/final_ws/install/tb3_gazebo/share/tb3_gazebo//models/one/materials/textures
-- Up-to-date: /home/dawn/final_ws/install/tb3_gazebo/share/tb3_gazebo//models/one/materials/textures/1.png
-- Up-to-date: /home/dawn/final_ws/install/tb3_gazebo/share/tb3_gazebo//models/one/materials/textures/1.jpeg
-- Up-to-date: /home/dawn/final_ws/install/tb3_gazebo/share/tb3_gazebo//models/one/materials/scripts
-- Up-to-date: /home/dawn/final_ws/install/tb3_gazebo/share/tb3_gazebo//models/one/materials/scripts/marker.material
-- Up-to-date: /home/dawn/final_ws/install/tb3_gazebo/share/tb3_gazebo//models/one/model.sdf
-- Up-to-date: /home/dawn/final_ws/install/tb3_gazebo/share/tb3_gazebo//models/two
-- Up-to-date: /home/dawn/final_ws/install/tb3_gazebo/share/tb3_gazebo//models/two/model.config
-- Up-to-date: /home/dawn/final_ws/install/tb3_gazebo/share/tb3_gazebo//models/two/materials
-- Up-to-date: /home/dawn/final_ws/install/tb3_gazebo/share/tb3_gazebo//models/two/materials/textures
-- Up-to-date: /home/dawn/final_ws/install/tb3_gazebo/share/tb3_gazebo//models/two/materials/textures/2.png
-- Up-to-date: /home/dawn/final_ws/install/tb3_gazebo/share/tb3_gazebo//models/two/materials/scripts
-- Up-to-date: /home/dawn/final_ws/install/tb3_gazebo/share/tb3_gazebo//models/two/materials/scripts/marker.material
-- Up-to-date: /home/dawn/final_ws/install/tb3_gazebo/share/tb3_gazebo//models/two/model.sdf
-- Up-to-date: /home/dawn/final_ws/install/tb3_gazebo/share/tb3_gazebo//models/turtlebot3_world
-- Up-to-date: /home/dawn/final_ws/install/tb3_gazebo/share/tb3_gazebo//models/turtlebot3_world/meshes
-- Up-to-date: /home/dawn/final_ws/install/tb3_gazebo/share/tb3_gazebo//models/turtlebot3_world/meshes/hexagon.dae
-- Up-to-date: /home/dawn/final_ws/install/tb3_gazebo/share/tb3_gazebo//models/turtlebot3_world/meshes/wall.dae
-- Up-to-date: /home/dawn/final_ws/install/tb3_gazebo/share/tb3_gazebo//models/turtlebot3_world/model.config
-- Up-to-date: /home/dawn/final_ws/install/tb3_gazebo/share/tb3_gazebo//models/turtlebot3_world/model-1_4.sdf
-- Up-to-date: /home/dawn/final_ws/install/tb3_gazebo/share/tb3_gazebo//models/turtlebot3_world/model.sdf
-- Up-to-date: /home/dawn/final_ws/install/tb3_gazebo/share/tb3_gazebo//models/final_project_world
-- Up-to-date: /home/dawn/final_ws/install/tb3_gazebo/share/tb3_gazebo//models/final_project_world/model.config
-- Up-to-date: /home/dawn/final_ws/install/tb3_gazebo/share/tb3_gazebo//models/final_project_world/model.sdf
-- Up-to-date: /home/dawn/final_ws/install/tb3_gazebo/share/tb3_gazebo//models/aruco_marker_1
-- Up-to-date: /home/dawn/final_ws/install/tb3_gazebo/share/tb3_gazebo//models/aruco_marker_1/model.config
-- Up-to-date: /home/dawn/final_ws/install/tb3_gazebo/share/tb3_gazebo//models/aruco_marker_1/materials
-- Up-to-date: /home/dawn/final_ws/install/tb3_gazebo/share/tb3_gazebo//models/aruco_marker_1/materials/textures
-- Up-to-date: /home/dawn/final_ws/install/tb3_gazebo/share/tb3_gazebo//models/aruco_marker_1/materials/textures/marker_1.png
-- Up-to-date: /home/dawn/final_ws/install/tb3_gazebo/share/tb3_gazebo//models/aruco_marker_1/materials/scripts
-- Up-to-date: /home/dawn/final_ws/install/tb3_gazebo/share/tb3_gazebo//models/aruco_marker_1/materials/scripts/marker.material
-- Up-to-date: /home/dawn/final_ws/install/tb3_gazebo/share/tb3_gazebo//models/aruco_marker_1/model.sdf
-- Up-to-date: /home/dawn/final_ws/install/tb3_gazebo/share/tb3_gazebo//models/aruco_marker_0
-- Up-to-date: /home/dawn/final_ws/install/tb3_gazebo/share/tb3_gazebo//models/aruco_marker_0/model.config
-- Up-to-date: /home/dawn/final_ws/install/tb3_gazebo/share/tb3_gazebo//models/aruco_marker_0/materials
-- Up-to-date: /home/dawn/final_ws/install/tb3_gazebo/share/tb3_gazebo//models/aruco_marker_0/materials/textures
-- Up-to-date: /home/dawn/final_ws/install/tb3_gazebo/share/tb3_gazebo//models/aruco_marker_0/materials/textures/marker_0.png
-- Up-to-date: /home/dawn/final_ws/install/tb3_gazebo/share/tb3_gazebo//models/aruco_marker_0/materials/scripts
-- Up-to-date: /home/dawn/final_ws/install/tb3_gazebo/share/tb3_gazebo//models/aruco_marker_0/materials/scripts/marker.material
-- Up-to-date: /home/dawn/final_ws/install/tb3_gazebo/share/tb3_gazebo//models/aruco_marker_0/model.sdf
-- Up-to-date: /home/dawn/final_ws/install/tb3_gazebo/share/tb3_gazebo//models/turtlebot3_waffle
-- Up-to-date: /home/dawn/final_ws/install/tb3_gazebo/share/tb3_gazebo//models/turtlebot3_waffle/model.config
-- Up-to-date: /home/dawn/final_ws/install/tb3_gazebo/share/tb3_gazebo//models/turtlebot3_waffle/model_robot1.sdf
-- Up-to-date: /home/dawn/final_ws/install/tb3_gazebo/share/tb3_gazebo//models/turtlebot3_waffle/model_robot2_aruco1.sdf
-- Up-to-date: /home/dawn/final_ws/install/tb3_gazebo/share/tb3_gazebo//models/turtlebot3_waffle/model_robot2_aruco2.sdf
-- Up-to-date: /home/dawn/final_ws/install/tb3_gazebo/share/tb3_gazebo//models/turtlebot3_waffle/model_robot2_aruco0.sdf
-- Up-to-date: /home/dawn/final_ws/install/tb3_gazebo/share/tb3_gazebo//models/turtlebot3_waffle/model-1_4.sdf
-- Up-to-date: /home/dawn/final_ws/install/tb3_gazebo/share/tb3_gazebo//models/turtlebot3_waffle/model_robot3.sdf
-- Up-to-date: /home/dawn/final_ws/install/tb3_gazebo/share/tb3_gazebo//models/turtlebot3_waffle/model_robot2_aruco3.sdf
-- Up-to-date: /home/dawn/final_ws/install/tb3_gazebo/share/tb3_gazebo//models/aruco_marker_3
-- Up-to-date: /home/dawn/final_ws/install/tb3_gazebo/share/tb3_gazebo//models/aruco_marker_3/model.config
-- Up-to-date: /home/dawn/final_ws/install/tb3_gazebo/share/tb3_gazebo//models/aruco_marker_3/materials
-- Up-to-date: /home/dawn/final_ws/install/tb3_gazebo/share/tb3_gazebo//models/aruco_marker_3/materials/textures
-- Up-to-date: /home/dawn/final_ws/install/tb3_gazebo/share/tb3_gazebo//models/aruco_marker_3/materials/textures/marker_3.png
-- Up-to-date: /home/dawn/final_ws/install/tb3_gazebo/share/tb3_gazebo//models/aruco_marker_3/materials/scripts
-- Up-to-date: /home/dawn/final_ws/install/tb3_gazebo/share/tb3_gazebo//models/aruco_marker_3/materials/scripts/marker.material
-- Up-to-date: /home/dawn/final_ws/install/tb3_gazebo/share/tb3_gazebo//models/aruco_marker_3/model.sdf
-- Up-to-date: /home/dawn/final_ws/install/tb3_gazebo/share/tb3_gazebo//models/ground_plane
-- Up-to-date: /home/dawn/final_ws/install/tb3_gazebo/share/tb3_gazebo//models/ground_plane/model-1_3.sdf
-- Up-to-date: /home/dawn/final_ws/install/tb3_gazebo/share/tb3_gazebo//models/ground_plane/model.config
-- Up-to-date: /home/dawn/final_ws/install/tb3_gazebo/share/tb3_gazebo//models/ground_plane/model-1_4.sdf
-- Up-to-date: /home/dawn/final_ws/install/tb3_gazebo/share/tb3_gazebo//models/ground_plane/model.sdf
-- Up-to-date: /home/dawn/final_ws/install/tb3_gazebo/share/tb3_gazebo//models/ground_plane/model-1_2.sdf
-- Up-to-date: /home/dawn/final_ws/install/tb3_gazebo/share/tb3_gazebo//rviz
-- Up-to-date: /home/dawn/final_ws/install/tb3_gazebo/share/tb3_gazebo//rviz/tb3_gazebo.rviz
-- Up-to-date: /home/dawn/final_ws/install/tb3_gazebo/share/tb3_gazebo//urdf
-- Up-to-date: /home/dawn/final_ws/install/tb3_gazebo/share/tb3_gazebo//urdf/turtlebot3_waffle_pi.urdf
-- Up-to-date: /home/dawn/final_ws/install/tb3_gazebo/share/tb3_gazebo//urdf/turtlebot3_burger.urdf
-- Up-to-date: /home/dawn/final_ws/install/tb3_gazebo/share/tb3_gazebo//urdf/common_properties.urdf
-- Up-to-date: /home/dawn/final_ws/install/tb3_gazebo/share/tb3_gazebo//urdf/turtlebot3_waffle.urdf
-- Up-to-date: /home/dawn/final_ws/install/tb3_gazebo/share/tb3_gazebo//worlds
-- Up-to-date: /home/dawn/final_ws/install/tb3_gazebo/share/tb3_gazebo//worlds/turtlebot3_dqn_stage3.world
-- Up-to-date: /home/dawn/final_ws/install/tb3_gazebo/share/tb3_gazebo//worlds/turtlebot3_house.world
-- Up-to-date: /home/dawn/final_ws/install/tb3_gazebo/share/tb3_gazebo//worlds/turtlebot3_world.world
-- Up-to-date: /home/dawn/final_ws/install/tb3_gazebo/share/tb3_gazebo//worlds/turtlebot3_dqn_stage2.world
-- Up-to-date: /home/dawn/final_ws/install/tb3_gazebo/share/tb3_gazebo//worlds/turtlebot3_dqn_stage4.world
-- Up-to-date: /home/dawn/final_ws/install/tb3_gazebo/share/tb3_gazebo//worlds/turtlebot3_dqn_stage1.world
-- Up-to-date: /home/dawn/final_ws/install/tb3_gazebo/share/tb3_gazebo//worlds/empty_world.world
-- Up-to-date: /home/dawn/final_ws/install/tb3_gazebo/include/
-- Up-to-date: /home/dawn/final_ws/install/tb3_gazebo/include//turtlebot3_gazebo
-- Up-to-date: /home/dawn/final_ws/install/tb3_gazebo/include//turtlebot3_gazebo/turtlebot3_drive.hpp
-- Up-to-date: /home/dawn/final_ws/install/tb3_gazebo/share/ament_index/resource_index/package_run_dependencies/tb3_gazebo
-- Up-to-date: /home/dawn/final_ws/install/tb3_gazebo/share/ament_index/resource_index/parent_prefix_path/tb3_gazebo
-- Up-to-date: /home/dawn/final_ws/install/tb3_gazebo/share/tb3_gazebo/environment/ament_prefix_path.sh
-- Up-to-date: /home/dawn/final_ws/install/tb3_gazebo/share/tb3_gazebo/environment/ament_prefix_path.dsv
-- Up-to-date: /home/dawn/final_ws/install/tb3_gazebo/share/tb3_gazebo/environment/path.sh
-- Up-to-date: /home/dawn/final_ws/install/tb3_gazebo/share/tb3_gazebo/environment/path.dsv
-- Up-to-date: /home/dawn/final_ws/install/tb3_gazebo/share/tb3_gazebo/local_setup.bash
-- Up-to-date: /home/dawn/final_ws/install/tb3_gazebo/share/tb3_gazebo/local_setup.sh
-- Up-to-date: /home/dawn/final_ws/install/tb3_gazebo/share/tb3_gazebo/local_setup.zsh
-- Up-to-date: /home/dawn/final_ws/install/tb3_gazebo/share/tb3_gazebo/local_setup.dsv
-- Installing: /home/dawn/final_ws/install/tb3_gazebo/share/tb3_gazebo/package.dsv
-- Up-to-date: /home/dawn/final_ws/install/tb3_gazebo/share/ament_index/resource_index/packages/tb3_gazebo
-- Up-to-date: /home/dawn/final_ws/install/tb3_gazebo/share/tb3_gazebo/cmake/ament_cmake_export_include_directories-extras.cmake
-- Up-to-date: /home/dawn/final_ws/install/tb3_gazebo/share/tb3_gazebo/cmake/ament_cmake_export_dependencies-extras.cmake
-- Up-to-date: /home/dawn/final_ws/install/tb3_gazebo/share/tb3_gazebo/cmake/tb3_gazeboConfig.cmake
-- Up-to-date: /home/dawn/final_ws/install/tb3_gazebo/share/tb3_gazebo/cmake/tb3_gazeboConfig-version.cmake
-- Up-to-date: /home/dawn/final_ws/install/tb3_gazebo/share/tb3_gazebo/package.xml
