[0.072s] Invoking command in '/home/dawn/final_ws/build/tb3_gazebo': CMAKE_PREFIX_PATH=${CMAKE_PREFIX_PATH}:/home/dawn/final_ws/install/tb3_gazebo_spawner:/home/dawn/final_ws/install/ros2_aruco:/opt/ros/galactic /usr/bin/cmake --build /home/dawn/final_ws/build/tb3_gazebo -- -j16 -l16
[0.561s] [100%] Built target turtlebot3_drive
[0.571s] Invoked command in '/home/dawn/final_ws/build/tb3_gazebo' returned '0': CMAKE_PREFIX_PATH=${CMAKE_PREFIX_PATH}:/home/dawn/final_ws/install/tb3_gazebo_spawner:/home/dawn/final_ws/install/ros2_aruco:/opt/ros/galactic /usr/bin/cmake --build /home/dawn/final_ws/build/tb3_gazebo -- -j16 -l16
[0.610s] Invoking command in '/home/dawn/final_ws/build/tb3_gazebo': CMAKE_PREFIX_PATH=${CMAKE_PREFIX_PATH}:/home/dawn/final_ws/install/tb3_gazebo_spawner:/home/dawn/final_ws/install/ros2_aruco:/opt/ros/galactic /usr/bin/cmake --install /home/dawn/final_ws/build/tb3_gazebo
[0.631s] -- Install configuration: ""
[0.632s] -- Up-to-date: /home/dawn/final_ws/install/tb3_gazebo/lib/tb3_gazebo/turtlebot3_drive
[0.632s] -- Up-to-date: /home/dawn/final_ws/install/tb3_gazebo/share/tb3_gazebo//launch
[0.632s] -- Up-to-date: /home/dawn/final_ws/install/tb3_gazebo/share/tb3_gazebo//launch/robot_state_publisher.launch.py
[0.632s] -- Up-to-date: /home/dawn/final_ws/install/tb3_gazebo/share/tb3_gazebo//launch/turtlebot3_house.launch.py
[0.633s] -- Up-to-date: /home/dawn/final_ws/install/tb3_gazebo/share/tb3_gazebo//launch/spawn_turtlebot3.launch.py
[0.634s] -- Up-to-date: /home/dawn/final_ws/install/tb3_gazebo/share/tb3_gazebo//launch/turtlebot3_dqn_stage3.launch.py
[0.635s] -- Up-to-date: /home/dawn/final_ws/install/tb3_gazebo/share/tb3_gazebo//launch/turtlebot3_world.launch.py
[0.635s] -- Up-to-date: /home/dawn/final_ws/install/tb3_gazebo/share/tb3_gazebo//launch/turtlebot3_dqn_stage2.launch.py
[0.635s] -- Up-to-date: /home/dawn/final_ws/install/tb3_gazebo/share/tb3_gazebo//launch/turtlebot3_dqn_stage1.launch.py
[0.635s] -- Up-to-date: /home/dawn/final_ws/install/tb3_gazebo/share/tb3_gazebo//launch/empty_world.launch.py
[0.635s] -- Up-to-date: /home/dawn/final_ws/install/tb3_gazebo/share/tb3_gazebo//launch/turtlebot3_dqn_stage4.launch.py
[0.635s] -- Up-to-date: /home/dawn/final_ws/install/tb3_gazebo/share/tb3_gazebo//models
[0.635s] -- Up-to-date: /home/dawn/final_ws/install/tb3_gazebo/share/tb3_gazebo//models/four
[0.635s] -- Up-to-date: /home/dawn/final_ws/install/tb3_gazebo/share/tb3_gazebo//models/four/model.config
[0.635s] -- Up-to-date: /home/dawn/final_ws/install/tb3_gazebo/share/tb3_gazebo//models/four/materials
[0.635s] -- Up-to-date: /home/dawn/final_ws/install/tb3_gazebo/share/tb3_gazebo//models/four/materials/textures
[0.635s] -- Up-to-date: /home/dawn/final_ws/install/tb3_gazebo/share/tb3_gazebo//models/four/materials/textures/4.png
[0.635s] -- Up-to-date: /home/dawn/final_ws/install/tb3_gazebo/share/tb3_gazebo//models/four/materials/scripts
[0.637s] -- Up-to-date: /home/dawn/final_ws/install/tb3_gazebo/share/tb3_gazebo//models/four/materials/scripts/marker.material
[0.637s] -- Up-to-date: /home/dawn/final_ws/install/tb3_gazebo/share/tb3_gazebo//models/four/model.sdf
[0.637s] -- Up-to-date: /home/dawn/final_ws/install/tb3_gazebo/share/tb3_gazebo//models/three
[0.638s] -- Up-to-date: /home/dawn/final_ws/install/tb3_gazebo/share/tb3_gazebo//models/three/model.config
[0.638s] -- Up-to-date: /home/dawn/final_ws/install/tb3_gazebo/share/tb3_gazebo//models/three/materials
[0.639s] -- Up-to-date: /home/dawn/final_ws/install/tb3_gazebo/share/tb3_gazebo//models/three/materials/textures
[0.639s] -- Up-to-date: /home/dawn/final_ws/install/tb3_gazebo/share/tb3_gazebo//models/three/materials/textures/3.png
[0.639s] -- Up-to-date: /home/dawn/final_ws/install/tb3_gazebo/share/tb3_gazebo//models/three/materials/scripts
[0.639s] -- Up-to-date: /home/dawn/final_ws/install/tb3_gazebo/share/tb3_gazebo//models/three/materials/scripts/marker.material
[0.639s] -- Up-to-date: /home/dawn/final_ws/install/tb3_gazebo/share/tb3_gazebo//models/three/model.sdf
[0.639s] -- Up-to-date: /home/dawn/final_ws/install/tb3_gazebo/share/tb3_gazebo//models/aruco_marker_2
[0.641s] -- Up-to-date: /home/dawn/final_ws/install/tb3_gazebo/share/tb3_gazebo//models/aruco_marker_2/model.config
[0.641s] -- Up-to-date: /home/dawn/final_ws/install/tb3_gazebo/share/tb3_gazebo//models/aruco_marker_2/materials
[0.641s] -- Up-to-date: /home/dawn/final_ws/install/tb3_gazebo/share/tb3_gazebo//models/aruco_marker_2/materials/textures
[0.641s] -- Up-to-date: /home/dawn/final_ws/install/tb3_gazebo/share/tb3_gazebo//models/aruco_marker_2/materials/textures/marker_2.png
[0.642s] -- Up-to-date: /home/dawn/final_ws/install/tb3_gazebo/share/tb3_gazebo//models/aruco_marker_2/materials/scripts
[0.642s] -- Up-to-date: /home/dawn/final_ws/install/tb3_gazebo/share/tb3_gazebo//models/aruco_marker_2/materials/scripts/marker.material
[0.642s] -- Up-to-date: /home/dawn/final_ws/install/tb3_gazebo/share/tb3_gazebo//models/aruco_marker_2/model.sdf
[0.642s] -- Up-to-date: /home/dawn/final_ws/install/tb3_gazebo/share/tb3_gazebo//models/turtlebot3_common
[0.642s] -- Up-to-date: /home/dawn/final_ws/install/tb3_gazebo/share/tb3_gazebo//models/turtlebot3_common/meshes
[0.642s] -- Up-to-date: /home/dawn/final_ws/install/tb3_gazebo/share/tb3_gazebo//models/turtlebot3_common/meshes/marker_3
[0.642s] -- Up-to-date: /home/dawn/final_ws/install/tb3_gazebo/share/tb3_gazebo//models/turtlebot3_common/meshes/marker_3/marker_3.dae
[0.642s] -- Up-to-date: /home/dawn/final_ws/install/tb3_gazebo/share/tb3_gazebo//models/turtlebot3_common/meshes/r200.dae
[0.642s] -- Up-to-date: /home/dawn/final_ws/install/tb3_gazebo/share/tb3_gazebo//models/turtlebot3_common/meshes/marker_0
[0.642s] -- Up-to-date: /home/dawn/final_ws/install/tb3_gazebo/share/tb3_gazebo//models/turtlebot3_common/meshes/marker_0/marker_0.png
[0.643s] -- Up-to-date: /home/dawn/final_ws/install/tb3_gazebo/share/tb3_gazebo//models/turtlebot3_common/meshes/marker_0/marker_0.dae
[0.643s] -- Up-to-date: /home/dawn/final_ws/install/tb3_gazebo/share/tb3_gazebo//models/turtlebot3_common/meshes/marker_1
[0.643s] -- Up-to-date: /home/dawn/final_ws/install/tb3_gazebo/share/tb3_gazebo//models/turtlebot3_common/meshes/marker_1/FabConvert.com_marker_1.dae
[0.643s] -- Up-to-date: /home/dawn/final_ws/install/tb3_gazebo/share/tb3_gazebo//models/turtlebot3_common/meshes/waffle_pi_base.dae
[0.643s] -- Up-to-date: /home/dawn/final_ws/install/tb3_gazebo/share/tb3_gazebo//models/turtlebot3_common/meshes/tire.dae
[0.643s] -- Up-to-date: /home/dawn/final_ws/install/tb3_gazebo/share/tb3_gazebo//models/turtlebot3_common/meshes/lds.dae
[0.643s] -- Up-to-date: /home/dawn/final_ws/install/tb3_gazebo/share/tb3_gazebo//models/turtlebot3_common/meshes/burger_base.dae
[0.643s] -- Up-to-date: /home/dawn/final_ws/install/tb3_gazebo/share/tb3_gazebo//models/turtlebot3_common/meshes/marker_2
[0.643s] -- Up-to-date: /home/dawn/final_ws/install/tb3_gazebo/share/tb3_gazebo//models/turtlebot3_common/meshes/marker_2/marker_2.dae
[0.643s] -- Up-to-date: /home/dawn/final_ws/install/tb3_gazebo/share/tb3_gazebo//models/turtlebot3_common/meshes/waffle_base.dae
[0.643s] -- Up-to-date: /home/dawn/final_ws/install/tb3_gazebo/share/tb3_gazebo//models/turtlebot3_common/model.config
[0.643s] -- Up-to-date: /home/dawn/final_ws/install/tb3_gazebo/share/tb3_gazebo//models/one
[0.643s] -- Up-to-date: /home/dawn/final_ws/install/tb3_gazebo/share/tb3_gazebo//models/one/model.config
[0.643s] -- Up-to-date: /home/dawn/final_ws/install/tb3_gazebo/share/tb3_gazebo//models/one/materials
[0.644s] -- Up-to-date: /home/dawn/final_ws/install/tb3_gazebo/share/tb3_gazebo//models/one/materials/textures
[0.644s] -- Up-to-date: /home/dawn/final_ws/install/tb3_gazebo/share/tb3_gazebo//models/one/materials/textures/1.png
[0.644s] -- Up-to-date: /home/dawn/final_ws/install/tb3_gazebo/share/tb3_gazebo//models/one/materials/textures/1.jpeg
[0.644s] -- Up-to-date: /home/dawn/final_ws/install/tb3_gazebo/share/tb3_gazebo//models/one/materials/scripts
[0.645s] -- Up-to-date: /home/dawn/final_ws/install/tb3_gazebo/share/tb3_gazebo//models/one/materials/scripts/marker.material
[0.645s] -- Up-to-date: /home/dawn/final_ws/install/tb3_gazebo/share/tb3_gazebo//models/one/model.sdf
[0.645s] -- Up-to-date: /home/dawn/final_ws/install/tb3_gazebo/share/tb3_gazebo//models/two
[0.645s] -- Up-to-date: /home/dawn/final_ws/install/tb3_gazebo/share/tb3_gazebo//models/two/model.config
[0.645s] -- Up-to-date: /home/dawn/final_ws/install/tb3_gazebo/share/tb3_gazebo//models/two/materials
[0.645s] -- Up-to-date: /home/dawn/final_ws/install/tb3_gazebo/share/tb3_gazebo//models/two/materials/textures
[0.646s] -- Up-to-date: /home/dawn/final_ws/install/tb3_gazebo/share/tb3_gazebo//models/two/materials/textures/2.png
[0.646s] -- Up-to-date: /home/dawn/final_ws/install/tb3_gazebo/share/tb3_gazebo//models/two/materials/scripts
[0.646s] -- Up-to-date: /home/dawn/final_ws/install/tb3_gazebo/share/tb3_gazebo//models/two/materials/scripts/marker.material
[0.646s] -- Up-to-date: /home/dawn/final_ws/install/tb3_gazebo/share/tb3_gazebo//models/two/model.sdf
[0.646s] -- Up-to-date: /home/dawn/final_ws/install/tb3_gazebo/share/tb3_gazebo//models/turtlebot3_world
[0.646s] -- Up-to-date: /home/dawn/final_ws/install/tb3_gazebo/share/tb3_gazebo//models/turtlebot3_world/meshes
[0.646s] -- Up-to-date: /home/dawn/final_ws/install/tb3_gazebo/share/tb3_gazebo//models/turtlebot3_world/meshes/hexagon.dae
[0.646s] -- Up-to-date: /home/dawn/final_ws/install/tb3_gazebo/share/tb3_gazebo//models/turtlebot3_world/meshes/wall.dae
[0.646s] -- Up-to-date: /home/dawn/final_ws/install/tb3_gazebo/share/tb3_gazebo//models/turtlebot3_world/model.config
[0.647s] -- Up-to-date: /home/dawn/final_ws/install/tb3_gazebo/share/tb3_gazebo//models/turtlebot3_world/model-1_4.sdf
[0.647s] -- Up-to-date: /home/dawn/final_ws/install/tb3_gazebo/share/tb3_gazebo//models/turtlebot3_world/model.sdf
[0.647s] -- Up-to-date: /home/dawn/final_ws/install/tb3_gazebo/share/tb3_gazebo//models/final_project_world
[0.647s] -- Up-to-date: /home/dawn/final_ws/install/tb3_gazebo/share/tb3_gazebo//models/final_project_world/model.config
[0.647s] -- Up-to-date: /home/dawn/final_ws/install/tb3_gazebo/share/tb3_gazebo//models/final_project_world/model.sdf
[0.647s] -- Up-to-date: /home/dawn/final_ws/install/tb3_gazebo/share/tb3_gazebo//models/aruco_marker_1
[0.647s] -- Up-to-date: /home/dawn/final_ws/install/tb3_gazebo/share/tb3_gazebo//models/aruco_marker_1/model.config
[0.647s] -- Up-to-date: /home/dawn/final_ws/install/tb3_gazebo/share/tb3_gazebo//models/aruco_marker_1/materials
[0.649s] -- Up-to-date: /home/dawn/final_ws/install/tb3_gazebo/share/tb3_gazebo//models/aruco_marker_1/materials/textures
[0.649s] -- Up-to-date: /home/dawn/final_ws/install/tb3_gazebo/share/tb3_gazebo//models/aruco_marker_1/materials/textures/marker_1.png
[0.649s] -- Up-to-date: /home/dawn/final_ws/install/tb3_gazebo/share/tb3_gazebo//models/aruco_marker_1/materials/scripts
[0.649s] -- Up-to-date: /home/dawn/final_ws/install/tb3_gazebo/share/tb3_gazebo//models/aruco_marker_1/materials/scripts/marker.material
[0.649s] -- Up-to-date: /home/dawn/final_ws/install/tb3_gazebo/share/tb3_gazebo//models/aruco_marker_1/model.sdf
[0.649s] -- Up-to-date: /home/dawn/final_ws/install/tb3_gazebo/share/tb3_gazebo//models/aruco_marker_0
[0.650s] -- Up-to-date: /home/dawn/final_ws/install/tb3_gazebo/share/tb3_gazebo//models/aruco_marker_0/model.config
[0.650s] -- Up-to-date: /home/dawn/final_ws/install/tb3_gazebo/share/tb3_gazebo//models/aruco_marker_0/materials
[0.650s] -- Up-to-date: /home/dawn/final_ws/install/tb3_gazebo/share/tb3_gazebo//models/aruco_marker_0/materials/textures
[0.650s] -- Up-to-date: /home/dawn/final_ws/install/tb3_gazebo/share/tb3_gazebo//models/aruco_marker_0/materials/textures/marker_0.png
[0.650s] -- Up-to-date: /home/dawn/final_ws/install/tb3_gazebo/share/tb3_gazebo//models/aruco_marker_0/materials/scripts
[0.650s] -- Up-to-date: /home/dawn/final_ws/install/tb3_gazebo/share/tb3_gazebo//models/aruco_marker_0/materials/scripts/marker.material
[0.651s] -- Up-to-date: /home/dawn/final_ws/install/tb3_gazebo/share/tb3_gazebo//models/aruco_marker_0/model.sdf
[0.651s] -- Up-to-date: /home/dawn/final_ws/install/tb3_gazebo/share/tb3_gazebo//models/turtlebot3_waffle
[0.651s] -- Up-to-date: /home/dawn/final_ws/install/tb3_gazebo/share/tb3_gazebo//models/turtlebot3_waffle/model.config
[0.651s] -- Up-to-date: /home/dawn/final_ws/install/tb3_gazebo/share/tb3_gazebo//models/turtlebot3_waffle/model_robot1.sdf
[0.651s] -- Up-to-date: /home/dawn/final_ws/install/tb3_gazebo/share/tb3_gazebo//models/turtlebot3_waffle/model_robot2_aruco1.sdf
[0.651s] -- Up-to-date: /home/dawn/final_ws/install/tb3_gazebo/share/tb3_gazebo//models/turtlebot3_waffle/model_robot2_aruco2.sdf
[0.651s] -- Up-to-date: /home/dawn/final_ws/install/tb3_gazebo/share/tb3_gazebo//models/turtlebot3_waffle/model_robot2_aruco0.sdf
[0.651s] -- Up-to-date: /home/dawn/final_ws/install/tb3_gazebo/share/tb3_gazebo//models/turtlebot3_waffle/model-1_4.sdf
[0.651s] -- Up-to-date: /home/dawn/final_ws/install/tb3_gazebo/share/tb3_gazebo//models/turtlebot3_waffle/model_robot3.sdf
[0.651s] -- Up-to-date: /home/dawn/final_ws/install/tb3_gazebo/share/tb3_gazebo//models/turtlebot3_waffle/model_robot2_aruco3.sdf
[0.651s] -- Up-to-date: /home/dawn/final_ws/install/tb3_gazebo/share/tb3_gazebo//models/aruco_marker_3
[0.651s] -- Up-to-date: /home/dawn/final_ws/install/tb3_gazebo/share/tb3_gazebo//models/aruco_marker_3/model.config
[0.651s] -- Up-to-date: /home/dawn/final_ws/install/tb3_gazebo/share/tb3_gazebo//models/aruco_marker_3/materials
[0.652s] -- Up-to-date: /home/dawn/final_ws/install/tb3_gazebo/share/tb3_gazebo//models/aruco_marker_3/materials/textures
[0.652s] -- Up-to-date: /home/dawn/final_ws/install/tb3_gazebo/share/tb3_gazebo//models/aruco_marker_3/materials/textures/marker_3.png
[0.652s] -- Up-to-date: /home/dawn/final_ws/install/tb3_gazebo/share/tb3_gazebo//models/aruco_marker_3/materials/scripts
[0.652s] -- Up-to-date: /home/dawn/final_ws/install/tb3_gazebo/share/tb3_gazebo//models/aruco_marker_3/materials/scripts/marker.material
[0.652s] -- Up-to-date: /home/dawn/final_ws/install/tb3_gazebo/share/tb3_gazebo//models/aruco_marker_3/model.sdf
[0.652s] -- Up-to-date: /home/dawn/final_ws/install/tb3_gazebo/share/tb3_gazebo//models/ground_plane
[0.652s] -- Up-to-date: /home/dawn/final_ws/install/tb3_gazebo/share/tb3_gazebo//models/ground_plane/model-1_3.sdf
[0.652s] -- Up-to-date: /home/dawn/final_ws/install/tb3_gazebo/share/tb3_gazebo//models/ground_plane/model.config
[0.652s] -- Up-to-date: /home/dawn/final_ws/install/tb3_gazebo/share/tb3_gazebo//models/ground_plane/model-1_4.sdf
[0.652s] -- Up-to-date: /home/dawn/final_ws/install/tb3_gazebo/share/tb3_gazebo//models/ground_plane/model.sdf
[0.652s] -- Up-to-date: /home/dawn/final_ws/install/tb3_gazebo/share/tb3_gazebo//models/ground_plane/model-1_2.sdf
[0.652s] -- Up-to-date: /home/dawn/final_ws/install/tb3_gazebo/share/tb3_gazebo//rviz
[0.652s] -- Up-to-date: /home/dawn/final_ws/install/tb3_gazebo/share/tb3_gazebo//rviz/tb3_gazebo.rviz
[0.653s] -- Up-to-date: /home/dawn/final_ws/install/tb3_gazebo/share/tb3_gazebo//urdf
[0.653s] -- Up-to-date: /home/dawn/final_ws/install/tb3_gazebo/share/tb3_gazebo//urdf/turtlebot3_waffle_pi.urdf
[0.653s] -- Up-to-date: /home/dawn/final_ws/install/tb3_gazebo/share/tb3_gazebo//urdf/turtlebot3_burger.urdf
[0.653s] -- Up-to-date: /home/dawn/final_ws/install/tb3_gazebo/share/tb3_gazebo//urdf/common_properties.urdf
[0.653s] -- Up-to-date: /home/dawn/final_ws/install/tb3_gazebo/share/tb3_gazebo//urdf/turtlebot3_waffle.urdf
[0.653s] -- Up-to-date: /home/dawn/final_ws/install/tb3_gazebo/share/tb3_gazebo//worlds
[0.653s] -- Up-to-date: /home/dawn/final_ws/install/tb3_gazebo/share/tb3_gazebo//worlds/turtlebot3_dqn_stage3.world
[0.653s] -- Up-to-date: /home/dawn/final_ws/install/tb3_gazebo/share/tb3_gazebo//worlds/turtlebot3_house.world
[0.654s] -- Up-to-date: /home/dawn/final_ws/install/tb3_gazebo/share/tb3_gazebo//worlds/turtlebot3_world.world
[0.654s] -- Up-to-date: /home/dawn/final_ws/install/tb3_gazebo/share/tb3_gazebo//worlds/turtlebot3_dqn_stage2.world
[0.654s] -- Up-to-date: /home/dawn/final_ws/install/tb3_gazebo/share/tb3_gazebo//worlds/turtlebot3_dqn_stage4.world
[0.654s] -- Up-to-date: /home/dawn/final_ws/install/tb3_gazebo/share/tb3_gazebo//worlds/turtlebot3_dqn_stage1.world
[0.654s] -- Up-to-date: /home/dawn/final_ws/install/tb3_gazebo/share/tb3_gazebo//worlds/empty_world.world
[0.654s] -- Up-to-date: /home/dawn/final_ws/install/tb3_gazebo/include/
[0.654s] -- Up-to-date: /home/dawn/final_ws/install/tb3_gazebo/include//turtlebot3_gazebo
[0.654s] -- Up-to-date: /home/dawn/final_ws/install/tb3_gazebo/include//turtlebot3_gazebo/turtlebot3_drive.hpp
[0.654s] -- Up-to-date: /home/dawn/final_ws/install/tb3_gazebo/share/ament_index/resource_index/package_run_dependencies/tb3_gazebo
[0.654s] -- Up-to-date: /home/dawn/final_ws/install/tb3_gazebo/share/ament_index/resource_index/parent_prefix_path/tb3_gazebo
[0.654s] -- Up-to-date: /home/dawn/final_ws/install/tb3_gazebo/share/tb3_gazebo/environment/ament_prefix_path.sh
[0.654s] -- Up-to-date: /home/dawn/final_ws/install/tb3_gazebo/share/tb3_gazebo/environment/ament_prefix_path.dsv
[0.654s] -- Up-to-date: /home/dawn/final_ws/install/tb3_gazebo/share/tb3_gazebo/environment/path.sh
[0.654s] -- Up-to-date: /home/dawn/final_ws/install/tb3_gazebo/share/tb3_gazebo/environment/path.dsv
[0.655s] -- Up-to-date: /home/dawn/final_ws/install/tb3_gazebo/share/tb3_gazebo/local_setup.bash
[0.655s] -- Up-to-date: /home/dawn/final_ws/install/tb3_gazebo/share/tb3_gazebo/local_setup.sh
[0.655s] -- Up-to-date: /home/dawn/final_ws/install/tb3_gazebo/share/tb3_gazebo/local_setup.zsh
[0.655s] -- Up-to-date: /home/dawn/final_ws/install/tb3_gazebo/share/tb3_gazebo/local_setup.dsv
[0.655s] -- Installing: /home/dawn/final_ws/install/tb3_gazebo/share/tb3_gazebo/package.dsv
[0.655s] -- Up-to-date: /home/dawn/final_ws/install/tb3_gazebo/share/ament_index/resource_index/packages/tb3_gazebo
[0.655s] -- Up-to-date: /home/dawn/final_ws/install/tb3_gazebo/share/tb3_gazebo/cmake/ament_cmake_export_include_directories-extras.cmake
[0.655s] -- Up-to-date: /home/dawn/final_ws/install/tb3_gazebo/share/tb3_gazebo/cmake/ament_cmake_export_dependencies-extras.cmake
[0.656s] -- Up-to-date: /home/dawn/final_ws/install/tb3_gazebo/share/tb3_gazebo/cmake/tb3_gazeboConfig.cmake
[0.656s] -- Up-to-date: /home/dawn/final_ws/install/tb3_gazebo/share/tb3_gazebo/cmake/tb3_gazeboConfig-version.cmake
[0.656s] -- Up-to-date: /home/dawn/final_ws/install/tb3_gazebo/share/tb3_gazebo/package.xml
[0.730s] Invoked command in '/home/dawn/final_ws/build/tb3_gazebo' returned '0': CMAKE_PREFIX_PATH=${CMAKE_PREFIX_PATH}:/home/dawn/final_ws/install/tb3_gazebo_spawner:/home/dawn/final_ws/install/ros2_aruco:/opt/ros/galactic /usr/bin/cmake --install /home/dawn/final_ws/build/tb3_gazebo
