[1.093s] Invoking command in '/home/dawn/final_ws/src/enpm809y_FinalFall2022/final/tb3_bringup/tb3_gazebo_spawner': PYTHONPATH=/home/dawn/final_ws/build/tb3_gazebo_spawner/prefix_override:/home/dawn/final_ws/install/tb3_gazebo_spawner/lib/python3.8/site-packages:${PYTHONPATH} /usr/bin/python3 setup.py egg_info --egg-base ../../../../../build/tb3_gazebo_spawner build --build-base /home/dawn/final_ws/build/tb3_gazebo_spawner/build install --record /home/dawn/final_ws/build/tb3_gazebo_spawner/install.log --install-scripts $base/lib/tb3_gazebo_spawner --single-version-externally-managed
[1.291s] running egg_info
[1.292s] writing ../../../../../build/tb3_gazebo_spawner/tb3_gazebo_spawner.egg-info/PKG-INFO
[1.292s] writing dependency_links to ../../../../../build/tb3_gazebo_spawner/tb3_gazebo_spawner.egg-info/dependency_links.txt
[1.293s] writing entry points to ../../../../../build/tb3_gazebo_spawner/tb3_gazebo_spawner.egg-info/entry_points.txt
[1.293s] writing requirements to ../../../../../build/tb3_gazebo_spawner/tb3_gazebo_spawner.egg-info/requires.txt
[1.293s] writing top-level names to ../../../../../build/tb3_gazebo_spawner/tb3_gazebo_spawner.egg-info/top_level.txt
[1.325s] reading manifest file '../../../../../build/tb3_gazebo_spawner/tb3_gazebo_spawner.egg-info/SOURCES.txt'
[1.326s] writing manifest file '../../../../../build/tb3_gazebo_spawner/tb3_gazebo_spawner.egg-info/SOURCES.txt'
[1.326s] running build
[1.326s] running build_py
[1.327s] running install
[1.327s] running install_lib
[1.329s] running install_data
[1.330s] running install_egg_info
[1.331s] removing '/home/dawn/final_ws/install/tb3_gazebo_spawner/lib/python3.8/site-packages/tb3_gazebo_spawner-0.3.0-py3.8.egg-info' (and everything under it)
[1.332s] Copying ../../../../../build/tb3_gazebo_spawner/tb3_gazebo_spawner.egg-info to /home/dawn/final_ws/install/tb3_gazebo_spawner/lib/python3.8/site-packages/tb3_gazebo_spawner-0.3.0-py3.8.egg-info
[1.332s] running install_scripts
[1.349s] Installing tb3_gazebo_spawner script to /home/dawn/final_ws/install/tb3_gazebo_spawner/lib/tb3_gazebo_spawner
[1.350s] writing list of installed files to '/home/dawn/final_ws/build/tb3_gazebo_spawner/install.log'
[1.408s] Invoked command in '/home/dawn/final_ws/src/enpm809y_FinalFall2022/final/tb3_bringup/tb3_gazebo_spawner' returned '0': PYTHONPATH=/home/dawn/final_ws/build/tb3_gazebo_spawner/prefix_override:/home/dawn/final_ws/install/tb3_gazebo_spawner/lib/python3.8/site-packages:${PYTHONPATH} /usr/bin/python3 setup.py egg_info --egg-base ../../../../../build/tb3_gazebo_spawner build --build-base /home/dawn/final_ws/build/tb3_gazebo_spawner/build install --record /home/dawn/final_ws/build/tb3_gazebo_spawner/install.log --install-scripts $base/lib/tb3_gazebo_spawner --single-version-externally-managed
