[100%] Built target bot_controller
-- Install configuration: ""
-- Up-to-date: /home/dawn/final_ws/install/bot_controller/include/bot_controller
-- Up-to-date: /home/dawn/final_ws/install/bot_controller/include/bot_controller/bot_controller.h
-- Up-to-date: /home/dawn/final_ws/install/bot_controller/lib/libbot_controller.a
-- Up-to-date: /home/dawn/final_ws/install/bot_controller/share/bot_controller/environment/library_path.sh
-- Up-to-date: /home/dawn/final_ws/install/bot_controller/share/bot_controller/environment/library_path.dsv
-- Up-to-date: /home/dawn/final_ws/install/bot_controller/share/ament_index/resource_index/package_run_dependencies/bot_controller
-- Up-to-date: /home/dawn/final_ws/install/bot_controller/share/ament_index/resource_index/parent_prefix_path/bot_controller
-- Up-to-date: /home/dawn/final_ws/install/bot_controller/share/bot_controller/environment/ament_prefix_path.sh
-- Up-to-date: /home/dawn/final_ws/install/bot_controller/share/bot_controller/environment/ament_prefix_path.dsv
-- Up-to-date: /home/dawn/final_ws/install/bot_controller/share/bot_controller/environment/path.sh
-- Up-to-date: /home/dawn/final_ws/install/bot_controller/share/bot_controller/environment/path.dsv
-- Up-to-date: /home/dawn/final_ws/install/bot_controller/share/bot_controller/local_setup.bash
-- Up-to-date: /home/dawn/final_ws/install/bot_controller/share/bot_controller/local_setup.sh
-- Up-to-date: /home/dawn/final_ws/install/bot_controller/share/bot_controller/local_setup.zsh
-- Up-to-date: /home/dawn/final_ws/install/bot_controller/share/bot_controller/local_setup.dsv
-- Installing: /home/dawn/final_ws/install/bot_controller/share/bot_controller/package.dsv
-- Up-to-date: /home/dawn/final_ws/install/bot_controller/share/ament_index/resource_index/packages/bot_controller
-- Up-to-date: /home/dawn/final_ws/install/bot_controller/share/bot_controller/cmake/export_bot_controllerExport.cmake
-- Up-to-date: /home/dawn/final_ws/install/bot_controller/share/bot_controller/cmake/export_bot_controllerExport-noconfig.cmake
-- Up-to-date: /home/dawn/final_ws/install/bot_controller/share/bot_controller/cmake/ament_cmake_export_libraries-extras.cmake
-- Up-to-date: /home/dawn/final_ws/install/bot_controller/share/bot_controller/cmake/ament_cmake_export_targets-extras.cmake
-- Up-to-date: /home/dawn/final_ws/install/bot_controller/share/bot_controller/cmake/ament_cmake_export_dependencies-extras.cmake
-- Up-to-date: /home/dawn/final_ws/install/bot_controller/share/bot_controller/cmake/ament_cmake_export_include_directories-extras.cmake
-- Up-to-date: /home/dawn/final_ws/install/bot_controller/share/bot_controller/cmake/bot_controllerConfig.cmake
-- Up-to-date: /home/dawn/final_ws/install/bot_controller/share/bot_controller/cmake/bot_controllerConfig-version.cmake
-- Up-to-date: /home/dawn/final_ws/install/bot_controller/share/bot_controller/package.xml
