[0.081s] Invoking command in '/home/dawn/final_ws/build/bot_controller': CMAKE_PREFIX_PATH=${CMAKE_PREFIX_PATH}:/home/dawn/final_ws/install/tb3_gazebo_spawner:/home/dawn/final_ws/install/ros2_aruco:/opt/ros/galactic /usr/bin/cmake --build /home/dawn/final_ws/build/bot_controller -- -j16 -l16
[0.579s] [100%] Built target bot_controller
[0.591s] Invoked command in '/home/dawn/final_ws/build/bot_controller' returned '0': CMAKE_PREFIX_PATH=${CMAKE_PREFIX_PATH}:/home/dawn/final_ws/install/tb3_gazebo_spawner:/home/dawn/final_ws/install/ros2_aruco:/opt/ros/galactic /usr/bin/cmake --build /home/dawn/final_ws/build/bot_controller -- -j16 -l16
[0.627s] Invoking command in '/home/dawn/final_ws/build/bot_controller': CMAKE_PREFIX_PATH=${CMAKE_PREFIX_PATH}:/home/dawn/final_ws/install/tb3_gazebo_spawner:/home/dawn/final_ws/install/ros2_aruco:/opt/ros/galactic /usr/bin/cmake --install /home/dawn/final_ws/build/bot_controller
[0.640s] -- Install configuration: ""
[0.640s] -- Up-to-date: /home/dawn/final_ws/install/bot_controller/include/bot_controller
[0.640s] -- Up-to-date: /home/dawn/final_ws/install/bot_controller/include/bot_controller/bot_controller.h
[0.640s] -- Up-to-date: /home/dawn/final_ws/install/bot_controller/lib/libbot_controller.a
[0.640s] -- Up-to-date: /home/dawn/final_ws/install/bot_controller/share/bot_controller/environment/library_path.sh
[0.640s] -- Up-to-date: /home/dawn/final_ws/install/bot_controller/share/bot_controller/environment/library_path.dsv
[0.640s] -- Up-to-date: /home/dawn/final_ws/install/bot_controller/share/ament_index/resource_index/package_run_dependencies/bot_controller
[0.643s] -- Up-to-date: /home/dawn/final_ws/install/bot_controller/share/ament_index/resource_index/parent_prefix_path/bot_controller
[0.643s] -- Up-to-date: /home/dawn/final_ws/install/bot_controller/share/bot_controller/environment/ament_prefix_path.sh
[0.643s] -- Up-to-date: /home/dawn/final_ws/install/bot_controller/share/bot_controller/environment/ament_prefix_path.dsv
[0.644s] -- Up-to-date: /home/dawn/final_ws/install/bot_controller/share/bot_controller/environment/path.sh
[0.644s] -- Up-to-date: /home/dawn/final_ws/install/bot_controller/share/bot_controller/environment/path.dsv
[0.644s] -- Up-to-date: /home/dawn/final_ws/install/bot_controller/share/bot_controller/local_setup.bash
[0.644s] -- Up-to-date: /home/dawn/final_ws/install/bot_controller/share/bot_controller/local_setup.sh
[0.644s] -- Up-to-date: /home/dawn/final_ws/install/bot_controller/share/bot_controller/local_setup.zsh
[0.644s] -- Up-to-date: /home/dawn/final_ws/install/bot_controller/share/bot_controller/local_setup.dsv
[0.644s] -- Installing: /home/dawn/final_ws/install/bot_controller/share/bot_controller/package.dsv
[0.646s] -- Up-to-date: /home/dawn/final_ws/install/bot_controller/share/ament_index/resource_index/packages/bot_controller
[0.647s] -- Up-to-date: /home/dawn/final_ws/install/bot_controller/share/bot_controller/cmake/export_bot_controllerExport.cmake
[0.649s] -- Up-to-date: /home/dawn/final_ws/install/bot_controller/share/bot_controller/cmake/export_bot_controllerExport-noconfig.cmake
[0.650s] -- Up-to-date: /home/dawn/final_ws/install/bot_controller/share/bot_controller/cmake/ament_cmake_export_libraries-extras.cmake
[0.650s] -- Up-to-date: /home/dawn/final_ws/install/bot_controller/share/bot_controller/cmake/ament_cmake_export_targets-extras.cmake
[0.651s] -- Up-to-date: /home/dawn/final_ws/install/bot_controller/share/bot_controller/cmake/ament_cmake_export_dependencies-extras.cmake
[0.651s] -- Up-to-date: /home/dawn/final_ws/install/bot_controller/share/bot_controller/cmake/ament_cmake_export_include_directories-extras.cmake
[0.651s] -- Up-to-date: /home/dawn/final_ws/install/bot_controller/share/bot_controller/cmake/bot_controllerConfig.cmake
[0.651s] -- Up-to-date: /home/dawn/final_ws/install/bot_controller/share/bot_controller/cmake/bot_controllerConfig-version.cmake
[0.652s] -- Up-to-date: /home/dawn/final_ws/install/bot_controller/share/bot_controller/package.xml
[0.671s] Invoked command in '/home/dawn/final_ws/build/bot_controller' returned '0': CMAKE_PREFIX_PATH=${CMAKE_PREFIX_PATH}:/home/dawn/final_ws/install/tb3_gazebo_spawner:/home/dawn/final_ws/install/ros2_aruco:/opt/ros/galactic /usr/bin/cmake --install /home/dawn/final_ws/build/bot_controller
