[100%] Built target odom_updater
-- Install configuration: ""
-- Up-to-date: /home/dawn/final_ws/install/odom_updater/lib/odom_updater/odom_updater
-- Up-to-date: /home/dawn/final_ws/install/odom_updater/include/odom_updater
-- Installing: /home/dawn/final_ws/install/odom_updater/include/odom_updater/odom_updater.h
-- Up-to-date: /home/dawn/final_ws/install/odom_updater/share/ament_index/resource_index/package_run_dependencies/odom_updater
-- Up-to-date: /home/dawn/final_ws/install/odom_updater/share/ament_index/resource_index/parent_prefix_path/odom_updater
-- Up-to-date: /home/dawn/final_ws/install/odom_updater/share/odom_updater/environment/ament_prefix_path.sh
-- Up-to-date: /home/dawn/final_ws/install/odom_updater/share/odom_updater/environment/ament_prefix_path.dsv
-- Up-to-date: /home/dawn/final_ws/install/odom_updater/share/odom_updater/environment/path.sh
-- Up-to-date: /home/dawn/final_ws/install/odom_updater/share/odom_updater/environment/path.dsv
-- Up-to-date: /home/dawn/final_ws/install/odom_updater/share/odom_updater/local_setup.bash
-- Up-to-date: /home/dawn/final_ws/install/odom_updater/share/odom_updater/local_setup.sh
-- Up-to-date: /home/dawn/final_ws/install/odom_updater/share/odom_updater/local_setup.zsh
-- Up-to-date: /home/dawn/final_ws/install/odom_updater/share/odom_updater/local_setup.dsv
-- Installing: /home/dawn/final_ws/install/odom_updater/share/odom_updater/package.dsv
-- Up-to-date: /home/dawn/final_ws/install/odom_updater/share/ament_index/resource_index/packages/odom_updater
-- Up-to-date: /home/dawn/final_ws/install/odom_updater/share/odom_updater/cmake/odom_updaterConfig.cmake
-- Up-to-date: /home/dawn/final_ws/install/odom_updater/share/odom_updater/cmake/odom_updaterConfig-version.cmake
-- Up-to-date: /home/dawn/final_ws/install/odom_updater/share/odom_updater/package.xml
