[0.065s] Invoking command in '/home/dawn/final_ws/build/odom_updater': CMAKE_PREFIX_PATH=${CMAKE_PREFIX_PATH}:/home/dawn/final_ws/install/tb3_gazebo_spawner:/home/dawn/final_ws/install/ros2_aruco:/opt/ros/galactic /usr/bin/cmake --build /home/dawn/final_ws/build/odom_updater -- -j16 -l16
[0.553s] [100%] Built target odom_updater
[0.558s] Invoked command in '/home/dawn/final_ws/build/odom_updater' returned '0': CMAKE_PREFIX_PATH=${CMAKE_PREFIX_PATH}:/home/dawn/final_ws/install/tb3_gazebo_spawner:/home/dawn/final_ws/install/ros2_aruco:/opt/ros/galactic /usr/bin/cmake --build /home/dawn/final_ws/build/odom_updater -- -j16 -l16
[0.599s] Invoking command in '/home/dawn/final_ws/build/odom_updater': CMAKE_PREFIX_PATH=${CMAKE_PREFIX_PATH}:/home/dawn/final_ws/install/tb3_gazebo_spawner:/home/dawn/final_ws/install/ros2_aruco:/opt/ros/galactic /usr/bin/cmake --install /home/dawn/final_ws/build/odom_updater
[0.627s] -- Install configuration: ""
[0.627s] -- Up-to-date: /home/dawn/final_ws/install/odom_updater/lib/odom_updater/odom_updater
[0.627s] -- Up-to-date: /home/dawn/final_ws/install/odom_updater/include/odom_updater
[0.627s] -- Installing: /home/dawn/final_ws/install/odom_updater/include/odom_updater/odom_updater.h
[0.627s] -- Up-to-date: /home/dawn/final_ws/install/odom_updater/share/ament_index/resource_index/package_run_dependencies/odom_updater
[0.627s] -- Up-to-date: /home/dawn/final_ws/install/odom_updater/share/ament_index/resource_index/parent_prefix_path/odom_updater
[0.627s] -- Up-to-date: /home/dawn/final_ws/install/odom_updater/share/odom_updater/environment/ament_prefix_path.sh
[0.627s] -- Up-to-date: /home/dawn/final_ws/install/odom_updater/share/odom_updater/environment/ament_prefix_path.dsv
[0.628s] -- Up-to-date: /home/dawn/final_ws/install/odom_updater/share/odom_updater/environment/path.sh
[0.628s] -- Up-to-date: /home/dawn/final_ws/install/odom_updater/share/odom_updater/environment/path.dsv
[0.628s] -- Up-to-date: /home/dawn/final_ws/install/odom_updater/share/odom_updater/local_setup.bash
[0.628s] -- Up-to-date: /home/dawn/final_ws/install/odom_updater/share/odom_updater/local_setup.sh
[0.628s] -- Up-to-date: /home/dawn/final_ws/install/odom_updater/share/odom_updater/local_setup.zsh
[0.628s] -- Up-to-date: /home/dawn/final_ws/install/odom_updater/share/odom_updater/local_setup.dsv
[0.628s] -- Installing: /home/dawn/final_ws/install/odom_updater/share/odom_updater/package.dsv
[0.629s] -- Up-to-date: /home/dawn/final_ws/install/odom_updater/share/ament_index/resource_index/packages/odom_updater
[0.629s] -- Up-to-date: /home/dawn/final_ws/install/odom_updater/share/odom_updater/cmake/odom_updaterConfig.cmake
[0.629s] -- Up-to-date: /home/dawn/final_ws/install/odom_updater/share/odom_updater/cmake/odom_updaterConfig-version.cmake
[0.629s] -- Up-to-date: /home/dawn/final_ws/install/odom_updater/share/odom_updater/package.xml
[0.664s] Invoked command in '/home/dawn/final_ws/build/odom_updater' returned '0': CMAKE_PREFIX_PATH=${CMAKE_PREFIX_PATH}:/home/dawn/final_ws/install/tb3_gazebo_spawner:/home/dawn/final_ws/install/ros2_aruco:/opt/ros/galactic /usr/bin/cmake --install /home/dawn/final_ws/build/odom_updater
