[0.092s] DEBUG:colcon:Command line arguments: ['/usr/bin/colcon', 'build']
[0.092s] DEBUG:colcon:Parsed command line arguments: Namespace(allow_overriding=[], ament_cmake_args=None, base_paths=['.'], build_base='build', catkin_cmake_args=None, catkin_skip_building_tests=False, cmake_args=None, cmake_clean_cache=False, cmake_clean_first=False, cmake_force_configure=False, cmake_target=None, cmake_target_skip_unavailable=False, continue_on_error=False, event_handlers=None, executor='parallel', ignore_user_meta=False, install_base='install', log_base=None, log_level=None, main=<bound method BuildVerb.main of <colcon_core.verb.build.BuildVerb object at 0x7fb60d67b490>>, merge_install=False, metas=['./colcon.meta'], packages_above=None, packages_above_and_dependencies=None, packages_above_depth=None, packages_end=None, packages_ignore=None, packages_ignore_regex=None, packages_select=None, packages_select_build_failed=False, packages_select_by_dep=None, packages_select_regex=None, packages_select_test_failures=False, packages_skip=None, packages_skip_build_finished=False, packages_skip_by_dep=None, packages_skip_regex=None, packages_skip_test_passed=False, packages_skip_up_to=None, packages_start=None, packages_up_to=None, packages_up_to_regex=None, parallel_workers=16, paths=None, symlink_install=False, test_result_base=None, verb_extension=<colcon_core.verb.build.BuildVerb object at 0x7fb60d67b490>, verb_name='build', verb_parser=<colcon_defaults.argument_parser.defaults.DefaultArgumentsDecorator object at 0x7fb60d67b9d0>)
[0.106s] Level 1:colcon.colcon_core.package_discovery:discover_packages(colcon_meta) check parameters
[0.106s] Level 1:colcon.colcon_core.package_discovery:discover_packages(recursive) check parameters
[0.106s] Level 1:colcon.colcon_core.package_discovery:discover_packages(ignore) check parameters
[0.106s] Level 1:colcon.colcon_core.package_discovery:discover_packages(path) check parameters
[0.106s] Level 1:colcon.colcon_core.package_discovery:discover_packages(colcon_meta) discover
[0.106s] Level 1:colcon.colcon_core.package_discovery:discover_packages(recursive) discover
[0.106s] INFO:colcon.colcon_core.package_discovery:Crawling recursively for packages in '/home/dawn/ros2_ws'
[0.106s] Level 1:colcon.colcon_core.package_identification:_identify(.) by extensions ['ignore', 'ignore_ament_install']
[0.106s] Level 1:colcon.colcon_core.package_identification:_identify(.) by extension 'ignore'
[0.106s] Level 1:colcon.colcon_core.package_identification:_identify(.) by extension 'ignore_ament_install'
[0.107s] Level 1:colcon.colcon_core.package_identification:_identify(.) by extensions ['colcon_pkg']
[0.107s] Level 1:colcon.colcon_core.package_identification:_identify(.) by extension 'colcon_pkg'
[0.107s] Level 1:colcon.colcon_core.package_identification:_identify(.) by extensions ['colcon_meta']
[0.107s] Level 1:colcon.colcon_core.package_identification:_identify(.) by extension 'colcon_meta'
[0.107s] Level 1:colcon.colcon_core.package_identification:_identify(.) by extensions ['ros']
[0.107s] Level 1:colcon.colcon_core.package_identification:_identify(.) by extension 'ros'
[0.119s] Level 1:colcon.colcon_core.package_identification:_identify(.) by extensions ['cmake', 'python']
[0.119s] Level 1:colcon.colcon_core.package_identification:_identify(.) by extension 'cmake'
[0.119s] Level 1:colcon.colcon_core.package_identification:_identify(.) by extension 'python'
[0.119s] Level 1:colcon.colcon_core.package_identification:_identify(.) by extensions ['python_setup_py']
[0.119s] Level 1:colcon.colcon_core.package_identification:_identify(.) by extension 'python_setup_py'
[0.119s] Level 1:colcon.colcon_core.package_identification:_identify(build) by extensions ['ignore', 'ignore_ament_install']
[0.119s] Level 1:colcon.colcon_core.package_identification:_identify(build) by extension 'ignore'
[0.119s] Level 1:colcon.colcon_core.package_identification:_identify(build) ignored
[0.119s] Level 1:colcon.colcon_core.package_identification:_identify(install) by extensions ['ignore', 'ignore_ament_install']
[0.119s] Level 1:colcon.colcon_core.package_identification:_identify(install) by extension 'ignore'
[0.119s] Level 1:colcon.colcon_core.package_identification:_identify(install) ignored
[0.119s] Level 1:colcon.colcon_core.package_identification:_identify(log) by extensions ['ignore', 'ignore_ament_install']
[0.119s] Level 1:colcon.colcon_core.package_identification:_identify(log) by extension 'ignore'
[0.119s] Level 1:colcon.colcon_core.package_identification:_identify(log) ignored
[0.119s] Level 1:colcon.colcon_core.package_identification:_identify(src) by extensions ['ignore', 'ignore_ament_install']
[0.119s] Level 1:colcon.colcon_core.package_identification:_identify(src) by extension 'ignore'
[0.119s] Level 1:colcon.colcon_core.package_identification:_identify(src) by extension 'ignore_ament_install'
[0.119s] Level 1:colcon.colcon_core.package_identification:_identify(src) by extensions ['colcon_pkg']
[0.119s] Level 1:colcon.colcon_core.package_identification:_identify(src) by extension 'colcon_pkg'
[0.119s] Level 1:colcon.colcon_core.package_identification:_identify(src) by extensions ['colcon_meta']
[0.119s] Level 1:colcon.colcon_core.package_identification:_identify(src) by extension 'colcon_meta'
[0.119s] Level 1:colcon.colcon_core.package_identification:_identify(src) by extensions ['ros']
[0.119s] Level 1:colcon.colcon_core.package_identification:_identify(src) by extension 'ros'
[0.120s] Level 1:colcon.colcon_core.package_identification:_identify(src) by extensions ['cmake', 'python']
[0.120s] Level 1:colcon.colcon_core.package_identification:_identify(src) by extension 'cmake'
[0.120s] Level 1:colcon.colcon_core.package_identification:_identify(src) by extension 'python'
[0.120s] Level 1:colcon.colcon_core.package_identification:_identify(src) by extensions ['python_setup_py']
[0.120s] Level 1:colcon.colcon_core.package_identification:_identify(src) by extension 'python_setup_py'
[0.120s] Level 1:colcon.colcon_core.package_identification:_identify(src/enpm809y_fall2022) by extensions ['ignore', 'ignore_ament_install']
[0.120s] Level 1:colcon.colcon_core.package_identification:_identify(src/enpm809y_fall2022) by extension 'ignore'
[0.120s] Level 1:colcon.colcon_core.package_identification:_identify(src/enpm809y_fall2022) by extension 'ignore_ament_install'
[0.120s] Level 1:colcon.colcon_core.package_identification:_identify(src/enpm809y_fall2022) by extensions ['colcon_pkg']
[0.120s] Level 1:colcon.colcon_core.package_identification:_identify(src/enpm809y_fall2022) by extension 'colcon_pkg'
[0.120s] Level 1:colcon.colcon_core.package_identification:_identify(src/enpm809y_fall2022) by extensions ['colcon_meta']
[0.120s] Level 1:colcon.colcon_core.package_identification:_identify(src/enpm809y_fall2022) by extension 'colcon_meta'
[0.120s] Level 1:colcon.colcon_core.package_identification:_identify(src/enpm809y_fall2022) by extensions ['ros']
[0.120s] Level 1:colcon.colcon_core.package_identification:_identify(src/enpm809y_fall2022) by extension 'ros'
[0.120s] Level 1:colcon.colcon_core.package_identification:_identify(src/enpm809y_fall2022) by extensions ['cmake', 'python']
[0.120s] Level 1:colcon.colcon_core.package_identification:_identify(src/enpm809y_fall2022) by extension 'cmake'
[0.120s] Level 1:colcon.colcon_core.package_identification:_identify(src/enpm809y_fall2022) by extension 'python'
[0.120s] Level 1:colcon.colcon_core.package_identification:_identify(src/enpm809y_fall2022) by extensions ['python_setup_py']
[0.120s] Level 1:colcon.colcon_core.package_identification:_identify(src/enpm809y_fall2022) by extension 'python_setup_py'
[0.120s] Level 1:colcon.colcon_core.package_identification:_identify(src/enpm809y_fall2022/av_camera) by extensions ['ignore', 'ignore_ament_install']
[0.120s] Level 1:colcon.colcon_core.package_identification:_identify(src/enpm809y_fall2022/av_camera) by extension 'ignore'
[0.120s] Level 1:colcon.colcon_core.package_identification:_identify(src/enpm809y_fall2022/av_camera) by extension 'ignore_ament_install'
[0.120s] Level 1:colcon.colcon_core.package_identification:_identify(src/enpm809y_fall2022/av_camera) by extensions ['colcon_pkg']
[0.120s] Level 1:colcon.colcon_core.package_identification:_identify(src/enpm809y_fall2022/av_camera) by extension 'colcon_pkg'
[0.120s] Level 1:colcon.colcon_core.package_identification:_identify(src/enpm809y_fall2022/av_camera) by extensions ['colcon_meta']
[0.120s] Level 1:colcon.colcon_core.package_identification:_identify(src/enpm809y_fall2022/av_camera) by extension 'colcon_meta'
[0.120s] Level 1:colcon.colcon_core.package_identification:_identify(src/enpm809y_fall2022/av_camera) by extensions ['ros']
[0.120s] Level 1:colcon.colcon_core.package_identification:_identify(src/enpm809y_fall2022/av_camera) by extension 'ros'
[0.122s] DEBUG:colcon.colcon_core.package_identification:Package 'src/enpm809y_fall2022/av_camera' with type 'ros.ament_cmake' and name 'av_camera'
[0.122s] Level 1:colcon.colcon_core.package_identification:_identify(src/enpm809y_fall2022/av_server) by extensions ['ignore', 'ignore_ament_install']
[0.122s] Level 1:colcon.colcon_core.package_identification:_identify(src/enpm809y_fall2022/av_server) by extension 'ignore'
[0.122s] Level 1:colcon.colcon_core.package_identification:_identify(src/enpm809y_fall2022/av_server) by extension 'ignore_ament_install'
[0.122s] Level 1:colcon.colcon_core.package_identification:_identify(src/enpm809y_fall2022/av_server) by extensions ['colcon_pkg']
[0.122s] Level 1:colcon.colcon_core.package_identification:_identify(src/enpm809y_fall2022/av_server) by extension 'colcon_pkg'
[0.122s] Level 1:colcon.colcon_core.package_identification:_identify(src/enpm809y_fall2022/av_server) by extensions ['colcon_meta']
[0.122s] Level 1:colcon.colcon_core.package_identification:_identify(src/enpm809y_fall2022/av_server) by extension 'colcon_meta'
[0.122s] Level 1:colcon.colcon_core.package_identification:_identify(src/enpm809y_fall2022/av_server) by extensions ['ros']
[0.122s] Level 1:colcon.colcon_core.package_identification:_identify(src/enpm809y_fall2022/av_server) by extension 'ros'
[0.123s] DEBUG:colcon.colcon_core.package_identification:Package 'src/enpm809y_fall2022/av_server' with type 'ros.ament_cmake' and name 'av_server'
[0.123s] Level 1:colcon.colcon_core.package_identification:_identify(src/enpm809y_fall2022/av_server_multi) by extensions ['ignore', 'ignore_ament_install']
[0.123s] Level 1:colcon.colcon_core.package_identification:_identify(src/enpm809y_fall2022/av_server_multi) by extension 'ignore'
[0.123s] Level 1:colcon.colcon_core.package_identification:_identify(src/enpm809y_fall2022/av_server_multi) by extension 'ignore_ament_install'
[0.123s] Level 1:colcon.colcon_core.package_identification:_identify(src/enpm809y_fall2022/av_server_multi) by extensions ['colcon_pkg']
[0.123s] Level 1:colcon.colcon_core.package_identification:_identify(src/enpm809y_fall2022/av_server_multi) by extension 'colcon_pkg'
[0.123s] Level 1:colcon.colcon_core.package_identification:_identify(src/enpm809y_fall2022/av_server_multi) by extensions ['colcon_meta']
[0.123s] Level 1:colcon.colcon_core.package_identification:_identify(src/enpm809y_fall2022/av_server_multi) by extension 'colcon_meta'
[0.123s] Level 1:colcon.colcon_core.package_identification:_identify(src/enpm809y_fall2022/av_server_multi) by extensions ['ros']
[0.123s] Level 1:colcon.colcon_core.package_identification:_identify(src/enpm809y_fall2022/av_server_multi) by extension 'ros'
[0.123s] DEBUG:colcon.colcon_core.package_identification:Package 'src/enpm809y_fall2022/av_server_multi' with type 'ros.ament_cmake' and name 'av_server_multi'
[0.123s] Level 1:colcon.colcon_core.package_identification:_identify(src/enpm809y_fall2022/first_package) by extensions ['ignore', 'ignore_ament_install']
[0.123s] Level 1:colcon.colcon_core.package_identification:_identify(src/enpm809y_fall2022/first_package) by extension 'ignore'
[0.123s] Level 1:colcon.colcon_core.package_identification:_identify(src/enpm809y_fall2022/first_package) by extension 'ignore_ament_install'
[0.123s] Level 1:colcon.colcon_core.package_identification:_identify(src/enpm809y_fall2022/first_package) by extensions ['colcon_pkg']
[0.124s] Level 1:colcon.colcon_core.package_identification:_identify(src/enpm809y_fall2022/first_package) by extension 'colcon_pkg'
[0.124s] Level 1:colcon.colcon_core.package_identification:_identify(src/enpm809y_fall2022/first_package) by extensions ['colcon_meta']
[0.124s] Level 1:colcon.colcon_core.package_identification:_identify(src/enpm809y_fall2022/first_package) by extension 'colcon_meta'
[0.124s] Level 1:colcon.colcon_core.package_identification:_identify(src/enpm809y_fall2022/first_package) by extensions ['ros']
[0.124s] Level 1:colcon.colcon_core.package_identification:_identify(src/enpm809y_fall2022/first_package) by extension 'ros'
[0.124s] DEBUG:colcon.colcon_core.package_identification:Package 'src/enpm809y_fall2022/first_package' with type 'ros.ament_cmake' and name 'first_package'
[0.124s] Level 1:colcon.colcon_core.package_identification:_identify(src/enpm809y_fall2022/tb3) by extensions ['ignore', 'ignore_ament_install']
[0.124s] Level 1:colcon.colcon_core.package_identification:_identify(src/enpm809y_fall2022/tb3) by extension 'ignore'
[0.124s] Level 1:colcon.colcon_core.package_identification:_identify(src/enpm809y_fall2022/tb3) by extension 'ignore_ament_install'
[0.124s] Level 1:colcon.colcon_core.package_identification:_identify(src/enpm809y_fall2022/tb3) by extensions ['colcon_pkg']
[0.124s] Level 1:colcon.colcon_core.package_identification:_identify(src/enpm809y_fall2022/tb3) by extension 'colcon_pkg'
[0.124s] Level 1:colcon.colcon_core.package_identification:_identify(src/enpm809y_fall2022/tb3) by extensions ['colcon_meta']
[0.124s] Level 1:colcon.colcon_core.package_identification:_identify(src/enpm809y_fall2022/tb3) by extension 'colcon_meta'
[0.124s] Level 1:colcon.colcon_core.package_identification:_identify(src/enpm809y_fall2022/tb3) by extensions ['ros']
[0.124s] Level 1:colcon.colcon_core.package_identification:_identify(src/enpm809y_fall2022/tb3) by extension 'ros'
[0.125s] DEBUG:colcon.colcon_core.package_identification:Package 'src/enpm809y_fall2022/tb3' with type 'ros.ament_cmake' and name 'tb3'
[0.125s] Level 1:colcon.colcon_core.package_discovery:discover_packages(recursive) using defaults
[0.125s] Level 1:colcon.colcon_core.package_discovery:discover_packages(ignore) discover
[0.125s] Level 1:colcon.colcon_core.package_discovery:discover_packages(ignore) using defaults
[0.125s] Level 1:colcon.colcon_core.package_discovery:discover_packages(path) discover
[0.125s] Level 1:colcon.colcon_core.package_discovery:discover_packages(path) using defaults
[0.137s] Level 1:colcon.colcon_core.package_discovery:discover_packages(prefix_path) check parameters
[0.137s] Level 1:colcon.colcon_core.package_discovery:discover_packages(prefix_path) discover
[0.139s] DEBUG:colcon.colcon_installed_package_information.package_discovery:Found 5 installed packages in /home/dawn/ros2_ws/install
[0.140s] DEBUG:colcon.colcon_installed_package_information.package_discovery:Found 329 installed packages in /opt/ros/galactic
[0.142s] Level 1:colcon.colcon_core.package_discovery:discover_packages(prefix_path) using defaults
[0.191s] Level 5:colcon.colcon_core.verb:set package 'av_camera' build argument 'cmake_args' from command line to 'None'
[0.191s] Level 5:colcon.colcon_core.verb:set package 'av_camera' build argument 'cmake_target' from command line to 'None'
[0.191s] Level 5:colcon.colcon_core.verb:set package 'av_camera' build argument 'cmake_target_skip_unavailable' from command line to 'False'
[0.191s] Level 5:colcon.colcon_core.verb:set package 'av_camera' build argument 'cmake_clean_cache' from command line to 'False'
[0.191s] Level 5:colcon.colcon_core.verb:set package 'av_camera' build argument 'cmake_clean_first' from command line to 'False'
[0.191s] Level 5:colcon.colcon_core.verb:set package 'av_camera' build argument 'cmake_force_configure' from command line to 'False'
[0.191s] Level 5:colcon.colcon_core.verb:set package 'av_camera' build argument 'ament_cmake_args' from command line to 'None'
[0.191s] Level 5:colcon.colcon_core.verb:set package 'av_camera' build argument 'catkin_cmake_args' from command line to 'None'
[0.191s] Level 5:colcon.colcon_core.verb:set package 'av_camera' build argument 'catkin_skip_building_tests' from command line to 'False'
[0.191s] DEBUG:colcon.colcon_core.verb:Building package 'av_camera' with the following arguments: {'ament_cmake_args': None, 'build_base': '/home/dawn/ros2_ws/build/av_camera', 'catkin_cmake_args': None, 'catkin_skip_building_tests': False, 'cmake_args': None, 'cmake_clean_cache': False, 'cmake_clean_first': False, 'cmake_force_configure': False, 'cmake_target': None, 'cmake_target_skip_unavailable': False, 'install_base': '/home/dawn/ros2_ws/install/av_camera', 'merge_install': False, 'path': '/home/dawn/ros2_ws/src/enpm809y_fall2022/av_camera', 'symlink_install': False, 'test_result_base': None}
[0.192s] Level 5:colcon.colcon_core.verb:set package 'av_server' build argument 'cmake_args' from command line to 'None'
[0.192s] Level 5:colcon.colcon_core.verb:set package 'av_server' build argument 'cmake_target' from command line to 'None'
[0.192s] Level 5:colcon.colcon_core.verb:set package 'av_server' build argument 'cmake_target_skip_unavailable' from command line to 'False'
[0.192s] Level 5:colcon.colcon_core.verb:set package 'av_server' build argument 'cmake_clean_cache' from command line to 'False'
[0.192s] Level 5:colcon.colcon_core.verb:set package 'av_server' build argument 'cmake_clean_first' from command line to 'False'
[0.192s] Level 5:colcon.colcon_core.verb:set package 'av_server' build argument 'cmake_force_configure' from command line to 'False'
[0.192s] Level 5:colcon.colcon_core.verb:set package 'av_server' build argument 'ament_cmake_args' from command line to 'None'
[0.192s] Level 5:colcon.colcon_core.verb:set package 'av_server' build argument 'catkin_cmake_args' from command line to 'None'
[0.192s] Level 5:colcon.colcon_core.verb:set package 'av_server' build argument 'catkin_skip_building_tests' from command line to 'False'
[0.192s] DEBUG:colcon.colcon_core.verb:Building package 'av_server' with the following arguments: {'ament_cmake_args': None, 'build_base': '/home/dawn/ros2_ws/build/av_server', 'catkin_cmake_args': None, 'catkin_skip_building_tests': False, 'cmake_args': None, 'cmake_clean_cache': False, 'cmake_clean_first': False, 'cmake_force_configure': False, 'cmake_target': None, 'cmake_target_skip_unavailable': False, 'install_base': '/home/dawn/ros2_ws/install/av_server', 'merge_install': False, 'path': '/home/dawn/ros2_ws/src/enpm809y_fall2022/av_server', 'symlink_install': False, 'test_result_base': None}
[0.193s] Level 5:colcon.colcon_core.verb:set package 'av_server_multi' build argument 'cmake_args' from command line to 'None'
[0.193s] Level 5:colcon.colcon_core.verb:set package 'av_server_multi' build argument 'cmake_target' from command line to 'None'
[0.193s] Level 5:colcon.colcon_core.verb:set package 'av_server_multi' build argument 'cmake_target_skip_unavailable' from command line to 'False'
[0.193s] Level 5:colcon.colcon_core.verb:set package 'av_server_multi' build argument 'cmake_clean_cache' from command line to 'False'
[0.193s] Level 5:colcon.colcon_core.verb:set package 'av_server_multi' build argument 'cmake_clean_first' from command line to 'False'
[0.193s] Level 5:colcon.colcon_core.verb:set package 'av_server_multi' build argument 'cmake_force_configure' from command line to 'False'
[0.193s] Level 5:colcon.colcon_core.verb:set package 'av_server_multi' build argument 'ament_cmake_args' from command line to 'None'
[0.193s] Level 5:colcon.colcon_core.verb:set package 'av_server_multi' build argument 'catkin_cmake_args' from command line to 'None'
[0.193s] Level 5:colcon.colcon_core.verb:set package 'av_server_multi' build argument 'catkin_skip_building_tests' from command line to 'False'
[0.193s] DEBUG:colcon.colcon_core.verb:Building package 'av_server_multi' with the following arguments: {'ament_cmake_args': None, 'build_base': '/home/dawn/ros2_ws/build/av_server_multi', 'catkin_cmake_args': None, 'catkin_skip_building_tests': False, 'cmake_args': None, 'cmake_clean_cache': False, 'cmake_clean_first': False, 'cmake_force_configure': False, 'cmake_target': None, 'cmake_target_skip_unavailable': False, 'install_base': '/home/dawn/ros2_ws/install/av_server_multi', 'merge_install': False, 'path': '/home/dawn/ros2_ws/src/enpm809y_fall2022/av_server_multi', 'symlink_install': False, 'test_result_base': None}
[0.193s] Level 5:colcon.colcon_core.verb:set package 'first_package' build argument 'cmake_args' from command line to 'None'
[0.193s] Level 5:colcon.colcon_core.verb:set package 'first_package' build argument 'cmake_target' from command line to 'None'
[0.194s] Level 5:colcon.colcon_core.verb:set package 'first_package' build argument 'cmake_target_skip_unavailable' from command line to 'False'
[0.194s] Level 5:colcon.colcon_core.verb:set package 'first_package' build argument 'cmake_clean_cache' from command line to 'False'
[0.194s] Level 5:colcon.colcon_core.verb:set package 'first_package' build argument 'cmake_clean_first' from command line to 'False'
[0.194s] Level 5:colcon.colcon_core.verb:set package 'first_package' build argument 'cmake_force_configure' from command line to 'False'
[0.194s] Level 5:colcon.colcon_core.verb:set package 'first_package' build argument 'ament_cmake_args' from command line to 'None'
[0.194s] Level 5:colcon.colcon_core.verb:set package 'first_package' build argument 'catkin_cmake_args' from command line to 'None'
[0.194s] Level 5:colcon.colcon_core.verb:set package 'first_package' build argument 'catkin_skip_building_tests' from command line to 'False'
[0.194s] DEBUG:colcon.colcon_core.verb:Building package 'first_package' with the following arguments: {'ament_cmake_args': None, 'build_base': '/home/dawn/ros2_ws/build/first_package', 'catkin_cmake_args': None, 'catkin_skip_building_tests': False, 'cmake_args': None, 'cmake_clean_cache': False, 'cmake_clean_first': False, 'cmake_force_configure': False, 'cmake_target': None, 'cmake_target_skip_unavailable': False, 'install_base': '/home/dawn/ros2_ws/install/first_package', 'merge_install': False, 'path': '/home/dawn/ros2_ws/src/enpm809y_fall2022/first_package', 'symlink_install': False, 'test_result_base': None}
[0.194s] Level 5:colcon.colcon_core.verb:set package 'tb3' build argument 'cmake_args' from command line to 'None'
[0.194s] Level 5:colcon.colcon_core.verb:set package 'tb3' build argument 'cmake_target' from command line to 'None'
[0.194s] Level 5:colcon.colcon_core.verb:set package 'tb3' build argument 'cmake_target_skip_unavailable' from command line to 'False'
[0.194s] Level 5:colcon.colcon_core.verb:set package 'tb3' build argument 'cmake_clean_cache' from command line to 'False'
[0.194s] Level 5:colcon.colcon_core.verb:set package 'tb3' build argument 'cmake_clean_first' from command line to 'False'
[0.194s] Level 5:colcon.colcon_core.verb:set package 'tb3' build argument 'cmake_force_configure' from command line to 'False'
[0.194s] Level 5:colcon.colcon_core.verb:set package 'tb3' build argument 'ament_cmake_args' from command line to 'None'
[0.194s] Level 5:colcon.colcon_core.verb:set package 'tb3' build argument 'catkin_cmake_args' from command line to 'None'
[0.194s] Level 5:colcon.colcon_core.verb:set package 'tb3' build argument 'catkin_skip_building_tests' from command line to 'False'
[0.194s] DEBUG:colcon.colcon_core.verb:Building package 'tb3' with the following arguments: {'ament_cmake_args': None, 'build_base': '/home/dawn/ros2_ws/build/tb3', 'catkin_cmake_args': None, 'catkin_skip_building_tests': False, 'cmake_args': None, 'cmake_clean_cache': False, 'cmake_clean_first': False, 'cmake_force_configure': False, 'cmake_target': None, 'cmake_target_skip_unavailable': False, 'install_base': '/home/dawn/ros2_ws/install/tb3', 'merge_install': False, 'path': '/home/dawn/ros2_ws/src/enpm809y_fall2022/tb3', 'symlink_install': False, 'test_result_base': None}
[0.195s] INFO:colcon.colcon_core.executor:Executing jobs using 'parallel' executor
[0.197s] DEBUG:colcon.colcon_parallel_executor.executor.parallel:run_until_complete
[0.197s] INFO:colcon.colcon_ros.task.ament_cmake.build:Building ROS package in '/home/dawn/ros2_ws/src/enpm809y_fall2022/av_camera' with build type 'ament_cmake'
[0.198s] INFO:colcon.colcon_cmake.task.cmake.build:Building CMake package in '/home/dawn/ros2_ws/src/enpm809y_fall2022/av_camera'
[0.200s] INFO:colcon.colcon_core.plugin_system:Skipping extension 'colcon_core.shell.bat': Not used on non-Windows systems
[0.200s] INFO:colcon.colcon_core.shell:Skip shell extension 'powershell' for command environment: Not usable outside of PowerShell
[0.200s] DEBUG:colcon.colcon_core.shell:Skip shell extension 'dsv' for command environment
[0.203s] DEBUG:colcon.colcon_core.shell:Ignoring prefix path '/home/dawn/catkin_ws/devel'
[0.203s] DEBUG:colcon.colcon_core.shell:Ignoring prefix path '/opt/ros/noetic'
[0.205s] INFO:colcon.colcon_ros.task.ament_cmake.build:Building ROS package in '/home/dawn/ros2_ws/src/enpm809y_fall2022/av_server' with build type 'ament_cmake'
[0.205s] INFO:colcon.colcon_cmake.task.cmake.build:Building CMake package in '/home/dawn/ros2_ws/src/enpm809y_fall2022/av_server'
[0.206s] INFO:colcon.colcon_core.shell:Skip shell extension 'powershell' for command environment: Not usable outside of PowerShell
[0.206s] DEBUG:colcon.colcon_core.shell:Skip shell extension 'dsv' for command environment
[0.209s] DEBUG:colcon.colcon_core.shell:Ignoring prefix path '/home/dawn/catkin_ws/devel'
[0.210s] DEBUG:colcon.colcon_core.shell:Ignoring prefix path '/opt/ros/noetic'
[0.211s] INFO:colcon.colcon_ros.task.ament_cmake.build:Building ROS package in '/home/dawn/ros2_ws/src/enpm809y_fall2022/av_server_multi' with build type 'ament_cmake'
[0.212s] INFO:colcon.colcon_cmake.task.cmake.build:Building CMake package in '/home/dawn/ros2_ws/src/enpm809y_fall2022/av_server_multi'
[0.213s] INFO:colcon.colcon_core.shell:Skip shell extension 'powershell' for command environment: Not usable outside of PowerShell
[0.213s] DEBUG:colcon.colcon_core.shell:Skip shell extension 'dsv' for command environment
[0.216s] DEBUG:colcon.colcon_core.shell:Ignoring prefix path '/home/dawn/catkin_ws/devel'
[0.216s] DEBUG:colcon.colcon_core.shell:Ignoring prefix path '/opt/ros/noetic'
[0.218s] INFO:colcon.colcon_ros.task.ament_cmake.build:Building ROS package in '/home/dawn/ros2_ws/src/enpm809y_fall2022/first_package' with build type 'ament_cmake'
[0.218s] INFO:colcon.colcon_cmake.task.cmake.build:Building CMake package in '/home/dawn/ros2_ws/src/enpm809y_fall2022/first_package'
[0.219s] INFO:colcon.colcon_core.shell:Skip shell extension 'powershell' for command environment: Not usable outside of PowerShell
[0.219s] DEBUG:colcon.colcon_core.shell:Skip shell extension 'dsv' for command environment
[0.222s] DEBUG:colcon.colcon_core.shell:Ignoring prefix path '/home/dawn/catkin_ws/devel'
[0.222s] DEBUG:colcon.colcon_core.shell:Ignoring prefix path '/opt/ros/noetic'
[0.223s] INFO:colcon.colcon_ros.task.ament_cmake.build:Building ROS package in '/home/dawn/ros2_ws/src/enpm809y_fall2022/tb3' with build type 'ament_cmake'
[0.224s] INFO:colcon.colcon_cmake.task.cmake.build:Building CMake package in '/home/dawn/ros2_ws/src/enpm809y_fall2022/tb3'
[0.225s] INFO:colcon.colcon_core.shell:Skip shell extension 'powershell' for command environment: Not usable outside of PowerShell
[0.225s] DEBUG:colcon.colcon_core.shell:Skip shell extension 'dsv' for command environment
[0.228s] DEBUG:colcon.colcon_core.shell:Ignoring prefix path '/home/dawn/catkin_ws/devel'
[0.228s] DEBUG:colcon.colcon_core.shell:Ignoring prefix path '/opt/ros/noetic'
[0.234s] DEBUG:colcon.colcon_core.event_handler.log_command:Invoking command in '/home/dawn/ros2_ws/build/av_camera': CMAKE_PREFIX_PATH=/home/dawn/ros2_ws/install/tb3:/home/dawn/ros2_ws/install/first_package:/home/dawn/ros2_ws/install/av_server_multi:/home/dawn/ros2_ws/install/av_server:/home/dawn/ros2_ws/install/av_camera:/opt/ros/galactic:/home/dawn/catkin_ws/devel:/opt/ros/noetic /usr/bin/cmake --build /home/dawn/ros2_ws/build/av_camera -- -j16 -l16
[0.237s] DEBUG:colcon.colcon_core.event_handler.log_command:Invoking command in '/home/dawn/ros2_ws/build/av_server': CMAKE_PREFIX_PATH=/home/dawn/ros2_ws/install/tb3:/home/dawn/ros2_ws/install/first_package:/home/dawn/ros2_ws/install/av_server_multi:/home/dawn/ros2_ws/install/av_server:/home/dawn/ros2_ws/install/av_camera:/opt/ros/galactic:/home/dawn/catkin_ws/devel:/opt/ros/noetic /usr/bin/cmake --build /home/dawn/ros2_ws/build/av_server -- -j16 -l16
[0.239s] DEBUG:colcon.colcon_core.event_handler.log_command:Invoking command in '/home/dawn/ros2_ws/build/av_server_multi': CMAKE_PREFIX_PATH=/home/dawn/ros2_ws/install/tb3:/home/dawn/ros2_ws/install/first_package:/home/dawn/ros2_ws/install/av_server_multi:/home/dawn/ros2_ws/install/av_server:/home/dawn/ros2_ws/install/av_camera:/opt/ros/galactic:/home/dawn/catkin_ws/devel:/opt/ros/noetic /usr/bin/cmake --build /home/dawn/ros2_ws/build/av_server_multi -- -j16 -l16
[0.243s] DEBUG:colcon.colcon_core.event_handler.log_command:Invoking command in '/home/dawn/ros2_ws/build/first_package': CMAKE_PREFIX_PATH=/home/dawn/ros2_ws/install/tb3:/home/dawn/ros2_ws/install/first_package:/home/dawn/ros2_ws/install/av_server_multi:/home/dawn/ros2_ws/install/av_server:/home/dawn/ros2_ws/install/av_camera:/opt/ros/galactic:/home/dawn/catkin_ws/devel:/opt/ros/noetic /usr/bin/cmake --build /home/dawn/ros2_ws/build/first_package -- -j16 -l16
[0.248s] DEBUG:colcon.colcon_core.event_handler.log_command:Invoking command in '/home/dawn/ros2_ws/build/tb3': CMAKE_PREFIX_PATH=/home/dawn/ros2_ws/install/tb3:/home/dawn/ros2_ws/install/first_package:/home/dawn/ros2_ws/install/av_server_multi:/home/dawn/ros2_ws/install/av_server:/home/dawn/ros2_ws/install/av_camera:/opt/ros/galactic:/home/dawn/catkin_ws/devel:/opt/ros/noetic /usr/bin/cmake --build /home/dawn/ros2_ws/build/tb3 -- -j16 -l16
[0.283s] DEBUG:colcon.colcon_core.event_handler.log_command:Invoked command in '/home/dawn/ros2_ws/build/av_camera' returned '0': CMAKE_PREFIX_PATH=/home/dawn/ros2_ws/install/tb3:/home/dawn/ros2_ws/install/first_package:/home/dawn/ros2_ws/install/av_server_multi:/home/dawn/ros2_ws/install/av_server:/home/dawn/ros2_ws/install/av_camera:/opt/ros/galactic:/home/dawn/catkin_ws/devel:/opt/ros/noetic /usr/bin/cmake --build /home/dawn/ros2_ws/build/av_camera -- -j16 -l16
[0.286s] DEBUG:colcon.colcon_core.event_handler.log_command:Invoked command in '/home/dawn/ros2_ws/build/av_server' returned '0': CMAKE_PREFIX_PATH=/home/dawn/ros2_ws/install/tb3:/home/dawn/ros2_ws/install/first_package:/home/dawn/ros2_ws/install/av_server_multi:/home/dawn/ros2_ws/install/av_server:/home/dawn/ros2_ws/install/av_camera:/opt/ros/galactic:/home/dawn/catkin_ws/devel:/opt/ros/noetic /usr/bin/cmake --build /home/dawn/ros2_ws/build/av_server -- -j16 -l16
[0.289s] DEBUG:colcon.colcon_core.event_handler.log_command:Invoked command in '/home/dawn/ros2_ws/build/av_server_multi' returned '0': CMAKE_PREFIX_PATH=/home/dawn/ros2_ws/install/tb3:/home/dawn/ros2_ws/install/first_package:/home/dawn/ros2_ws/install/av_server_multi:/home/dawn/ros2_ws/install/av_server:/home/dawn/ros2_ws/install/av_camera:/opt/ros/galactic:/home/dawn/catkin_ws/devel:/opt/ros/noetic /usr/bin/cmake --build /home/dawn/ros2_ws/build/av_server_multi -- -j16 -l16
[0.291s] DEBUG:colcon.colcon_core.event_handler.log_command:Invoked command in '/home/dawn/ros2_ws/build/first_package' returned '0': CMAKE_PREFIX_PATH=/home/dawn/ros2_ws/install/tb3:/home/dawn/ros2_ws/install/first_package:/home/dawn/ros2_ws/install/av_server_multi:/home/dawn/ros2_ws/install/av_server:/home/dawn/ros2_ws/install/av_camera:/opt/ros/galactic:/home/dawn/catkin_ws/devel:/opt/ros/noetic /usr/bin/cmake --build /home/dawn/ros2_ws/build/first_package -- -j16 -l16
[0.295s] DEBUG:colcon.colcon_core.event_handler.log_command:Invoked command in '/home/dawn/ros2_ws/build/tb3' returned '0': CMAKE_PREFIX_PATH=/home/dawn/ros2_ws/install/tb3:/home/dawn/ros2_ws/install/first_package:/home/dawn/ros2_ws/install/av_server_multi:/home/dawn/ros2_ws/install/av_server:/home/dawn/ros2_ws/install/av_camera:/opt/ros/galactic:/home/dawn/catkin_ws/devel:/opt/ros/noetic /usr/bin/cmake --build /home/dawn/ros2_ws/build/tb3 -- -j16 -l16
[0.308s] DEBUG:colcon.colcon_core.event_handler.log_command:Invoking command in '/home/dawn/ros2_ws/build/av_camera': CMAKE_PREFIX_PATH=/home/dawn/ros2_ws/install/tb3:/home/dawn/ros2_ws/install/first_package:/home/dawn/ros2_ws/install/av_server_multi:/home/dawn/ros2_ws/install/av_server:/home/dawn/ros2_ws/install/av_camera:/opt/ros/galactic:/home/dawn/catkin_ws/devel:/opt/ros/noetic /usr/bin/cmake --install /home/dawn/ros2_ws/build/av_camera
[0.311s] DEBUG:colcon.colcon_core.event_handler.log_command:Invoking command in '/home/dawn/ros2_ws/build/av_server': CMAKE_PREFIX_PATH=/home/dawn/ros2_ws/install/tb3:/home/dawn/ros2_ws/install/first_package:/home/dawn/ros2_ws/install/av_server_multi:/home/dawn/ros2_ws/install/av_server:/home/dawn/ros2_ws/install/av_camera:/opt/ros/galactic:/home/dawn/catkin_ws/devel:/opt/ros/noetic /usr/bin/cmake --install /home/dawn/ros2_ws/build/av_server
[0.313s] DEBUG:colcon.colcon_core.event_handler.log_command:Invoking command in '/home/dawn/ros2_ws/build/av_server_multi': CMAKE_PREFIX_PATH=/home/dawn/ros2_ws/install/tb3:/home/dawn/ros2_ws/install/first_package:/home/dawn/ros2_ws/install/av_server_multi:/home/dawn/ros2_ws/install/av_server:/home/dawn/ros2_ws/install/av_camera:/opt/ros/galactic:/home/dawn/catkin_ws/devel:/opt/ros/noetic /usr/bin/cmake --install /home/dawn/ros2_ws/build/av_server_multi
[0.316s] DEBUG:colcon.colcon_core.event_handler.log_command:Invoking command in '/home/dawn/ros2_ws/build/first_package': CMAKE_PREFIX_PATH=/home/dawn/ros2_ws/install/tb3:/home/dawn/ros2_ws/install/first_package:/home/dawn/ros2_ws/install/av_server_multi:/home/dawn/ros2_ws/install/av_server:/home/dawn/ros2_ws/install/av_camera:/opt/ros/galactic:/home/dawn/catkin_ws/devel:/opt/ros/noetic /usr/bin/cmake --install /home/dawn/ros2_ws/build/first_package
[0.317s] Level 1:colcon.colcon_core.environment:create_environment_scripts_only(av_camera)
[0.322s] DEBUG:colcon.colcon_core.event_handler.log_command:Invoked command in '/home/dawn/ros2_ws/build/av_camera' returned '0': CMAKE_PREFIX_PATH=/home/dawn/ros2_ws/install/tb3:/home/dawn/ros2_ws/install/first_package:/home/dawn/ros2_ws/install/av_server_multi:/home/dawn/ros2_ws/install/av_server:/home/dawn/ros2_ws/install/av_camera:/opt/ros/galactic:/home/dawn/catkin_ws/devel:/opt/ros/noetic /usr/bin/cmake --install /home/dawn/ros2_ws/build/av_camera
[0.328s] Level 1:colcon.colcon_core.environment:checking '/home/dawn/ros2_ws/install/av_camera' for CMake module files
[0.329s] Level 1:colcon.colcon_core.environment:checking '/home/dawn/ros2_ws/install/av_camera' for CMake config files
[0.329s] Level 1:colcon.colcon_core.shell:create_environment_hook('av_camera', 'cmake_prefix_path')
[0.331s] INFO:colcon.colcon_core.shell:Creating environment hook '/home/dawn/ros2_ws/install/av_camera/share/av_camera/hook/cmake_prefix_path.ps1'
[0.332s] INFO:colcon.colcon_core.shell:Creating environment descriptor '/home/dawn/ros2_ws/install/av_camera/share/av_camera/hook/cmake_prefix_path.dsv'
[0.332s] INFO:colcon.colcon_core.shell:Creating environment hook '/home/dawn/ros2_ws/install/av_camera/share/av_camera/hook/cmake_prefix_path.sh'
[0.333s] Level 1:colcon.colcon_core.environment:checking '/home/dawn/ros2_ws/install/av_camera/lib'
[0.334s] Level 1:colcon.colcon_core.environment:checking '/home/dawn/ros2_ws/install/av_camera/bin'
[0.334s] Level 1:colcon.colcon_core.environment:checking '/home/dawn/ros2_ws/install/av_camera/lib/pkgconfig/av_camera.pc'
[0.334s] Level 1:colcon.colcon_core.environment:checking '/home/dawn/ros2_ws/install/av_camera/lib/python3.8/site-packages'
[0.334s] Level 1:colcon.colcon_core.environment:checking '/home/dawn/ros2_ws/install/av_camera/bin'
[0.336s] INFO:colcon.colcon_core.shell:Creating package script '/home/dawn/ros2_ws/install/av_camera/share/av_camera/package.ps1'
[0.337s] INFO:colcon.colcon_core.shell:Creating package descriptor '/home/dawn/ros2_ws/install/av_camera/share/av_camera/package.dsv'
[0.337s] INFO:colcon.colcon_core.shell:Creating package script '/home/dawn/ros2_ws/install/av_camera/share/av_camera/package.sh'
[0.338s] INFO:colcon.colcon_core.shell:Creating package script '/home/dawn/ros2_ws/install/av_camera/share/av_camera/package.bash'
[0.339s] INFO:colcon.colcon_core.shell:Creating package script '/home/dawn/ros2_ws/install/av_camera/share/av_camera/package.zsh'
[0.340s] Level 1:colcon.colcon_core.environment:create_file_with_runtime_dependencies(/home/dawn/ros2_ws/install/av_camera/share/colcon-core/packages/av_camera)
[0.344s] DEBUG:colcon.colcon_core.event_handler.log_command:Invoking command in '/home/dawn/ros2_ws/build/tb3': CMAKE_PREFIX_PATH=/home/dawn/ros2_ws/install/tb3:/home/dawn/ros2_ws/install/first_package:/home/dawn/ros2_ws/install/av_server_multi:/home/dawn/ros2_ws/install/av_server:/home/dawn/ros2_ws/install/av_camera:/opt/ros/galactic:/home/dawn/catkin_ws/devel:/opt/ros/noetic /usr/bin/cmake --install /home/dawn/ros2_ws/build/tb3
[0.345s] Level 1:colcon.colcon_core.environment:create_environment_scripts_only(av_server)
[0.347s] Level 1:colcon.colcon_core.environment:checking '/home/dawn/ros2_ws/install/av_server' for CMake module files
[0.347s] DEBUG:colcon.colcon_core.event_handler.log_command:Invoked command in '/home/dawn/ros2_ws/build/av_server' returned '0': CMAKE_PREFIX_PATH=/home/dawn/ros2_ws/install/tb3:/home/dawn/ros2_ws/install/first_package:/home/dawn/ros2_ws/install/av_server_multi:/home/dawn/ros2_ws/install/av_server:/home/dawn/ros2_ws/install/av_camera:/opt/ros/galactic:/home/dawn/catkin_ws/devel:/opt/ros/noetic /usr/bin/cmake --install /home/dawn/ros2_ws/build/av_server
[0.347s] Level 1:colcon.colcon_core.environment:checking '/home/dawn/ros2_ws/install/av_server' for CMake config files
[0.347s] Level 1:colcon.colcon_core.shell:create_environment_hook('av_server', 'cmake_prefix_path')
[0.348s] INFO:colcon.colcon_core.shell:Creating environment hook '/home/dawn/ros2_ws/install/av_server/share/av_server/hook/cmake_prefix_path.ps1'
[0.348s] INFO:colcon.colcon_core.shell:Creating environment descriptor '/home/dawn/ros2_ws/install/av_server/share/av_server/hook/cmake_prefix_path.dsv'
[0.349s] INFO:colcon.colcon_core.shell:Creating environment hook '/home/dawn/ros2_ws/install/av_server/share/av_server/hook/cmake_prefix_path.sh'
[0.350s] Level 1:colcon.colcon_core.environment:checking '/home/dawn/ros2_ws/install/av_server/lib'
[0.350s] Level 1:colcon.colcon_core.environment:checking '/home/dawn/ros2_ws/install/av_server/bin'
[0.351s] Level 1:colcon.colcon_core.environment:checking '/home/dawn/ros2_ws/install/av_server/lib/pkgconfig/av_server.pc'
[0.351s] Level 1:colcon.colcon_core.environment:checking '/home/dawn/ros2_ws/install/av_server/lib/python3.8/site-packages'
[0.351s] Level 1:colcon.colcon_core.environment:checking '/home/dawn/ros2_ws/install/av_server/bin'
[0.352s] INFO:colcon.colcon_core.shell:Creating package script '/home/dawn/ros2_ws/install/av_server/share/av_server/package.ps1'
[0.355s] INFO:colcon.colcon_core.shell:Creating package descriptor '/home/dawn/ros2_ws/install/av_server/share/av_server/package.dsv'
[0.356s] INFO:colcon.colcon_core.shell:Creating package script '/home/dawn/ros2_ws/install/av_server/share/av_server/package.sh'
[0.356s] INFO:colcon.colcon_core.shell:Creating package script '/home/dawn/ros2_ws/install/av_server/share/av_server/package.bash'
[0.356s] INFO:colcon.colcon_core.shell:Creating package script '/home/dawn/ros2_ws/install/av_server/share/av_server/package.zsh'
[0.357s] Level 1:colcon.colcon_core.environment:create_file_with_runtime_dependencies(/home/dawn/ros2_ws/install/av_server/share/colcon-core/packages/av_server)
[0.359s] Level 1:colcon.colcon_core.environment:create_environment_scripts_only(first_package)
[0.361s] Level 1:colcon.colcon_core.environment:checking '/home/dawn/ros2_ws/install/first_package' for CMake module files
[0.361s] DEBUG:colcon.colcon_core.event_handler.log_command:Invoked command in '/home/dawn/ros2_ws/build/first_package' returned '0': CMAKE_PREFIX_PATH=/home/dawn/ros2_ws/install/tb3:/home/dawn/ros2_ws/install/first_package:/home/dawn/ros2_ws/install/av_server_multi:/home/dawn/ros2_ws/install/av_server:/home/dawn/ros2_ws/install/av_camera:/opt/ros/galactic:/home/dawn/catkin_ws/devel:/opt/ros/noetic /usr/bin/cmake --install /home/dawn/ros2_ws/build/first_package
[0.362s] Level 1:colcon.colcon_core.environment:checking '/home/dawn/ros2_ws/install/first_package' for CMake config files
[0.362s] Level 1:colcon.colcon_core.shell:create_environment_hook('first_package', 'cmake_prefix_path')
[0.363s] INFO:colcon.colcon_core.shell:Creating environment hook '/home/dawn/ros2_ws/install/first_package/share/first_package/hook/cmake_prefix_path.ps1'
[0.363s] INFO:colcon.colcon_core.shell:Creating environment descriptor '/home/dawn/ros2_ws/install/first_package/share/first_package/hook/cmake_prefix_path.dsv'
[0.364s] INFO:colcon.colcon_core.shell:Creating environment hook '/home/dawn/ros2_ws/install/first_package/share/first_package/hook/cmake_prefix_path.sh'
[0.364s] Level 1:colcon.colcon_core.environment:checking '/home/dawn/ros2_ws/install/first_package/lib'
[0.364s] Level 1:colcon.colcon_core.environment:checking '/home/dawn/ros2_ws/install/first_package/bin'
[0.364s] Level 1:colcon.colcon_core.environment:checking '/home/dawn/ros2_ws/install/first_package/lib/pkgconfig/first_package.pc'
[0.365s] Level 1:colcon.colcon_core.environment:checking '/home/dawn/ros2_ws/install/first_package/lib/python3.8/site-packages'
[0.365s] Level 1:colcon.colcon_core.environment:checking '/home/dawn/ros2_ws/install/first_package/bin'
[0.366s] INFO:colcon.colcon_core.shell:Creating package script '/home/dawn/ros2_ws/install/first_package/share/first_package/package.ps1'
[0.367s] INFO:colcon.colcon_core.shell:Creating package descriptor '/home/dawn/ros2_ws/install/first_package/share/first_package/package.dsv'
[0.367s] INFO:colcon.colcon_core.shell:Creating package script '/home/dawn/ros2_ws/install/first_package/share/first_package/package.sh'
[0.367s] INFO:colcon.colcon_core.shell:Creating package script '/home/dawn/ros2_ws/install/first_package/share/first_package/package.bash'
[0.367s] INFO:colcon.colcon_core.shell:Creating package script '/home/dawn/ros2_ws/install/first_package/share/first_package/package.zsh'
[0.367s] Level 1:colcon.colcon_core.environment:create_file_with_runtime_dependencies(/home/dawn/ros2_ws/install/first_package/share/colcon-core/packages/first_package)
[0.369s] Level 1:colcon.colcon_core.environment:create_environment_scripts_only(av_server_multi)
[0.371s] Level 1:colcon.colcon_core.environment:checking '/home/dawn/ros2_ws/install/av_server_multi' for CMake module files
[0.371s] DEBUG:colcon.colcon_core.event_handler.log_command:Invoked command in '/home/dawn/ros2_ws/build/av_server_multi' returned '0': CMAKE_PREFIX_PATH=/home/dawn/ros2_ws/install/tb3:/home/dawn/ros2_ws/install/first_package:/home/dawn/ros2_ws/install/av_server_multi:/home/dawn/ros2_ws/install/av_server:/home/dawn/ros2_ws/install/av_camera:/opt/ros/galactic:/home/dawn/catkin_ws/devel:/opt/ros/noetic /usr/bin/cmake --install /home/dawn/ros2_ws/build/av_server_multi
[0.371s] Level 1:colcon.colcon_core.environment:checking '/home/dawn/ros2_ws/install/av_server_multi' for CMake config files
[0.371s] Level 1:colcon.colcon_core.shell:create_environment_hook('av_server_multi', 'cmake_prefix_path')
[0.372s] INFO:colcon.colcon_core.shell:Creating environment hook '/home/dawn/ros2_ws/install/av_server_multi/share/av_server_multi/hook/cmake_prefix_path.ps1'
[0.373s] INFO:colcon.colcon_core.shell:Creating environment descriptor '/home/dawn/ros2_ws/install/av_server_multi/share/av_server_multi/hook/cmake_prefix_path.dsv'
[0.373s] INFO:colcon.colcon_core.shell:Creating environment hook '/home/dawn/ros2_ws/install/av_server_multi/share/av_server_multi/hook/cmake_prefix_path.sh'
[0.373s] Level 1:colcon.colcon_core.environment:checking '/home/dawn/ros2_ws/install/av_server_multi/lib'
[0.373s] Level 1:colcon.colcon_core.environment:checking '/home/dawn/ros2_ws/install/av_server_multi/bin'
[0.373s] Level 1:colcon.colcon_core.environment:checking '/home/dawn/ros2_ws/install/av_server_multi/lib/pkgconfig/av_server_multi.pc'
[0.373s] Level 1:colcon.colcon_core.environment:checking '/home/dawn/ros2_ws/install/av_server_multi/lib/python3.8/site-packages'
[0.374s] Level 1:colcon.colcon_core.environment:checking '/home/dawn/ros2_ws/install/av_server_multi/bin'
[0.375s] INFO:colcon.colcon_core.shell:Creating package script '/home/dawn/ros2_ws/install/av_server_multi/share/av_server_multi/package.ps1'
[0.375s] INFO:colcon.colcon_core.shell:Creating package descriptor '/home/dawn/ros2_ws/install/av_server_multi/share/av_server_multi/package.dsv'
[0.375s] INFO:colcon.colcon_core.shell:Creating package script '/home/dawn/ros2_ws/install/av_server_multi/share/av_server_multi/package.sh'
[0.375s] INFO:colcon.colcon_core.shell:Creating package script '/home/dawn/ros2_ws/install/av_server_multi/share/av_server_multi/package.bash'
[0.376s] INFO:colcon.colcon_core.shell:Creating package script '/home/dawn/ros2_ws/install/av_server_multi/share/av_server_multi/package.zsh'
[0.376s] Level 1:colcon.colcon_core.environment:create_file_with_runtime_dependencies(/home/dawn/ros2_ws/install/av_server_multi/share/colcon-core/packages/av_server_multi)
[0.378s] Level 1:colcon.colcon_core.environment:create_environment_scripts_only(tb3)
[0.379s] Level 1:colcon.colcon_core.environment:checking '/home/dawn/ros2_ws/install/tb3' for CMake module files
[0.380s] DEBUG:colcon.colcon_core.event_handler.log_command:Invoked command in '/home/dawn/ros2_ws/build/tb3' returned '0': CMAKE_PREFIX_PATH=/home/dawn/ros2_ws/install/tb3:/home/dawn/ros2_ws/install/first_package:/home/dawn/ros2_ws/install/av_server_multi:/home/dawn/ros2_ws/install/av_server:/home/dawn/ros2_ws/install/av_camera:/opt/ros/galactic:/home/dawn/catkin_ws/devel:/opt/ros/noetic /usr/bin/cmake --install /home/dawn/ros2_ws/build/tb3
[0.380s] Level 1:colcon.colcon_core.environment:checking '/home/dawn/ros2_ws/install/tb3' for CMake config files
[0.380s] Level 1:colcon.colcon_core.shell:create_environment_hook('tb3', 'cmake_prefix_path')
[0.381s] INFO:colcon.colcon_core.shell:Creating environment hook '/home/dawn/ros2_ws/install/tb3/share/tb3/hook/cmake_prefix_path.ps1'
[0.381s] INFO:colcon.colcon_core.shell:Creating environment descriptor '/home/dawn/ros2_ws/install/tb3/share/tb3/hook/cmake_prefix_path.dsv'
[0.382s] INFO:colcon.colcon_core.shell:Creating environment hook '/home/dawn/ros2_ws/install/tb3/share/tb3/hook/cmake_prefix_path.sh'
[0.382s] Level 1:colcon.colcon_core.environment:checking '/home/dawn/ros2_ws/install/tb3/lib'
[0.382s] Level 1:colcon.colcon_core.environment:checking '/home/dawn/ros2_ws/install/tb3/bin'
[0.382s] Level 1:colcon.colcon_core.environment:checking '/home/dawn/ros2_ws/install/tb3/lib/pkgconfig/tb3.pc'
[0.383s] Level 1:colcon.colcon_core.environment:checking '/home/dawn/ros2_ws/install/tb3/lib/python3.8/site-packages'
[0.383s] Level 1:colcon.colcon_core.environment:checking '/home/dawn/ros2_ws/install/tb3/bin'
[0.384s] INFO:colcon.colcon_core.shell:Creating package script '/home/dawn/ros2_ws/install/tb3/share/tb3/package.ps1'
[0.384s] INFO:colcon.colcon_core.shell:Creating package descriptor '/home/dawn/ros2_ws/install/tb3/share/tb3/package.dsv'
[0.384s] INFO:colcon.colcon_core.shell:Creating package script '/home/dawn/ros2_ws/install/tb3/share/tb3/package.sh'
[0.384s] INFO:colcon.colcon_core.shell:Creating package script '/home/dawn/ros2_ws/install/tb3/share/tb3/package.bash'
[0.385s] INFO:colcon.colcon_core.shell:Creating package script '/home/dawn/ros2_ws/install/tb3/share/tb3/package.zsh'
[0.385s] Level 1:colcon.colcon_core.environment:create_file_with_runtime_dependencies(/home/dawn/ros2_ws/install/tb3/share/colcon-core/packages/tb3)
[0.388s] Level 1:colcon.colcon_core.environment:create_environment_scripts_only(av_camera)
[0.389s] Level 1:colcon.colcon_core.environment:checking '/home/dawn/ros2_ws/install/av_camera' for CMake module files
[0.389s] Level 1:colcon.colcon_core.environment:checking '/home/dawn/ros2_ws/install/av_camera' for CMake config files
[0.390s] Level 1:colcon.colcon_core.shell:create_environment_hook('av_camera', 'cmake_prefix_path')
[0.390s] INFO:colcon.colcon_core.shell:Creating environment hook '/home/dawn/ros2_ws/install/av_camera/share/av_camera/hook/cmake_prefix_path.ps1'
[0.391s] INFO:colcon.colcon_core.shell:Creating environment descriptor '/home/dawn/ros2_ws/install/av_camera/share/av_camera/hook/cmake_prefix_path.dsv'
[0.391s] INFO:colcon.colcon_core.shell:Creating environment hook '/home/dawn/ros2_ws/install/av_camera/share/av_camera/hook/cmake_prefix_path.sh'
[0.391s] Level 1:colcon.colcon_core.environment:checking '/home/dawn/ros2_ws/install/av_camera/lib'
[0.392s] Level 1:colcon.colcon_core.environment:checking '/home/dawn/ros2_ws/install/av_camera/bin'
[0.392s] Level 1:colcon.colcon_core.environment:checking '/home/dawn/ros2_ws/install/av_camera/lib/pkgconfig/av_camera.pc'
[0.392s] Level 1:colcon.colcon_core.environment:checking '/home/dawn/ros2_ws/install/av_camera/lib/python3.8/site-packages'
[0.392s] Level 1:colcon.colcon_core.environment:checking '/home/dawn/ros2_ws/install/av_camera/bin'
[0.393s] INFO:colcon.colcon_core.shell:Creating package script '/home/dawn/ros2_ws/install/av_camera/share/av_camera/package.ps1'
[0.393s] INFO:colcon.colcon_core.shell:Creating package descriptor '/home/dawn/ros2_ws/install/av_camera/share/av_camera/package.dsv'
[0.393s] INFO:colcon.colcon_core.shell:Creating package script '/home/dawn/ros2_ws/install/av_camera/share/av_camera/package.sh'
[0.394s] INFO:colcon.colcon_core.shell:Creating package script '/home/dawn/ros2_ws/install/av_camera/share/av_camera/package.bash'
[0.394s] INFO:colcon.colcon_core.shell:Creating package script '/home/dawn/ros2_ws/install/av_camera/share/av_camera/package.zsh'
[0.394s] Level 1:colcon.colcon_core.environment:create_file_with_runtime_dependencies(/home/dawn/ros2_ws/install/av_camera/share/colcon-core/packages/av_camera)
[0.396s] Level 1:colcon.colcon_core.environment:create_environment_scripts_only(av_server)
[0.397s] Level 1:colcon.colcon_core.environment:checking '/home/dawn/ros2_ws/install/av_server' for CMake module files
[0.398s] Level 1:colcon.colcon_core.environment:checking '/home/dawn/ros2_ws/install/av_server' for CMake config files
[0.398s] Level 1:colcon.colcon_core.shell:create_environment_hook('av_server', 'cmake_prefix_path')
[0.399s] INFO:colcon.colcon_core.shell:Creating environment hook '/home/dawn/ros2_ws/install/av_server/share/av_server/hook/cmake_prefix_path.ps1'
[0.399s] INFO:colcon.colcon_core.shell:Creating environment descriptor '/home/dawn/ros2_ws/install/av_server/share/av_server/hook/cmake_prefix_path.dsv'
[0.399s] INFO:colcon.colcon_core.shell:Creating environment hook '/home/dawn/ros2_ws/install/av_server/share/av_server/hook/cmake_prefix_path.sh'
[0.400s] Level 1:colcon.colcon_core.environment:checking '/home/dawn/ros2_ws/install/av_server/lib'
[0.400s] Level 1:colcon.colcon_core.environment:checking '/home/dawn/ros2_ws/install/av_server/bin'
[0.400s] Level 1:colcon.colcon_core.environment:checking '/home/dawn/ros2_ws/install/av_server/lib/pkgconfig/av_server.pc'
[0.400s] Level 1:colcon.colcon_core.environment:checking '/home/dawn/ros2_ws/install/av_server/lib/python3.8/site-packages'
[0.400s] Level 1:colcon.colcon_core.environment:checking '/home/dawn/ros2_ws/install/av_server/bin'
[0.401s] INFO:colcon.colcon_core.shell:Creating package script '/home/dawn/ros2_ws/install/av_server/share/av_server/package.ps1'
[0.401s] INFO:colcon.colcon_core.shell:Creating package descriptor '/home/dawn/ros2_ws/install/av_server/share/av_server/package.dsv'
[0.401s] INFO:colcon.colcon_core.shell:Creating package script '/home/dawn/ros2_ws/install/av_server/share/av_server/package.sh'
[0.402s] INFO:colcon.colcon_core.shell:Creating package script '/home/dawn/ros2_ws/install/av_server/share/av_server/package.bash'
[0.402s] INFO:colcon.colcon_core.shell:Creating package script '/home/dawn/ros2_ws/install/av_server/share/av_server/package.zsh'
[0.402s] Level 1:colcon.colcon_core.environment:create_file_with_runtime_dependencies(/home/dawn/ros2_ws/install/av_server/share/colcon-core/packages/av_server)
[0.403s] Level 1:colcon.colcon_core.environment:create_environment_scripts_only(first_package)
[0.405s] Level 1:colcon.colcon_core.environment:checking '/home/dawn/ros2_ws/install/first_package' for CMake module files
[0.405s] Level 1:colcon.colcon_core.environment:checking '/home/dawn/ros2_ws/install/first_package' for CMake config files
[0.405s] Level 1:colcon.colcon_core.shell:create_environment_hook('first_package', 'cmake_prefix_path')
[0.406s] INFO:colcon.colcon_core.shell:Creating environment hook '/home/dawn/ros2_ws/install/first_package/share/first_package/hook/cmake_prefix_path.ps1'
[0.406s] INFO:colcon.colcon_core.shell:Creating environment descriptor '/home/dawn/ros2_ws/install/first_package/share/first_package/hook/cmake_prefix_path.dsv'
[0.407s] INFO:colcon.colcon_core.shell:Creating environment hook '/home/dawn/ros2_ws/install/first_package/share/first_package/hook/cmake_prefix_path.sh'
[0.407s] Level 1:colcon.colcon_core.environment:checking '/home/dawn/ros2_ws/install/first_package/lib'
[0.407s] Level 1:colcon.colcon_core.environment:checking '/home/dawn/ros2_ws/install/first_package/bin'
[0.407s] Level 1:colcon.colcon_core.environment:checking '/home/dawn/ros2_ws/install/first_package/lib/pkgconfig/first_package.pc'
[0.407s] Level 1:colcon.colcon_core.environment:checking '/home/dawn/ros2_ws/install/first_package/lib/python3.8/site-packages'
[0.407s] Level 1:colcon.colcon_core.environment:checking '/home/dawn/ros2_ws/install/first_package/bin'
[0.408s] INFO:colcon.colcon_core.shell:Creating package script '/home/dawn/ros2_ws/install/first_package/share/first_package/package.ps1'
[0.408s] INFO:colcon.colcon_core.shell:Creating package descriptor '/home/dawn/ros2_ws/install/first_package/share/first_package/package.dsv'
[0.409s] INFO:colcon.colcon_core.shell:Creating package script '/home/dawn/ros2_ws/install/first_package/share/first_package/package.sh'
[0.409s] INFO:colcon.colcon_core.shell:Creating package script '/home/dawn/ros2_ws/install/first_package/share/first_package/package.bash'
[0.409s] INFO:colcon.colcon_core.shell:Creating package script '/home/dawn/ros2_ws/install/first_package/share/first_package/package.zsh'
[0.409s] Level 1:colcon.colcon_core.environment:create_file_with_runtime_dependencies(/home/dawn/ros2_ws/install/first_package/share/colcon-core/packages/first_package)
[0.410s] Level 1:colcon.colcon_core.environment:create_environment_scripts_only(av_server_multi)
[0.412s] Level 1:colcon.colcon_core.environment:checking '/home/dawn/ros2_ws/install/av_server_multi' for CMake module files
[0.412s] Level 1:colcon.colcon_core.environment:checking '/home/dawn/ros2_ws/install/av_server_multi' for CMake config files
[0.412s] Level 1:colcon.colcon_core.shell:create_environment_hook('av_server_multi', 'cmake_prefix_path')
[0.413s] INFO:colcon.colcon_core.shell:Creating environment hook '/home/dawn/ros2_ws/install/av_server_multi/share/av_server_multi/hook/cmake_prefix_path.ps1'
[0.413s] INFO:colcon.colcon_core.shell:Creating environment descriptor '/home/dawn/ros2_ws/install/av_server_multi/share/av_server_multi/hook/cmake_prefix_path.dsv'
[0.414s] INFO:colcon.colcon_core.shell:Creating environment hook '/home/dawn/ros2_ws/install/av_server_multi/share/av_server_multi/hook/cmake_prefix_path.sh'
[0.414s] Level 1:colcon.colcon_core.environment:checking '/home/dawn/ros2_ws/install/av_server_multi/lib'
[0.414s] Level 1:colcon.colcon_core.environment:checking '/home/dawn/ros2_ws/install/av_server_multi/bin'
[0.414s] Level 1:colcon.colcon_core.environment:checking '/home/dawn/ros2_ws/install/av_server_multi/lib/pkgconfig/av_server_multi.pc'
[0.414s] Level 1:colcon.colcon_core.environment:checking '/home/dawn/ros2_ws/install/av_server_multi/lib/python3.8/site-packages'
[0.414s] Level 1:colcon.colcon_core.environment:checking '/home/dawn/ros2_ws/install/av_server_multi/bin'
[0.415s] INFO:colcon.colcon_core.shell:Creating package script '/home/dawn/ros2_ws/install/av_server_multi/share/av_server_multi/package.ps1'
[0.415s] INFO:colcon.colcon_core.shell:Creating package descriptor '/home/dawn/ros2_ws/install/av_server_multi/share/av_server_multi/package.dsv'
[0.416s] INFO:colcon.colcon_core.shell:Creating package script '/home/dawn/ros2_ws/install/av_server_multi/share/av_server_multi/package.sh'
[0.416s] INFO:colcon.colcon_core.shell:Creating package script '/home/dawn/ros2_ws/install/av_server_multi/share/av_server_multi/package.bash'
[0.416s] INFO:colcon.colcon_core.shell:Creating package script '/home/dawn/ros2_ws/install/av_server_multi/share/av_server_multi/package.zsh'
[0.416s] Level 1:colcon.colcon_core.environment:create_file_with_runtime_dependencies(/home/dawn/ros2_ws/install/av_server_multi/share/colcon-core/packages/av_server_multi)
[0.417s] Level 1:colcon.colcon_core.environment:create_environment_scripts_only(tb3)
[0.419s] Level 1:colcon.colcon_core.environment:checking '/home/dawn/ros2_ws/install/tb3' for CMake module files
[0.419s] Level 1:colcon.colcon_core.environment:checking '/home/dawn/ros2_ws/install/tb3' for CMake config files
[0.419s] Level 1:colcon.colcon_core.shell:create_environment_hook('tb3', 'cmake_prefix_path')
[0.420s] INFO:colcon.colcon_core.shell:Creating environment hook '/home/dawn/ros2_ws/install/tb3/share/tb3/hook/cmake_prefix_path.ps1'
[0.420s] INFO:colcon.colcon_core.shell:Creating environment descriptor '/home/dawn/ros2_ws/install/tb3/share/tb3/hook/cmake_prefix_path.dsv'
[0.420s] INFO:colcon.colcon_core.shell:Creating environment hook '/home/dawn/ros2_ws/install/tb3/share/tb3/hook/cmake_prefix_path.sh'
[0.421s] Level 1:colcon.colcon_core.environment:checking '/home/dawn/ros2_ws/install/tb3/lib'
[0.421s] Level 1:colcon.colcon_core.environment:checking '/home/dawn/ros2_ws/install/tb3/bin'
[0.421s] Level 1:colcon.colcon_core.environment:checking '/home/dawn/ros2_ws/install/tb3/lib/pkgconfig/tb3.pc'
[0.421s] Level 1:colcon.colcon_core.environment:checking '/home/dawn/ros2_ws/install/tb3/lib/python3.8/site-packages'
[0.421s] Level 1:colcon.colcon_core.environment:checking '/home/dawn/ros2_ws/install/tb3/bin'
[0.422s] INFO:colcon.colcon_core.shell:Creating package script '/home/dawn/ros2_ws/install/tb3/share/tb3/package.ps1'
[0.422s] INFO:colcon.colcon_core.shell:Creating package descriptor '/home/dawn/ros2_ws/install/tb3/share/tb3/package.dsv'
[0.422s] INFO:colcon.colcon_core.shell:Creating package script '/home/dawn/ros2_ws/install/tb3/share/tb3/package.sh'
[0.423s] INFO:colcon.colcon_core.shell:Creating package script '/home/dawn/ros2_ws/install/tb3/share/tb3/package.bash'
[0.423s] INFO:colcon.colcon_core.shell:Creating package script '/home/dawn/ros2_ws/install/tb3/share/tb3/package.zsh'
[0.423s] Level 1:colcon.colcon_core.environment:create_file_with_runtime_dependencies(/home/dawn/ros2_ws/install/tb3/share/colcon-core/packages/tb3)
[0.423s] DEBUG:colcon.colcon_parallel_executor.executor.parallel:closing loop
[0.423s] DEBUG:colcon.colcon_parallel_executor.executor.parallel:loop closed
[0.424s] DEBUG:colcon.colcon_parallel_executor.executor.parallel:run_until_complete finished with '0'
[0.424s] DEBUG:colcon.colcon_core.event_reactor:joining thread
[0.430s] INFO:colcon.colcon_core.plugin_system:Skipping extension 'colcon_notification.desktop_notification.terminal_notifier': Not used on non-Darwin systems
[0.430s] INFO:colcon.colcon_core.plugin_system:Skipping extension 'colcon_notification.desktop_notification.win32': Not used on non-Windows systems
[0.430s] INFO:colcon.colcon_notification.desktop_notification:Sending desktop notification using 'notify2'
[0.444s] DEBUG:colcon.colcon_core.event_reactor:joined thread
[0.446s] INFO:colcon.colcon_core.shell:Creating prefix script '/home/dawn/ros2_ws/install/local_setup.ps1'
[0.447s] INFO:colcon.colcon_core.shell:Creating prefix util module '/home/dawn/ros2_ws/install/_local_setup_util_ps1.py'
[0.448s] INFO:colcon.colcon_core.shell:Creating prefix chain script '/home/dawn/ros2_ws/install/setup.ps1'
[0.449s] INFO:colcon.colcon_core.shell:Creating prefix script '/home/dawn/ros2_ws/install/local_setup.sh'
[0.450s] INFO:colcon.colcon_core.shell:Creating prefix util module '/home/dawn/ros2_ws/install/_local_setup_util_sh.py'
[0.450s] INFO:colcon.colcon_core.shell:Creating prefix chain script '/home/dawn/ros2_ws/install/setup.sh'
[0.452s] INFO:colcon.colcon_core.shell:Creating prefix script '/home/dawn/ros2_ws/install/local_setup.bash'
[0.452s] INFO:colcon.colcon_core.shell:Creating prefix chain script '/home/dawn/ros2_ws/install/setup.bash'
[0.455s] INFO:colcon.colcon_core.shell:Creating prefix script '/home/dawn/ros2_ws/install/local_setup.zsh'
[0.455s] INFO:colcon.colcon_core.shell:Creating prefix chain script '/home/dawn/ros2_ws/install/setup.zsh'
