[0.215s] DEBUG:colcon:Command line arguments: ['/usr/bin/colcon', 'build']
[0.215s] DEBUG:colcon:Parsed command line arguments: Namespace(allow_overriding=[], ament_cmake_args=None, base_paths=['.'], build_base='build', catkin_cmake_args=None, catkin_skip_building_tests=False, cmake_args=None, cmake_clean_cache=False, cmake_clean_first=False, cmake_force_configure=False, cmake_target=None, cmake_target_skip_unavailable=False, continue_on_error=False, event_handlers=None, executor='parallel', ignore_user_meta=False, install_base='install', log_base=None, log_level=None, main=<bound method BuildVerb.main of <colcon_core.verb.build.BuildVerb object at 0x7fd2efca3520>>, merge_install=False, metas=['./colcon.meta'], packages_above=None, packages_above_and_dependencies=None, packages_above_depth=None, packages_end=None, packages_ignore=None, packages_ignore_regex=None, packages_select=None, packages_select_build_failed=False, packages_select_by_dep=None, packages_select_regex=None, packages_select_test_failures=False, packages_skip=None, packages_skip_build_finished=False, packages_skip_by_dep=None, packages_skip_regex=None, packages_skip_test_passed=False, packages_skip_up_to=None, packages_start=None, packages_up_to=None, packages_up_to_regex=None, parallel_workers=16, paths=None, symlink_install=False, test_result_base=None, verb_extension=<colcon_core.verb.build.BuildVerb object at 0x7fd2efca3520>, verb_name='build', verb_parser=<colcon_defaults.argument_parser.defaults.DefaultArgumentsDecorator object at 0x7fd2efca3a60>)
[0.251s] Level 1:colcon.colcon_core.package_discovery:discover_packages(colcon_meta) check parameters
[0.251s] Level 1:colcon.colcon_core.package_discovery:discover_packages(recursive) check parameters
[0.251s] Level 1:colcon.colcon_core.package_discovery:discover_packages(ignore) check parameters
[0.251s] Level 1:colcon.colcon_core.package_discovery:discover_packages(path) check parameters
[0.251s] Level 1:colcon.colcon_core.package_discovery:discover_packages(colcon_meta) discover
[0.251s] Level 1:colcon.colcon_core.package_discovery:discover_packages(recursive) discover
[0.251s] INFO:colcon.colcon_core.package_discovery:Crawling recursively for packages in '/home/dawn/ros2_ws'
[0.251s] Level 1:colcon.colcon_core.package_identification:_identify(.) by extensions ['ignore', 'ignore_ament_install']
[0.251s] Level 1:colcon.colcon_core.package_identification:_identify(.) by extension 'ignore'
[0.251s] Level 1:colcon.colcon_core.package_identification:_identify(.) by extension 'ignore_ament_install'
[0.251s] Level 1:colcon.colcon_core.package_identification:_identify(.) by extensions ['colcon_pkg']
[0.252s] Level 1:colcon.colcon_core.package_identification:_identify(.) by extension 'colcon_pkg'
[0.252s] Level 1:colcon.colcon_core.package_identification:_identify(.) by extensions ['colcon_meta']
[0.252s] Level 1:colcon.colcon_core.package_identification:_identify(.) by extension 'colcon_meta'
[0.252s] Level 1:colcon.colcon_core.package_identification:_identify(.) by extensions ['ros']
[0.252s] Level 1:colcon.colcon_core.package_identification:_identify(.) by extension 'ros'
[0.262s] Level 1:colcon.colcon_core.package_identification:_identify(.) by extensions ['cmake', 'python']
[0.262s] Level 1:colcon.colcon_core.package_identification:_identify(.) by extension 'cmake'
[0.262s] Level 1:colcon.colcon_core.package_identification:_identify(.) by extension 'python'
[0.262s] Level 1:colcon.colcon_core.package_identification:_identify(.) by extensions ['python_setup_py']
[0.263s] Level 1:colcon.colcon_core.package_identification:_identify(.) by extension 'python_setup_py'
[0.263s] Level 1:colcon.colcon_core.package_identification:_identify(build) by extensions ['ignore', 'ignore_ament_install']
[0.263s] Level 1:colcon.colcon_core.package_identification:_identify(build) by extension 'ignore'
[0.263s] Level 1:colcon.colcon_core.package_identification:_identify(build) ignored
[0.263s] Level 1:colcon.colcon_core.package_identification:_identify(install) by extensions ['ignore', 'ignore_ament_install']
[0.263s] Level 1:colcon.colcon_core.package_identification:_identify(install) by extension 'ignore'
[0.263s] Level 1:colcon.colcon_core.package_identification:_identify(install) ignored
[0.263s] Level 1:colcon.colcon_core.package_identification:_identify(log) by extensions ['ignore', 'ignore_ament_install']
[0.263s] Level 1:colcon.colcon_core.package_identification:_identify(log) by extension 'ignore'
[0.263s] Level 1:colcon.colcon_core.package_identification:_identify(log) ignored
[0.263s] Level 1:colcon.colcon_core.package_identification:_identify(src) by extensions ['ignore', 'ignore_ament_install']
[0.263s] Level 1:colcon.colcon_core.package_identification:_identify(src) by extension 'ignore'
[0.263s] Level 1:colcon.colcon_core.package_identification:_identify(src) by extension 'ignore_ament_install'
[0.263s] Level 1:colcon.colcon_core.package_identification:_identify(src) by extensions ['colcon_pkg']
[0.263s] Level 1:colcon.colcon_core.package_identification:_identify(src) by extension 'colcon_pkg'
[0.263s] Level 1:colcon.colcon_core.package_identification:_identify(src) by extensions ['colcon_meta']
[0.263s] Level 1:colcon.colcon_core.package_identification:_identify(src) by extension 'colcon_meta'
[0.264s] Level 1:colcon.colcon_core.package_identification:_identify(src) by extensions ['ros']
[0.264s] Level 1:colcon.colcon_core.package_identification:_identify(src) by extension 'ros'
[0.264s] Level 1:colcon.colcon_core.package_identification:_identify(src) by extensions ['cmake', 'python']
[0.264s] Level 1:colcon.colcon_core.package_identification:_identify(src) by extension 'cmake'
[0.264s] Level 1:colcon.colcon_core.package_identification:_identify(src) by extension 'python'
[0.264s] Level 1:colcon.colcon_core.package_identification:_identify(src) by extensions ['python_setup_py']
[0.264s] Level 1:colcon.colcon_core.package_identification:_identify(src) by extension 'python_setup_py'
[0.264s] Level 1:colcon.colcon_core.package_identification:_identify(src/enpm809y_fall2022) by extensions ['ignore', 'ignore_ament_install']
[0.264s] Level 1:colcon.colcon_core.package_identification:_identify(src/enpm809y_fall2022) by extension 'ignore'
[0.264s] Level 1:colcon.colcon_core.package_identification:_identify(src/enpm809y_fall2022) by extension 'ignore_ament_install'
[0.264s] Level 1:colcon.colcon_core.package_identification:_identify(src/enpm809y_fall2022) by extensions ['colcon_pkg']
[0.264s] Level 1:colcon.colcon_core.package_identification:_identify(src/enpm809y_fall2022) by extension 'colcon_pkg'
[0.264s] Level 1:colcon.colcon_core.package_identification:_identify(src/enpm809y_fall2022) by extensions ['colcon_meta']
[0.264s] Level 1:colcon.colcon_core.package_identification:_identify(src/enpm809y_fall2022) by extension 'colcon_meta'
[0.264s] Level 1:colcon.colcon_core.package_identification:_identify(src/enpm809y_fall2022) by extensions ['ros']
[0.264s] Level 1:colcon.colcon_core.package_identification:_identify(src/enpm809y_fall2022) by extension 'ros'
[0.264s] Level 1:colcon.colcon_core.package_identification:_identify(src/enpm809y_fall2022) by extensions ['cmake', 'python']
[0.265s] Level 1:colcon.colcon_core.package_identification:_identify(src/enpm809y_fall2022) by extension 'cmake'
[0.265s] Level 1:colcon.colcon_core.package_identification:_identify(src/enpm809y_fall2022) by extension 'python'
[0.265s] Level 1:colcon.colcon_core.package_identification:_identify(src/enpm809y_fall2022) by extensions ['python_setup_py']
[0.265s] Level 1:colcon.colcon_core.package_identification:_identify(src/enpm809y_fall2022) by extension 'python_setup_py'
[0.265s] Level 1:colcon.colcon_core.package_identification:_identify(src/enpm809y_fall2022/av_camera) by extensions ['ignore', 'ignore_ament_install']
[0.265s] Level 1:colcon.colcon_core.package_identification:_identify(src/enpm809y_fall2022/av_camera) by extension 'ignore'
[0.265s] Level 1:colcon.colcon_core.package_identification:_identify(src/enpm809y_fall2022/av_camera) by extension 'ignore_ament_install'
[0.265s] Level 1:colcon.colcon_core.package_identification:_identify(src/enpm809y_fall2022/av_camera) by extensions ['colcon_pkg']
[0.265s] Level 1:colcon.colcon_core.package_identification:_identify(src/enpm809y_fall2022/av_camera) by extension 'colcon_pkg'
[0.265s] Level 1:colcon.colcon_core.package_identification:_identify(src/enpm809y_fall2022/av_camera) by extensions ['colcon_meta']
[0.265s] Level 1:colcon.colcon_core.package_identification:_identify(src/enpm809y_fall2022/av_camera) by extension 'colcon_meta'
[0.265s] Level 1:colcon.colcon_core.package_identification:_identify(src/enpm809y_fall2022/av_camera) by extensions ['ros']
[0.265s] Level 1:colcon.colcon_core.package_identification:_identify(src/enpm809y_fall2022/av_camera) by extension 'ros'
[0.269s] DEBUG:colcon.colcon_core.package_identification:Package 'src/enpm809y_fall2022/av_camera' with type 'ros.ament_cmake' and name 'av_camera'
[0.269s] Level 1:colcon.colcon_core.package_identification:_identify(src/enpm809y_fall2022/av_server) by extensions ['ignore', 'ignore_ament_install']
[0.269s] Level 1:colcon.colcon_core.package_identification:_identify(src/enpm809y_fall2022/av_server) by extension 'ignore'
[0.269s] Level 1:colcon.colcon_core.package_identification:_identify(src/enpm809y_fall2022/av_server) by extension 'ignore_ament_install'
[0.269s] Level 1:colcon.colcon_core.package_identification:_identify(src/enpm809y_fall2022/av_server) by extensions ['colcon_pkg']
[0.269s] Level 1:colcon.colcon_core.package_identification:_identify(src/enpm809y_fall2022/av_server) by extension 'colcon_pkg'
[0.269s] Level 1:colcon.colcon_core.package_identification:_identify(src/enpm809y_fall2022/av_server) by extensions ['colcon_meta']
[0.269s] Level 1:colcon.colcon_core.package_identification:_identify(src/enpm809y_fall2022/av_server) by extension 'colcon_meta'
[0.269s] Level 1:colcon.colcon_core.package_identification:_identify(src/enpm809y_fall2022/av_server) by extensions ['ros']
[0.269s] Level 1:colcon.colcon_core.package_identification:_identify(src/enpm809y_fall2022/av_server) by extension 'ros'
[0.270s] DEBUG:colcon.colcon_core.package_identification:Package 'src/enpm809y_fall2022/av_server' with type 'ros.ament_cmake' and name 'av_server'
[0.270s] Level 1:colcon.colcon_core.package_identification:_identify(src/enpm809y_fall2022/av_server_multi) by extensions ['ignore', 'ignore_ament_install']
[0.270s] Level 1:colcon.colcon_core.package_identification:_identify(src/enpm809y_fall2022/av_server_multi) by extension 'ignore'
[0.270s] Level 1:colcon.colcon_core.package_identification:_identify(src/enpm809y_fall2022/av_server_multi) by extension 'ignore_ament_install'
[0.270s] Level 1:colcon.colcon_core.package_identification:_identify(src/enpm809y_fall2022/av_server_multi) by extensions ['colcon_pkg']
[0.270s] Level 1:colcon.colcon_core.package_identification:_identify(src/enpm809y_fall2022/av_server_multi) by extension 'colcon_pkg'
[0.271s] Level 1:colcon.colcon_core.package_identification:_identify(src/enpm809y_fall2022/av_server_multi) by extensions ['colcon_meta']
[0.271s] Level 1:colcon.colcon_core.package_identification:_identify(src/enpm809y_fall2022/av_server_multi) by extension 'colcon_meta'
[0.271s] Level 1:colcon.colcon_core.package_identification:_identify(src/enpm809y_fall2022/av_server_multi) by extensions ['ros']
[0.271s] Level 1:colcon.colcon_core.package_identification:_identify(src/enpm809y_fall2022/av_server_multi) by extension 'ros'
[0.271s] DEBUG:colcon.colcon_core.package_identification:Package 'src/enpm809y_fall2022/av_server_multi' with type 'ros.ament_cmake' and name 'av_server_multi'
[0.272s] Level 1:colcon.colcon_core.package_identification:_identify(src/enpm809y_fall2022/first_package) by extensions ['ignore', 'ignore_ament_install']
[0.272s] Level 1:colcon.colcon_core.package_identification:_identify(src/enpm809y_fall2022/first_package) by extension 'ignore'
[0.272s] Level 1:colcon.colcon_core.package_identification:_identify(src/enpm809y_fall2022/first_package) by extension 'ignore_ament_install'
[0.272s] Level 1:colcon.colcon_core.package_identification:_identify(src/enpm809y_fall2022/first_package) by extensions ['colcon_pkg']
[0.272s] Level 1:colcon.colcon_core.package_identification:_identify(src/enpm809y_fall2022/first_package) by extension 'colcon_pkg'
[0.272s] Level 1:colcon.colcon_core.package_identification:_identify(src/enpm809y_fall2022/first_package) by extensions ['colcon_meta']
[0.272s] Level 1:colcon.colcon_core.package_identification:_identify(src/enpm809y_fall2022/first_package) by extension 'colcon_meta'
[0.272s] Level 1:colcon.colcon_core.package_identification:_identify(src/enpm809y_fall2022/first_package) by extensions ['ros']
[0.272s] Level 1:colcon.colcon_core.package_identification:_identify(src/enpm809y_fall2022/first_package) by extension 'ros'
[0.282s] DEBUG:colcon.colcon_core.package_identification:Package 'src/enpm809y_fall2022/first_package' with type 'ros.ament_cmake' and name 'first_package'
[0.283s] Level 1:colcon.colcon_core.package_identification:_identify(src/enpm809y_fall2022/tb3) by extensions ['ignore', 'ignore_ament_install']
[0.283s] Level 1:colcon.colcon_core.package_identification:_identify(src/enpm809y_fall2022/tb3) by extension 'ignore'
[0.283s] Level 1:colcon.colcon_core.package_identification:_identify(src/enpm809y_fall2022/tb3) by extension 'ignore_ament_install'
[0.283s] Level 1:colcon.colcon_core.package_identification:_identify(src/enpm809y_fall2022/tb3) by extensions ['colcon_pkg']
[0.283s] Level 1:colcon.colcon_core.package_identification:_identify(src/enpm809y_fall2022/tb3) by extension 'colcon_pkg'
[0.283s] Level 1:colcon.colcon_core.package_identification:_identify(src/enpm809y_fall2022/tb3) by extensions ['colcon_meta']
[0.283s] Level 1:colcon.colcon_core.package_identification:_identify(src/enpm809y_fall2022/tb3) by extension 'colcon_meta'
[0.283s] Level 1:colcon.colcon_core.package_identification:_identify(src/enpm809y_fall2022/tb3) by extensions ['ros']
[0.283s] Level 1:colcon.colcon_core.package_identification:_identify(src/enpm809y_fall2022/tb3) by extension 'ros'
[0.284s] DEBUG:colcon.colcon_core.package_identification:Package 'src/enpm809y_fall2022/tb3' with type 'ros.ament_cmake' and name 'tb3'
[0.284s] Level 1:colcon.colcon_core.package_discovery:discover_packages(recursive) using defaults
[0.284s] Level 1:colcon.colcon_core.package_discovery:discover_packages(ignore) discover
[0.284s] Level 1:colcon.colcon_core.package_discovery:discover_packages(ignore) using defaults
[0.284s] Level 1:colcon.colcon_core.package_discovery:discover_packages(path) discover
[0.284s] Level 1:colcon.colcon_core.package_discovery:discover_packages(path) using defaults
[0.307s] Level 1:colcon.colcon_core.package_discovery:discover_packages(prefix_path) check parameters
[0.307s] Level 1:colcon.colcon_core.package_discovery:discover_packages(prefix_path) discover
[0.310s] DEBUG:colcon.colcon_installed_package_information.package_discovery:Found 5 installed packages in /home/dawn/ros2_ws/install
[0.312s] DEBUG:colcon.colcon_installed_package_information.package_discovery:Found 329 installed packages in /opt/ros/galactic
[0.313s] Level 1:colcon.colcon_core.package_discovery:discover_packages(prefix_path) using defaults
[0.394s] Level 5:colcon.colcon_core.verb:set package 'av_camera' build argument 'cmake_args' from command line to 'None'
[0.394s] Level 5:colcon.colcon_core.verb:set package 'av_camera' build argument 'cmake_target' from command line to 'None'
[0.394s] Level 5:colcon.colcon_core.verb:set package 'av_camera' build argument 'cmake_target_skip_unavailable' from command line to 'False'
[0.394s] Level 5:colcon.colcon_core.verb:set package 'av_camera' build argument 'cmake_clean_cache' from command line to 'False'
[0.394s] Level 5:colcon.colcon_core.verb:set package 'av_camera' build argument 'cmake_clean_first' from command line to 'False'
[0.394s] Level 5:colcon.colcon_core.verb:set package 'av_camera' build argument 'cmake_force_configure' from command line to 'False'
[0.394s] Level 5:colcon.colcon_core.verb:set package 'av_camera' build argument 'ament_cmake_args' from command line to 'None'
[0.394s] Level 5:colcon.colcon_core.verb:set package 'av_camera' build argument 'catkin_cmake_args' from command line to 'None'
[0.395s] Level 5:colcon.colcon_core.verb:set package 'av_camera' build argument 'catkin_skip_building_tests' from command line to 'False'
[0.395s] DEBUG:colcon.colcon_core.verb:Building package 'av_camera' with the following arguments: {'ament_cmake_args': None, 'build_base': '/home/dawn/ros2_ws/build/av_camera', 'catkin_cmake_args': None, 'catkin_skip_building_tests': False, 'cmake_args': None, 'cmake_clean_cache': False, 'cmake_clean_first': False, 'cmake_force_configure': False, 'cmake_target': None, 'cmake_target_skip_unavailable': False, 'install_base': '/home/dawn/ros2_ws/install/av_camera', 'merge_install': False, 'path': '/home/dawn/ros2_ws/src/enpm809y_fall2022/av_camera', 'symlink_install': False, 'test_result_base': None}
[0.395s] Level 5:colcon.colcon_core.verb:set package 'av_server' build argument 'cmake_args' from command line to 'None'
[0.395s] Level 5:colcon.colcon_core.verb:set package 'av_server' build argument 'cmake_target' from command line to 'None'
[0.395s] Level 5:colcon.colcon_core.verb:set package 'av_server' build argument 'cmake_target_skip_unavailable' from command line to 'False'
[0.395s] Level 5:colcon.colcon_core.verb:set package 'av_server' build argument 'cmake_clean_cache' from command line to 'False'
[0.395s] Level 5:colcon.colcon_core.verb:set package 'av_server' build argument 'cmake_clean_first' from command line to 'False'
[0.395s] Level 5:colcon.colcon_core.verb:set package 'av_server' build argument 'cmake_force_configure' from command line to 'False'
[0.395s] Level 5:colcon.colcon_core.verb:set package 'av_server' build argument 'ament_cmake_args' from command line to 'None'
[0.396s] Level 5:colcon.colcon_core.verb:set package 'av_server' build argument 'catkin_cmake_args' from command line to 'None'
[0.396s] Level 5:colcon.colcon_core.verb:set package 'av_server' build argument 'catkin_skip_building_tests' from command line to 'False'
[0.396s] DEBUG:colcon.colcon_core.verb:Building package 'av_server' with the following arguments: {'ament_cmake_args': None, 'build_base': '/home/dawn/ros2_ws/build/av_server', 'catkin_cmake_args': None, 'catkin_skip_building_tests': False, 'cmake_args': None, 'cmake_clean_cache': False, 'cmake_clean_first': False, 'cmake_force_configure': False, 'cmake_target': None, 'cmake_target_skip_unavailable': False, 'install_base': '/home/dawn/ros2_ws/install/av_server', 'merge_install': False, 'path': '/home/dawn/ros2_ws/src/enpm809y_fall2022/av_server', 'symlink_install': False, 'test_result_base': None}
[0.396s] Level 5:colcon.colcon_core.verb:set package 'av_server_multi' build argument 'cmake_args' from command line to 'None'
[0.396s] Level 5:colcon.colcon_core.verb:set package 'av_server_multi' build argument 'cmake_target' from command line to 'None'
[0.396s] Level 5:colcon.colcon_core.verb:set package 'av_server_multi' build argument 'cmake_target_skip_unavailable' from command line to 'False'
[0.396s] Level 5:colcon.colcon_core.verb:set package 'av_server_multi' build argument 'cmake_clean_cache' from command line to 'False'
[0.396s] Level 5:colcon.colcon_core.verb:set package 'av_server_multi' build argument 'cmake_clean_first' from command line to 'False'
[0.396s] Level 5:colcon.colcon_core.verb:set package 'av_server_multi' build argument 'cmake_force_configure' from command line to 'False'
[0.396s] Level 5:colcon.colcon_core.verb:set package 'av_server_multi' build argument 'ament_cmake_args' from command line to 'None'
[0.397s] Level 5:colcon.colcon_core.verb:set package 'av_server_multi' build argument 'catkin_cmake_args' from command line to 'None'
[0.397s] Level 5:colcon.colcon_core.verb:set package 'av_server_multi' build argument 'catkin_skip_building_tests' from command line to 'False'
[0.397s] DEBUG:colcon.colcon_core.verb:Building package 'av_server_multi' with the following arguments: {'ament_cmake_args': None, 'build_base': '/home/dawn/ros2_ws/build/av_server_multi', 'catkin_cmake_args': None, 'catkin_skip_building_tests': False, 'cmake_args': None, 'cmake_clean_cache': False, 'cmake_clean_first': False, 'cmake_force_configure': False, 'cmake_target': None, 'cmake_target_skip_unavailable': False, 'install_base': '/home/dawn/ros2_ws/install/av_server_multi', 'merge_install': False, 'path': '/home/dawn/ros2_ws/src/enpm809y_fall2022/av_server_multi', 'symlink_install': False, 'test_result_base': None}
[0.397s] Level 5:colcon.colcon_core.verb:set package 'first_package' build argument 'cmake_args' from command line to 'None'
[0.397s] Level 5:colcon.colcon_core.verb:set package 'first_package' build argument 'cmake_target' from command line to 'None'
[0.397s] Level 5:colcon.colcon_core.verb:set package 'first_package' build argument 'cmake_target_skip_unavailable' from command line to 'False'
[0.397s] Level 5:colcon.colcon_core.verb:set package 'first_package' build argument 'cmake_clean_cache' from command line to 'False'
[0.397s] Level 5:colcon.colcon_core.verb:set package 'first_package' build argument 'cmake_clean_first' from command line to 'False'
[0.397s] Level 5:colcon.colcon_core.verb:set package 'first_package' build argument 'cmake_force_configure' from command line to 'False'
[0.397s] Level 5:colcon.colcon_core.verb:set package 'first_package' build argument 'ament_cmake_args' from command line to 'None'
[0.397s] Level 5:colcon.colcon_core.verb:set package 'first_package' build argument 'catkin_cmake_args' from command line to 'None'
[0.397s] Level 5:colcon.colcon_core.verb:set package 'first_package' build argument 'catkin_skip_building_tests' from command line to 'False'
[0.398s] DEBUG:colcon.colcon_core.verb:Building package 'first_package' with the following arguments: {'ament_cmake_args': None, 'build_base': '/home/dawn/ros2_ws/build/first_package', 'catkin_cmake_args': None, 'catkin_skip_building_tests': False, 'cmake_args': None, 'cmake_clean_cache': False, 'cmake_clean_first': False, 'cmake_force_configure': False, 'cmake_target': None, 'cmake_target_skip_unavailable': False, 'install_base': '/home/dawn/ros2_ws/install/first_package', 'merge_install': False, 'path': '/home/dawn/ros2_ws/src/enpm809y_fall2022/first_package', 'symlink_install': False, 'test_result_base': None}
[0.398s] Level 5:colcon.colcon_core.verb:set package 'tb3' build argument 'cmake_args' from command line to 'None'
[0.398s] Level 5:colcon.colcon_core.verb:set package 'tb3' build argument 'cmake_target' from command line to 'None'
[0.398s] Level 5:colcon.colcon_core.verb:set package 'tb3' build argument 'cmake_target_skip_unavailable' from command line to 'False'
[0.398s] Level 5:colcon.colcon_core.verb:set package 'tb3' build argument 'cmake_clean_cache' from command line to 'False'
[0.398s] Level 5:colcon.colcon_core.verb:set package 'tb3' build argument 'cmake_clean_first' from command line to 'False'
[0.398s] Level 5:colcon.colcon_core.verb:set package 'tb3' build argument 'cmake_force_configure' from command line to 'False'
[0.398s] Level 5:colcon.colcon_core.verb:set package 'tb3' build argument 'ament_cmake_args' from command line to 'None'
[0.398s] Level 5:colcon.colcon_core.verb:set package 'tb3' build argument 'catkin_cmake_args' from command line to 'None'
[0.398s] Level 5:colcon.colcon_core.verb:set package 'tb3' build argument 'catkin_skip_building_tests' from command line to 'False'
[0.398s] DEBUG:colcon.colcon_core.verb:Building package 'tb3' with the following arguments: {'ament_cmake_args': None, 'build_base': '/home/dawn/ros2_ws/build/tb3', 'catkin_cmake_args': None, 'catkin_skip_building_tests': False, 'cmake_args': None, 'cmake_clean_cache': False, 'cmake_clean_first': False, 'cmake_force_configure': False, 'cmake_target': None, 'cmake_target_skip_unavailable': False, 'install_base': '/home/dawn/ros2_ws/install/tb3', 'merge_install': False, 'path': '/home/dawn/ros2_ws/src/enpm809y_fall2022/tb3', 'symlink_install': False, 'test_result_base': None}
[0.399s] INFO:colcon.colcon_core.executor:Executing jobs using 'parallel' executor
[0.403s] DEBUG:colcon.colcon_parallel_executor.executor.parallel:run_until_complete
[0.403s] INFO:colcon.colcon_ros.task.ament_cmake.build:Building ROS package in '/home/dawn/ros2_ws/src/enpm809y_fall2022/av_camera' with build type 'ament_cmake'
[0.403s] INFO:colcon.colcon_cmake.task.cmake.build:Building CMake package in '/home/dawn/ros2_ws/src/enpm809y_fall2022/av_camera'
[0.410s] INFO:colcon.colcon_core.plugin_system:Skipping extension 'colcon_core.shell.bat': Not used on non-Windows systems
[0.410s] INFO:colcon.colcon_core.shell:Skip shell extension 'powershell' for command environment: Not usable outside of PowerShell
[0.410s] DEBUG:colcon.colcon_core.shell:Skip shell extension 'dsv' for command environment
[0.416s] INFO:colcon.colcon_ros.task.ament_cmake.build:Building ROS package in '/home/dawn/ros2_ws/src/enpm809y_fall2022/av_server' with build type 'ament_cmake'
[0.416s] INFO:colcon.colcon_cmake.task.cmake.build:Building CMake package in '/home/dawn/ros2_ws/src/enpm809y_fall2022/av_server'
[0.417s] INFO:colcon.colcon_core.shell:Skip shell extension 'powershell' for command environment: Not usable outside of PowerShell
[0.417s] DEBUG:colcon.colcon_core.shell:Skip shell extension 'dsv' for command environment
[0.423s] INFO:colcon.colcon_ros.task.ament_cmake.build:Building ROS package in '/home/dawn/ros2_ws/src/enpm809y_fall2022/av_server_multi' with build type 'ament_cmake'
[0.423s] INFO:colcon.colcon_cmake.task.cmake.build:Building CMake package in '/home/dawn/ros2_ws/src/enpm809y_fall2022/av_server_multi'
[0.424s] INFO:colcon.colcon_core.shell:Skip shell extension 'powershell' for command environment: Not usable outside of PowerShell
[0.424s] DEBUG:colcon.colcon_core.shell:Skip shell extension 'dsv' for command environment
[0.429s] INFO:colcon.colcon_ros.task.ament_cmake.build:Building ROS package in '/home/dawn/ros2_ws/src/enpm809y_fall2022/first_package' with build type 'ament_cmake'
[0.429s] INFO:colcon.colcon_cmake.task.cmake.build:Building CMake package in '/home/dawn/ros2_ws/src/enpm809y_fall2022/first_package'
[0.431s] INFO:colcon.colcon_core.shell:Skip shell extension 'powershell' for command environment: Not usable outside of PowerShell
[0.431s] DEBUG:colcon.colcon_core.shell:Skip shell extension 'dsv' for command environment
[0.439s] INFO:colcon.colcon_ros.task.ament_cmake.build:Building ROS package in '/home/dawn/ros2_ws/src/enpm809y_fall2022/tb3' with build type 'ament_cmake'
[0.439s] INFO:colcon.colcon_cmake.task.cmake.build:Building CMake package in '/home/dawn/ros2_ws/src/enpm809y_fall2022/tb3'
[0.440s] INFO:colcon.colcon_core.shell:Skip shell extension 'powershell' for command environment: Not usable outside of PowerShell
[0.440s] DEBUG:colcon.colcon_core.shell:Skip shell extension 'dsv' for command environment
[0.450s] DEBUG:colcon.colcon_core.event_handler.log_command:Invoking command in '/home/dawn/ros2_ws/build/av_camera': CMAKE_PREFIX_PATH=${CMAKE_PREFIX_PATH}:/opt/ros/galactic /usr/bin/cmake --build /home/dawn/ros2_ws/build/av_camera -- -j16 -l16
[0.459s] DEBUG:colcon.colcon_core.event_handler.log_command:Invoking command in '/home/dawn/ros2_ws/build/av_server': CMAKE_PREFIX_PATH=${CMAKE_PREFIX_PATH}:/opt/ros/galactic /usr/bin/cmake --build /home/dawn/ros2_ws/build/av_server -- -j16 -l16
[0.463s] DEBUG:colcon.colcon_core.event_handler.log_command:Invoking command in '/home/dawn/ros2_ws/build/av_server_multi': CMAKE_PREFIX_PATH=${CMAKE_PREFIX_PATH}:/opt/ros/galactic /usr/bin/cmake --build /home/dawn/ros2_ws/build/av_server_multi -- -j16 -l16
[0.468s] DEBUG:colcon.colcon_core.event_handler.log_command:Invoking command in '/home/dawn/ros2_ws/build/first_package': CMAKE_PREFIX_PATH=${CMAKE_PREFIX_PATH}:/opt/ros/galactic /usr/bin/cmake --build /home/dawn/ros2_ws/build/first_package -- -j16 -l16
[0.474s] DEBUG:colcon.colcon_core.event_handler.log_command:Invoking command in '/home/dawn/ros2_ws/build/tb3': CMAKE_PREFIX_PATH=${CMAKE_PREFIX_PATH}:/opt/ros/galactic /usr/bin/cmake --build /home/dawn/ros2_ws/build/tb3 -- -j16 -l16
[0.578s] DEBUG:colcon.colcon_core.event_handler.log_command:Invoked command in '/home/dawn/ros2_ws/build/tb3' returned '0': CMAKE_PREFIX_PATH=${CMAKE_PREFIX_PATH}:/opt/ros/galactic /usr/bin/cmake --build /home/dawn/ros2_ws/build/tb3 -- -j16 -l16
[0.583s] DEBUG:colcon.colcon_core.event_handler.log_command:Invoked command in '/home/dawn/ros2_ws/build/first_package' returned '0': CMAKE_PREFIX_PATH=${CMAKE_PREFIX_PATH}:/opt/ros/galactic /usr/bin/cmake --build /home/dawn/ros2_ws/build/first_package -- -j16 -l16
[0.584s] DEBUG:colcon.colcon_core.event_handler.log_command:Invoked command in '/home/dawn/ros2_ws/build/av_server_multi' returned '0': CMAKE_PREFIX_PATH=${CMAKE_PREFIX_PATH}:/opt/ros/galactic /usr/bin/cmake --build /home/dawn/ros2_ws/build/av_server_multi -- -j16 -l16
[0.586s] DEBUG:colcon.colcon_core.event_handler.log_command:Invoked command in '/home/dawn/ros2_ws/build/av_server' returned '0': CMAKE_PREFIX_PATH=${CMAKE_PREFIX_PATH}:/opt/ros/galactic /usr/bin/cmake --build /home/dawn/ros2_ws/build/av_server -- -j16 -l16
[0.589s] DEBUG:colcon.colcon_core.event_handler.log_command:Invoked command in '/home/dawn/ros2_ws/build/av_camera' returned '0': CMAKE_PREFIX_PATH=${CMAKE_PREFIX_PATH}:/opt/ros/galactic /usr/bin/cmake --build /home/dawn/ros2_ws/build/av_camera -- -j16 -l16
[0.616s] DEBUG:colcon.colcon_core.event_handler.log_command:Invoking command in '/home/dawn/ros2_ws/build/tb3': CMAKE_PREFIX_PATH=${CMAKE_PREFIX_PATH}:/opt/ros/galactic /usr/bin/cmake --install /home/dawn/ros2_ws/build/tb3
[0.620s] DEBUG:colcon.colcon_core.event_handler.log_command:Invoking command in '/home/dawn/ros2_ws/build/first_package': CMAKE_PREFIX_PATH=${CMAKE_PREFIX_PATH}:/opt/ros/galactic /usr/bin/cmake --install /home/dawn/ros2_ws/build/first_package
[0.623s] DEBUG:colcon.colcon_core.event_handler.log_command:Invoking command in '/home/dawn/ros2_ws/build/av_server_multi': CMAKE_PREFIX_PATH=${CMAKE_PREFIX_PATH}:/opt/ros/galactic /usr/bin/cmake --install /home/dawn/ros2_ws/build/av_server_multi
[0.625s] DEBUG:colcon.colcon_core.event_handler.log_command:Invoking command in '/home/dawn/ros2_ws/build/av_camera': CMAKE_PREFIX_PATH=${CMAKE_PREFIX_PATH}:/opt/ros/galactic /usr/bin/cmake --install /home/dawn/ros2_ws/build/av_camera
[0.628s] DEBUG:colcon.colcon_core.event_handler.log_command:Invoking command in '/home/dawn/ros2_ws/build/av_server': CMAKE_PREFIX_PATH=${CMAKE_PREFIX_PATH}:/opt/ros/galactic /usr/bin/cmake --install /home/dawn/ros2_ws/build/av_server
[0.636s] Level 1:colcon.colcon_core.environment:create_environment_scripts_only(first_package)
[0.646s] DEBUG:colcon.colcon_core.event_handler.log_command:Invoked command in '/home/dawn/ros2_ws/build/first_package' returned '0': CMAKE_PREFIX_PATH=${CMAKE_PREFIX_PATH}:/opt/ros/galactic /usr/bin/cmake --install /home/dawn/ros2_ws/build/first_package
[0.653s] Level 1:colcon.colcon_core.environment:checking '/home/dawn/ros2_ws/install/first_package' for CMake module files
[0.654s] Level 1:colcon.colcon_core.environment:checking '/home/dawn/ros2_ws/install/first_package' for CMake config files
[0.654s] Level 1:colcon.colcon_core.shell:create_environment_hook('first_package', 'cmake_prefix_path')
[0.655s] INFO:colcon.colcon_core.shell:Creating environment hook '/home/dawn/ros2_ws/install/first_package/share/first_package/hook/cmake_prefix_path.ps1'
[0.656s] INFO:colcon.colcon_core.shell:Creating environment descriptor '/home/dawn/ros2_ws/install/first_package/share/first_package/hook/cmake_prefix_path.dsv'
[0.657s] INFO:colcon.colcon_core.shell:Creating environment hook '/home/dawn/ros2_ws/install/first_package/share/first_package/hook/cmake_prefix_path.sh'
[0.658s] Level 1:colcon.colcon_core.environment:checking '/home/dawn/ros2_ws/install/first_package/lib'
[0.658s] Level 1:colcon.colcon_core.environment:checking '/home/dawn/ros2_ws/install/first_package/bin'
[0.658s] Level 1:colcon.colcon_core.environment:checking '/home/dawn/ros2_ws/install/first_package/lib/pkgconfig/first_package.pc'
[0.659s] Level 1:colcon.colcon_core.environment:checking '/home/dawn/ros2_ws/install/first_package/lib/python3.8/site-packages'
[0.659s] Level 1:colcon.colcon_core.environment:checking '/home/dawn/ros2_ws/install/first_package/bin'
[0.660s] INFO:colcon.colcon_core.shell:Creating package script '/home/dawn/ros2_ws/install/first_package/share/first_package/package.ps1'
[0.661s] INFO:colcon.colcon_core.shell:Creating package descriptor '/home/dawn/ros2_ws/install/first_package/share/first_package/package.dsv'
[0.662s] INFO:colcon.colcon_core.shell:Creating package script '/home/dawn/ros2_ws/install/first_package/share/first_package/package.sh'
[0.662s] INFO:colcon.colcon_core.shell:Creating package script '/home/dawn/ros2_ws/install/first_package/share/first_package/package.bash'
[0.663s] INFO:colcon.colcon_core.shell:Creating package script '/home/dawn/ros2_ws/install/first_package/share/first_package/package.zsh'
[0.664s] Level 1:colcon.colcon_core.environment:create_file_with_runtime_dependencies(/home/dawn/ros2_ws/install/first_package/share/colcon-core/packages/first_package)
[0.667s] Level 1:colcon.colcon_core.environment:create_environment_scripts_only(av_server_multi)
[0.669s] Level 1:colcon.colcon_core.environment:checking '/home/dawn/ros2_ws/install/av_server_multi' for CMake module files
[0.670s] DEBUG:colcon.colcon_core.event_handler.log_command:Invoked command in '/home/dawn/ros2_ws/build/av_server_multi' returned '0': CMAKE_PREFIX_PATH=${CMAKE_PREFIX_PATH}:/opt/ros/galactic /usr/bin/cmake --install /home/dawn/ros2_ws/build/av_server_multi
[0.671s] Level 1:colcon.colcon_core.environment:checking '/home/dawn/ros2_ws/install/av_server_multi' for CMake config files
[0.671s] Level 1:colcon.colcon_core.shell:create_environment_hook('av_server_multi', 'cmake_prefix_path')
[0.672s] INFO:colcon.colcon_core.shell:Creating environment hook '/home/dawn/ros2_ws/install/av_server_multi/share/av_server_multi/hook/cmake_prefix_path.ps1'
[0.673s] INFO:colcon.colcon_core.shell:Creating environment descriptor '/home/dawn/ros2_ws/install/av_server_multi/share/av_server_multi/hook/cmake_prefix_path.dsv'
[0.673s] INFO:colcon.colcon_core.shell:Creating environment hook '/home/dawn/ros2_ws/install/av_server_multi/share/av_server_multi/hook/cmake_prefix_path.sh'
[0.673s] Level 1:colcon.colcon_core.environment:checking '/home/dawn/ros2_ws/install/av_server_multi/lib'
[0.673s] Level 1:colcon.colcon_core.environment:checking '/home/dawn/ros2_ws/install/av_server_multi/bin'
[0.673s] Level 1:colcon.colcon_core.environment:checking '/home/dawn/ros2_ws/install/av_server_multi/lib/pkgconfig/av_server_multi.pc'
[0.674s] Level 1:colcon.colcon_core.environment:checking '/home/dawn/ros2_ws/install/av_server_multi/lib/python3.8/site-packages'
[0.674s] Level 1:colcon.colcon_core.environment:checking '/home/dawn/ros2_ws/install/av_server_multi/bin'
[0.675s] INFO:colcon.colcon_core.shell:Creating package script '/home/dawn/ros2_ws/install/av_server_multi/share/av_server_multi/package.ps1'
[0.675s] INFO:colcon.colcon_core.shell:Creating package descriptor '/home/dawn/ros2_ws/install/av_server_multi/share/av_server_multi/package.dsv'
[0.676s] INFO:colcon.colcon_core.shell:Creating package script '/home/dawn/ros2_ws/install/av_server_multi/share/av_server_multi/package.sh'
[0.676s] INFO:colcon.colcon_core.shell:Creating package script '/home/dawn/ros2_ws/install/av_server_multi/share/av_server_multi/package.bash'
[0.676s] INFO:colcon.colcon_core.shell:Creating package script '/home/dawn/ros2_ws/install/av_server_multi/share/av_server_multi/package.zsh'
[0.677s] Level 1:colcon.colcon_core.environment:create_file_with_runtime_dependencies(/home/dawn/ros2_ws/install/av_server_multi/share/colcon-core/packages/av_server_multi)
[0.679s] Level 1:colcon.colcon_core.environment:create_environment_scripts_only(tb3)
[0.681s] Level 1:colcon.colcon_core.environment:checking '/home/dawn/ros2_ws/install/tb3' for CMake module files
[0.682s] DEBUG:colcon.colcon_core.event_handler.log_command:Invoked command in '/home/dawn/ros2_ws/build/tb3' returned '0': CMAKE_PREFIX_PATH=${CMAKE_PREFIX_PATH}:/opt/ros/galactic /usr/bin/cmake --install /home/dawn/ros2_ws/build/tb3
[0.682s] Level 1:colcon.colcon_core.environment:checking '/home/dawn/ros2_ws/install/tb3' for CMake config files
[0.682s] Level 1:colcon.colcon_core.shell:create_environment_hook('tb3', 'cmake_prefix_path')
[0.684s] INFO:colcon.colcon_core.shell:Creating environment hook '/home/dawn/ros2_ws/install/tb3/share/tb3/hook/cmake_prefix_path.ps1'
[0.684s] INFO:colcon.colcon_core.shell:Creating environment descriptor '/home/dawn/ros2_ws/install/tb3/share/tb3/hook/cmake_prefix_path.dsv'
[0.684s] INFO:colcon.colcon_core.shell:Creating environment hook '/home/dawn/ros2_ws/install/tb3/share/tb3/hook/cmake_prefix_path.sh'
[0.685s] Level 1:colcon.colcon_core.environment:checking '/home/dawn/ros2_ws/install/tb3/lib'
[0.685s] Level 1:colcon.colcon_core.environment:checking '/home/dawn/ros2_ws/install/tb3/bin'
[0.685s] Level 1:colcon.colcon_core.environment:checking '/home/dawn/ros2_ws/install/tb3/lib/pkgconfig/tb3.pc'
[0.685s] Level 1:colcon.colcon_core.environment:checking '/home/dawn/ros2_ws/install/tb3/lib/python3.8/site-packages'
[0.685s] Level 1:colcon.colcon_core.environment:checking '/home/dawn/ros2_ws/install/tb3/bin'
[0.687s] INFO:colcon.colcon_core.shell:Creating package script '/home/dawn/ros2_ws/install/tb3/share/tb3/package.ps1'
[0.687s] INFO:colcon.colcon_core.shell:Creating package descriptor '/home/dawn/ros2_ws/install/tb3/share/tb3/package.dsv'
[0.687s] INFO:colcon.colcon_core.shell:Creating package script '/home/dawn/ros2_ws/install/tb3/share/tb3/package.sh'
[0.688s] INFO:colcon.colcon_core.shell:Creating package script '/home/dawn/ros2_ws/install/tb3/share/tb3/package.bash'
[0.688s] INFO:colcon.colcon_core.shell:Creating package script '/home/dawn/ros2_ws/install/tb3/share/tb3/package.zsh'
[0.688s] Level 1:colcon.colcon_core.environment:create_file_with_runtime_dependencies(/home/dawn/ros2_ws/install/tb3/share/colcon-core/packages/tb3)
[0.692s] Level 1:colcon.colcon_core.environment:create_environment_scripts_only(av_server)
[0.694s] Level 1:colcon.colcon_core.environment:checking '/home/dawn/ros2_ws/install/av_server' for CMake module files
[0.694s] DEBUG:colcon.colcon_core.event_handler.log_command:Invoked command in '/home/dawn/ros2_ws/build/av_server' returned '0': CMAKE_PREFIX_PATH=${CMAKE_PREFIX_PATH}:/opt/ros/galactic /usr/bin/cmake --install /home/dawn/ros2_ws/build/av_server
[0.695s] Level 1:colcon.colcon_core.environment:checking '/home/dawn/ros2_ws/install/av_server' for CMake config files
[0.695s] Level 1:colcon.colcon_core.shell:create_environment_hook('av_server', 'cmake_prefix_path')
[0.696s] INFO:colcon.colcon_core.shell:Creating environment hook '/home/dawn/ros2_ws/install/av_server/share/av_server/hook/cmake_prefix_path.ps1'
[0.697s] INFO:colcon.colcon_core.shell:Creating environment descriptor '/home/dawn/ros2_ws/install/av_server/share/av_server/hook/cmake_prefix_path.dsv'
[0.697s] INFO:colcon.colcon_core.shell:Creating environment hook '/home/dawn/ros2_ws/install/av_server/share/av_server/hook/cmake_prefix_path.sh'
[0.697s] Level 1:colcon.colcon_core.environment:checking '/home/dawn/ros2_ws/install/av_server/lib'
[0.698s] Level 1:colcon.colcon_core.environment:checking '/home/dawn/ros2_ws/install/av_server/bin'
[0.698s] Level 1:colcon.colcon_core.environment:checking '/home/dawn/ros2_ws/install/av_server/lib/pkgconfig/av_server.pc'
[0.698s] Level 1:colcon.colcon_core.environment:checking '/home/dawn/ros2_ws/install/av_server/lib/python3.8/site-packages'
[0.698s] Level 1:colcon.colcon_core.environment:checking '/home/dawn/ros2_ws/install/av_server/bin'
[0.699s] INFO:colcon.colcon_core.shell:Creating package script '/home/dawn/ros2_ws/install/av_server/share/av_server/package.ps1'
[0.700s] INFO:colcon.colcon_core.shell:Creating package descriptor '/home/dawn/ros2_ws/install/av_server/share/av_server/package.dsv'
[0.700s] INFO:colcon.colcon_core.shell:Creating package script '/home/dawn/ros2_ws/install/av_server/share/av_server/package.sh'
[0.700s] INFO:colcon.colcon_core.shell:Creating package script '/home/dawn/ros2_ws/install/av_server/share/av_server/package.bash'
[0.701s] INFO:colcon.colcon_core.shell:Creating package script '/home/dawn/ros2_ws/install/av_server/share/av_server/package.zsh'
[0.701s] Level 1:colcon.colcon_core.environment:create_file_with_runtime_dependencies(/home/dawn/ros2_ws/install/av_server/share/colcon-core/packages/av_server)
[0.703s] Level 1:colcon.colcon_core.environment:create_environment_scripts_only(av_camera)
[0.706s] Level 1:colcon.colcon_core.environment:checking '/home/dawn/ros2_ws/install/av_camera' for CMake module files
[0.706s] DEBUG:colcon.colcon_core.event_handler.log_command:Invoked command in '/home/dawn/ros2_ws/build/av_camera' returned '0': CMAKE_PREFIX_PATH=${CMAKE_PREFIX_PATH}:/opt/ros/galactic /usr/bin/cmake --install /home/dawn/ros2_ws/build/av_camera
[0.707s] Level 1:colcon.colcon_core.environment:checking '/home/dawn/ros2_ws/install/av_camera' for CMake config files
[0.707s] Level 1:colcon.colcon_core.shell:create_environment_hook('av_camera', 'cmake_prefix_path')
[0.708s] INFO:colcon.colcon_core.shell:Creating environment hook '/home/dawn/ros2_ws/install/av_camera/share/av_camera/hook/cmake_prefix_path.ps1'
[0.709s] INFO:colcon.colcon_core.shell:Creating environment descriptor '/home/dawn/ros2_ws/install/av_camera/share/av_camera/hook/cmake_prefix_path.dsv'
[0.709s] INFO:colcon.colcon_core.shell:Creating environment hook '/home/dawn/ros2_ws/install/av_camera/share/av_camera/hook/cmake_prefix_path.sh'
[0.710s] Level 1:colcon.colcon_core.environment:checking '/home/dawn/ros2_ws/install/av_camera/lib'
[0.710s] Level 1:colcon.colcon_core.environment:checking '/home/dawn/ros2_ws/install/av_camera/bin'
[0.710s] Level 1:colcon.colcon_core.environment:checking '/home/dawn/ros2_ws/install/av_camera/lib/pkgconfig/av_camera.pc'
[0.710s] Level 1:colcon.colcon_core.environment:checking '/home/dawn/ros2_ws/install/av_camera/lib/python3.8/site-packages'
[0.710s] Level 1:colcon.colcon_core.environment:checking '/home/dawn/ros2_ws/install/av_camera/bin'
[0.711s] INFO:colcon.colcon_core.shell:Creating package script '/home/dawn/ros2_ws/install/av_camera/share/av_camera/package.ps1'
[0.712s] INFO:colcon.colcon_core.shell:Creating package descriptor '/home/dawn/ros2_ws/install/av_camera/share/av_camera/package.dsv'
[0.712s] INFO:colcon.colcon_core.shell:Creating package script '/home/dawn/ros2_ws/install/av_camera/share/av_camera/package.sh'
[0.713s] INFO:colcon.colcon_core.shell:Creating package script '/home/dawn/ros2_ws/install/av_camera/share/av_camera/package.bash'
[0.713s] INFO:colcon.colcon_core.shell:Creating package script '/home/dawn/ros2_ws/install/av_camera/share/av_camera/package.zsh'
[0.713s] Level 1:colcon.colcon_core.environment:create_file_with_runtime_dependencies(/home/dawn/ros2_ws/install/av_camera/share/colcon-core/packages/av_camera)
[0.718s] Level 1:colcon.colcon_core.environment:create_environment_scripts_only(first_package)
[0.720s] Level 1:colcon.colcon_core.environment:checking '/home/dawn/ros2_ws/install/first_package' for CMake module files
[0.720s] Level 1:colcon.colcon_core.environment:checking '/home/dawn/ros2_ws/install/first_package' for CMake config files
[0.721s] Level 1:colcon.colcon_core.shell:create_environment_hook('first_package', 'cmake_prefix_path')
[0.722s] INFO:colcon.colcon_core.shell:Creating environment hook '/home/dawn/ros2_ws/install/first_package/share/first_package/hook/cmake_prefix_path.ps1'
[0.722s] INFO:colcon.colcon_core.shell:Creating environment descriptor '/home/dawn/ros2_ws/install/first_package/share/first_package/hook/cmake_prefix_path.dsv'
[0.723s] INFO:colcon.colcon_core.shell:Creating environment hook '/home/dawn/ros2_ws/install/first_package/share/first_package/hook/cmake_prefix_path.sh'
[0.723s] Level 1:colcon.colcon_core.environment:checking '/home/dawn/ros2_ws/install/first_package/lib'
[0.723s] Level 1:colcon.colcon_core.environment:checking '/home/dawn/ros2_ws/install/first_package/bin'
[0.723s] Level 1:colcon.colcon_core.environment:checking '/home/dawn/ros2_ws/install/first_package/lib/pkgconfig/first_package.pc'
[0.723s] Level 1:colcon.colcon_core.environment:checking '/home/dawn/ros2_ws/install/first_package/lib/python3.8/site-packages'
[0.723s] Level 1:colcon.colcon_core.environment:checking '/home/dawn/ros2_ws/install/first_package/bin'
[0.725s] INFO:colcon.colcon_core.shell:Creating package script '/home/dawn/ros2_ws/install/first_package/share/first_package/package.ps1'
[0.725s] INFO:colcon.colcon_core.shell:Creating package descriptor '/home/dawn/ros2_ws/install/first_package/share/first_package/package.dsv'
[0.726s] INFO:colcon.colcon_core.shell:Creating package script '/home/dawn/ros2_ws/install/first_package/share/first_package/package.sh'
[0.726s] INFO:colcon.colcon_core.shell:Creating package script '/home/dawn/ros2_ws/install/first_package/share/first_package/package.bash'
[0.726s] INFO:colcon.colcon_core.shell:Creating package script '/home/dawn/ros2_ws/install/first_package/share/first_package/package.zsh'
[0.727s] Level 1:colcon.colcon_core.environment:create_file_with_runtime_dependencies(/home/dawn/ros2_ws/install/first_package/share/colcon-core/packages/first_package)
[0.729s] Level 1:colcon.colcon_core.environment:create_environment_scripts_only(av_server_multi)
[0.731s] Level 1:colcon.colcon_core.environment:checking '/home/dawn/ros2_ws/install/av_server_multi' for CMake module files
[0.731s] Level 1:colcon.colcon_core.environment:checking '/home/dawn/ros2_ws/install/av_server_multi' for CMake config files
[0.732s] Level 1:colcon.colcon_core.shell:create_environment_hook('av_server_multi', 'cmake_prefix_path')
[0.733s] INFO:colcon.colcon_core.shell:Creating environment hook '/home/dawn/ros2_ws/install/av_server_multi/share/av_server_multi/hook/cmake_prefix_path.ps1'
[0.733s] INFO:colcon.colcon_core.shell:Creating environment descriptor '/home/dawn/ros2_ws/install/av_server_multi/share/av_server_multi/hook/cmake_prefix_path.dsv'
[0.733s] INFO:colcon.colcon_core.shell:Creating environment hook '/home/dawn/ros2_ws/install/av_server_multi/share/av_server_multi/hook/cmake_prefix_path.sh'
[0.734s] Level 1:colcon.colcon_core.environment:checking '/home/dawn/ros2_ws/install/av_server_multi/lib'
[0.734s] Level 1:colcon.colcon_core.environment:checking '/home/dawn/ros2_ws/install/av_server_multi/bin'
[0.734s] Level 1:colcon.colcon_core.environment:checking '/home/dawn/ros2_ws/install/av_server_multi/lib/pkgconfig/av_server_multi.pc'
[0.734s] Level 1:colcon.colcon_core.environment:checking '/home/dawn/ros2_ws/install/av_server_multi/lib/python3.8/site-packages'
[0.734s] Level 1:colcon.colcon_core.environment:checking '/home/dawn/ros2_ws/install/av_server_multi/bin'
[0.736s] INFO:colcon.colcon_core.shell:Creating package script '/home/dawn/ros2_ws/install/av_server_multi/share/av_server_multi/package.ps1'
[0.736s] INFO:colcon.colcon_core.shell:Creating package descriptor '/home/dawn/ros2_ws/install/av_server_multi/share/av_server_multi/package.dsv'
[0.736s] INFO:colcon.colcon_core.shell:Creating package script '/home/dawn/ros2_ws/install/av_server_multi/share/av_server_multi/package.sh'
[0.737s] INFO:colcon.colcon_core.shell:Creating package script '/home/dawn/ros2_ws/install/av_server_multi/share/av_server_multi/package.bash'
[0.737s] INFO:colcon.colcon_core.shell:Creating package script '/home/dawn/ros2_ws/install/av_server_multi/share/av_server_multi/package.zsh'
[0.738s] Level 1:colcon.colcon_core.environment:create_file_with_runtime_dependencies(/home/dawn/ros2_ws/install/av_server_multi/share/colcon-core/packages/av_server_multi)
[0.739s] Level 1:colcon.colcon_core.environment:create_environment_scripts_only(tb3)
[0.741s] Level 1:colcon.colcon_core.environment:checking '/home/dawn/ros2_ws/install/tb3' for CMake module files
[0.742s] Level 1:colcon.colcon_core.environment:checking '/home/dawn/ros2_ws/install/tb3' for CMake config files
[0.742s] Level 1:colcon.colcon_core.shell:create_environment_hook('tb3', 'cmake_prefix_path')
[0.743s] INFO:colcon.colcon_core.shell:Creating environment hook '/home/dawn/ros2_ws/install/tb3/share/tb3/hook/cmake_prefix_path.ps1'
[0.743s] INFO:colcon.colcon_core.shell:Creating environment descriptor '/home/dawn/ros2_ws/install/tb3/share/tb3/hook/cmake_prefix_path.dsv'
[0.743s] INFO:colcon.colcon_core.shell:Creating environment hook '/home/dawn/ros2_ws/install/tb3/share/tb3/hook/cmake_prefix_path.sh'
[0.744s] Level 1:colcon.colcon_core.environment:checking '/home/dawn/ros2_ws/install/tb3/lib'
[0.744s] Level 1:colcon.colcon_core.environment:checking '/home/dawn/ros2_ws/install/tb3/bin'
[0.744s] Level 1:colcon.colcon_core.environment:checking '/home/dawn/ros2_ws/install/tb3/lib/pkgconfig/tb3.pc'
[0.744s] Level 1:colcon.colcon_core.environment:checking '/home/dawn/ros2_ws/install/tb3/lib/python3.8/site-packages'
[0.744s] Level 1:colcon.colcon_core.environment:checking '/home/dawn/ros2_ws/install/tb3/bin'
[0.746s] INFO:colcon.colcon_core.shell:Creating package script '/home/dawn/ros2_ws/install/tb3/share/tb3/package.ps1'
[0.746s] INFO:colcon.colcon_core.shell:Creating package descriptor '/home/dawn/ros2_ws/install/tb3/share/tb3/package.dsv'
[0.746s] INFO:colcon.colcon_core.shell:Creating package script '/home/dawn/ros2_ws/install/tb3/share/tb3/package.sh'
[0.747s] INFO:colcon.colcon_core.shell:Creating package script '/home/dawn/ros2_ws/install/tb3/share/tb3/package.bash'
[0.747s] INFO:colcon.colcon_core.shell:Creating package script '/home/dawn/ros2_ws/install/tb3/share/tb3/package.zsh'
[0.747s] Level 1:colcon.colcon_core.environment:create_file_with_runtime_dependencies(/home/dawn/ros2_ws/install/tb3/share/colcon-core/packages/tb3)
[0.749s] Level 1:colcon.colcon_core.environment:create_environment_scripts_only(av_server)
[0.751s] Level 1:colcon.colcon_core.environment:checking '/home/dawn/ros2_ws/install/av_server' for CMake module files
[0.751s] Level 1:colcon.colcon_core.environment:checking '/home/dawn/ros2_ws/install/av_server' for CMake config files
[0.752s] Level 1:colcon.colcon_core.shell:create_environment_hook('av_server', 'cmake_prefix_path')
[0.753s] INFO:colcon.colcon_core.shell:Creating environment hook '/home/dawn/ros2_ws/install/av_server/share/av_server/hook/cmake_prefix_path.ps1'
[0.753s] INFO:colcon.colcon_core.shell:Creating environment descriptor '/home/dawn/ros2_ws/install/av_server/share/av_server/hook/cmake_prefix_path.dsv'
[0.754s] INFO:colcon.colcon_core.shell:Creating environment hook '/home/dawn/ros2_ws/install/av_server/share/av_server/hook/cmake_prefix_path.sh'
[0.754s] Level 1:colcon.colcon_core.environment:checking '/home/dawn/ros2_ws/install/av_server/lib'
[0.754s] Level 1:colcon.colcon_core.environment:checking '/home/dawn/ros2_ws/install/av_server/bin'
[0.754s] Level 1:colcon.colcon_core.environment:checking '/home/dawn/ros2_ws/install/av_server/lib/pkgconfig/av_server.pc'
[0.755s] Level 1:colcon.colcon_core.environment:checking '/home/dawn/ros2_ws/install/av_server/lib/python3.8/site-packages'
[0.755s] Level 1:colcon.colcon_core.environment:checking '/home/dawn/ros2_ws/install/av_server/bin'
[0.756s] INFO:colcon.colcon_core.shell:Creating package script '/home/dawn/ros2_ws/install/av_server/share/av_server/package.ps1'
[0.757s] INFO:colcon.colcon_core.shell:Creating package descriptor '/home/dawn/ros2_ws/install/av_server/share/av_server/package.dsv'
[0.757s] INFO:colcon.colcon_core.shell:Creating package script '/home/dawn/ros2_ws/install/av_server/share/av_server/package.sh'
[0.757s] INFO:colcon.colcon_core.shell:Creating package script '/home/dawn/ros2_ws/install/av_server/share/av_server/package.bash'
[0.758s] INFO:colcon.colcon_core.shell:Creating package script '/home/dawn/ros2_ws/install/av_server/share/av_server/package.zsh'
[0.758s] Level 1:colcon.colcon_core.environment:create_file_with_runtime_dependencies(/home/dawn/ros2_ws/install/av_server/share/colcon-core/packages/av_server)
[0.760s] Level 1:colcon.colcon_core.environment:create_environment_scripts_only(av_camera)
[0.762s] Level 1:colcon.colcon_core.environment:checking '/home/dawn/ros2_ws/install/av_camera' for CMake module files
[0.763s] Level 1:colcon.colcon_core.environment:checking '/home/dawn/ros2_ws/install/av_camera' for CMake config files
[0.763s] Level 1:colcon.colcon_core.shell:create_environment_hook('av_camera', 'cmake_prefix_path')
[0.765s] INFO:colcon.colcon_core.shell:Creating environment hook '/home/dawn/ros2_ws/install/av_camera/share/av_camera/hook/cmake_prefix_path.ps1'
[0.765s] INFO:colcon.colcon_core.shell:Creating environment descriptor '/home/dawn/ros2_ws/install/av_camera/share/av_camera/hook/cmake_prefix_path.dsv'
[0.766s] INFO:colcon.colcon_core.shell:Creating environment hook '/home/dawn/ros2_ws/install/av_camera/share/av_camera/hook/cmake_prefix_path.sh'
[0.766s] Level 1:colcon.colcon_core.environment:checking '/home/dawn/ros2_ws/install/av_camera/lib'
[0.766s] Level 1:colcon.colcon_core.environment:checking '/home/dawn/ros2_ws/install/av_camera/bin'
[0.766s] Level 1:colcon.colcon_core.environment:checking '/home/dawn/ros2_ws/install/av_camera/lib/pkgconfig/av_camera.pc'
[0.766s] Level 1:colcon.colcon_core.environment:checking '/home/dawn/ros2_ws/install/av_camera/lib/python3.8/site-packages'
[0.767s] Level 1:colcon.colcon_core.environment:checking '/home/dawn/ros2_ws/install/av_camera/bin'
[0.768s] INFO:colcon.colcon_core.shell:Creating package script '/home/dawn/ros2_ws/install/av_camera/share/av_camera/package.ps1'
[0.769s] INFO:colcon.colcon_core.shell:Creating package descriptor '/home/dawn/ros2_ws/install/av_camera/share/av_camera/package.dsv'
[0.769s] INFO:colcon.colcon_core.shell:Creating package script '/home/dawn/ros2_ws/install/av_camera/share/av_camera/package.sh'
[0.769s] INFO:colcon.colcon_core.shell:Creating package script '/home/dawn/ros2_ws/install/av_camera/share/av_camera/package.bash'
[0.770s] INFO:colcon.colcon_core.shell:Creating package script '/home/dawn/ros2_ws/install/av_camera/share/av_camera/package.zsh'
[0.770s] Level 1:colcon.colcon_core.environment:create_file_with_runtime_dependencies(/home/dawn/ros2_ws/install/av_camera/share/colcon-core/packages/av_camera)
[0.770s] DEBUG:colcon.colcon_parallel_executor.executor.parallel:closing loop
[0.771s] DEBUG:colcon.colcon_parallel_executor.executor.parallel:loop closed
[0.771s] DEBUG:colcon.colcon_parallel_executor.executor.parallel:run_until_complete finished with '0'
[0.771s] DEBUG:colcon.colcon_core.event_reactor:joining thread
[0.780s] INFO:colcon.colcon_core.plugin_system:Skipping extension 'colcon_notification.desktop_notification.terminal_notifier': Not used on non-Darwin systems
[0.780s] INFO:colcon.colcon_core.plugin_system:Skipping extension 'colcon_notification.desktop_notification.win32': Not used on non-Windows systems
[0.780s] INFO:colcon.colcon_notification.desktop_notification:Sending desktop notification using 'notify2'
[0.802s] DEBUG:colcon.colcon_core.event_reactor:joined thread
[0.804s] INFO:colcon.colcon_core.shell:Creating prefix script '/home/dawn/ros2_ws/install/local_setup.ps1'
[0.806s] INFO:colcon.colcon_core.shell:Creating prefix util module '/home/dawn/ros2_ws/install/_local_setup_util_ps1.py'
[0.808s] INFO:colcon.colcon_core.shell:Creating prefix chain script '/home/dawn/ros2_ws/install/setup.ps1'
[0.810s] INFO:colcon.colcon_core.shell:Creating prefix script '/home/dawn/ros2_ws/install/local_setup.sh'
[0.811s] INFO:colcon.colcon_core.shell:Creating prefix util module '/home/dawn/ros2_ws/install/_local_setup_util_sh.py'
[0.811s] INFO:colcon.colcon_core.shell:Creating prefix chain script '/home/dawn/ros2_ws/install/setup.sh'
[0.813s] INFO:colcon.colcon_core.shell:Creating prefix script '/home/dawn/ros2_ws/install/local_setup.bash'
[0.814s] INFO:colcon.colcon_core.shell:Creating prefix chain script '/home/dawn/ros2_ws/install/setup.bash'
[0.815s] INFO:colcon.colcon_core.shell:Creating prefix script '/home/dawn/ros2_ws/install/local_setup.zsh'
[0.816s] INFO:colcon.colcon_core.shell:Creating prefix chain script '/home/dawn/ros2_ws/install/setup.zsh'
