[0.070s] Invoking command in '/home/dawn/final_ws/build/final_plugins': CMAKE_PREFIX_PATH=${CMAKE_PREFIX_PATH}:/home/dawn/final_ws/install/tb3_gazebo_spawner:/home/dawn/final_ws/install/ros2_aruco:/opt/ros/galactic /usr/bin/cmake --build /home/dawn/final_ws/build/final_plugins -- -j16 -l16
[0.559s] [100%] Built target disable_shadows_plugin
[0.564s] Invoked command in '/home/dawn/final_ws/build/final_plugins' returned '0': CMAKE_PREFIX_PATH=${CMAKE_PREFIX_PATH}:/home/dawn/final_ws/install/tb3_gazebo_spawner:/home/dawn/final_ws/install/ros2_aruco:/opt/ros/galactic /usr/bin/cmake --build /home/dawn/final_ws/build/final_plugins -- -j16 -l16
[0.615s] Invoking command in '/home/dawn/final_ws/build/final_plugins': CMAKE_PREFIX_PATH=${CMAKE_PREFIX_PATH}:/home/dawn/final_ws/install/tb3_gazebo_spawner:/home/dawn/final_ws/install/ros2_aruco:/opt/ros/galactic /usr/bin/cmake --install /home/dawn/final_ws/build/final_plugins
[0.639s] -- Install configuration: ""
[0.639s] -- Up-to-date: /home/dawn/final_ws/install/final_plugins/share/final_plugins/environment/library_path.sh
[0.639s] -- Up-to-date: /home/dawn/final_ws/install/final_plugins/share/final_plugins/environment/library_path.dsv
[0.639s] -- Up-to-date: /home/dawn/final_ws/install/final_plugins/share/ament_index/resource_index/package_run_dependencies/final_plugins
[0.639s] -- Up-to-date: /home/dawn/final_ws/install/final_plugins/share/ament_index/resource_index/parent_prefix_path/final_plugins
[0.639s] -- Up-to-date: /home/dawn/final_ws/install/final_plugins/share/final_plugins/environment/ament_prefix_path.sh
[0.639s] -- Up-to-date: /home/dawn/final_ws/install/final_plugins/share/final_plugins/environment/ament_prefix_path.dsv
[0.639s] -- Up-to-date: /home/dawn/final_ws/install/final_plugins/share/final_plugins/environment/path.sh
[0.639s] -- Up-to-date: /home/dawn/final_ws/install/final_plugins/share/final_plugins/environment/path.dsv
[0.639s] -- Up-to-date: /home/dawn/final_ws/install/final_plugins/share/final_plugins/local_setup.bash
[0.640s] -- Up-to-date: /home/dawn/final_ws/install/final_plugins/share/final_plugins/local_setup.sh
[0.640s] -- Up-to-date: /home/dawn/final_ws/install/final_plugins/share/final_plugins/local_setup.zsh
[0.640s] -- Up-to-date: /home/dawn/final_ws/install/final_plugins/share/final_plugins/local_setup.dsv
[0.640s] -- Installing: /home/dawn/final_ws/install/final_plugins/share/final_plugins/package.dsv
[0.640s] -- Up-to-date: /home/dawn/final_ws/install/final_plugins/share/ament_index/resource_index/packages/final_plugins
[0.640s] -- Up-to-date: /home/dawn/final_ws/install/final_plugins/share/final_plugins/cmake/ament_cmake_export_libraries-extras.cmake
[0.640s] -- Up-to-date: /home/dawn/final_ws/install/final_plugins/share/final_plugins/cmake/final_pluginsConfig.cmake
[0.640s] -- Up-to-date: /home/dawn/final_ws/install/final_plugins/share/final_plugins/cmake/final_pluginsConfig-version.cmake
[0.640s] -- Up-to-date: /home/dawn/final_ws/install/final_plugins/share/final_plugins/package.xml
[0.640s] -- Up-to-date: /home/dawn/final_ws/install/final_plugins/include
[0.640s] -- Up-to-date: /home/dawn/final_ws/install/final_plugins/include/disable_shadows_plugin.hpp
[0.640s] -- Up-to-date: /home/dawn/final_ws/install/final_plugins/lib/libdisable_shadows_plugin.so
[0.699s] Invoked command in '/home/dawn/final_ws/build/final_plugins' returned '0': CMAKE_PREFIX_PATH=${CMAKE_PREFIX_PATH}:/home/dawn/final_ws/install/tb3_gazebo_spawner:/home/dawn/final_ws/install/ros2_aruco:/opt/ros/galactic /usr/bin/cmake --install /home/dawn/final_ws/build/final_plugins
