-- Install configuration: "Release"
-- Up-to-date: /home/dawn/final_ws/install/tb3_bringup/share/tb3_bringup/launch
-- Up-to-date: /home/dawn/final_ws/install/tb3_bringup/share/tb3_bringup/launch/final.launch.py
-- Up-to-date: /home/dawn/final_ws/install/tb3_bringup/share/tb3_bringup/launch/navigation_launch.py
-- Up-to-date: /home/dawn/final_ws/install/tb3_bringup/share/tb3_bringup/launch/rviz_launch.py
-- Up-to-date: /home/dawn/final_ws/install/tb3_bringup/share/tb3_bringup/launch/spawn_tb3_launch.py
-- Up-to-date: /home/dawn/final_ws/install/tb3_bringup/share/tb3_bringup/launch/bringup_launch.py
-- Up-to-date: /home/dawn/final_ws/install/tb3_bringup/share/tb3_bringup/launch/slam_launch.py
-- Up-to-date: /home/dawn/final_ws/install/tb3_bringup/share/tb3_bringup/launch/tb3_simulation_launch.py
-- Up-to-date: /home/dawn/final_ws/install/tb3_bringup/share/tb3_bringup/launch/localization_launch.py
-- Up-to-date: /home/dawn/final_ws/install/tb3_bringup/share/tb3_bringup/maps
-- Up-to-date: /home/dawn/final_ws/install/tb3_bringup/share/tb3_bringup/maps/turtlebot3_world.yaml
-- Up-to-date: /home/dawn/final_ws/install/tb3_bringup/share/tb3_bringup/maps/turtlebot3_world.pgm
-- Up-to-date: /home/dawn/final_ws/install/tb3_bringup/share/tb3_bringup/rviz
-- Up-to-date: /home/dawn/final_ws/install/tb3_bringup/share/tb3_bringup/rviz/nav2_default_view.rviz
-- Up-to-date: /home/dawn/final_ws/install/tb3_bringup/share/tb3_bringup/rviz/robot1.rviz
-- Up-to-date: /home/dawn/final_ws/install/tb3_bringup/share/tb3_bringup/rviz/nav2_namespaced_view.rviz
-- Up-to-date: /home/dawn/final_ws/install/tb3_bringup/share/tb3_bringup/rviz/robots.rviz
-- Up-to-date: /home/dawn/final_ws/install/tb3_bringup/share/tb3_bringup/worlds
-- Up-to-date: /home/dawn/final_ws/install/tb3_bringup/share/tb3_bringup/worlds/world_only.model
-- Up-to-date: /home/dawn/final_ws/install/tb3_bringup/share/tb3_bringup/worlds/waffle.model
-- Up-to-date: /home/dawn/final_ws/install/tb3_bringup/share/tb3_bringup/worlds/empty_world.world
-- Up-to-date: /home/dawn/final_ws/install/tb3_bringup/share/tb3_bringup/params
-- Up-to-date: /home/dawn/final_ws/install/tb3_bringup/share/tb3_bringup/params/nav2_multirobot_params_1.yaml
-- Up-to-date: /home/dawn/final_ws/install/tb3_bringup/share/tb3_bringup/params/nav2_params.yaml
-- Up-to-date: /home/dawn/final_ws/install/tb3_bringup/share/tb3_bringup/params/nav2_multirobot_params_2.yaml
-- Up-to-date: /home/dawn/final_ws/install/tb3_bringup/share/tb3_bringup/params/nav2_multirobot_params_3yaml
-- Up-to-date: /home/dawn/final_ws/install/tb3_bringup/share/tb3_bringup/urdf
-- Up-to-date: /home/dawn/final_ws/install/tb3_bringup/share/tb3_bringup/urdf/turtlebot3_waffle.urdf
-- Up-to-date: /home/dawn/final_ws/install/tb3_bringup/share/ament_index/resource_index/package_run_dependencies/tb3_bringup
-- Up-to-date: /home/dawn/final_ws/install/tb3_bringup/share/ament_index/resource_index/parent_prefix_path/tb3_bringup
-- Up-to-date: /home/dawn/final_ws/install/tb3_bringup/share/tb3_bringup/environment/ament_prefix_path.sh
-- Up-to-date: /home/dawn/final_ws/install/tb3_bringup/share/tb3_bringup/environment/ament_prefix_path.dsv
-- Up-to-date: /home/dawn/final_ws/install/tb3_bringup/share/tb3_bringup/environment/path.sh
-- Up-to-date: /home/dawn/final_ws/install/tb3_bringup/share/tb3_bringup/environment/path.dsv
-- Up-to-date: /home/dawn/final_ws/install/tb3_bringup/share/tb3_bringup/local_setup.bash
-- Up-to-date: /home/dawn/final_ws/install/tb3_bringup/share/tb3_bringup/local_setup.sh
-- Up-to-date: /home/dawn/final_ws/install/tb3_bringup/share/tb3_bringup/local_setup.zsh
-- Up-to-date: /home/dawn/final_ws/install/tb3_bringup/share/tb3_bringup/local_setup.dsv
-- Up-to-date: /home/dawn/final_ws/install/tb3_bringup/share/tb3_bringup/package.dsv
-- Up-to-date: /home/dawn/final_ws/install/tb3_bringup/share/ament_index/resource_index/packages/tb3_bringup
-- Up-to-date: /home/dawn/final_ws/install/tb3_bringup/share/tb3_bringup/cmake/tb3_bringupConfig.cmake
-- Up-to-date: /home/dawn/final_ws/install/tb3_bringup/share/tb3_bringup/cmake/tb3_bringupConfig-version.cmake
-- Up-to-date: /home/dawn/final_ws/install/tb3_bringup/share/tb3_bringup/package.xml
