[0.056s] Invoking command in '/home/dawn/final_ws/build/tb3_bringup': CMAKE_PREFIX_PATH=/home/dawn/final_ws/install/tb3_gazebo:/home/dawn/final_ws/install/world_odom_broadcaster:/home/dawn/final_ws/install/tb3_bringup:/home/dawn/final_ws/install/target_reacher:/home/dawn/final_ws/install/ros2_aruco_interfaces:/home/dawn/final_ws/install/odom_updater:/home/dawn/final_ws/install/final_plugins:/home/dawn/final_ws/install/bot_controller:/home/dawn/ros2_ws/install/tb3:/home/dawn/ros2_ws/install/first_package:/home/dawn/ros2_ws/install/av_server_multi:/home/dawn/ros2_ws/install/av_server:/home/dawn/ros2_ws/install/av_camera:/home/dawn/final_ws/install/tb3_gazebo_spawner:/home/dawn/final_ws/install/ros2_aruco:/opt/ros/galactic /usr/bin/cmake --build /home/dawn/final_ws/build/tb3_bringup -- -j16 -l16
[0.101s] Invoked command in '/home/dawn/final_ws/build/tb3_bringup' returned '0': CMAKE_PREFIX_PATH=/home/dawn/final_ws/install/tb3_gazebo:/home/dawn/final_ws/install/world_odom_broadcaster:/home/dawn/final_ws/install/tb3_bringup:/home/dawn/final_ws/install/target_reacher:/home/dawn/final_ws/install/ros2_aruco_interfaces:/home/dawn/final_ws/install/odom_updater:/home/dawn/final_ws/install/final_plugins:/home/dawn/final_ws/install/bot_controller:/home/dawn/ros2_ws/install/tb3:/home/dawn/ros2_ws/install/first_package:/home/dawn/ros2_ws/install/av_server_multi:/home/dawn/ros2_ws/install/av_server:/home/dawn/ros2_ws/install/av_camera:/home/dawn/final_ws/install/tb3_gazebo_spawner:/home/dawn/final_ws/install/ros2_aruco:/opt/ros/galactic /usr/bin/cmake --build /home/dawn/final_ws/build/tb3_bringup -- -j16 -l16
[0.127s] Invoking command in '/home/dawn/final_ws/build/tb3_bringup': CMAKE_PREFIX_PATH=/home/dawn/final_ws/install/tb3_gazebo:/home/dawn/final_ws/install/world_odom_broadcaster:/home/dawn/final_ws/install/tb3_bringup:/home/dawn/final_ws/install/target_reacher:/home/dawn/final_ws/install/ros2_aruco_interfaces:/home/dawn/final_ws/install/odom_updater:/home/dawn/final_ws/install/final_plugins:/home/dawn/final_ws/install/bot_controller:/home/dawn/ros2_ws/install/tb3:/home/dawn/ros2_ws/install/first_package:/home/dawn/ros2_ws/install/av_server_multi:/home/dawn/ros2_ws/install/av_server:/home/dawn/ros2_ws/install/av_camera:/home/dawn/final_ws/install/tb3_gazebo_spawner:/home/dawn/final_ws/install/ros2_aruco:/opt/ros/galactic /usr/bin/cmake --install /home/dawn/final_ws/build/tb3_bringup
[0.137s] -- Install configuration: "Release"
[0.137s] -- Up-to-date: /home/dawn/final_ws/install/tb3_bringup/share/tb3_bringup/launch
[0.137s] -- Up-to-date: /home/dawn/final_ws/install/tb3_bringup/share/tb3_bringup/launch/final.launch.py
[0.137s] -- Up-to-date: /home/dawn/final_ws/install/tb3_bringup/share/tb3_bringup/launch/navigation_launch.py
[0.137s] -- Up-to-date: /home/dawn/final_ws/install/tb3_bringup/share/tb3_bringup/launch/rviz_launch.py
[0.138s] -- Up-to-date: /home/dawn/final_ws/install/tb3_bringup/share/tb3_bringup/launch/spawn_tb3_launch.py
[0.138s] -- Up-to-date: /home/dawn/final_ws/install/tb3_bringup/share/tb3_bringup/launch/bringup_launch.py
[0.138s] -- Up-to-date: /home/dawn/final_ws/install/tb3_bringup/share/tb3_bringup/launch/slam_launch.py
[0.138s] -- Up-to-date: /home/dawn/final_ws/install/tb3_bringup/share/tb3_bringup/launch/tb3_simulation_launch.py
[0.138s] -- Up-to-date: /home/dawn/final_ws/install/tb3_bringup/share/tb3_bringup/launch/localization_launch.py
[0.138s] -- Up-to-date: /home/dawn/final_ws/install/tb3_bringup/share/tb3_bringup/maps
[0.138s] -- Up-to-date: /home/dawn/final_ws/install/tb3_bringup/share/tb3_bringup/maps/turtlebot3_world.yaml
[0.138s] -- Up-to-date: /home/dawn/final_ws/install/tb3_bringup/share/tb3_bringup/maps/turtlebot3_world.pgm
[0.138s] -- Up-to-date: /home/dawn/final_ws/install/tb3_bringup/share/tb3_bringup/rviz
[0.138s] -- Up-to-date: /home/dawn/final_ws/install/tb3_bringup/share/tb3_bringup/rviz/nav2_default_view.rviz
[0.138s] -- Up-to-date: /home/dawn/final_ws/install/tb3_bringup/share/tb3_bringup/rviz/robot1.rviz
[0.138s] -- Up-to-date: /home/dawn/final_ws/install/tb3_bringup/share/tb3_bringup/rviz/nav2_namespaced_view.rviz
[0.138s] -- Up-to-date: /home/dawn/final_ws/install/tb3_bringup/share/tb3_bringup/rviz/robots.rviz
[0.138s] -- Up-to-date: /home/dawn/final_ws/install/tb3_bringup/share/tb3_bringup/worlds
[0.138s] -- Up-to-date: /home/dawn/final_ws/install/tb3_bringup/share/tb3_bringup/worlds/world_only.model
[0.139s] -- Up-to-date: /home/dawn/final_ws/install/tb3_bringup/share/tb3_bringup/worlds/waffle.model
[0.139s] -- Up-to-date: /home/dawn/final_ws/install/tb3_bringup/share/tb3_bringup/worlds/empty_world.world
[0.139s] -- Up-to-date: /home/dawn/final_ws/install/tb3_bringup/share/tb3_bringup/params
[0.139s] -- Up-to-date: /home/dawn/final_ws/install/tb3_bringup/share/tb3_bringup/params/nav2_multirobot_params_1.yaml
[0.139s] -- Up-to-date: /home/dawn/final_ws/install/tb3_bringup/share/tb3_bringup/params/nav2_params.yaml
[0.139s] -- Up-to-date: /home/dawn/final_ws/install/tb3_bringup/share/tb3_bringup/params/nav2_multirobot_params_2.yaml
[0.139s] -- Up-to-date: /home/dawn/final_ws/install/tb3_bringup/share/tb3_bringup/params/nav2_multirobot_params_3yaml
[0.139s] -- Up-to-date: /home/dawn/final_ws/install/tb3_bringup/share/tb3_bringup/urdf
[0.139s] -- Up-to-date: /home/dawn/final_ws/install/tb3_bringup/share/tb3_bringup/urdf/turtlebot3_waffle.urdf
[0.139s] -- Up-to-date: /home/dawn/final_ws/install/tb3_bringup/share/ament_index/resource_index/package_run_dependencies/tb3_bringup
[0.139s] -- Up-to-date: /home/dawn/final_ws/install/tb3_bringup/share/ament_index/resource_index/parent_prefix_path/tb3_bringup
[0.139s] -- Up-to-date: /home/dawn/final_ws/install/tb3_bringup/share/tb3_bringup/environment/ament_prefix_path.sh
[0.139s] -- Up-to-date: /home/dawn/final_ws/install/tb3_bringup/share/tb3_bringup/environment/ament_prefix_path.dsv
[0.139s] -- Up-to-date: /home/dawn/final_ws/install/tb3_bringup/share/tb3_bringup/environment/path.sh
[0.140s] -- Up-to-date: /home/dawn/final_ws/install/tb3_bringup/share/tb3_bringup/environment/path.dsv
[0.140s] -- Up-to-date: /home/dawn/final_ws/install/tb3_bringup/share/tb3_bringup/local_setup.bash
[0.140s] -- Up-to-date: /home/dawn/final_ws/install/tb3_bringup/share/tb3_bringup/local_setup.sh
[0.140s] -- Up-to-date: /home/dawn/final_ws/install/tb3_bringup/share/tb3_bringup/local_setup.zsh
[0.140s] -- Up-to-date: /home/dawn/final_ws/install/tb3_bringup/share/tb3_bringup/local_setup.dsv
[0.140s] -- Up-to-date: /home/dawn/final_ws/install/tb3_bringup/share/tb3_bringup/package.dsv
[0.140s] -- Up-to-date: /home/dawn/final_ws/install/tb3_bringup/share/ament_index/resource_index/packages/tb3_bringup
[0.140s] -- Up-to-date: /home/dawn/final_ws/install/tb3_bringup/share/tb3_bringup/cmake/tb3_bringupConfig.cmake
[0.140s] -- Up-to-date: /home/dawn/final_ws/install/tb3_bringup/share/tb3_bringup/cmake/tb3_bringupConfig-version.cmake
[0.141s] -- Up-to-date: /home/dawn/final_ws/install/tb3_bringup/share/tb3_bringup/package.xml
[0.145s] Invoked command in '/home/dawn/final_ws/build/tb3_bringup' returned '0': CMAKE_PREFIX_PATH=/home/dawn/final_ws/install/tb3_gazebo:/home/dawn/final_ws/install/world_odom_broadcaster:/home/dawn/final_ws/install/tb3_bringup:/home/dawn/final_ws/install/target_reacher:/home/dawn/final_ws/install/ros2_aruco_interfaces:/home/dawn/final_ws/install/odom_updater:/home/dawn/final_ws/install/final_plugins:/home/dawn/final_ws/install/bot_controller:/home/dawn/ros2_ws/install/tb3:/home/dawn/ros2_ws/install/first_package:/home/dawn/ros2_ws/install/av_server_multi:/home/dawn/ros2_ws/install/av_server:/home/dawn/ros2_ws/install/av_camera:/home/dawn/final_ws/install/tb3_gazebo_spawner:/home/dawn/final_ws/install/ros2_aruco:/opt/ros/galactic /usr/bin/cmake --install /home/dawn/final_ws/build/tb3_bringup
