[0.022s] Invoking command in '/home/dawn/ros2_ws/build/first_package': CMAKE_PREFIX_PATH=${CMAKE_PREFIX_PATH}:/opt/ros/galactic /usr/bin/cmake --build /home/dawn/ros2_ws/build/first_package -- -j16 -l16
[0.061s] [100%] Built target bot_pub_sub
[0.068s] Invoked command in '/home/dawn/ros2_ws/build/first_package' returned '0': CMAKE_PREFIX_PATH=${CMAKE_PREFIX_PATH}:/opt/ros/galactic /usr/bin/cmake --build /home/dawn/ros2_ws/build/first_package -- -j16 -l16
[0.090s] Invoking command in '/home/dawn/ros2_ws/build/first_package': CMAKE_PREFIX_PATH=${CMAKE_PREFIX_PATH}:/opt/ros/galactic /usr/bin/cmake --install /home/dawn/ros2_ws/build/first_package
[0.101s] -- Install configuration: ""
[0.101s] -- Up-to-date: /home/dawn/ros2_ws/install/first_package/lib/first_package/bot_pub_sub
[0.101s] -- Up-to-date: /home/dawn/ros2_ws/install/first_package/share/ament_index/resource_index/package_run_dependencies/first_package
[0.101s] -- Up-to-date: /home/dawn/ros2_ws/install/first_package/share/ament_index/resource_index/parent_prefix_path/first_package
[0.101s] -- Up-to-date: /home/dawn/ros2_ws/install/first_package/share/first_package/environment/ament_prefix_path.sh
[0.101s] -- Up-to-date: /home/dawn/ros2_ws/install/first_package/share/first_package/environment/ament_prefix_path.dsv
[0.101s] -- Up-to-date: /home/dawn/ros2_ws/install/first_package/share/first_package/environment/path.sh
[0.101s] -- Up-to-date: /home/dawn/ros2_ws/install/first_package/share/first_package/environment/path.dsv
[0.101s] -- Up-to-date: /home/dawn/ros2_ws/install/first_package/share/first_package/local_setup.bash
[0.101s] -- Up-to-date: /home/dawn/ros2_ws/install/first_package/share/first_package/local_setup.sh
[0.102s] -- Up-to-date: /home/dawn/ros2_ws/install/first_package/share/first_package/local_setup.zsh
[0.102s] -- Up-to-date: /home/dawn/ros2_ws/install/first_package/share/first_package/local_setup.dsv
[0.102s] -- Installing: /home/dawn/ros2_ws/install/first_package/share/first_package/package.dsv
[0.102s] -- Up-to-date: /home/dawn/ros2_ws/install/first_package/share/ament_index/resource_index/packages/first_package
[0.102s] -- Up-to-date: /home/dawn/ros2_ws/install/first_package/share/first_package/cmake/first_packageConfig.cmake
[0.102s] -- Up-to-date: /home/dawn/ros2_ws/install/first_package/share/first_package/cmake/first_packageConfig-version.cmake
[0.102s] -- Up-to-date: /home/dawn/ros2_ws/install/first_package/share/first_package/package.xml
[0.133s] Invoked command in '/home/dawn/ros2_ws/build/first_package' returned '0': CMAKE_PREFIX_PATH=${CMAKE_PREFIX_PATH}:/opt/ros/galactic /usr/bin/cmake --install /home/dawn/ros2_ws/build/first_package
