[100%] Built target tf_listener
[100%] Built target tf_broadcaster
-- Install configuration: ""
-- Up-to-date: /home/dawn/ros2_ws/install/tb3/lib/tb3/tf_broadcaster
-- Up-to-date: /home/dawn/ros2_ws/install/tb3/lib/tb3/tf_listener
-- Up-to-date: /home/dawn/ros2_ws/install/tb3/share/tb3//launch
-- Up-to-date: /home/dawn/ros2_ws/install/tb3/share/tb3//launch/robot_state_publisher.launch.py
-- Up-to-date: /home/dawn/ros2_ws/install/tb3/share/tb3//launch/turtlebot3_house.launch.py
-- Up-to-date: /home/dawn/ros2_ws/install/tb3/share/tb3//launch/spawn_turtlebot3.launch.py
-- Up-to-date: /home/dawn/ros2_ws/install/tb3/share/tb3//launch/turtlebot3_world.launch.py
-- Up-to-date: /home/dawn/ros2_ws/install/tb3/share/tb3//launch/empty_world.launch.py
-- Up-to-date: /home/dawn/ros2_ws/install/tb3/share/tb3//models
-- Up-to-date: /home/dawn/ros2_ws/install/tb3/share/tb3//models/wood_cube_5cm
-- Up-to-date: /home/dawn/ros2_ws/install/tb3/share/tb3//models/wood_cube_5cm/model.config
-- Up-to-date: /home/dawn/ros2_ws/install/tb3/share/tb3//models/wood_cube_5cm/model.rsdf
-- Up-to-date: /home/dawn/ros2_ws/install/tb3/share/tb3//models/wood_cube_5cm/model.sdf
-- Up-to-date: /home/dawn/ros2_ws/install/tb3/share/tb3//models/turtlebot3_common
-- Up-to-date: /home/dawn/ros2_ws/install/tb3/share/tb3//models/turtlebot3_common/meshes
-- Up-to-date: /home/dawn/ros2_ws/install/tb3/share/tb3//models/turtlebot3_common/meshes/r200.dae
-- Up-to-date: /home/dawn/ros2_ws/install/tb3/share/tb3//models/turtlebot3_common/meshes/waffle_pi_base.dae
-- Up-to-date: /home/dawn/ros2_ws/install/tb3/share/tb3//models/turtlebot3_common/meshes/tire.dae
-- Up-to-date: /home/dawn/ros2_ws/install/tb3/share/tb3//models/turtlebot3_common/meshes/lds.dae
-- Up-to-date: /home/dawn/ros2_ws/install/tb3/share/tb3//models/turtlebot3_common/meshes/burger_base.dae
-- Up-to-date: /home/dawn/ros2_ws/install/tb3/share/tb3//models/turtlebot3_common/meshes/waffle_base.dae
-- Up-to-date: /home/dawn/ros2_ws/install/tb3/share/tb3//models/turtlebot3_common/model.config
-- Up-to-date: /home/dawn/ros2_ws/install/tb3/share/tb3//models/turtlebot3_house
-- Up-to-date: /home/dawn/ros2_ws/install/tb3/share/tb3//models/turtlebot3_house/model.config
-- Up-to-date: /home/dawn/ros2_ws/install/tb3/share/tb3//models/turtlebot3_house/model.sdf
-- Up-to-date: /home/dawn/ros2_ws/install/tb3/share/tb3//models/turtlebot3_burger
-- Up-to-date: /home/dawn/ros2_ws/install/tb3/share/tb3//models/turtlebot3_burger/model.config
-- Up-to-date: /home/dawn/ros2_ws/install/tb3/share/tb3//models/turtlebot3_burger/model-1_4.sdf
-- Up-to-date: /home/dawn/ros2_ws/install/tb3/share/tb3//models/turtlebot3_burger/model.sdf
-- Up-to-date: /home/dawn/ros2_ws/install/tb3/share/tb3//models/turtlebot3_world
-- Up-to-date: /home/dawn/ros2_ws/install/tb3/share/tb3//models/turtlebot3_world/meshes
-- Up-to-date: /home/dawn/ros2_ws/install/tb3/share/tb3//models/turtlebot3_world/meshes/hexagon.dae
-- Up-to-date: /home/dawn/ros2_ws/install/tb3/share/tb3//models/turtlebot3_world/meshes/wall.dae
-- Up-to-date: /home/dawn/ros2_ws/install/tb3/share/tb3//models/turtlebot3_world/model.config
-- Up-to-date: /home/dawn/ros2_ws/install/tb3/share/tb3//models/turtlebot3_world/model-1_4.sdf
-- Up-to-date: /home/dawn/ros2_ws/install/tb3/share/tb3//models/turtlebot3_world/model.sdf
-- Up-to-date: /home/dawn/ros2_ws/install/tb3/share/tb3//models/turtlebot3_waffle
-- Up-to-date: /home/dawn/ros2_ws/install/tb3/share/tb3//models/turtlebot3_waffle/model.config
-- Up-to-date: /home/dawn/ros2_ws/install/tb3/share/tb3//models/turtlebot3_waffle/model-1_4.sdf
-- Up-to-date: /home/dawn/ros2_ws/install/tb3/share/tb3//models/turtlebot3_waffle/model.sdf
-- Up-to-date: /home/dawn/ros2_ws/install/tb3/share/tb3//urdf
-- Up-to-date: /home/dawn/ros2_ws/install/tb3/share/tb3//urdf/turtlebot3_waffle_pi.urdf
-- Up-to-date: /home/dawn/ros2_ws/install/tb3/share/tb3//urdf/turtlebot3_burger.urdf
-- Up-to-date: /home/dawn/ros2_ws/install/tb3/share/tb3//urdf/common_properties.urdf
-- Up-to-date: /home/dawn/ros2_ws/install/tb3/share/tb3//urdf/turtlebot3_waffle.urdf
-- Up-to-date: /home/dawn/ros2_ws/install/tb3/share/tb3//worlds
-- Up-to-date: /home/dawn/ros2_ws/install/tb3/share/tb3//worlds/turtlebot3_dqn_stage3.world
-- Up-to-date: /home/dawn/ros2_ws/install/tb3/share/tb3//worlds/turtlebot3_house.world
-- Up-to-date: /home/dawn/ros2_ws/install/tb3/share/tb3//worlds/turtlebot3_world.world
-- Up-to-date: /home/dawn/ros2_ws/install/tb3/share/tb3//worlds/turtlebot3_dqn_stage2.world
-- Up-to-date: /home/dawn/ros2_ws/install/tb3/share/tb3//worlds/turtlebot3_dqn_stage4.world
-- Up-to-date: /home/dawn/ros2_ws/install/tb3/share/tb3//worlds/turtlebot3_dqn_stage1.world
-- Up-to-date: /home/dawn/ros2_ws/install/tb3/share/tb3//worlds/empty_world.world
-- Up-to-date: /home/dawn/ros2_ws/install/tb3/share/tb3//rviz
-- Up-to-date: /home/dawn/ros2_ws/install/tb3/share/tb3//rviz/tb3.rviz
-- Up-to-date: /home/dawn/ros2_ws/install/tb3/share/ament_index/resource_index/package_run_dependencies/tb3
-- Up-to-date: /home/dawn/ros2_ws/install/tb3/share/ament_index/resource_index/parent_prefix_path/tb3
-- Up-to-date: /home/dawn/ros2_ws/install/tb3/share/tb3/environment/ament_prefix_path.sh
-- Up-to-date: /home/dawn/ros2_ws/install/tb3/share/tb3/environment/ament_prefix_path.dsv
-- Up-to-date: /home/dawn/ros2_ws/install/tb3/share/tb3/environment/path.sh
-- Up-to-date: /home/dawn/ros2_ws/install/tb3/share/tb3/environment/path.dsv
-- Up-to-date: /home/dawn/ros2_ws/install/tb3/share/tb3/local_setup.bash
-- Up-to-date: /home/dawn/ros2_ws/install/tb3/share/tb3/local_setup.sh
-- Up-to-date: /home/dawn/ros2_ws/install/tb3/share/tb3/local_setup.zsh
-- Up-to-date: /home/dawn/ros2_ws/install/tb3/share/tb3/local_setup.dsv
-- Installing: /home/dawn/ros2_ws/install/tb3/share/tb3/package.dsv
-- Up-to-date: /home/dawn/ros2_ws/install/tb3/share/ament_index/resource_index/packages/tb3
-- Up-to-date: /home/dawn/ros2_ws/install/tb3/share/tb3/cmake/tb3Config.cmake
-- Up-to-date: /home/dawn/ros2_ws/install/tb3/share/tb3/cmake/tb3Config-version.cmake
-- Up-to-date: /home/dawn/ros2_ws/install/tb3/share/tb3/package.xml
