-- The C compiler identification is GNU 9.4.0
-- The CXX compiler identification is GNU 9.4.0
-- Check for working C compiler: /usr/bin/cc
-- Check for working C compiler: /usr/bin/cc -- works
-- Detecting C compiler ABI info
-- Detecting C compiler ABI info - done
-- Detecting C compile features
-- Detecting C compile features - done
-- Check for working CXX compiler: /usr/bin/c++
-- Check for working CXX compiler: /usr/bin/c++ -- works
-- Detecting CXX compiler ABI info
-- Detecting CXX compiler ABI info - done
-- Detecting CXX compile features
-- Detecting CXX compile features - done
-- Found ament_cmake: 1.1.6 (/opt/ros/galactic/share/ament_cmake/cmake)
-- Found PythonInterp: /usr/bin/python3 (found suitable version "3.8.10", minimum required is "3") 
-- Using PYTHON_EXECUTABLE: /usr/bin/python3
-- Found rclcpp: 9.2.2 (/opt/ros/galactic/share/rclcpp/cmake)
-- Using all available rosidl_typesupport_c: rosidl_typesupport_fastrtps_c;rosidl_typesupport_introspection_c
-- Found rosidl_adapter: 2.2.3 (/opt/ros/galactic/share/rosidl_adapter/cmake)
-- Found OpenSSL: /usr/lib/x86_64-linux-gnu/libcrypto.so (found version "1.1.1f")  
-- Found FastRTPS: /opt/ros/galactic/include  
-- Using all available rosidl_typesupport_cpp: rosidl_typesupport_fastrtps_cpp;rosidl_typesupport_introspection_cpp
-- Found rmw_implementation_cmake: 3.3.1 (/opt/ros/galactic/share/rmw_implementation_cmake/cmake)
-- Found rmw_cyclonedds_cpp: 0.22.6 (/opt/ros/galactic/share/rmw_cyclonedds_cpp/cmake)
-- Using RMW implementation 'rmw_cyclonedds_cpp' as default
-- Looking for pthread.h
-- Looking for pthread.h - found
-- Performing Test CMAKE_HAVE_LIBC_PTHREAD
-- Performing Test CMAKE_HAVE_LIBC_PTHREAD - Failed
-- Looking for pthread_create in pthreads
-- Looking for pthread_create in pthreads - not found
-- Looking for pthread_create in pthread
-- Looking for pthread_create in pthread - found
-- Found Threads: TRUE  
-- Found geometry_msgs: 2.2.4 (/opt/ros/galactic/share/geometry_msgs/cmake)
-- Found nav_msgs: 2.2.4 (/opt/ros/galactic/share/nav_msgs/cmake)
-- Found tf2: 0.17.5 (/opt/ros/galactic/share/tf2/cmake)
-- Found tf2_ros: 0.17.5 (/opt/ros/galactic/share/tf2_ros/cmake)
-- Configuring done
-- Generating done
-- Build files have been written to: /home/dawn/final_ws/build/bot_controller
[35m[1mScanning dependencies of target bot_controller[0m
[ 50%] [32mBuilding CXX object CMakeFiles/bot_controller.dir/src/bot_controller.cpp.o[0m
[100%] [32m[1mLinking CXX static library libbot_controller.a[0m
[100%] Built target bot_controller
-- Install configuration: ""
-- Installing: /home/dawn/final_ws/install/bot_controller/include/bot_controller
-- Installing: /home/dawn/final_ws/install/bot_controller/include/bot_controller/bot_controller.h
-- Installing: /home/dawn/final_ws/install/bot_controller/lib/libbot_controller.a
-- Installing: /home/dawn/final_ws/install/bot_controller/share/bot_controller/environment/library_path.sh
-- Installing: /home/dawn/final_ws/install/bot_controller/share/bot_controller/environment/library_path.dsv
-- Installing: /home/dawn/final_ws/install/bot_controller/share/ament_index/resource_index/package_run_dependencies/bot_controller
-- Installing: /home/dawn/final_ws/install/bot_controller/share/ament_index/resource_index/parent_prefix_path/bot_controller
-- Installing: /home/dawn/final_ws/install/bot_controller/share/bot_controller/environment/ament_prefix_path.sh
-- Installing: /home/dawn/final_ws/install/bot_controller/share/bot_controller/environment/ament_prefix_path.dsv
-- Installing: /home/dawn/final_ws/install/bot_controller/share/bot_controller/environment/path.sh
-- Installing: /home/dawn/final_ws/install/bot_controller/share/bot_controller/environment/path.dsv
-- Installing: /home/dawn/final_ws/install/bot_controller/share/bot_controller/local_setup.bash
-- Installing: /home/dawn/final_ws/install/bot_controller/share/bot_controller/local_setup.sh
-- Installing: /home/dawn/final_ws/install/bot_controller/share/bot_controller/local_setup.zsh
-- Installing: /home/dawn/final_ws/install/bot_controller/share/bot_controller/local_setup.dsv
-- Installing: /home/dawn/final_ws/install/bot_controller/share/bot_controller/package.dsv
-- Installing: /home/dawn/final_ws/install/bot_controller/share/ament_index/resource_index/packages/bot_controller
-- Installing: /home/dawn/final_ws/install/bot_controller/share/bot_controller/cmake/export_bot_controllerExport.cmake
-- Installing: /home/dawn/final_ws/install/bot_controller/share/bot_controller/cmake/export_bot_controllerExport-noconfig.cmake
-- Installing: /home/dawn/final_ws/install/bot_controller/share/bot_controller/cmake/ament_cmake_export_libraries-extras.cmake
-- Installing: /home/dawn/final_ws/install/bot_controller/share/bot_controller/cmake/ament_cmake_export_targets-extras.cmake
-- Installing: /home/dawn/final_ws/install/bot_controller/share/bot_controller/cmake/ament_cmake_export_dependencies-extras.cmake
-- Installing: /home/dawn/final_ws/install/bot_controller/share/bot_controller/cmake/ament_cmake_export_include_directories-extras.cmake
-- Installing: /home/dawn/final_ws/install/bot_controller/share/bot_controller/cmake/bot_controllerConfig.cmake
-- Installing: /home/dawn/final_ws/install/bot_controller/share/bot_controller/cmake/bot_controllerConfig-version.cmake
-- Installing: /home/dawn/final_ws/install/bot_controller/share/bot_controller/package.xml
