[0.023s] Invoking command in '/home/dawn/ros2_ws/build/first_package': CMAKE_PREFIX_PATH=/home/dawn/ros2_ws/install/tb3:/home/dawn/ros2_ws/install/first_package:/home/dawn/ros2_ws/install/av_server_multi:/home/dawn/ros2_ws/install/av_server:/home/dawn/ros2_ws/install/av_camera:/opt/ros/galactic:/home/dawn/catkin_ws/devel:/opt/ros/noetic /usr/bin/cmake --build /home/dawn/ros2_ws/build/first_package -- -j16 -l16
[0.065s] [100%] Built target bot_pub_sub
[0.072s] Invoked command in '/home/dawn/ros2_ws/build/first_package' returned '0': CMAKE_PREFIX_PATH=/home/dawn/ros2_ws/install/tb3:/home/dawn/ros2_ws/install/first_package:/home/dawn/ros2_ws/install/av_server_multi:/home/dawn/ros2_ws/install/av_server:/home/dawn/ros2_ws/install/av_camera:/opt/ros/galactic:/home/dawn/catkin_ws/devel:/opt/ros/noetic /usr/bin/cmake --build /home/dawn/ros2_ws/build/first_package -- -j16 -l16
[0.097s] Invoking command in '/home/dawn/ros2_ws/build/first_package': CMAKE_PREFIX_PATH=/home/dawn/ros2_ws/install/tb3:/home/dawn/ros2_ws/install/first_package:/home/dawn/ros2_ws/install/av_server_multi:/home/dawn/ros2_ws/install/av_server:/home/dawn/ros2_ws/install/av_camera:/opt/ros/galactic:/home/dawn/catkin_ws/devel:/opt/ros/noetic /usr/bin/cmake --install /home/dawn/ros2_ws/build/first_package
[0.107s] -- Install configuration: ""
[0.107s] -- Up-to-date: /home/dawn/ros2_ws/install/first_package/lib/first_package/bot_pub_sub
[0.107s] -- Up-to-date: /home/dawn/ros2_ws/install/first_package/share/ament_index/resource_index/package_run_dependencies/first_package
[0.107s] -- Up-to-date: /home/dawn/ros2_ws/install/first_package/share/ament_index/resource_index/parent_prefix_path/first_package
[0.107s] -- Up-to-date: /home/dawn/ros2_ws/install/first_package/share/first_package/environment/ament_prefix_path.sh
[0.107s] -- Up-to-date: /home/dawn/ros2_ws/install/first_package/share/first_package/environment/ament_prefix_path.dsv
[0.107s] -- Up-to-date: /home/dawn/ros2_ws/install/first_package/share/first_package/environment/path.sh
[0.107s] -- Up-to-date: /home/dawn/ros2_ws/install/first_package/share/first_package/environment/path.dsv
[0.107s] -- Up-to-date: /home/dawn/ros2_ws/install/first_package/share/first_package/local_setup.bash
[0.108s] -- Up-to-date: /home/dawn/ros2_ws/install/first_package/share/first_package/local_setup.sh
[0.108s] -- Up-to-date: /home/dawn/ros2_ws/install/first_package/share/first_package/local_setup.zsh
[0.108s] -- Up-to-date: /home/dawn/ros2_ws/install/first_package/share/first_package/local_setup.dsv
[0.108s] -- Installing: /home/dawn/ros2_ws/install/first_package/share/first_package/package.dsv
[0.108s] -- Up-to-date: /home/dawn/ros2_ws/install/first_package/share/ament_index/resource_index/packages/first_package
[0.108s] -- Up-to-date: /home/dawn/ros2_ws/install/first_package/share/first_package/cmake/first_packageConfig.cmake
[0.108s] -- Up-to-date: /home/dawn/ros2_ws/install/first_package/share/first_package/cmake/first_packageConfig-version.cmake
[0.108s] -- Up-to-date: /home/dawn/ros2_ws/install/first_package/share/first_package/package.xml
[0.142s] Invoked command in '/home/dawn/ros2_ws/build/first_package' returned '0': CMAKE_PREFIX_PATH=/home/dawn/ros2_ws/install/tb3:/home/dawn/ros2_ws/install/first_package:/home/dawn/ros2_ws/install/av_server_multi:/home/dawn/ros2_ws/install/av_server:/home/dawn/ros2_ws/install/av_camera:/opt/ros/galactic:/home/dawn/catkin_ws/devel:/opt/ros/noetic /usr/bin/cmake --install /home/dawn/ros2_ws/build/first_package
