[0.019s] Invoking command in '/home/dawn/ros2_ws/build/tb3': CMAKE_PREFIX_PATH=${CMAKE_PREFIX_PATH}:/opt/ros/galactic /usr/bin/cmake --build /home/dawn/ros2_ws/build/tb3 -- -j16 -l16
[0.056s] [ 50%] Built target tf_broadcaster
[0.058s] [100%] Built target tf_listener
[0.066s] Invoked command in '/home/dawn/ros2_ws/build/tb3' returned '0': CMAKE_PREFIX_PATH=${CMAKE_PREFIX_PATH}:/opt/ros/galactic /usr/bin/cmake --build /home/dawn/ros2_ws/build/tb3 -- -j16 -l16
[0.094s] Invoking command in '/home/dawn/ros2_ws/build/tb3': CMAKE_PREFIX_PATH=${CMAKE_PREFIX_PATH}:/opt/ros/galactic /usr/bin/cmake --install /home/dawn/ros2_ws/build/tb3
[0.115s] -- Install configuration: ""
[0.115s] -- Up-to-date: /home/dawn/ros2_ws/install/tb3/lib/tb3/tf_broadcaster
[0.115s] -- Up-to-date: /home/dawn/ros2_ws/install/tb3/lib/tb3/tf_listener
[0.115s] -- Up-to-date: /home/dawn/ros2_ws/install/tb3/share/tb3//launch
[0.115s] -- Up-to-date: /home/dawn/ros2_ws/install/tb3/share/tb3//launch/robot_state_publisher.launch.py
[0.115s] -- Up-to-date: /home/dawn/ros2_ws/install/tb3/share/tb3//launch/turtlebot3_house.launch.py
[0.116s] -- Up-to-date: /home/dawn/ros2_ws/install/tb3/share/tb3//launch/spawn_turtlebot3.launch.py
[0.116s] -- Up-to-date: /home/dawn/ros2_ws/install/tb3/share/tb3//launch/turtlebot3_world.launch.py
[0.116s] -- Up-to-date: /home/dawn/ros2_ws/install/tb3/share/tb3//launch/empty_world.launch.py
[0.116s] -- Up-to-date: /home/dawn/ros2_ws/install/tb3/share/tb3//models
[0.116s] -- Up-to-date: /home/dawn/ros2_ws/install/tb3/share/tb3//models/wood_cube_5cm
[0.116s] -- Up-to-date: /home/dawn/ros2_ws/install/tb3/share/tb3//models/wood_cube_5cm/model.config
[0.116s] -- Up-to-date: /home/dawn/ros2_ws/install/tb3/share/tb3//models/wood_cube_5cm/model.rsdf
[0.116s] -- Up-to-date: /home/dawn/ros2_ws/install/tb3/share/tb3//models/wood_cube_5cm/model.sdf
[0.116s] -- Up-to-date: /home/dawn/ros2_ws/install/tb3/share/tb3//models/turtlebot3_common
[0.116s] -- Up-to-date: /home/dawn/ros2_ws/install/tb3/share/tb3//models/turtlebot3_common/meshes
[0.116s] -- Up-to-date: /home/dawn/ros2_ws/install/tb3/share/tb3//models/turtlebot3_common/meshes/r200.dae
[0.116s] -- Up-to-date: /home/dawn/ros2_ws/install/tb3/share/tb3//models/turtlebot3_common/meshes/waffle_pi_base.dae
[0.116s] -- Up-to-date: /home/dawn/ros2_ws/install/tb3/share/tb3//models/turtlebot3_common/meshes/tire.dae
[0.116s] -- Up-to-date: /home/dawn/ros2_ws/install/tb3/share/tb3//models/turtlebot3_common/meshes/lds.dae
[0.116s] -- Up-to-date: /home/dawn/ros2_ws/install/tb3/share/tb3//models/turtlebot3_common/meshes/burger_base.dae
[0.116s] -- Up-to-date: /home/dawn/ros2_ws/install/tb3/share/tb3//models/turtlebot3_common/meshes/waffle_base.dae
[0.117s] -- Up-to-date: /home/dawn/ros2_ws/install/tb3/share/tb3//models/turtlebot3_common/model.config
[0.117s] -- Up-to-date: /home/dawn/ros2_ws/install/tb3/share/tb3//models/turtlebot3_house
[0.117s] -- Up-to-date: /home/dawn/ros2_ws/install/tb3/share/tb3//models/turtlebot3_house/model.config
[0.117s] -- Up-to-date: /home/dawn/ros2_ws/install/tb3/share/tb3//models/turtlebot3_house/model.sdf
[0.117s] -- Up-to-date: /home/dawn/ros2_ws/install/tb3/share/tb3//models/turtlebot3_burger
[0.117s] -- Up-to-date: /home/dawn/ros2_ws/install/tb3/share/tb3//models/turtlebot3_burger/model.config
[0.118s] -- Up-to-date: /home/dawn/ros2_ws/install/tb3/share/tb3//models/turtlebot3_burger/model-1_4.sdf
[0.118s] -- Up-to-date: /home/dawn/ros2_ws/install/tb3/share/tb3//models/turtlebot3_burger/model.sdf
[0.118s] -- Up-to-date: /home/dawn/ros2_ws/install/tb3/share/tb3//models/turtlebot3_world
[0.118s] -- Up-to-date: /home/dawn/ros2_ws/install/tb3/share/tb3//models/turtlebot3_world/meshes
[0.118s] -- Up-to-date: /home/dawn/ros2_ws/install/tb3/share/tb3//models/turtlebot3_world/meshes/hexagon.dae
[0.118s] -- Up-to-date: /home/dawn/ros2_ws/install/tb3/share/tb3//models/turtlebot3_world/meshes/wall.dae
[0.118s] -- Up-to-date: /home/dawn/ros2_ws/install/tb3/share/tb3//models/turtlebot3_world/model.config
[0.118s] -- Up-to-date: /home/dawn/ros2_ws/install/tb3/share/tb3//models/turtlebot3_world/model-1_4.sdf
[0.118s] -- Up-to-date: /home/dawn/ros2_ws/install/tb3/share/tb3//models/turtlebot3_world/model.sdf
[0.118s] -- Up-to-date: /home/dawn/ros2_ws/install/tb3/share/tb3//models/turtlebot3_waffle
[0.118s] -- Up-to-date: /home/dawn/ros2_ws/install/tb3/share/tb3//models/turtlebot3_waffle/model.config
[0.119s] -- Up-to-date: /home/dawn/ros2_ws/install/tb3/share/tb3//models/turtlebot3_waffle/model-1_4.sdf
[0.119s] -- Up-to-date: /home/dawn/ros2_ws/install/tb3/share/tb3//models/turtlebot3_waffle/model.sdf
[0.119s] -- Up-to-date: /home/dawn/ros2_ws/install/tb3/share/tb3//urdf
[0.119s] -- Up-to-date: /home/dawn/ros2_ws/install/tb3/share/tb3//urdf/turtlebot3_waffle_pi.urdf
[0.119s] -- Up-to-date: /home/dawn/ros2_ws/install/tb3/share/tb3//urdf/turtlebot3_burger.urdf
[0.119s] -- Up-to-date: /home/dawn/ros2_ws/install/tb3/share/tb3//urdf/common_properties.urdf
[0.119s] -- Up-to-date: /home/dawn/ros2_ws/install/tb3/share/tb3//urdf/turtlebot3_waffle.urdf
[0.119s] -- Up-to-date: /home/dawn/ros2_ws/install/tb3/share/tb3//worlds
[0.119s] -- Up-to-date: /home/dawn/ros2_ws/install/tb3/share/tb3//worlds/turtlebot3_dqn_stage3.world
[0.119s] -- Up-to-date: /home/dawn/ros2_ws/install/tb3/share/tb3//worlds/turtlebot3_house.world
[0.119s] -- Up-to-date: /home/dawn/ros2_ws/install/tb3/share/tb3//worlds/turtlebot3_world.world
[0.119s] -- Up-to-date: /home/dawn/ros2_ws/install/tb3/share/tb3//worlds/turtlebot3_dqn_stage2.world
[0.119s] -- Up-to-date: /home/dawn/ros2_ws/install/tb3/share/tb3//worlds/turtlebot3_dqn_stage4.world
[0.119s] -- Up-to-date: /home/dawn/ros2_ws/install/tb3/share/tb3//worlds/turtlebot3_dqn_stage1.world
[0.119s] -- Up-to-date: /home/dawn/ros2_ws/install/tb3/share/tb3//worlds/empty_world.world
[0.119s] -- Up-to-date: /home/dawn/ros2_ws/install/tb3/share/tb3//rviz
[0.119s] -- Up-to-date: /home/dawn/ros2_ws/install/tb3/share/tb3//rviz/tb3.rviz
[0.119s] -- Up-to-date: /home/dawn/ros2_ws/install/tb3/share/ament_index/resource_index/package_run_dependencies/tb3
[0.120s] -- Up-to-date: /home/dawn/ros2_ws/install/tb3/share/ament_index/resource_index/parent_prefix_path/tb3
[0.120s] -- Up-to-date: /home/dawn/ros2_ws/install/tb3/share/tb3/environment/ament_prefix_path.sh
[0.120s] -- Up-to-date: /home/dawn/ros2_ws/install/tb3/share/tb3/environment/ament_prefix_path.dsv
[0.120s] -- Up-to-date: /home/dawn/ros2_ws/install/tb3/share/tb3/environment/path.sh
[0.120s] -- Up-to-date: /home/dawn/ros2_ws/install/tb3/share/tb3/environment/path.dsv
[0.120s] -- Up-to-date: /home/dawn/ros2_ws/install/tb3/share/tb3/local_setup.bash
[0.120s] -- Up-to-date: /home/dawn/ros2_ws/install/tb3/share/tb3/local_setup.sh
[0.120s] -- Up-to-date: /home/dawn/ros2_ws/install/tb3/share/tb3/local_setup.zsh
[0.120s] -- Up-to-date: /home/dawn/ros2_ws/install/tb3/share/tb3/local_setup.dsv
[0.120s] -- Installing: /home/dawn/ros2_ws/install/tb3/share/tb3/package.dsv
[0.120s] -- Up-to-date: /home/dawn/ros2_ws/install/tb3/share/ament_index/resource_index/packages/tb3
[0.120s] -- Up-to-date: /home/dawn/ros2_ws/install/tb3/share/tb3/cmake/tb3Config.cmake
[0.120s] -- Up-to-date: /home/dawn/ros2_ws/install/tb3/share/tb3/cmake/tb3Config-version.cmake
[0.120s] -- Up-to-date: /home/dawn/ros2_ws/install/tb3/share/tb3/package.xml
[0.147s] Invoked command in '/home/dawn/ros2_ws/build/tb3' returned '0': CMAKE_PREFIX_PATH=${CMAKE_PREFIX_PATH}:/opt/ros/galactic /usr/bin/cmake --install /home/dawn/ros2_ws/build/tb3
