[0.032s] Invoking command in '/home/dawn/ros2_ws/build/tb3': CMAKE_PREFIX_PATH=${CMAKE_PREFIX_PATH}:/opt/ros/galactic /usr/bin/cmake --build /home/dawn/ros2_ws/build/tb3 -- -j16 -l16
[0.072s] [35m[1mScanning dependencies of target tf_broadcaster[0m
[0.087s] [ 50%] Built target tf_listener
[0.102s] [ 75%] [32mBuilding CXX object CMakeFiles/tf_broadcaster.dir/src/broadcaster.cpp.o[0m
[4.130s] [100%] [32m[1mLinking CXX executable tf_broadcaster[0m
[4.313s] [100%] Built target tf_broadcaster
[4.324s] Invoked command in '/home/dawn/ros2_ws/build/tb3' returned '0': CMAKE_PREFIX_PATH=${CMAKE_PREFIX_PATH}:/opt/ros/galactic /usr/bin/cmake --build /home/dawn/ros2_ws/build/tb3 -- -j16 -l16
[4.347s] Invoking command in '/home/dawn/ros2_ws/build/tb3': CMAKE_PREFIX_PATH=${CMAKE_PREFIX_PATH}:/opt/ros/galactic /usr/bin/cmake --install /home/dawn/ros2_ws/build/tb3
[4.354s] -- Install configuration: ""
[4.354s] -- Installing: /home/dawn/ros2_ws/install/tb3/lib/tb3/tf_broadcaster
[4.357s] -- Set runtime path of "/home/dawn/ros2_ws/install/tb3/lib/tb3/tf_broadcaster" to ""
[4.357s] -- Up-to-date: /home/dawn/ros2_ws/install/tb3/lib/tb3/tf_listener
[4.357s] -- Up-to-date: /home/dawn/ros2_ws/install/tb3/share/tb3//launch
[4.357s] -- Up-to-date: /home/dawn/ros2_ws/install/tb3/share/tb3//launch/robot_state_publisher.launch.py
[4.357s] -- Up-to-date: /home/dawn/ros2_ws/install/tb3/share/tb3//launch/turtlebot3_house.launch.py
[4.357s] -- Up-to-date: /home/dawn/ros2_ws/install/tb3/share/tb3//launch/spawn_turtlebot3.launch.py
[4.358s] -- Up-to-date: /home/dawn/ros2_ws/install/tb3/share/tb3//launch/turtlebot3_world.launch.py
[4.358s] -- Up-to-date: /home/dawn/ros2_ws/install/tb3/share/tb3//launch/empty_world.launch.py
[4.358s] -- Up-to-date: /home/dawn/ros2_ws/install/tb3/share/tb3//models
[4.358s] -- Up-to-date: /home/dawn/ros2_ws/install/tb3/share/tb3//models/wood_cube_5cm
[4.358s] -- Up-to-date: /home/dawn/ros2_ws/install/tb3/share/tb3//models/wood_cube_5cm/model.config
[4.358s] -- Up-to-date: /home/dawn/ros2_ws/install/tb3/share/tb3//models/wood_cube_5cm/model.rsdf
[4.358s] -- Up-to-date: /home/dawn/ros2_ws/install/tb3/share/tb3//models/wood_cube_5cm/model.sdf
[4.358s] -- Up-to-date: /home/dawn/ros2_ws/install/tb3/share/tb3//models/turtlebot3_common
[4.358s] -- Up-to-date: /home/dawn/ros2_ws/install/tb3/share/tb3//models/turtlebot3_common/meshes
[4.358s] -- Up-to-date: /home/dawn/ros2_ws/install/tb3/share/tb3//models/turtlebot3_common/meshes/r200.dae
[4.358s] -- Up-to-date: /home/dawn/ros2_ws/install/tb3/share/tb3//models/turtlebot3_common/meshes/waffle_pi_base.dae
[4.358s] -- Up-to-date: /home/dawn/ros2_ws/install/tb3/share/tb3//models/turtlebot3_common/meshes/tire.dae
[4.358s] -- Up-to-date: /home/dawn/ros2_ws/install/tb3/share/tb3//models/turtlebot3_common/meshes/lds.dae
[4.358s] -- Up-to-date: /home/dawn/ros2_ws/install/tb3/share/tb3//models/turtlebot3_common/meshes/burger_base.dae
[4.358s] -- Up-to-date: /home/dawn/ros2_ws/install/tb3/share/tb3//models/turtlebot3_common/meshes/waffle_base.dae
[4.359s] -- Up-to-date: /home/dawn/ros2_ws/install/tb3/share/tb3//models/turtlebot3_common/model.config
[4.359s] -- Up-to-date: /home/dawn/ros2_ws/install/tb3/share/tb3//models/turtlebot3_house
[4.359s] -- Up-to-date: /home/dawn/ros2_ws/install/tb3/share/tb3//models/turtlebot3_house/model.config
[4.359s] -- Up-to-date: /home/dawn/ros2_ws/install/tb3/share/tb3//models/turtlebot3_house/model.sdf
[4.359s] -- Up-to-date: /home/dawn/ros2_ws/install/tb3/share/tb3//models/turtlebot3_burger
[4.359s] -- Up-to-date: /home/dawn/ros2_ws/install/tb3/share/tb3//models/turtlebot3_burger/model.config
[4.359s] -- Up-to-date: /home/dawn/ros2_ws/install/tb3/share/tb3//models/turtlebot3_burger/model-1_4.sdf
[4.359s] -- Up-to-date: /home/dawn/ros2_ws/install/tb3/share/tb3//models/turtlebot3_burger/model.sdf
[4.359s] -- Up-to-date: /home/dawn/ros2_ws/install/tb3/share/tb3//models/turtlebot3_world
[4.359s] -- Up-to-date: /home/dawn/ros2_ws/install/tb3/share/tb3//models/turtlebot3_world/meshes
[4.359s] -- Up-to-date: /home/dawn/ros2_ws/install/tb3/share/tb3//models/turtlebot3_world/meshes/hexagon.dae
[4.359s] -- Up-to-date: /home/dawn/ros2_ws/install/tb3/share/tb3//models/turtlebot3_world/meshes/wall.dae
[4.360s] -- Up-to-date: /home/dawn/ros2_ws/install/tb3/share/tb3//models/turtlebot3_world/model.config
[4.360s] -- Up-to-date: /home/dawn/ros2_ws/install/tb3/share/tb3//models/turtlebot3_world/model-1_4.sdf
[4.363s] -- Up-to-date: /home/dawn/ros2_ws/install/tb3/share/tb3//models/turtlebot3_world/model.sdf
[4.363s] -- Up-to-date: /home/dawn/ros2_ws/install/tb3/share/tb3//models/turtlebot3_waffle
[4.363s] -- Up-to-date: /home/dawn/ros2_ws/install/tb3/share/tb3//models/turtlebot3_waffle/model.config
[4.363s] -- Up-to-date: /home/dawn/ros2_ws/install/tb3/share/tb3//models/turtlebot3_waffle/model-1_4.sdf
[4.364s] -- Up-to-date: /home/dawn/ros2_ws/install/tb3/share/tb3//models/turtlebot3_waffle/model.sdf
[4.364s] -- Up-to-date: /home/dawn/ros2_ws/install/tb3/share/tb3//urdf
[4.364s] -- Up-to-date: /home/dawn/ros2_ws/install/tb3/share/tb3//urdf/turtlebot3_waffle_pi.urdf
[4.364s] -- Up-to-date: /home/dawn/ros2_ws/install/tb3/share/tb3//urdf/turtlebot3_burger.urdf
[4.364s] -- Up-to-date: /home/dawn/ros2_ws/install/tb3/share/tb3//urdf/common_properties.urdf
[4.364s] -- Up-to-date: /home/dawn/ros2_ws/install/tb3/share/tb3//urdf/turtlebot3_waffle.urdf
[4.364s] -- Up-to-date: /home/dawn/ros2_ws/install/tb3/share/tb3//worlds
[4.365s] -- Up-to-date: /home/dawn/ros2_ws/install/tb3/share/tb3//worlds/turtlebot3_dqn_stage3.world
[4.365s] -- Up-to-date: /home/dawn/ros2_ws/install/tb3/share/tb3//worlds/turtlebot3_house.world
[4.365s] -- Up-to-date: /home/dawn/ros2_ws/install/tb3/share/tb3//worlds/turtlebot3_world.world
[4.365s] -- Up-to-date: /home/dawn/ros2_ws/install/tb3/share/tb3//worlds/turtlebot3_dqn_stage2.world
[4.365s] -- Up-to-date: /home/dawn/ros2_ws/install/tb3/share/tb3//worlds/turtlebot3_dqn_stage4.world
[4.367s] -- Up-to-date: /home/dawn/ros2_ws/install/tb3/share/tb3//worlds/turtlebot3_dqn_stage1.world
[4.367s] -- Up-to-date: /home/dawn/ros2_ws/install/tb3/share/tb3//worlds/empty_world.world
[4.367s] -- Up-to-date: /home/dawn/ros2_ws/install/tb3/share/tb3//rviz
[4.368s] -- Up-to-date: /home/dawn/ros2_ws/install/tb3/share/tb3//rviz/tb3.rviz
[4.368s] -- Up-to-date: /home/dawn/ros2_ws/install/tb3/share/ament_index/resource_index/package_run_dependencies/tb3
[4.368s] -- Up-to-date: /home/dawn/ros2_ws/install/tb3/share/ament_index/resource_index/parent_prefix_path/tb3
[4.369s] -- Up-to-date: /home/dawn/ros2_ws/install/tb3/share/tb3/environment/ament_prefix_path.sh
[4.369s] -- Up-to-date: /home/dawn/ros2_ws/install/tb3/share/tb3/environment/ament_prefix_path.dsv
[4.369s] -- Up-to-date: /home/dawn/ros2_ws/install/tb3/share/tb3/environment/path.sh
[4.369s] -- Up-to-date: /home/dawn/ros2_ws/install/tb3/share/tb3/environment/path.dsv
[4.369s] -- Up-to-date: /home/dawn/ros2_ws/install/tb3/share/tb3/local_setup.bash
[4.369s] -- Up-to-date: /home/dawn/ros2_ws/install/tb3/share/tb3/local_setup.sh
[4.369s] -- Up-to-date: /home/dawn/ros2_ws/install/tb3/share/tb3/local_setup.zsh
[4.369s] -- Up-to-date: /home/dawn/ros2_ws/install/tb3/share/tb3/local_setup.dsv
[4.370s] -- Installing: /home/dawn/ros2_ws/install/tb3/share/tb3/package.dsv
[4.370s] -- Up-to-date: /home/dawn/ros2_ws/install/tb3/share/ament_index/resource_index/packages/tb3
[4.370s] -- Up-to-date: /home/dawn/ros2_ws/install/tb3/share/tb3/cmake/tb3Config.cmake
[4.370s] -- Up-to-date: /home/dawn/ros2_ws/install/tb3/share/tb3/cmake/tb3Config-version.cmake
[4.370s] -- Up-to-date: /home/dawn/ros2_ws/install/tb3/share/tb3/package.xml
[4.370s] Invoked command in '/home/dawn/ros2_ws/build/tb3' returned '0': CMAKE_PREFIX_PATH=${CMAKE_PREFIX_PATH}:/opt/ros/galactic /usr/bin/cmake --install /home/dawn/ros2_ws/build/tb3
