[0.025s] Invoking command in '/home/dawn/ros2_ws/build/tb3': CMAKE_PREFIX_PATH=${CMAKE_PREFIX_PATH}:/opt/ros/galactic /usr/bin/cmake --build /home/dawn/ros2_ws/build/tb3 -- -j16 -l16
[0.052s] [35m[1mScanning dependencies of target tf_broadcaster[0m
[0.063s] [ 50%] Built target tf_listener
[0.071s] [ 75%] [32mBuilding CXX object CMakeFiles/tf_broadcaster.dir/src/broadcaster.cpp.o[0m
[2.687s] [100%] [32m[1mLinking CXX executable tf_broadcaster[0m
[2.812s] [100%] Built target tf_broadcaster
[2.825s] Invoked command in '/home/dawn/ros2_ws/build/tb3' returned '0': CMAKE_PREFIX_PATH=${CMAKE_PREFIX_PATH}:/opt/ros/galactic /usr/bin/cmake --build /home/dawn/ros2_ws/build/tb3 -- -j16 -l16
[2.849s] Invoking command in '/home/dawn/ros2_ws/build/tb3': CMAKE_PREFIX_PATH=${CMAKE_PREFIX_PATH}:/opt/ros/galactic /usr/bin/cmake --install /home/dawn/ros2_ws/build/tb3
[2.857s] -- Install configuration: ""
[2.857s] -- Installing: /home/dawn/ros2_ws/install/tb3/lib/tb3/tf_broadcaster
[2.858s] -- Set runtime path of "/home/dawn/ros2_ws/install/tb3/lib/tb3/tf_broadcaster" to ""
[2.858s] -- Up-to-date: /home/dawn/ros2_ws/install/tb3/lib/tb3/tf_listener
[2.858s] -- Up-to-date: /home/dawn/ros2_ws/install/tb3/share/tb3//launch
[2.858s] -- Up-to-date: /home/dawn/ros2_ws/install/tb3/share/tb3//launch/robot_state_publisher.launch.py
[2.858s] -- Up-to-date: /home/dawn/ros2_ws/install/tb3/share/tb3//launch/turtlebot3_house.launch.py
[2.858s] -- Up-to-date: /home/dawn/ros2_ws/install/tb3/share/tb3//launch/spawn_turtlebot3.launch.py
[2.858s] -- Up-to-date: /home/dawn/ros2_ws/install/tb3/share/tb3//launch/turtlebot3_world.launch.py
[2.858s] -- Up-to-date: /home/dawn/ros2_ws/install/tb3/share/tb3//launch/empty_world.launch.py
[2.858s] -- Up-to-date: /home/dawn/ros2_ws/install/tb3/share/tb3//models
[2.859s] -- Up-to-date: /home/dawn/ros2_ws/install/tb3/share/tb3//models/wood_cube_5cm
[2.859s] -- Up-to-date: /home/dawn/ros2_ws/install/tb3/share/tb3//models/wood_cube_5cm/model.config
[2.859s] -- Up-to-date: /home/dawn/ros2_ws/install/tb3/share/tb3//models/wood_cube_5cm/model.rsdf
[2.859s] -- Up-to-date: /home/dawn/ros2_ws/install/tb3/share/tb3//models/wood_cube_5cm/model.sdf
[2.859s] -- Up-to-date: /home/dawn/ros2_ws/install/tb3/share/tb3//models/turtlebot3_common
[2.859s] -- Up-to-date: /home/dawn/ros2_ws/install/tb3/share/tb3//models/turtlebot3_common/meshes
[2.859s] -- Up-to-date: /home/dawn/ros2_ws/install/tb3/share/tb3//models/turtlebot3_common/meshes/r200.dae
[2.859s] -- Up-to-date: /home/dawn/ros2_ws/install/tb3/share/tb3//models/turtlebot3_common/meshes/waffle_pi_base.dae
[2.859s] -- Up-to-date: /home/dawn/ros2_ws/install/tb3/share/tb3//models/turtlebot3_common/meshes/tire.dae
[2.859s] -- Up-to-date: /home/dawn/ros2_ws/install/tb3/share/tb3//models/turtlebot3_common/meshes/lds.dae
[2.859s] -- Up-to-date: /home/dawn/ros2_ws/install/tb3/share/tb3//models/turtlebot3_common/meshes/burger_base.dae
[2.859s] -- Up-to-date: /home/dawn/ros2_ws/install/tb3/share/tb3//models/turtlebot3_common/meshes/waffle_base.dae
[2.859s] -- Up-to-date: /home/dawn/ros2_ws/install/tb3/share/tb3//models/turtlebot3_common/model.config
[2.859s] -- Up-to-date: /home/dawn/ros2_ws/install/tb3/share/tb3//models/turtlebot3_house
[2.860s] -- Up-to-date: /home/dawn/ros2_ws/install/tb3/share/tb3//models/turtlebot3_house/model.config
[2.860s] -- Up-to-date: /home/dawn/ros2_ws/install/tb3/share/tb3//models/turtlebot3_house/model.sdf
[2.860s] -- Up-to-date: /home/dawn/ros2_ws/install/tb3/share/tb3//models/turtlebot3_burger
[2.860s] -- Up-to-date: /home/dawn/ros2_ws/install/tb3/share/tb3//models/turtlebot3_burger/model.config
[2.860s] -- Up-to-date: /home/dawn/ros2_ws/install/tb3/share/tb3//models/turtlebot3_burger/model-1_4.sdf
[2.860s] -- Up-to-date: /home/dawn/ros2_ws/install/tb3/share/tb3//models/turtlebot3_burger/model.sdf
[2.860s] -- Up-to-date: /home/dawn/ros2_ws/install/tb3/share/tb3//models/turtlebot3_world
[2.860s] -- Up-to-date: /home/dawn/ros2_ws/install/tb3/share/tb3//models/turtlebot3_world/meshes
[2.860s] -- Up-to-date: /home/dawn/ros2_ws/install/tb3/share/tb3//models/turtlebot3_world/meshes/hexagon.dae
[2.861s] -- Up-to-date: /home/dawn/ros2_ws/install/tb3/share/tb3//models/turtlebot3_world/meshes/wall.dae
[2.861s] -- Up-to-date: /home/dawn/ros2_ws/install/tb3/share/tb3//models/turtlebot3_world/model.config
[2.861s] -- Up-to-date: /home/dawn/ros2_ws/install/tb3/share/tb3//models/turtlebot3_world/model-1_4.sdf
[2.861s] -- Up-to-date: /home/dawn/ros2_ws/install/tb3/share/tb3//models/turtlebot3_world/model.sdf
[2.861s] -- Up-to-date: /home/dawn/ros2_ws/install/tb3/share/tb3//models/turtlebot3_waffle
[2.861s] -- Up-to-date: /home/dawn/ros2_ws/install/tb3/share/tb3//models/turtlebot3_waffle/model.config
[2.861s] -- Up-to-date: /home/dawn/ros2_ws/install/tb3/share/tb3//models/turtlebot3_waffle/model-1_4.sdf
[2.863s] -- Up-to-date: /home/dawn/ros2_ws/install/tb3/share/tb3//models/turtlebot3_waffle/model.sdf
[2.864s] -- Up-to-date: /home/dawn/ros2_ws/install/tb3/share/tb3//urdf
[2.864s] -- Up-to-date: /home/dawn/ros2_ws/install/tb3/share/tb3//urdf/turtlebot3_waffle_pi.urdf
[2.864s] -- Up-to-date: /home/dawn/ros2_ws/install/tb3/share/tb3//urdf/turtlebot3_burger.urdf
[2.864s] -- Up-to-date: /home/dawn/ros2_ws/install/tb3/share/tb3//urdf/common_properties.urdf
[2.864s] -- Up-to-date: /home/dawn/ros2_ws/install/tb3/share/tb3//urdf/turtlebot3_waffle.urdf
[2.864s] -- Up-to-date: /home/dawn/ros2_ws/install/tb3/share/tb3//worlds
[2.864s] -- Up-to-date: /home/dawn/ros2_ws/install/tb3/share/tb3//worlds/turtlebot3_dqn_stage3.world
[2.864s] -- Up-to-date: /home/dawn/ros2_ws/install/tb3/share/tb3//worlds/turtlebot3_house.world
[2.864s] -- Up-to-date: /home/dawn/ros2_ws/install/tb3/share/tb3//worlds/turtlebot3_world.world
[2.864s] -- Up-to-date: /home/dawn/ros2_ws/install/tb3/share/tb3//worlds/turtlebot3_dqn_stage2.world
[2.864s] -- Up-to-date: /home/dawn/ros2_ws/install/tb3/share/tb3//worlds/turtlebot3_dqn_stage4.world
[2.865s] -- Up-to-date: /home/dawn/ros2_ws/install/tb3/share/tb3//worlds/turtlebot3_dqn_stage1.world
[2.865s] -- Up-to-date: /home/dawn/ros2_ws/install/tb3/share/tb3//worlds/empty_world.world
[2.865s] -- Up-to-date: /home/dawn/ros2_ws/install/tb3/share/tb3//rviz
[2.865s] -- Up-to-date: /home/dawn/ros2_ws/install/tb3/share/tb3//rviz/tb3.rviz
[2.865s] -- Up-to-date: /home/dawn/ros2_ws/install/tb3/share/ament_index/resource_index/package_run_dependencies/tb3
[2.865s] -- Up-to-date: /home/dawn/ros2_ws/install/tb3/share/ament_index/resource_index/parent_prefix_path/tb3
[2.865s] -- Up-to-date: /home/dawn/ros2_ws/install/tb3/share/tb3/environment/ament_prefix_path.sh
[2.865s] -- Up-to-date: /home/dawn/ros2_ws/install/tb3/share/tb3/environment/ament_prefix_path.dsv
[2.865s] -- Up-to-date: /home/dawn/ros2_ws/install/tb3/share/tb3/environment/path.sh
[2.865s] -- Up-to-date: /home/dawn/ros2_ws/install/tb3/share/tb3/environment/path.dsv
[2.865s] -- Up-to-date: /home/dawn/ros2_ws/install/tb3/share/tb3/local_setup.bash
[2.865s] -- Up-to-date: /home/dawn/ros2_ws/install/tb3/share/tb3/local_setup.sh
[2.865s] -- Up-to-date: /home/dawn/ros2_ws/install/tb3/share/tb3/local_setup.zsh
[2.865s] -- Up-to-date: /home/dawn/ros2_ws/install/tb3/share/tb3/local_setup.dsv
[2.865s] -- Installing: /home/dawn/ros2_ws/install/tb3/share/tb3/package.dsv
[2.866s] -- Up-to-date: /home/dawn/ros2_ws/install/tb3/share/ament_index/resource_index/packages/tb3
[2.866s] -- Up-to-date: /home/dawn/ros2_ws/install/tb3/share/tb3/cmake/tb3Config.cmake
[2.866s] -- Up-to-date: /home/dawn/ros2_ws/install/tb3/share/tb3/cmake/tb3Config-version.cmake
[2.866s] -- Up-to-date: /home/dawn/ros2_ws/install/tb3/share/tb3/package.xml
[2.866s] Invoked command in '/home/dawn/ros2_ws/build/tb3' returned '0': CMAKE_PREFIX_PATH=${CMAKE_PREFIX_PATH}:/opt/ros/galactic /usr/bin/cmake --install /home/dawn/ros2_ws/build/tb3
