[0.142s] DEBUG:colcon:Command line arguments: ['/usr/bin/colcon', 'build']
[0.142s] DEBUG:colcon:Parsed command line arguments: Namespace(allow_overriding=[], ament_cmake_args=None, base_paths=['.'], build_base='build', catkin_cmake_args=None, catkin_skip_building_tests=False, cmake_args=None, cmake_clean_cache=False, cmake_clean_first=False, cmake_force_configure=False, cmake_target=None, cmake_target_skip_unavailable=False, continue_on_error=False, event_handlers=None, executor='parallel', ignore_user_meta=False, install_base='install', log_base=None, log_level=None, main=<bound method BuildVerb.main of <colcon_core.verb.build.BuildVerb object at 0x7fa6dbe4a460>>, merge_install=False, metas=['./colcon.meta'], packages_above=None, packages_above_and_dependencies=None, packages_above_depth=None, packages_end=None, packages_ignore=None, packages_ignore_regex=None, packages_select=None, packages_select_build_failed=False, packages_select_by_dep=None, packages_select_regex=None, packages_select_test_failures=False, packages_skip=None, packages_skip_build_finished=False, packages_skip_by_dep=None, packages_skip_regex=None, packages_skip_test_passed=False, packages_skip_up_to=None, packages_start=None, packages_up_to=None, packages_up_to_regex=None, parallel_workers=16, paths=None, symlink_install=False, test_result_base=None, verb_extension=<colcon_core.verb.build.BuildVerb object at 0x7fa6dbe4a460>, verb_name='build', verb_parser=<colcon_defaults.argument_parser.defaults.DefaultArgumentsDecorator object at 0x7fa6dbe4a9a0>)
[0.163s] Level 1:colcon.colcon_core.package_discovery:discover_packages(colcon_meta) check parameters
[0.163s] Level 1:colcon.colcon_core.package_discovery:discover_packages(recursive) check parameters
[0.163s] Level 1:colcon.colcon_core.package_discovery:discover_packages(ignore) check parameters
[0.163s] Level 1:colcon.colcon_core.package_discovery:discover_packages(path) check parameters
[0.163s] Level 1:colcon.colcon_core.package_discovery:discover_packages(colcon_meta) discover
[0.163s] Level 1:colcon.colcon_core.package_discovery:discover_packages(recursive) discover
[0.163s] INFO:colcon.colcon_core.package_discovery:Crawling recursively for packages in '/home/dawn/ros2_ws'
[0.163s] Level 1:colcon.colcon_core.package_identification:_identify(.) by extensions ['ignore', 'ignore_ament_install']
[0.163s] Level 1:colcon.colcon_core.package_identification:_identify(.) by extension 'ignore'
[0.163s] Level 1:colcon.colcon_core.package_identification:_identify(.) by extension 'ignore_ament_install'
[0.163s] Level 1:colcon.colcon_core.package_identification:_identify(.) by extensions ['colcon_pkg']
[0.163s] Level 1:colcon.colcon_core.package_identification:_identify(.) by extension 'colcon_pkg'
[0.164s] Level 1:colcon.colcon_core.package_identification:_identify(.) by extensions ['colcon_meta']
[0.164s] Level 1:colcon.colcon_core.package_identification:_identify(.) by extension 'colcon_meta'
[0.164s] Level 1:colcon.colcon_core.package_identification:_identify(.) by extensions ['ros']
[0.164s] Level 1:colcon.colcon_core.package_identification:_identify(.) by extension 'ros'
[0.173s] Level 1:colcon.colcon_core.package_identification:_identify(.) by extensions ['cmake', 'python']
[0.173s] Level 1:colcon.colcon_core.package_identification:_identify(.) by extension 'cmake'
[0.173s] Level 1:colcon.colcon_core.package_identification:_identify(.) by extension 'python'
[0.173s] Level 1:colcon.colcon_core.package_identification:_identify(.) by extensions ['python_setup_py']
[0.173s] Level 1:colcon.colcon_core.package_identification:_identify(.) by extension 'python_setup_py'
[0.173s] Level 1:colcon.colcon_core.package_identification:_identify(build) by extensions ['ignore', 'ignore_ament_install']
[0.173s] Level 1:colcon.colcon_core.package_identification:_identify(build) by extension 'ignore'
[0.173s] Level 1:colcon.colcon_core.package_identification:_identify(build) ignored
[0.173s] Level 1:colcon.colcon_core.package_identification:_identify(install) by extensions ['ignore', 'ignore_ament_install']
[0.173s] Level 1:colcon.colcon_core.package_identification:_identify(install) by extension 'ignore'
[0.173s] Level 1:colcon.colcon_core.package_identification:_identify(install) ignored
[0.174s] Level 1:colcon.colcon_core.package_identification:_identify(log) by extensions ['ignore', 'ignore_ament_install']
[0.174s] Level 1:colcon.colcon_core.package_identification:_identify(log) by extension 'ignore'
[0.174s] Level 1:colcon.colcon_core.package_identification:_identify(log) ignored
[0.174s] Level 1:colcon.colcon_core.package_identification:_identify(src) by extensions ['ignore', 'ignore_ament_install']
[0.174s] Level 1:colcon.colcon_core.package_identification:_identify(src) by extension 'ignore'
[0.174s] Level 1:colcon.colcon_core.package_identification:_identify(src) by extension 'ignore_ament_install'
[0.174s] Level 1:colcon.colcon_core.package_identification:_identify(src) by extensions ['colcon_pkg']
[0.174s] Level 1:colcon.colcon_core.package_identification:_identify(src) by extension 'colcon_pkg'
[0.174s] Level 1:colcon.colcon_core.package_identification:_identify(src) by extensions ['colcon_meta']
[0.174s] Level 1:colcon.colcon_core.package_identification:_identify(src) by extension 'colcon_meta'
[0.174s] Level 1:colcon.colcon_core.package_identification:_identify(src) by extensions ['ros']
[0.174s] Level 1:colcon.colcon_core.package_identification:_identify(src) by extension 'ros'
[0.174s] Level 1:colcon.colcon_core.package_identification:_identify(src) by extensions ['cmake', 'python']
[0.174s] Level 1:colcon.colcon_core.package_identification:_identify(src) by extension 'cmake'
[0.174s] Level 1:colcon.colcon_core.package_identification:_identify(src) by extension 'python'
[0.174s] Level 1:colcon.colcon_core.package_identification:_identify(src) by extensions ['python_setup_py']
[0.174s] Level 1:colcon.colcon_core.package_identification:_identify(src) by extension 'python_setup_py'
[0.174s] Level 1:colcon.colcon_core.package_identification:_identify(src/enpm809y_fall2022) by extensions ['ignore', 'ignore_ament_install']
[0.174s] Level 1:colcon.colcon_core.package_identification:_identify(src/enpm809y_fall2022) by extension 'ignore'
[0.175s] Level 1:colcon.colcon_core.package_identification:_identify(src/enpm809y_fall2022) by extension 'ignore_ament_install'
[0.175s] Level 1:colcon.colcon_core.package_identification:_identify(src/enpm809y_fall2022) by extensions ['colcon_pkg']
[0.175s] Level 1:colcon.colcon_core.package_identification:_identify(src/enpm809y_fall2022) by extension 'colcon_pkg'
[0.175s] Level 1:colcon.colcon_core.package_identification:_identify(src/enpm809y_fall2022) by extensions ['colcon_meta']
[0.175s] Level 1:colcon.colcon_core.package_identification:_identify(src/enpm809y_fall2022) by extension 'colcon_meta'
[0.175s] Level 1:colcon.colcon_core.package_identification:_identify(src/enpm809y_fall2022) by extensions ['ros']
[0.175s] Level 1:colcon.colcon_core.package_identification:_identify(src/enpm809y_fall2022) by extension 'ros'
[0.175s] Level 1:colcon.colcon_core.package_identification:_identify(src/enpm809y_fall2022) by extensions ['cmake', 'python']
[0.175s] Level 1:colcon.colcon_core.package_identification:_identify(src/enpm809y_fall2022) by extension 'cmake'
[0.175s] Level 1:colcon.colcon_core.package_identification:_identify(src/enpm809y_fall2022) by extension 'python'
[0.175s] Level 1:colcon.colcon_core.package_identification:_identify(src/enpm809y_fall2022) by extensions ['python_setup_py']
[0.175s] Level 1:colcon.colcon_core.package_identification:_identify(src/enpm809y_fall2022) by extension 'python_setup_py'
[0.175s] Level 1:colcon.colcon_core.package_identification:_identify(src/enpm809y_fall2022/av_camera) by extensions ['ignore', 'ignore_ament_install']
[0.175s] Level 1:colcon.colcon_core.package_identification:_identify(src/enpm809y_fall2022/av_camera) by extension 'ignore'
[0.175s] Level 1:colcon.colcon_core.package_identification:_identify(src/enpm809y_fall2022/av_camera) by extension 'ignore_ament_install'
[0.175s] Level 1:colcon.colcon_core.package_identification:_identify(src/enpm809y_fall2022/av_camera) by extensions ['colcon_pkg']
[0.175s] Level 1:colcon.colcon_core.package_identification:_identify(src/enpm809y_fall2022/av_camera) by extension 'colcon_pkg'
[0.175s] Level 1:colcon.colcon_core.package_identification:_identify(src/enpm809y_fall2022/av_camera) by extensions ['colcon_meta']
[0.175s] Level 1:colcon.colcon_core.package_identification:_identify(src/enpm809y_fall2022/av_camera) by extension 'colcon_meta'
[0.175s] Level 1:colcon.colcon_core.package_identification:_identify(src/enpm809y_fall2022/av_camera) by extensions ['ros']
[0.175s] Level 1:colcon.colcon_core.package_identification:_identify(src/enpm809y_fall2022/av_camera) by extension 'ros'
[0.178s] DEBUG:colcon.colcon_core.package_identification:Package 'src/enpm809y_fall2022/av_camera' with type 'ros.ament_cmake' and name 'av_camera'
[0.178s] Level 1:colcon.colcon_core.package_identification:_identify(src/enpm809y_fall2022/av_server) by extensions ['ignore', 'ignore_ament_install']
[0.178s] Level 1:colcon.colcon_core.package_identification:_identify(src/enpm809y_fall2022/av_server) by extension 'ignore'
[0.178s] Level 1:colcon.colcon_core.package_identification:_identify(src/enpm809y_fall2022/av_server) by extension 'ignore_ament_install'
[0.178s] Level 1:colcon.colcon_core.package_identification:_identify(src/enpm809y_fall2022/av_server) by extensions ['colcon_pkg']
[0.178s] Level 1:colcon.colcon_core.package_identification:_identify(src/enpm809y_fall2022/av_server) by extension 'colcon_pkg'
[0.178s] Level 1:colcon.colcon_core.package_identification:_identify(src/enpm809y_fall2022/av_server) by extensions ['colcon_meta']
[0.178s] Level 1:colcon.colcon_core.package_identification:_identify(src/enpm809y_fall2022/av_server) by extension 'colcon_meta'
[0.178s] Level 1:colcon.colcon_core.package_identification:_identify(src/enpm809y_fall2022/av_server) by extensions ['ros']
[0.178s] Level 1:colcon.colcon_core.package_identification:_identify(src/enpm809y_fall2022/av_server) by extension 'ros'
[0.179s] DEBUG:colcon.colcon_core.package_identification:Package 'src/enpm809y_fall2022/av_server' with type 'ros.ament_cmake' and name 'av_server'
[0.179s] Level 1:colcon.colcon_core.package_identification:_identify(src/enpm809y_fall2022/av_server_multi) by extensions ['ignore', 'ignore_ament_install']
[0.179s] Level 1:colcon.colcon_core.package_identification:_identify(src/enpm809y_fall2022/av_server_multi) by extension 'ignore'
[0.179s] Level 1:colcon.colcon_core.package_identification:_identify(src/enpm809y_fall2022/av_server_multi) by extension 'ignore_ament_install'
[0.179s] Level 1:colcon.colcon_core.package_identification:_identify(src/enpm809y_fall2022/av_server_multi) by extensions ['colcon_pkg']
[0.179s] Level 1:colcon.colcon_core.package_identification:_identify(src/enpm809y_fall2022/av_server_multi) by extension 'colcon_pkg'
[0.179s] Level 1:colcon.colcon_core.package_identification:_identify(src/enpm809y_fall2022/av_server_multi) by extensions ['colcon_meta']
[0.179s] Level 1:colcon.colcon_core.package_identification:_identify(src/enpm809y_fall2022/av_server_multi) by extension 'colcon_meta'
[0.179s] Level 1:colcon.colcon_core.package_identification:_identify(src/enpm809y_fall2022/av_server_multi) by extensions ['ros']
[0.179s] Level 1:colcon.colcon_core.package_identification:_identify(src/enpm809y_fall2022/av_server_multi) by extension 'ros'
[0.180s] DEBUG:colcon.colcon_core.package_identification:Package 'src/enpm809y_fall2022/av_server_multi' with type 'ros.ament_cmake' and name 'av_server_multi'
[0.180s] Level 1:colcon.colcon_core.package_identification:_identify(src/enpm809y_fall2022/first_package) by extensions ['ignore', 'ignore_ament_install']
[0.180s] Level 1:colcon.colcon_core.package_identification:_identify(src/enpm809y_fall2022/first_package) by extension 'ignore'
[0.180s] Level 1:colcon.colcon_core.package_identification:_identify(src/enpm809y_fall2022/first_package) by extension 'ignore_ament_install'
[0.180s] Level 1:colcon.colcon_core.package_identification:_identify(src/enpm809y_fall2022/first_package) by extensions ['colcon_pkg']
[0.180s] Level 1:colcon.colcon_core.package_identification:_identify(src/enpm809y_fall2022/first_package) by extension 'colcon_pkg'
[0.180s] Level 1:colcon.colcon_core.package_identification:_identify(src/enpm809y_fall2022/first_package) by extensions ['colcon_meta']
[0.180s] Level 1:colcon.colcon_core.package_identification:_identify(src/enpm809y_fall2022/first_package) by extension 'colcon_meta'
[0.180s] Level 1:colcon.colcon_core.package_identification:_identify(src/enpm809y_fall2022/first_package) by extensions ['ros']
[0.180s] Level 1:colcon.colcon_core.package_identification:_identify(src/enpm809y_fall2022/first_package) by extension 'ros'
[0.191s] DEBUG:colcon.colcon_core.package_identification:Package 'src/enpm809y_fall2022/first_package' with type 'ros.ament_cmake' and name 'first_package'
[0.191s] Level 1:colcon.colcon_core.package_identification:_identify(src/enpm809y_fall2022/tb3) by extensions ['ignore', 'ignore_ament_install']
[0.191s] Level 1:colcon.colcon_core.package_identification:_identify(src/enpm809y_fall2022/tb3) by extension 'ignore'
[0.191s] Level 1:colcon.colcon_core.package_identification:_identify(src/enpm809y_fall2022/tb3) by extension 'ignore_ament_install'
[0.191s] Level 1:colcon.colcon_core.package_identification:_identify(src/enpm809y_fall2022/tb3) by extensions ['colcon_pkg']
[0.191s] Level 1:colcon.colcon_core.package_identification:_identify(src/enpm809y_fall2022/tb3) by extension 'colcon_pkg'
[0.191s] Level 1:colcon.colcon_core.package_identification:_identify(src/enpm809y_fall2022/tb3) by extensions ['colcon_meta']
[0.191s] Level 1:colcon.colcon_core.package_identification:_identify(src/enpm809y_fall2022/tb3) by extension 'colcon_meta'
[0.191s] Level 1:colcon.colcon_core.package_identification:_identify(src/enpm809y_fall2022/tb3) by extensions ['ros']
[0.191s] Level 1:colcon.colcon_core.package_identification:_identify(src/enpm809y_fall2022/tb3) by extension 'ros'
[0.192s] DEBUG:colcon.colcon_core.package_identification:Package 'src/enpm809y_fall2022/tb3' with type 'ros.ament_cmake' and name 'tb3'
[0.192s] Level 1:colcon.colcon_core.package_discovery:discover_packages(recursive) using defaults
[0.192s] Level 1:colcon.colcon_core.package_discovery:discover_packages(ignore) discover
[0.192s] Level 1:colcon.colcon_core.package_discovery:discover_packages(ignore) using defaults
[0.192s] Level 1:colcon.colcon_core.package_discovery:discover_packages(path) discover
[0.192s] Level 1:colcon.colcon_core.package_discovery:discover_packages(path) using defaults
[0.209s] Level 1:colcon.colcon_core.package_discovery:discover_packages(prefix_path) check parameters
[0.209s] Level 1:colcon.colcon_core.package_discovery:discover_packages(prefix_path) discover
[0.212s] DEBUG:colcon.colcon_installed_package_information.package_discovery:Found 5 installed packages in /home/dawn/ros2_ws/install
[0.213s] DEBUG:colcon.colcon_installed_package_information.package_discovery:Found 330 installed packages in /opt/ros/galactic
[0.215s] Level 1:colcon.colcon_core.package_discovery:discover_packages(prefix_path) using defaults
[0.285s] Level 5:colcon.colcon_core.verb:set package 'av_camera' build argument 'cmake_args' from command line to 'None'
[0.285s] Level 5:colcon.colcon_core.verb:set package 'av_camera' build argument 'cmake_target' from command line to 'None'
[0.285s] Level 5:colcon.colcon_core.verb:set package 'av_camera' build argument 'cmake_target_skip_unavailable' from command line to 'False'
[0.285s] Level 5:colcon.colcon_core.verb:set package 'av_camera' build argument 'cmake_clean_cache' from command line to 'False'
[0.286s] Level 5:colcon.colcon_core.verb:set package 'av_camera' build argument 'cmake_clean_first' from command line to 'False'
[0.286s] Level 5:colcon.colcon_core.verb:set package 'av_camera' build argument 'cmake_force_configure' from command line to 'False'
[0.286s] Level 5:colcon.colcon_core.verb:set package 'av_camera' build argument 'ament_cmake_args' from command line to 'None'
[0.286s] Level 5:colcon.colcon_core.verb:set package 'av_camera' build argument 'catkin_cmake_args' from command line to 'None'
[0.286s] Level 5:colcon.colcon_core.verb:set package 'av_camera' build argument 'catkin_skip_building_tests' from command line to 'False'
[0.286s] DEBUG:colcon.colcon_core.verb:Building package 'av_camera' with the following arguments: {'ament_cmake_args': None, 'build_base': '/home/dawn/ros2_ws/build/av_camera', 'catkin_cmake_args': None, 'catkin_skip_building_tests': False, 'cmake_args': None, 'cmake_clean_cache': False, 'cmake_clean_first': False, 'cmake_force_configure': False, 'cmake_target': None, 'cmake_target_skip_unavailable': False, 'install_base': '/home/dawn/ros2_ws/install/av_camera', 'merge_install': False, 'path': '/home/dawn/ros2_ws/src/enpm809y_fall2022/av_camera', 'symlink_install': False, 'test_result_base': None}
[0.286s] Level 5:colcon.colcon_core.verb:set package 'av_server' build argument 'cmake_args' from command line to 'None'
[0.287s] Level 5:colcon.colcon_core.verb:set package 'av_server' build argument 'cmake_target' from command line to 'None'
[0.287s] Level 5:colcon.colcon_core.verb:set package 'av_server' build argument 'cmake_target_skip_unavailable' from command line to 'False'
[0.287s] Level 5:colcon.colcon_core.verb:set package 'av_server' build argument 'cmake_clean_cache' from command line to 'False'
[0.287s] Level 5:colcon.colcon_core.verb:set package 'av_server' build argument 'cmake_clean_first' from command line to 'False'
[0.287s] Level 5:colcon.colcon_core.verb:set package 'av_server' build argument 'cmake_force_configure' from command line to 'False'
[0.287s] Level 5:colcon.colcon_core.verb:set package 'av_server' build argument 'ament_cmake_args' from command line to 'None'
[0.287s] Level 5:colcon.colcon_core.verb:set package 'av_server' build argument 'catkin_cmake_args' from command line to 'None'
[0.287s] Level 5:colcon.colcon_core.verb:set package 'av_server' build argument 'catkin_skip_building_tests' from command line to 'False'
[0.287s] DEBUG:colcon.colcon_core.verb:Building package 'av_server' with the following arguments: {'ament_cmake_args': None, 'build_base': '/home/dawn/ros2_ws/build/av_server', 'catkin_cmake_args': None, 'catkin_skip_building_tests': False, 'cmake_args': None, 'cmake_clean_cache': False, 'cmake_clean_first': False, 'cmake_force_configure': False, 'cmake_target': None, 'cmake_target_skip_unavailable': False, 'install_base': '/home/dawn/ros2_ws/install/av_server', 'merge_install': False, 'path': '/home/dawn/ros2_ws/src/enpm809y_fall2022/av_server', 'symlink_install': False, 'test_result_base': None}
[0.288s] Level 5:colcon.colcon_core.verb:set package 'av_server_multi' build argument 'cmake_args' from command line to 'None'
[0.288s] Level 5:colcon.colcon_core.verb:set package 'av_server_multi' build argument 'cmake_target' from command line to 'None'
[0.288s] Level 5:colcon.colcon_core.verb:set package 'av_server_multi' build argument 'cmake_target_skip_unavailable' from command line to 'False'
[0.288s] Level 5:colcon.colcon_core.verb:set package 'av_server_multi' build argument 'cmake_clean_cache' from command line to 'False'
[0.288s] Level 5:colcon.colcon_core.verb:set package 'av_server_multi' build argument 'cmake_clean_first' from command line to 'False'
[0.288s] Level 5:colcon.colcon_core.verb:set package 'av_server_multi' build argument 'cmake_force_configure' from command line to 'False'
[0.288s] Level 5:colcon.colcon_core.verb:set package 'av_server_multi' build argument 'ament_cmake_args' from command line to 'None'
[0.288s] Level 5:colcon.colcon_core.verb:set package 'av_server_multi' build argument 'catkin_cmake_args' from command line to 'None'
[0.288s] Level 5:colcon.colcon_core.verb:set package 'av_server_multi' build argument 'catkin_skip_building_tests' from command line to 'False'
[0.288s] DEBUG:colcon.colcon_core.verb:Building package 'av_server_multi' with the following arguments: {'ament_cmake_args': None, 'build_base': '/home/dawn/ros2_ws/build/av_server_multi', 'catkin_cmake_args': None, 'catkin_skip_building_tests': False, 'cmake_args': None, 'cmake_clean_cache': False, 'cmake_clean_first': False, 'cmake_force_configure': False, 'cmake_target': None, 'cmake_target_skip_unavailable': False, 'install_base': '/home/dawn/ros2_ws/install/av_server_multi', 'merge_install': False, 'path': '/home/dawn/ros2_ws/src/enpm809y_fall2022/av_server_multi', 'symlink_install': False, 'test_result_base': None}
[0.289s] Level 5:colcon.colcon_core.verb:set package 'first_package' build argument 'cmake_args' from command line to 'None'
[0.289s] Level 5:colcon.colcon_core.verb:set package 'first_package' build argument 'cmake_target' from command line to 'None'
[0.289s] Level 5:colcon.colcon_core.verb:set package 'first_package' build argument 'cmake_target_skip_unavailable' from command line to 'False'
[0.289s] Level 5:colcon.colcon_core.verb:set package 'first_package' build argument 'cmake_clean_cache' from command line to 'False'
[0.289s] Level 5:colcon.colcon_core.verb:set package 'first_package' build argument 'cmake_clean_first' from command line to 'False'
[0.289s] Level 5:colcon.colcon_core.verb:set package 'first_package' build argument 'cmake_force_configure' from command line to 'False'
[0.289s] Level 5:colcon.colcon_core.verb:set package 'first_package' build argument 'ament_cmake_args' from command line to 'None'
[0.289s] Level 5:colcon.colcon_core.verb:set package 'first_package' build argument 'catkin_cmake_args' from command line to 'None'
[0.289s] Level 5:colcon.colcon_core.verb:set package 'first_package' build argument 'catkin_skip_building_tests' from command line to 'False'
[0.289s] DEBUG:colcon.colcon_core.verb:Building package 'first_package' with the following arguments: {'ament_cmake_args': None, 'build_base': '/home/dawn/ros2_ws/build/first_package', 'catkin_cmake_args': None, 'catkin_skip_building_tests': False, 'cmake_args': None, 'cmake_clean_cache': False, 'cmake_clean_first': False, 'cmake_force_configure': False, 'cmake_target': None, 'cmake_target_skip_unavailable': False, 'install_base': '/home/dawn/ros2_ws/install/first_package', 'merge_install': False, 'path': '/home/dawn/ros2_ws/src/enpm809y_fall2022/first_package', 'symlink_install': False, 'test_result_base': None}
[0.290s] Level 5:colcon.colcon_core.verb:set package 'tb3' build argument 'cmake_args' from command line to 'None'
[0.290s] Level 5:colcon.colcon_core.verb:set package 'tb3' build argument 'cmake_target' from command line to 'None'
[0.290s] Level 5:colcon.colcon_core.verb:set package 'tb3' build argument 'cmake_target_skip_unavailable' from command line to 'False'
[0.290s] Level 5:colcon.colcon_core.verb:set package 'tb3' build argument 'cmake_clean_cache' from command line to 'False'
[0.290s] Level 5:colcon.colcon_core.verb:set package 'tb3' build argument 'cmake_clean_first' from command line to 'False'
[0.290s] Level 5:colcon.colcon_core.verb:set package 'tb3' build argument 'cmake_force_configure' from command line to 'False'
[0.290s] Level 5:colcon.colcon_core.verb:set package 'tb3' build argument 'ament_cmake_args' from command line to 'None'
[0.290s] Level 5:colcon.colcon_core.verb:set package 'tb3' build argument 'catkin_cmake_args' from command line to 'None'
[0.290s] Level 5:colcon.colcon_core.verb:set package 'tb3' build argument 'catkin_skip_building_tests' from command line to 'False'
[0.290s] DEBUG:colcon.colcon_core.verb:Building package 'tb3' with the following arguments: {'ament_cmake_args': None, 'build_base': '/home/dawn/ros2_ws/build/tb3', 'catkin_cmake_args': None, 'catkin_skip_building_tests': False, 'cmake_args': None, 'cmake_clean_cache': False, 'cmake_clean_first': False, 'cmake_force_configure': False, 'cmake_target': None, 'cmake_target_skip_unavailable': False, 'install_base': '/home/dawn/ros2_ws/install/tb3', 'merge_install': False, 'path': '/home/dawn/ros2_ws/src/enpm809y_fall2022/tb3', 'symlink_install': False, 'test_result_base': None}
[0.290s] INFO:colcon.colcon_core.executor:Executing jobs using 'parallel' executor
[0.294s] DEBUG:colcon.colcon_parallel_executor.executor.parallel:run_until_complete
[0.294s] INFO:colcon.colcon_ros.task.ament_cmake.build:Building ROS package in '/home/dawn/ros2_ws/src/enpm809y_fall2022/av_camera' with build type 'ament_cmake'
[0.295s] INFO:colcon.colcon_cmake.task.cmake.build:Building CMake package in '/home/dawn/ros2_ws/src/enpm809y_fall2022/av_camera'
[0.298s] INFO:colcon.colcon_core.plugin_system:Skipping extension 'colcon_core.shell.bat': Not used on non-Windows systems
[0.298s] INFO:colcon.colcon_core.shell:Skip shell extension 'powershell' for command environment: Not usable outside of PowerShell
[0.298s] DEBUG:colcon.colcon_core.shell:Skip shell extension 'dsv' for command environment
[0.304s] INFO:colcon.colcon_ros.task.ament_cmake.build:Building ROS package in '/home/dawn/ros2_ws/src/enpm809y_fall2022/av_server' with build type 'ament_cmake'
[0.304s] INFO:colcon.colcon_cmake.task.cmake.build:Building CMake package in '/home/dawn/ros2_ws/src/enpm809y_fall2022/av_server'
[0.305s] INFO:colcon.colcon_core.shell:Skip shell extension 'powershell' for command environment: Not usable outside of PowerShell
[0.306s] DEBUG:colcon.colcon_core.shell:Skip shell extension 'dsv' for command environment
[0.311s] INFO:colcon.colcon_ros.task.ament_cmake.build:Building ROS package in '/home/dawn/ros2_ws/src/enpm809y_fall2022/av_server_multi' with build type 'ament_cmake'
[0.311s] INFO:colcon.colcon_cmake.task.cmake.build:Building CMake package in '/home/dawn/ros2_ws/src/enpm809y_fall2022/av_server_multi'
[0.313s] INFO:colcon.colcon_core.shell:Skip shell extension 'powershell' for command environment: Not usable outside of PowerShell
[0.313s] DEBUG:colcon.colcon_core.shell:Skip shell extension 'dsv' for command environment
[0.318s] INFO:colcon.colcon_ros.task.ament_cmake.build:Building ROS package in '/home/dawn/ros2_ws/src/enpm809y_fall2022/first_package' with build type 'ament_cmake'
[0.318s] INFO:colcon.colcon_cmake.task.cmake.build:Building CMake package in '/home/dawn/ros2_ws/src/enpm809y_fall2022/first_package'
[0.319s] INFO:colcon.colcon_core.shell:Skip shell extension 'powershell' for command environment: Not usable outside of PowerShell
[0.319s] DEBUG:colcon.colcon_core.shell:Skip shell extension 'dsv' for command environment
[0.324s] INFO:colcon.colcon_ros.task.ament_cmake.build:Building ROS package in '/home/dawn/ros2_ws/src/enpm809y_fall2022/tb3' with build type 'ament_cmake'
[0.325s] INFO:colcon.colcon_cmake.task.cmake.build:Building CMake package in '/home/dawn/ros2_ws/src/enpm809y_fall2022/tb3'
[0.326s] INFO:colcon.colcon_core.shell:Skip shell extension 'powershell' for command environment: Not usable outside of PowerShell
[0.326s] DEBUG:colcon.colcon_core.shell:Skip shell extension 'dsv' for command environment
[0.338s] DEBUG:colcon.colcon_core.event_handler.log_command:Invoking command in '/home/dawn/ros2_ws/build/av_camera': CMAKE_PREFIX_PATH=${CMAKE_PREFIX_PATH}:/opt/ros/galactic /usr/bin/cmake --build /home/dawn/ros2_ws/build/av_camera -- -j16 -l16
[0.344s] DEBUG:colcon.colcon_core.event_handler.log_command:Invoking command in '/home/dawn/ros2_ws/build/av_server': CMAKE_PREFIX_PATH=${CMAKE_PREFIX_PATH}:/opt/ros/galactic /usr/bin/cmake --build /home/dawn/ros2_ws/build/av_server -- -j16 -l16
[0.347s] DEBUG:colcon.colcon_core.event_handler.log_command:Invoking command in '/home/dawn/ros2_ws/build/av_server_multi': CMAKE_PREFIX_PATH=${CMAKE_PREFIX_PATH}:/opt/ros/galactic /usr/bin/cmake --build /home/dawn/ros2_ws/build/av_server_multi -- -j16 -l16
[0.350s] DEBUG:colcon.colcon_core.event_handler.log_command:Invoking command in '/home/dawn/ros2_ws/build/first_package': CMAKE_PREFIX_PATH=${CMAKE_PREFIX_PATH}:/opt/ros/galactic /usr/bin/cmake --build /home/dawn/ros2_ws/build/first_package -- -j16 -l16
[0.358s] DEBUG:colcon.colcon_core.event_handler.log_command:Invoking command in '/home/dawn/ros2_ws/build/tb3': CMAKE_PREFIX_PATH=${CMAKE_PREFIX_PATH}:/opt/ros/galactic /usr/bin/cmake --build /home/dawn/ros2_ws/build/tb3 -- -j16 -l16
[0.405s] DEBUG:colcon.colcon_core.event_handler.log_command:Invoked command in '/home/dawn/ros2_ws/build/av_camera' returned '0': CMAKE_PREFIX_PATH=${CMAKE_PREFIX_PATH}:/opt/ros/galactic /usr/bin/cmake --build /home/dawn/ros2_ws/build/av_camera -- -j16 -l16
[0.410s] DEBUG:colcon.colcon_core.event_handler.log_command:Invoked command in '/home/dawn/ros2_ws/build/av_server' returned '0': CMAKE_PREFIX_PATH=${CMAKE_PREFIX_PATH}:/opt/ros/galactic /usr/bin/cmake --build /home/dawn/ros2_ws/build/av_server -- -j16 -l16
[0.416s] DEBUG:colcon.colcon_core.event_handler.log_command:Invoked command in '/home/dawn/ros2_ws/build/av_server_multi' returned '0': CMAKE_PREFIX_PATH=${CMAKE_PREFIX_PATH}:/opt/ros/galactic /usr/bin/cmake --build /home/dawn/ros2_ws/build/av_server_multi -- -j16 -l16
[0.422s] DEBUG:colcon.colcon_core.event_handler.log_command:Invoked command in '/home/dawn/ros2_ws/build/first_package' returned '0': CMAKE_PREFIX_PATH=${CMAKE_PREFIX_PATH}:/opt/ros/galactic /usr/bin/cmake --build /home/dawn/ros2_ws/build/first_package -- -j16 -l16
[0.446s] DEBUG:colcon.colcon_core.event_handler.log_command:Invoking command in '/home/dawn/ros2_ws/build/av_camera': CMAKE_PREFIX_PATH=${CMAKE_PREFIX_PATH}:/opt/ros/galactic /usr/bin/cmake --install /home/dawn/ros2_ws/build/av_camera
[0.450s] DEBUG:colcon.colcon_core.event_handler.log_command:Invoking command in '/home/dawn/ros2_ws/build/av_server': CMAKE_PREFIX_PATH=${CMAKE_PREFIX_PATH}:/opt/ros/galactic /usr/bin/cmake --install /home/dawn/ros2_ws/build/av_server
[0.454s] DEBUG:colcon.colcon_core.event_handler.log_command:Invoking command in '/home/dawn/ros2_ws/build/av_server_multi': CMAKE_PREFIX_PATH=${CMAKE_PREFIX_PATH}:/opt/ros/galactic /usr/bin/cmake --install /home/dawn/ros2_ws/build/av_server_multi
[0.457s] DEBUG:colcon.colcon_core.event_handler.log_command:Invoking command in '/home/dawn/ros2_ws/build/first_package': CMAKE_PREFIX_PATH=${CMAKE_PREFIX_PATH}:/opt/ros/galactic /usr/bin/cmake --install /home/dawn/ros2_ws/build/first_package
[0.461s] Level 1:colcon.colcon_core.environment:create_environment_scripts_only(av_camera)
[0.465s] DEBUG:colcon.colcon_core.event_handler.log_command:Invoked command in '/home/dawn/ros2_ws/build/av_camera' returned '0': CMAKE_PREFIX_PATH=${CMAKE_PREFIX_PATH}:/opt/ros/galactic /usr/bin/cmake --install /home/dawn/ros2_ws/build/av_camera
[0.473s] Level 1:colcon.colcon_core.environment:checking '/home/dawn/ros2_ws/install/av_camera' for CMake module files
[0.473s] Level 1:colcon.colcon_core.environment:checking '/home/dawn/ros2_ws/install/av_camera' for CMake config files
[0.474s] Level 1:colcon.colcon_core.shell:create_environment_hook('av_camera', 'cmake_prefix_path')
[0.475s] INFO:colcon.colcon_core.shell:Creating environment hook '/home/dawn/ros2_ws/install/av_camera/share/av_camera/hook/cmake_prefix_path.ps1'
[0.476s] INFO:colcon.colcon_core.shell:Creating environment descriptor '/home/dawn/ros2_ws/install/av_camera/share/av_camera/hook/cmake_prefix_path.dsv'
[0.476s] INFO:colcon.colcon_core.shell:Creating environment hook '/home/dawn/ros2_ws/install/av_camera/share/av_camera/hook/cmake_prefix_path.sh'
[0.477s] Level 1:colcon.colcon_core.environment:checking '/home/dawn/ros2_ws/install/av_camera/lib'
[0.477s] Level 1:colcon.colcon_core.environment:checking '/home/dawn/ros2_ws/install/av_camera/bin'
[0.477s] Level 1:colcon.colcon_core.environment:checking '/home/dawn/ros2_ws/install/av_camera/lib/pkgconfig/av_camera.pc'
[0.478s] Level 1:colcon.colcon_core.environment:checking '/home/dawn/ros2_ws/install/av_camera/lib/python3.8/site-packages'
[0.478s] Level 1:colcon.colcon_core.environment:checking '/home/dawn/ros2_ws/install/av_camera/bin'
[0.479s] INFO:colcon.colcon_core.shell:Creating package script '/home/dawn/ros2_ws/install/av_camera/share/av_camera/package.ps1'
[0.480s] INFO:colcon.colcon_core.shell:Creating package descriptor '/home/dawn/ros2_ws/install/av_camera/share/av_camera/package.dsv'
[0.480s] INFO:colcon.colcon_core.shell:Creating package script '/home/dawn/ros2_ws/install/av_camera/share/av_camera/package.sh'
[0.481s] INFO:colcon.colcon_core.shell:Creating package script '/home/dawn/ros2_ws/install/av_camera/share/av_camera/package.bash'
[0.482s] INFO:colcon.colcon_core.shell:Creating package script '/home/dawn/ros2_ws/install/av_camera/share/av_camera/package.zsh'
[0.483s] Level 1:colcon.colcon_core.environment:create_file_with_runtime_dependencies(/home/dawn/ros2_ws/install/av_camera/share/colcon-core/packages/av_camera)
[0.487s] Level 1:colcon.colcon_core.environment:create_environment_scripts_only(av_server)
[0.489s] Level 1:colcon.colcon_core.environment:checking '/home/dawn/ros2_ws/install/av_server' for CMake module files
[0.490s] DEBUG:colcon.colcon_core.event_handler.log_command:Invoked command in '/home/dawn/ros2_ws/build/av_server' returned '0': CMAKE_PREFIX_PATH=${CMAKE_PREFIX_PATH}:/opt/ros/galactic /usr/bin/cmake --install /home/dawn/ros2_ws/build/av_server
[0.490s] Level 1:colcon.colcon_core.environment:checking '/home/dawn/ros2_ws/install/av_server' for CMake config files
[0.491s] Level 1:colcon.colcon_core.shell:create_environment_hook('av_server', 'cmake_prefix_path')
[0.492s] INFO:colcon.colcon_core.shell:Creating environment hook '/home/dawn/ros2_ws/install/av_server/share/av_server/hook/cmake_prefix_path.ps1'
[0.492s] INFO:colcon.colcon_core.shell:Creating environment descriptor '/home/dawn/ros2_ws/install/av_server/share/av_server/hook/cmake_prefix_path.dsv'
[0.492s] INFO:colcon.colcon_core.shell:Creating environment hook '/home/dawn/ros2_ws/install/av_server/share/av_server/hook/cmake_prefix_path.sh'
[0.493s] Level 1:colcon.colcon_core.environment:checking '/home/dawn/ros2_ws/install/av_server/lib'
[0.493s] Level 1:colcon.colcon_core.environment:checking '/home/dawn/ros2_ws/install/av_server/bin'
[0.493s] Level 1:colcon.colcon_core.environment:checking '/home/dawn/ros2_ws/install/av_server/lib/pkgconfig/av_server.pc'
[0.493s] Level 1:colcon.colcon_core.environment:checking '/home/dawn/ros2_ws/install/av_server/lib/python3.8/site-packages'
[0.493s] Level 1:colcon.colcon_core.environment:checking '/home/dawn/ros2_ws/install/av_server/bin'
[0.495s] INFO:colcon.colcon_core.shell:Creating package script '/home/dawn/ros2_ws/install/av_server/share/av_server/package.ps1'
[0.495s] INFO:colcon.colcon_core.shell:Creating package descriptor '/home/dawn/ros2_ws/install/av_server/share/av_server/package.dsv'
[0.496s] INFO:colcon.colcon_core.shell:Creating package script '/home/dawn/ros2_ws/install/av_server/share/av_server/package.sh'
[0.496s] INFO:colcon.colcon_core.shell:Creating package script '/home/dawn/ros2_ws/install/av_server/share/av_server/package.bash'
[0.496s] INFO:colcon.colcon_core.shell:Creating package script '/home/dawn/ros2_ws/install/av_server/share/av_server/package.zsh'
[0.496s] Level 1:colcon.colcon_core.environment:create_file_with_runtime_dependencies(/home/dawn/ros2_ws/install/av_server/share/colcon-core/packages/av_server)
[0.500s] Level 1:colcon.colcon_core.environment:create_environment_scripts_only(av_server_multi)
[0.501s] Level 1:colcon.colcon_core.environment:checking '/home/dawn/ros2_ws/install/av_server_multi' for CMake module files
[0.502s] DEBUG:colcon.colcon_core.event_handler.log_command:Invoked command in '/home/dawn/ros2_ws/build/av_server_multi' returned '0': CMAKE_PREFIX_PATH=${CMAKE_PREFIX_PATH}:/opt/ros/galactic /usr/bin/cmake --install /home/dawn/ros2_ws/build/av_server_multi
[0.503s] Level 1:colcon.colcon_core.environment:checking '/home/dawn/ros2_ws/install/av_server_multi' for CMake config files
[0.503s] Level 1:colcon.colcon_core.shell:create_environment_hook('av_server_multi', 'cmake_prefix_path')
[0.504s] INFO:colcon.colcon_core.shell:Creating environment hook '/home/dawn/ros2_ws/install/av_server_multi/share/av_server_multi/hook/cmake_prefix_path.ps1'
[0.504s] INFO:colcon.colcon_core.shell:Creating environment descriptor '/home/dawn/ros2_ws/install/av_server_multi/share/av_server_multi/hook/cmake_prefix_path.dsv'
[0.505s] INFO:colcon.colcon_core.shell:Creating environment hook '/home/dawn/ros2_ws/install/av_server_multi/share/av_server_multi/hook/cmake_prefix_path.sh'
[0.505s] Level 1:colcon.colcon_core.environment:checking '/home/dawn/ros2_ws/install/av_server_multi/lib'
[0.505s] Level 1:colcon.colcon_core.environment:checking '/home/dawn/ros2_ws/install/av_server_multi/bin'
[0.505s] Level 1:colcon.colcon_core.environment:checking '/home/dawn/ros2_ws/install/av_server_multi/lib/pkgconfig/av_server_multi.pc'
[0.506s] Level 1:colcon.colcon_core.environment:checking '/home/dawn/ros2_ws/install/av_server_multi/lib/python3.8/site-packages'
[0.506s] Level 1:colcon.colcon_core.environment:checking '/home/dawn/ros2_ws/install/av_server_multi/bin'
[0.507s] INFO:colcon.colcon_core.shell:Creating package script '/home/dawn/ros2_ws/install/av_server_multi/share/av_server_multi/package.ps1'
[0.507s] INFO:colcon.colcon_core.shell:Creating package descriptor '/home/dawn/ros2_ws/install/av_server_multi/share/av_server_multi/package.dsv'
[0.508s] INFO:colcon.colcon_core.shell:Creating package script '/home/dawn/ros2_ws/install/av_server_multi/share/av_server_multi/package.sh'
[0.508s] INFO:colcon.colcon_core.shell:Creating package script '/home/dawn/ros2_ws/install/av_server_multi/share/av_server_multi/package.bash'
[0.508s] INFO:colcon.colcon_core.shell:Creating package script '/home/dawn/ros2_ws/install/av_server_multi/share/av_server_multi/package.zsh'
[0.509s] Level 1:colcon.colcon_core.environment:create_file_with_runtime_dependencies(/home/dawn/ros2_ws/install/av_server_multi/share/colcon-core/packages/av_server_multi)
[0.512s] Level 1:colcon.colcon_core.environment:create_environment_scripts_only(first_package)
[0.514s] Level 1:colcon.colcon_core.environment:checking '/home/dawn/ros2_ws/install/first_package' for CMake module files
[0.514s] DEBUG:colcon.colcon_core.event_handler.log_command:Invoked command in '/home/dawn/ros2_ws/build/first_package' returned '0': CMAKE_PREFIX_PATH=${CMAKE_PREFIX_PATH}:/opt/ros/galactic /usr/bin/cmake --install /home/dawn/ros2_ws/build/first_package
[0.515s] Level 1:colcon.colcon_core.environment:checking '/home/dawn/ros2_ws/install/first_package' for CMake config files
[0.515s] Level 1:colcon.colcon_core.shell:create_environment_hook('first_package', 'cmake_prefix_path')
[0.516s] INFO:colcon.colcon_core.shell:Creating environment hook '/home/dawn/ros2_ws/install/first_package/share/first_package/hook/cmake_prefix_path.ps1'
[0.517s] INFO:colcon.colcon_core.shell:Creating environment descriptor '/home/dawn/ros2_ws/install/first_package/share/first_package/hook/cmake_prefix_path.dsv'
[0.517s] INFO:colcon.colcon_core.shell:Creating environment hook '/home/dawn/ros2_ws/install/first_package/share/first_package/hook/cmake_prefix_path.sh'
[0.518s] Level 1:colcon.colcon_core.environment:checking '/home/dawn/ros2_ws/install/first_package/lib'
[0.518s] Level 1:colcon.colcon_core.environment:checking '/home/dawn/ros2_ws/install/first_package/bin'
[0.518s] Level 1:colcon.colcon_core.environment:checking '/home/dawn/ros2_ws/install/first_package/lib/pkgconfig/first_package.pc'
[0.518s] Level 1:colcon.colcon_core.environment:checking '/home/dawn/ros2_ws/install/first_package/lib/python3.8/site-packages'
[0.518s] Level 1:colcon.colcon_core.environment:checking '/home/dawn/ros2_ws/install/first_package/bin'
[0.519s] INFO:colcon.colcon_core.shell:Creating package script '/home/dawn/ros2_ws/install/first_package/share/first_package/package.ps1'
[0.520s] INFO:colcon.colcon_core.shell:Creating package descriptor '/home/dawn/ros2_ws/install/first_package/share/first_package/package.dsv'
[0.520s] INFO:colcon.colcon_core.shell:Creating package script '/home/dawn/ros2_ws/install/first_package/share/first_package/package.sh'
[0.520s] INFO:colcon.colcon_core.shell:Creating package script '/home/dawn/ros2_ws/install/first_package/share/first_package/package.bash'
[0.521s] INFO:colcon.colcon_core.shell:Creating package script '/home/dawn/ros2_ws/install/first_package/share/first_package/package.zsh'
[0.521s] Level 1:colcon.colcon_core.environment:create_file_with_runtime_dependencies(/home/dawn/ros2_ws/install/first_package/share/colcon-core/packages/first_package)
[0.527s] Level 1:colcon.colcon_core.environment:create_environment_scripts_only(av_camera)
[0.529s] Level 1:colcon.colcon_core.environment:checking '/home/dawn/ros2_ws/install/av_camera' for CMake module files
[0.529s] Level 1:colcon.colcon_core.environment:checking '/home/dawn/ros2_ws/install/av_camera' for CMake config files
[0.529s] Level 1:colcon.colcon_core.shell:create_environment_hook('av_camera', 'cmake_prefix_path')
[0.531s] INFO:colcon.colcon_core.shell:Creating environment hook '/home/dawn/ros2_ws/install/av_camera/share/av_camera/hook/cmake_prefix_path.ps1'
[0.531s] INFO:colcon.colcon_core.shell:Creating environment descriptor '/home/dawn/ros2_ws/install/av_camera/share/av_camera/hook/cmake_prefix_path.dsv'
[0.531s] INFO:colcon.colcon_core.shell:Creating environment hook '/home/dawn/ros2_ws/install/av_camera/share/av_camera/hook/cmake_prefix_path.sh'
[0.532s] Level 1:colcon.colcon_core.environment:checking '/home/dawn/ros2_ws/install/av_camera/lib'
[0.532s] Level 1:colcon.colcon_core.environment:checking '/home/dawn/ros2_ws/install/av_camera/bin'
[0.532s] Level 1:colcon.colcon_core.environment:checking '/home/dawn/ros2_ws/install/av_camera/lib/pkgconfig/av_camera.pc'
[0.532s] Level 1:colcon.colcon_core.environment:checking '/home/dawn/ros2_ws/install/av_camera/lib/python3.8/site-packages'
[0.532s] Level 1:colcon.colcon_core.environment:checking '/home/dawn/ros2_ws/install/av_camera/bin'
[0.534s] INFO:colcon.colcon_core.shell:Creating package script '/home/dawn/ros2_ws/install/av_camera/share/av_camera/package.ps1'
[0.534s] INFO:colcon.colcon_core.shell:Creating package descriptor '/home/dawn/ros2_ws/install/av_camera/share/av_camera/package.dsv'
[0.535s] INFO:colcon.colcon_core.shell:Creating package script '/home/dawn/ros2_ws/install/av_camera/share/av_camera/package.sh'
[0.535s] INFO:colcon.colcon_core.shell:Creating package script '/home/dawn/ros2_ws/install/av_camera/share/av_camera/package.bash'
[0.535s] INFO:colcon.colcon_core.shell:Creating package script '/home/dawn/ros2_ws/install/av_camera/share/av_camera/package.zsh'
[0.536s] Level 1:colcon.colcon_core.environment:create_file_with_runtime_dependencies(/home/dawn/ros2_ws/install/av_camera/share/colcon-core/packages/av_camera)
[0.537s] Level 1:colcon.colcon_core.environment:create_environment_scripts_only(av_server)
[0.539s] Level 1:colcon.colcon_core.environment:checking '/home/dawn/ros2_ws/install/av_server' for CMake module files
[0.540s] Level 1:colcon.colcon_core.environment:checking '/home/dawn/ros2_ws/install/av_server' for CMake config files
[0.540s] Level 1:colcon.colcon_core.shell:create_environment_hook('av_server', 'cmake_prefix_path')
[0.541s] INFO:colcon.colcon_core.shell:Creating environment hook '/home/dawn/ros2_ws/install/av_server/share/av_server/hook/cmake_prefix_path.ps1'
[0.542s] INFO:colcon.colcon_core.shell:Creating environment descriptor '/home/dawn/ros2_ws/install/av_server/share/av_server/hook/cmake_prefix_path.dsv'
[0.542s] INFO:colcon.colcon_core.shell:Creating environment hook '/home/dawn/ros2_ws/install/av_server/share/av_server/hook/cmake_prefix_path.sh'
[0.542s] Level 1:colcon.colcon_core.environment:checking '/home/dawn/ros2_ws/install/av_server/lib'
[0.543s] Level 1:colcon.colcon_core.environment:checking '/home/dawn/ros2_ws/install/av_server/bin'
[0.543s] Level 1:colcon.colcon_core.environment:checking '/home/dawn/ros2_ws/install/av_server/lib/pkgconfig/av_server.pc'
[0.543s] Level 1:colcon.colcon_core.environment:checking '/home/dawn/ros2_ws/install/av_server/lib/python3.8/site-packages'
[0.543s] Level 1:colcon.colcon_core.environment:checking '/home/dawn/ros2_ws/install/av_server/bin'
[0.544s] INFO:colcon.colcon_core.shell:Creating package script '/home/dawn/ros2_ws/install/av_server/share/av_server/package.ps1'
[0.545s] INFO:colcon.colcon_core.shell:Creating package descriptor '/home/dawn/ros2_ws/install/av_server/share/av_server/package.dsv'
[0.545s] INFO:colcon.colcon_core.shell:Creating package script '/home/dawn/ros2_ws/install/av_server/share/av_server/package.sh'
[0.546s] INFO:colcon.colcon_core.shell:Creating package script '/home/dawn/ros2_ws/install/av_server/share/av_server/package.bash'
[0.546s] INFO:colcon.colcon_core.shell:Creating package script '/home/dawn/ros2_ws/install/av_server/share/av_server/package.zsh'
[0.546s] Level 1:colcon.colcon_core.environment:create_file_with_runtime_dependencies(/home/dawn/ros2_ws/install/av_server/share/colcon-core/packages/av_server)
[0.548s] Level 1:colcon.colcon_core.environment:create_environment_scripts_only(av_server_multi)
[0.550s] Level 1:colcon.colcon_core.environment:checking '/home/dawn/ros2_ws/install/av_server_multi' for CMake module files
[0.550s] Level 1:colcon.colcon_core.environment:checking '/home/dawn/ros2_ws/install/av_server_multi' for CMake config files
[0.551s] Level 1:colcon.colcon_core.shell:create_environment_hook('av_server_multi', 'cmake_prefix_path')
[0.552s] INFO:colcon.colcon_core.shell:Creating environment hook '/home/dawn/ros2_ws/install/av_server_multi/share/av_server_multi/hook/cmake_prefix_path.ps1'
[0.552s] INFO:colcon.colcon_core.shell:Creating environment descriptor '/home/dawn/ros2_ws/install/av_server_multi/share/av_server_multi/hook/cmake_prefix_path.dsv'
[0.553s] INFO:colcon.colcon_core.shell:Creating environment hook '/home/dawn/ros2_ws/install/av_server_multi/share/av_server_multi/hook/cmake_prefix_path.sh'
[0.553s] Level 1:colcon.colcon_core.environment:checking '/home/dawn/ros2_ws/install/av_server_multi/lib'
[0.554s] Level 1:colcon.colcon_core.environment:checking '/home/dawn/ros2_ws/install/av_server_multi/bin'
[0.554s] Level 1:colcon.colcon_core.environment:checking '/home/dawn/ros2_ws/install/av_server_multi/lib/pkgconfig/av_server_multi.pc'
[0.554s] Level 1:colcon.colcon_core.environment:checking '/home/dawn/ros2_ws/install/av_server_multi/lib/python3.8/site-packages'
[0.554s] Level 1:colcon.colcon_core.environment:checking '/home/dawn/ros2_ws/install/av_server_multi/bin'
[0.556s] INFO:colcon.colcon_core.shell:Creating package script '/home/dawn/ros2_ws/install/av_server_multi/share/av_server_multi/package.ps1'
[0.556s] INFO:colcon.colcon_core.shell:Creating package descriptor '/home/dawn/ros2_ws/install/av_server_multi/share/av_server_multi/package.dsv'
[0.556s] INFO:colcon.colcon_core.shell:Creating package script '/home/dawn/ros2_ws/install/av_server_multi/share/av_server_multi/package.sh'
[0.557s] INFO:colcon.colcon_core.shell:Creating package script '/home/dawn/ros2_ws/install/av_server_multi/share/av_server_multi/package.bash'
[0.557s] INFO:colcon.colcon_core.shell:Creating package script '/home/dawn/ros2_ws/install/av_server_multi/share/av_server_multi/package.zsh'
[0.558s] Level 1:colcon.colcon_core.environment:create_file_with_runtime_dependencies(/home/dawn/ros2_ws/install/av_server_multi/share/colcon-core/packages/av_server_multi)
[0.559s] Level 1:colcon.colcon_core.environment:create_environment_scripts_only(first_package)
[0.561s] Level 1:colcon.colcon_core.environment:checking '/home/dawn/ros2_ws/install/first_package' for CMake module files
[0.562s] Level 1:colcon.colcon_core.environment:checking '/home/dawn/ros2_ws/install/first_package' for CMake config files
[0.562s] Level 1:colcon.colcon_core.shell:create_environment_hook('first_package', 'cmake_prefix_path')
[0.563s] INFO:colcon.colcon_core.shell:Creating environment hook '/home/dawn/ros2_ws/install/first_package/share/first_package/hook/cmake_prefix_path.ps1'
[0.564s] INFO:colcon.colcon_core.shell:Creating environment descriptor '/home/dawn/ros2_ws/install/first_package/share/first_package/hook/cmake_prefix_path.dsv'
[0.564s] INFO:colcon.colcon_core.shell:Creating environment hook '/home/dawn/ros2_ws/install/first_package/share/first_package/hook/cmake_prefix_path.sh'
[0.564s] Level 1:colcon.colcon_core.environment:checking '/home/dawn/ros2_ws/install/first_package/lib'
[0.564s] Level 1:colcon.colcon_core.environment:checking '/home/dawn/ros2_ws/install/first_package/bin'
[0.564s] Level 1:colcon.colcon_core.environment:checking '/home/dawn/ros2_ws/install/first_package/lib/pkgconfig/first_package.pc'
[0.565s] Level 1:colcon.colcon_core.environment:checking '/home/dawn/ros2_ws/install/first_package/lib/python3.8/site-packages'
[0.565s] Level 1:colcon.colcon_core.environment:checking '/home/dawn/ros2_ws/install/first_package/bin'
[0.566s] INFO:colcon.colcon_core.shell:Creating package script '/home/dawn/ros2_ws/install/first_package/share/first_package/package.ps1'
[0.566s] INFO:colcon.colcon_core.shell:Creating package descriptor '/home/dawn/ros2_ws/install/first_package/share/first_package/package.dsv'
[0.567s] INFO:colcon.colcon_core.shell:Creating package script '/home/dawn/ros2_ws/install/first_package/share/first_package/package.sh'
[0.567s] INFO:colcon.colcon_core.shell:Creating package script '/home/dawn/ros2_ws/install/first_package/share/first_package/package.bash'
[0.567s] INFO:colcon.colcon_core.shell:Creating package script '/home/dawn/ros2_ws/install/first_package/share/first_package/package.zsh'
[0.568s] Level 1:colcon.colcon_core.environment:create_file_with_runtime_dependencies(/home/dawn/ros2_ws/install/first_package/share/colcon-core/packages/first_package)
[4.651s] DEBUG:colcon.colcon_core.event_handler.log_command:Invoked command in '/home/dawn/ros2_ws/build/tb3' returned '0': CMAKE_PREFIX_PATH=${CMAKE_PREFIX_PATH}:/opt/ros/galactic /usr/bin/cmake --build /home/dawn/ros2_ws/build/tb3 -- -j16 -l16
[4.674s] DEBUG:colcon.colcon_core.event_handler.log_command:Invoking command in '/home/dawn/ros2_ws/build/tb3': CMAKE_PREFIX_PATH=${CMAKE_PREFIX_PATH}:/opt/ros/galactic /usr/bin/cmake --install /home/dawn/ros2_ws/build/tb3
[4.687s] Level 1:colcon.colcon_core.environment:create_environment_scripts_only(tb3)
[4.689s] Level 1:colcon.colcon_core.environment:checking '/home/dawn/ros2_ws/install/tb3' for CMake module files
[4.690s] Level 1:colcon.colcon_core.environment:checking '/home/dawn/ros2_ws/install/tb3' for CMake config files
[4.692s] Level 1:colcon.colcon_core.shell:create_environment_hook('tb3', 'cmake_prefix_path')
[4.693s] INFO:colcon.colcon_core.shell:Creating environment hook '/home/dawn/ros2_ws/install/tb3/share/tb3/hook/cmake_prefix_path.ps1'
[4.694s] INFO:colcon.colcon_core.shell:Creating environment descriptor '/home/dawn/ros2_ws/install/tb3/share/tb3/hook/cmake_prefix_path.dsv'
[4.695s] INFO:colcon.colcon_core.shell:Creating environment hook '/home/dawn/ros2_ws/install/tb3/share/tb3/hook/cmake_prefix_path.sh'
[4.697s] DEBUG:colcon.colcon_core.event_handler.log_command:Invoked command in '/home/dawn/ros2_ws/build/tb3' returned '0': CMAKE_PREFIX_PATH=${CMAKE_PREFIX_PATH}:/opt/ros/galactic /usr/bin/cmake --install /home/dawn/ros2_ws/build/tb3
[4.697s] Level 1:colcon.colcon_core.environment:checking '/home/dawn/ros2_ws/install/tb3/lib'
[4.697s] Level 1:colcon.colcon_core.environment:checking '/home/dawn/ros2_ws/install/tb3/bin'
[4.697s] Level 1:colcon.colcon_core.environment:checking '/home/dawn/ros2_ws/install/tb3/lib/pkgconfig/tb3.pc'
[4.697s] Level 1:colcon.colcon_core.environment:checking '/home/dawn/ros2_ws/install/tb3/lib/python3.8/site-packages'
[4.698s] Level 1:colcon.colcon_core.environment:checking '/home/dawn/ros2_ws/install/tb3/bin'
[4.699s] INFO:colcon.colcon_core.shell:Creating package script '/home/dawn/ros2_ws/install/tb3/share/tb3/package.ps1'
[4.700s] INFO:colcon.colcon_core.shell:Creating package descriptor '/home/dawn/ros2_ws/install/tb3/share/tb3/package.dsv'
[4.700s] INFO:colcon.colcon_core.shell:Creating package script '/home/dawn/ros2_ws/install/tb3/share/tb3/package.sh'
[4.700s] INFO:colcon.colcon_core.shell:Creating package script '/home/dawn/ros2_ws/install/tb3/share/tb3/package.bash'
[4.701s] INFO:colcon.colcon_core.shell:Creating package script '/home/dawn/ros2_ws/install/tb3/share/tb3/package.zsh'
[4.701s] Level 1:colcon.colcon_core.environment:create_file_with_runtime_dependencies(/home/dawn/ros2_ws/install/tb3/share/colcon-core/packages/tb3)
[4.728s] Level 1:colcon.colcon_core.environment:create_environment_scripts_only(tb3)
[4.731s] Level 1:colcon.colcon_core.environment:checking '/home/dawn/ros2_ws/install/tb3' for CMake module files
[4.731s] Level 1:colcon.colcon_core.environment:checking '/home/dawn/ros2_ws/install/tb3' for CMake config files
[4.732s] Level 1:colcon.colcon_core.shell:create_environment_hook('tb3', 'cmake_prefix_path')
[4.733s] INFO:colcon.colcon_core.shell:Creating environment hook '/home/dawn/ros2_ws/install/tb3/share/tb3/hook/cmake_prefix_path.ps1'
[4.734s] INFO:colcon.colcon_core.shell:Creating environment descriptor '/home/dawn/ros2_ws/install/tb3/share/tb3/hook/cmake_prefix_path.dsv'
[4.734s] INFO:colcon.colcon_core.shell:Creating environment hook '/home/dawn/ros2_ws/install/tb3/share/tb3/hook/cmake_prefix_path.sh'
[4.735s] Level 1:colcon.colcon_core.environment:checking '/home/dawn/ros2_ws/install/tb3/lib'
[4.735s] Level 1:colcon.colcon_core.environment:checking '/home/dawn/ros2_ws/install/tb3/bin'
[4.735s] Level 1:colcon.colcon_core.environment:checking '/home/dawn/ros2_ws/install/tb3/lib/pkgconfig/tb3.pc'
[4.735s] Level 1:colcon.colcon_core.environment:checking '/home/dawn/ros2_ws/install/tb3/lib/python3.8/site-packages'
[4.735s] Level 1:colcon.colcon_core.environment:checking '/home/dawn/ros2_ws/install/tb3/bin'
[4.737s] INFO:colcon.colcon_core.shell:Creating package script '/home/dawn/ros2_ws/install/tb3/share/tb3/package.ps1'
[4.737s] INFO:colcon.colcon_core.shell:Creating package descriptor '/home/dawn/ros2_ws/install/tb3/share/tb3/package.dsv'
[4.738s] INFO:colcon.colcon_core.shell:Creating package script '/home/dawn/ros2_ws/install/tb3/share/tb3/package.sh'
[4.738s] INFO:colcon.colcon_core.shell:Creating package script '/home/dawn/ros2_ws/install/tb3/share/tb3/package.bash'
[4.738s] INFO:colcon.colcon_core.shell:Creating package script '/home/dawn/ros2_ws/install/tb3/share/tb3/package.zsh'
[4.738s] Level 1:colcon.colcon_core.environment:create_file_with_runtime_dependencies(/home/dawn/ros2_ws/install/tb3/share/colcon-core/packages/tb3)
[4.739s] DEBUG:colcon.colcon_parallel_executor.executor.parallel:closing loop
[4.739s] DEBUG:colcon.colcon_parallel_executor.executor.parallel:loop closed
[4.739s] DEBUG:colcon.colcon_parallel_executor.executor.parallel:run_until_complete finished with '0'
[4.739s] DEBUG:colcon.colcon_core.event_reactor:joining thread
[4.747s] INFO:colcon.colcon_core.plugin_system:Skipping extension 'colcon_notification.desktop_notification.terminal_notifier': Not used on non-Darwin systems
[4.747s] INFO:colcon.colcon_core.plugin_system:Skipping extension 'colcon_notification.desktop_notification.win32': Not used on non-Windows systems
[4.747s] INFO:colcon.colcon_notification.desktop_notification:Sending desktop notification using 'notify2'
[4.766s] DEBUG:colcon.colcon_core.event_reactor:joined thread
[4.768s] INFO:colcon.colcon_core.shell:Creating prefix script '/home/dawn/ros2_ws/install/local_setup.ps1'
[4.769s] INFO:colcon.colcon_core.shell:Creating prefix util module '/home/dawn/ros2_ws/install/_local_setup_util_ps1.py'
[4.770s] INFO:colcon.colcon_core.shell:Creating prefix chain script '/home/dawn/ros2_ws/install/setup.ps1'
[4.772s] INFO:colcon.colcon_core.shell:Creating prefix script '/home/dawn/ros2_ws/install/local_setup.sh'
[4.772s] INFO:colcon.colcon_core.shell:Creating prefix util module '/home/dawn/ros2_ws/install/_local_setup_util_sh.py'
[4.773s] INFO:colcon.colcon_core.shell:Creating prefix chain script '/home/dawn/ros2_ws/install/setup.sh'
[4.774s] INFO:colcon.colcon_core.shell:Creating prefix script '/home/dawn/ros2_ws/install/local_setup.bash'
[4.775s] INFO:colcon.colcon_core.shell:Creating prefix chain script '/home/dawn/ros2_ws/install/setup.bash'
[4.776s] INFO:colcon.colcon_core.shell:Creating prefix script '/home/dawn/ros2_ws/install/local_setup.zsh'
[4.777s] INFO:colcon.colcon_core.shell:Creating prefix chain script '/home/dawn/ros2_ws/install/setup.zsh'
