[1.099s] Invoking command in '/home/dawn/final_ws/src/enpm809y_FinalFall2022/final/ros2_aruco/ros2_aruco': PYTHONPATH=/home/dawn/final_ws/build/ros2_aruco/prefix_override:/home/dawn/final_ws/install/ros2_aruco/lib/python3.8/site-packages:${PYTHONPATH} /usr/bin/python3 setup.py egg_info --egg-base ../../../../../build/ros2_aruco build --build-base /home/dawn/final_ws/build/ros2_aruco/build install --record /home/dawn/final_ws/build/ros2_aruco/install.log --install-scripts $base/lib/ros2_aruco --single-version-externally-managed
[1.302s] running egg_info
[1.302s] writing ../../../../../build/ros2_aruco/ros2_aruco.egg-info/PKG-INFO
[1.303s] writing dependency_links to ../../../../../build/ros2_aruco/ros2_aruco.egg-info/dependency_links.txt
[1.303s] writing entry points to ../../../../../build/ros2_aruco/ros2_aruco.egg-info/entry_points.txt
[1.303s] writing requirements to ../../../../../build/ros2_aruco/ros2_aruco.egg-info/requires.txt
[1.303s] writing top-level names to ../../../../../build/ros2_aruco/ros2_aruco.egg-info/top_level.txt
[1.336s] reading manifest file '../../../../../build/ros2_aruco/ros2_aruco.egg-info/SOURCES.txt'
[1.337s] writing manifest file '../../../../../build/ros2_aruco/ros2_aruco.egg-info/SOURCES.txt'
[1.337s] running build
[1.337s] running build_py
[1.338s] running install
[1.339s] running install_lib
[1.340s] running install_data
[1.341s] running install_egg_info
[1.343s] removing '/home/dawn/final_ws/install/ros2_aruco/lib/python3.8/site-packages/ros2_aruco-0.1.0-py3.8.egg-info' (and everything under it)
[1.343s] Copying ../../../../../build/ros2_aruco/ros2_aruco.egg-info to /home/dawn/final_ws/install/ros2_aruco/lib/python3.8/site-packages/ros2_aruco-0.1.0-py3.8.egg-info
[1.344s] running install_scripts
[1.360s] Installing aruco_generate_marker script to /home/dawn/final_ws/install/ros2_aruco/lib/ros2_aruco
[1.360s] Installing aruco_node script to /home/dawn/final_ws/install/ros2_aruco/lib/ros2_aruco
[1.361s] writing list of installed files to '/home/dawn/final_ws/build/ros2_aruco/install.log'
[1.402s] Invoked command in '/home/dawn/final_ws/src/enpm809y_FinalFall2022/final/ros2_aruco/ros2_aruco' returned '0': PYTHONPATH=/home/dawn/final_ws/build/ros2_aruco/prefix_override:/home/dawn/final_ws/install/ros2_aruco/lib/python3.8/site-packages:${PYTHONPATH} /usr/bin/python3 setup.py egg_info --egg-base ../../../../../build/ros2_aruco build --build-base /home/dawn/final_ws/build/ros2_aruco/build install --record /home/dawn/final_ws/build/ros2_aruco/install.log --install-scripts $base/lib/ros2_aruco --single-version-externally-managed
