[100%] Built target av_camera
-- Install configuration: ""
-- Installing: /home/dawn/ros2_ws/install/av_camera/lib/av_camera/av_camera
-- Set runtime path of "/home/dawn/ros2_ws/install/av_camera/lib/av_camera/av_camera" to ""
-- Installing: /home/dawn/ros2_ws/install/av_camera/share/av_camera//launch
-- Installing: /home/dawn/ros2_ws/install/av_camera/share/av_camera//launch/av_camera_v1.launch.py
-- Installing: /home/dawn/ros2_ws/install/av_camera/share/av_camera//launch/av_camera_v2.launch.py
-- Installing: /home/dawn/ros2_ws/install/av_camera/share/ament_index/resource_index/package_run_dependencies/av_camera
-- Installing: /home/dawn/ros2_ws/install/av_camera/share/ament_index/resource_index/parent_prefix_path/av_camera
-- Installing: /home/dawn/ros2_ws/install/av_camera/share/av_camera/environment/ament_prefix_path.sh
-- Installing: /home/dawn/ros2_ws/install/av_camera/share/av_camera/environment/ament_prefix_path.dsv
-- Installing: /home/dawn/ros2_ws/install/av_camera/share/av_camera/environment/path.sh
-- Installing: /home/dawn/ros2_ws/install/av_camera/share/av_camera/environment/path.dsv
-- Installing: /home/dawn/ros2_ws/install/av_camera/share/av_camera/local_setup.bash
-- Installing: /home/dawn/ros2_ws/install/av_camera/share/av_camera/local_setup.sh
-- Installing: /home/dawn/ros2_ws/install/av_camera/share/av_camera/local_setup.zsh
-- Installing: /home/dawn/ros2_ws/install/av_camera/share/av_camera/local_setup.dsv
-- Installing: /home/dawn/ros2_ws/install/av_camera/share/av_camera/package.dsv
-- Installing: /home/dawn/ros2_ws/install/av_camera/share/ament_index/resource_index/packages/av_camera
-- Installing: /home/dawn/ros2_ws/install/av_camera/share/av_camera/cmake/av_cameraConfig.cmake
-- Installing: /home/dawn/ros2_ws/install/av_camera/share/av_camera/cmake/av_cameraConfig-version.cmake
-- Installing: /home/dawn/ros2_ws/install/av_camera/share/av_camera/package.xml
