[0.027s] Invoking command in '/home/dawn/ros2_ws/build/av_camera': CMAKE_PREFIX_PATH=/opt/ros/galactic /usr/bin/cmake --build /home/dawn/ros2_ws/build/av_camera -- -j16 -l16
[0.067s] [100%] Built target av_camera
[0.076s] Invoked command in '/home/dawn/ros2_ws/build/av_camera' returned '0': CMAKE_PREFIX_PATH=/opt/ros/galactic /usr/bin/cmake --build /home/dawn/ros2_ws/build/av_camera -- -j16 -l16
[0.104s] Invoking command in '/home/dawn/ros2_ws/build/av_camera': CMAKE_PREFIX_PATH=/opt/ros/galactic /usr/bin/cmake --install /home/dawn/ros2_ws/build/av_camera
[0.113s] -- Install configuration: ""
[0.113s] -- Installing: /home/dawn/ros2_ws/install/av_camera/lib/av_camera/av_camera
[0.113s] -- Set runtime path of "/home/dawn/ros2_ws/install/av_camera/lib/av_camera/av_camera" to ""
[0.113s] -- Installing: /home/dawn/ros2_ws/install/av_camera/share/av_camera//launch
[0.113s] -- Installing: /home/dawn/ros2_ws/install/av_camera/share/av_camera//launch/av_camera_v1.launch.py
[0.114s] -- Installing: /home/dawn/ros2_ws/install/av_camera/share/av_camera//launch/av_camera_v2.launch.py
[0.114s] -- Installing: /home/dawn/ros2_ws/install/av_camera/share/ament_index/resource_index/package_run_dependencies/av_camera
[0.114s] -- Installing: /home/dawn/ros2_ws/install/av_camera/share/ament_index/resource_index/parent_prefix_path/av_camera
[0.114s] -- Installing: /home/dawn/ros2_ws/install/av_camera/share/av_camera/environment/ament_prefix_path.sh
[0.114s] -- Installing: /home/dawn/ros2_ws/install/av_camera/share/av_camera/environment/ament_prefix_path.dsv
[0.115s] -- Installing: /home/dawn/ros2_ws/install/av_camera/share/av_camera/environment/path.sh
[0.115s] -- Installing: /home/dawn/ros2_ws/install/av_camera/share/av_camera/environment/path.dsv
[0.115s] -- Installing: /home/dawn/ros2_ws/install/av_camera/share/av_camera/local_setup.bash
[0.115s] -- Installing: /home/dawn/ros2_ws/install/av_camera/share/av_camera/local_setup.sh
[0.115s] -- Installing: /home/dawn/ros2_ws/install/av_camera/share/av_camera/local_setup.zsh
[0.116s] -- Installing: /home/dawn/ros2_ws/install/av_camera/share/av_camera/local_setup.dsv
[0.116s] -- Installing: /home/dawn/ros2_ws/install/av_camera/share/av_camera/package.dsv
[0.116s] -- Installing: /home/dawn/ros2_ws/install/av_camera/share/ament_index/resource_index/packages/av_camera
[0.116s] -- Installing: /home/dawn/ros2_ws/install/av_camera/share/av_camera/cmake/av_cameraConfig.cmake
[0.117s] -- Installing: /home/dawn/ros2_ws/install/av_camera/share/av_camera/cmake/av_cameraConfig-version.cmake
[0.118s] -- Installing: /home/dawn/ros2_ws/install/av_camera/share/av_camera/package.xml
[0.143s] Invoked command in '/home/dawn/ros2_ws/build/av_camera' returned '0': CMAKE_PREFIX_PATH=/opt/ros/galactic /usr/bin/cmake --install /home/dawn/ros2_ws/build/av_camera
