-- The C compiler identification is GNU 9.4.0
-- The CXX compiler identification is GNU 9.4.0
-- Check for working C compiler: /usr/bin/cc
-- Check for working C compiler: /usr/bin/cc -- works
-- Detecting C compiler ABI info
-- Detecting C compiler ABI info - done
-- Detecting C compile features
-- Detecting C compile features - done
-- Check for working CXX compiler: /usr/bin/c++
-- Check for working CXX compiler: /usr/bin/c++ -- works
-- Detecting CXX compiler ABI info
-- Detecting CXX compiler ABI info - done
-- Detecting CXX compile features
-- Detecting CXX compile features - done
-- Found ament_cmake: 1.1.6 (/opt/ros/galactic/share/ament_cmake/cmake)
-- Found PythonInterp: /usr/bin/python3 (found suitable version "3.8.10", minimum required is "3") 
-- Using PYTHON_EXECUTABLE: /usr/bin/python3
-- Found rclcpp: 9.2.2 (/opt/ros/galactic/share/rclcpp/cmake)
-- Using all available rosidl_typesupport_c: rosidl_typesupport_fastrtps_c;rosidl_typesupport_introspection_c
-- Found rosidl_adapter: 2.2.3 (/opt/ros/galactic/share/rosidl_adapter/cmake)
-- Found OpenSSL: /usr/lib/x86_64-linux-gnu/libcrypto.so (found version "1.1.1f")  
-- Found FastRTPS: /opt/ros/galactic/include  
-- Using all available rosidl_typesupport_cpp: rosidl_typesupport_fastrtps_cpp;rosidl_typesupport_introspection_cpp
-- Found rmw_implementation_cmake: 3.3.1 (/opt/ros/galactic/share/rmw_implementation_cmake/cmake)
-- Found rmw_cyclonedds_cpp: 0.22.6 (/opt/ros/galactic/share/rmw_cyclonedds_cpp/cmake)
-- Using RMW implementation 'rmw_cyclonedds_cpp' as default
-- Looking for pthread.h
-- Looking for pthread.h - found
-- Performing Test CMAKE_HAVE_LIBC_PTHREAD
-- Performing Test CMAKE_HAVE_LIBC_PTHREAD - Failed
-- Looking for pthread_create in pthreads
-- Looking for pthread_create in pthreads - not found
-- Looking for pthread_create in pthread
-- Looking for pthread_create in pthread - found
-- Found Threads: TRUE  
-- Found geometry_msgs: 2.2.4 (/opt/ros/galactic/share/geometry_msgs/cmake)
-- Found bot_controller: 0.0.0 (/home/dawn/final_ws/install/bot_controller/share/bot_controller/cmake)
-- Found ros2_aruco_interfaces: 0.1.0 (/home/dawn/final_ws/install/ros2_aruco_interfaces/share/ros2_aruco_interfaces/cmake)
-- Configuring done
-- Generating done
-- Build files have been written to: /home/dawn/final_ws/build/target_reacher
[35m[1mScanning dependencies of target target_reacher[0m
[ 66%] [32mBuilding CXX object CMakeFiles/target_reacher.dir/src/main.cpp.o[0m
[ 66%] [32mBuilding CXX object CMakeFiles/target_reacher.dir/src/target_reacher.cpp.o[0m
[100%] [32m[1mLinking CXX executable target_reacher[0m
[100%] Built target target_reacher
-- Install configuration: ""
-- Installing: /home/dawn/final_ws/install/target_reacher/include/target_reacher
-- Installing: /home/dawn/final_ws/install/target_reacher/include/target_reacher/target_reacher.h
-- Installing: /home/dawn/final_ws/install/target_reacher/share/target_reacher/params
-- Installing: /home/dawn/final_ws/install/target_reacher/share/target_reacher/params/final_params.yaml
-- Installing: /home/dawn/final_ws/install/target_reacher/lib/target_reacher/target_reacher
-- Set runtime path of "/home/dawn/final_ws/install/target_reacher/lib/target_reacher/target_reacher" to ""
-- Installing: /home/dawn/final_ws/install/target_reacher/share/ament_index/resource_index/package_run_dependencies/target_reacher
-- Installing: /home/dawn/final_ws/install/target_reacher/share/ament_index/resource_index/parent_prefix_path/target_reacher
-- Installing: /home/dawn/final_ws/install/target_reacher/share/target_reacher/environment/ament_prefix_path.sh
-- Installing: /home/dawn/final_ws/install/target_reacher/share/target_reacher/environment/ament_prefix_path.dsv
-- Installing: /home/dawn/final_ws/install/target_reacher/share/target_reacher/environment/path.sh
-- Installing: /home/dawn/final_ws/install/target_reacher/share/target_reacher/environment/path.dsv
-- Installing: /home/dawn/final_ws/install/target_reacher/share/target_reacher/local_setup.bash
-- Installing: /home/dawn/final_ws/install/target_reacher/share/target_reacher/local_setup.sh
-- Installing: /home/dawn/final_ws/install/target_reacher/share/target_reacher/local_setup.zsh
-- Installing: /home/dawn/final_ws/install/target_reacher/share/target_reacher/local_setup.dsv
-- Installing: /home/dawn/final_ws/install/target_reacher/share/target_reacher/package.dsv
-- Installing: /home/dawn/final_ws/install/target_reacher/share/ament_index/resource_index/packages/target_reacher
-- Installing: /home/dawn/final_ws/install/target_reacher/share/target_reacher/cmake/target_reacherConfig.cmake
-- Installing: /home/dawn/final_ws/install/target_reacher/share/target_reacher/cmake/target_reacherConfig-version.cmake
-- Installing: /home/dawn/final_ws/install/target_reacher/share/target_reacher/package.xml
